[ 50%] [32mBuilding CXX object CMakeFiles/minimal_param_node.dir/src/cpp_parameters_node.cpp.o[0m
[100%] [32m[1mLinking CXX executable minimal_param_node[0m
[100%] Built target minimal_param_node
-- Install configuration: ""
-- Installing: /home/victory/Robot-Operating-System/cpp_ws/install/cpp_parameters/lib/cpp_parameters/minimal_param_node
-- Set non-toolchain portion of runtime path of "/home/victory/Robot-Operating-System/cpp_ws/install/cpp_parameters/lib/cpp_parameters/minimal_param_node" to ""
-- Installing: /home/victory/Robot-Operating-System/cpp_ws/install/cpp_parameters/share/ament_index/resource_index/package_run_dependencies/cpp_parameters
-- Installing: /home/victory/Robot-Operating-System/cpp_ws/install/cpp_parameters/share/ament_index/resource_index/parent_prefix_path/cpp_parameters
-- Installing: /home/victory/Robot-Operating-System/cpp_ws/install/cpp_parameters/share/cpp_parameters/environment/ament_prefix_path.sh
-- Installing: /home/victory/Robot-Operating-System/cpp_ws/install/cpp_parameters/share/cpp_parameters/environment/ament_prefix_path.dsv
-- Installing: /home/victory/Robot-Operating-System/cpp_ws/install/cpp_parameters/share/cpp_parameters/environment/path.sh
-- Installing: /home/victory/Robot-Operating-System/cpp_ws/install/cpp_parameters/share/cpp_parameters/environment/path.dsv
-- Installing: /home/victory/Robot-Operating-System/cpp_ws/install/cpp_parameters/share/cpp_parameters/local_setup.bash
-- Installing: /home/victory/Robot-Operating-System/cpp_ws/install/cpp_parameters/share/cpp_parameters/local_setup.sh
-- Installing: /home/victory/Robot-Operating-System/cpp_ws/install/cpp_parameters/share/cpp_parameters/local_setup.zsh
-- Installing: /home/victory/Robot-Operating-System/cpp_ws/install/cpp_parameters/share/cpp_parameters/local_setup.dsv
-- Installing: /home/victory/Robot-Operating-System/cpp_ws/install/cpp_parameters/share/cpp_parameters/package.dsv
-- Installing: /home/victory/Robot-Operating-System/cpp_ws/install/cpp_parameters/share/ament_index/resource_index/packages/cpp_parameters
-- Installing: /home/victory/Robot-Operating-System/cpp_ws/install/cpp_parameters/share/cpp_parameters/cmake/cpp_parametersConfig.cmake
-- Installing: /home/victory/Robot-Operating-System/cpp_ws/install/cpp_parameters/share/cpp_parameters/cmake/cpp_parametersConfig-version.cmake
-- Installing: /home/victory/Robot-Operating-System/cpp_ws/install/cpp_parameters/share/cpp_parameters/package.xml
