[0.021s] Invoking command in '/home/victory/Robot-Operating-System/cpp_ws/build/cpp_parameters': CMAKE_PREFIX_PATH=${CMAKE_PREFIX_PATH}:/opt/ros/humble /home/linuxbrew/.linuxbrew/bin/cmake --build /home/victory/Robot-Operating-System/cpp_ws/build/cpp_parameters -- -j4 -l4
[0.073s] [ 50%] [32mBuilding CXX object CMakeFiles/minimal_param_node.dir/src/cpp_parameters_node.cpp.o[0m
[4.782s] [100%] [32m[1mLinking CXX executable minimal_param_node[0m
[5.670s] [100%] Built target minimal_param_node
[5.679s] Invoked command in '/home/victory/Robot-Operating-System/cpp_ws/build/cpp_parameters' returned '0': CMAKE_PREFIX_PATH=${CMAKE_PREFIX_PATH}:/opt/ros/humble /home/linuxbrew/.linuxbrew/bin/cmake --build /home/victory/Robot-Operating-System/cpp_ws/build/cpp_parameters -- -j4 -l4
[5.722s] Invoking command in '/home/victory/Robot-Operating-System/cpp_ws/build/cpp_parameters': CMAKE_PREFIX_PATH=${CMAKE_PREFIX_PATH}:/opt/ros/humble /home/linuxbrew/.linuxbrew/bin/cmake --install /home/victory/Robot-Operating-System/cpp_ws/build/cpp_parameters
[5.727s] -- Install configuration: ""
[5.728s] -- Installing: /home/victory/Robot-Operating-System/cpp_ws/install/cpp_parameters/lib/cpp_parameters/minimal_param_node
[5.730s] -- Set non-toolchain portion of runtime path of "/home/victory/Robot-Operating-System/cpp_ws/install/cpp_parameters/lib/cpp_parameters/minimal_param_node" to ""
[5.731s] -- Installing: /home/victory/Robot-Operating-System/cpp_ws/install/cpp_parameters/share/ament_index/resource_index/package_run_dependencies/cpp_parameters
[5.731s] -- Installing: /home/victory/Robot-Operating-System/cpp_ws/install/cpp_parameters/share/ament_index/resource_index/parent_prefix_path/cpp_parameters
[5.732s] -- Installing: /home/victory/Robot-Operating-System/cpp_ws/install/cpp_parameters/share/cpp_parameters/environment/ament_prefix_path.sh
[5.732s] -- Installing: /home/victory/Robot-Operating-System/cpp_ws/install/cpp_parameters/share/cpp_parameters/environment/ament_prefix_path.dsv
[5.733s] -- Installing: /home/victory/Robot-Operating-System/cpp_ws/install/cpp_parameters/share/cpp_parameters/environment/path.sh
[5.733s] -- Installing: /home/victory/Robot-Operating-System/cpp_ws/install/cpp_parameters/share/cpp_parameters/environment/path.dsv
[5.734s] -- Installing: /home/victory/Robot-Operating-System/cpp_ws/install/cpp_parameters/share/cpp_parameters/local_setup.bash
[5.734s] -- Installing: /home/victory/Robot-Operating-System/cpp_ws/install/cpp_parameters/share/cpp_parameters/local_setup.sh
[5.735s] -- Installing: /home/victory/Robot-Operating-System/cpp_ws/install/cpp_parameters/share/cpp_parameters/local_setup.zsh
[5.735s] -- Installing: /home/victory/Robot-Operating-System/cpp_ws/install/cpp_parameters/share/cpp_parameters/local_setup.dsv
[5.735s] -- Installing: /home/victory/Robot-Operating-System/cpp_ws/install/cpp_parameters/share/cpp_parameters/package.dsv
[5.736s] -- Installing: /home/victory/Robot-Operating-System/cpp_ws/install/cpp_parameters/share/ament_index/resource_index/packages/cpp_parameters
[5.736s] -- Installing: /home/victory/Robot-Operating-System/cpp_ws/install/cpp_parameters/share/cpp_parameters/cmake/cpp_parametersConfig.cmake
[5.736s] -- Installing: /home/victory/Robot-Operating-System/cpp_ws/install/cpp_parameters/share/cpp_parameters/cmake/cpp_parametersConfig-version.cmake
[5.737s] -- Installing: /home/victory/Robot-Operating-System/cpp_ws/install/cpp_parameters/share/cpp_parameters/package.xml
[5.740s] Invoked command in '/home/victory/Robot-Operating-System/cpp_ws/build/cpp_parameters' returned '0': CMAKE_PREFIX_PATH=${CMAKE_PREFIX_PATH}:/opt/ros/humble /home/linuxbrew/.linuxbrew/bin/cmake --install /home/victory/Robot-Operating-System/cpp_ws/build/cpp_parameters
