[0.030s] Invoking command in '/home/victory/Robot-Operating-System/cpp_ws/build/srv_client': CMAKE_PREFIX_PATH=/opt/ros/humble /home/linuxbrew/.linuxbrew/bin/cmake --build /home/victory/Robot-Operating-System/cpp_ws/build/srv_client -- -j4 -l4
[0.065s] -- Found ament_cmake: 1.3.10 (/opt/ros/humble/share/ament_cmake/cmake)
[0.483s] -- Found rclcpp: 16.0.10 (/opt/ros/humble/share/rclcpp/cmake)
[0.781s] -- Found rosidl_generator_c: 3.1.5 (/opt/ros/humble/share/rosidl_generator_c/cmake)
[0.785s] -- Found rosidl_adapter: 3.1.5 (/opt/ros/humble/share/rosidl_adapter/cmake)
[0.794s] -- Found rosidl_generator_cpp: 3.1.5 (/opt/ros/humble/share/rosidl_generator_cpp/cmake)
[0.809s] -- Using all available rosidl_typesupport_c: rosidl_typesupport_fastrtps_c;rosidl_typesupport_introspection_c
[0.831s] -- Using all available rosidl_typesupport_cpp: rosidl_typesupport_fastrtps_cpp;rosidl_typesupport_introspection_cpp
[0.889s] -- Found rmw_implementation_cmake: 6.1.2 (/opt/ros/humble/share/rmw_implementation_cmake/cmake)
[0.891s] -- Found rmw_fastrtps_cpp: 6.2.7 (/opt/ros/humble/share/rmw_fastrtps_cpp/cmake)
[8.889s] -- Using RMW implementation 'rmw_fastrtps_cpp' as default
[8.969s] -- Found example_interfaces: 0.9.3 (/opt/ros/humble/share/example_interfaces/cmake)
[9.031s] -- Found ament_lint_auto: 0.12.11 (/opt/ros/humble/share/ament_lint_auto/cmake)
[9.120s] -- Added test 'cppcheck' to perform static code analysis on C / C++ code
[9.120s] -- Configured cppcheck include dirs: $<BUILD_INTERFACE:/home/victory/Robot-Operating-System/cpp_ws/src/srv_client/include>
[9.120s] -- Configured cppcheck exclude dirs and/or files: 
[9.121s] -- Added test 'lint_cmake' to check CMake code style
[9.122s] -- Added test 'uncrustify' to check C / C++ code style
[9.123s] -- Configured uncrustify additional arguments: 
[9.123s] -- Added test 'xmllint' to check XML markup files
[9.124s] -- Configuring done (9.1s)
[9.146s] -- Generating done (0.0s)
[9.149s] -- Build files have been written to: /home/victory/Robot-Operating-System/cpp_ws/build/srv_client
[9.196s] [ 75%] Built target demo_service_client
[9.196s] [ 50%] [32m[1mLinking CXX executable demo_request_client[0m
[9.578s] [100%] Built target demo_request_client
[9.586s] Invoked command in '/home/victory/Robot-Operating-System/cpp_ws/build/srv_client' returned '0': CMAKE_PREFIX_PATH=/opt/ros/humble /home/linuxbrew/.linuxbrew/bin/cmake --build /home/victory/Robot-Operating-System/cpp_ws/build/srv_client -- -j4 -l4
[9.625s] Invoking command in '/home/victory/Robot-Operating-System/cpp_ws/build/srv_client': CMAKE_PREFIX_PATH=/opt/ros/humble /home/linuxbrew/.linuxbrew/bin/cmake --install /home/victory/Robot-Operating-System/cpp_ws/build/srv_client
[9.629s] -- Install configuration: ""
[9.630s] -- Up-to-date: /home/victory/Robot-Operating-System/cpp_ws/install/srv_client/lib/srv_client/demo_service_client
[9.630s] -- Installing: /home/victory/Robot-Operating-System/cpp_ws/install/srv_client/lib/srv_client/demo_request_client
[9.632s] -- Set non-toolchain portion of runtime path of "/home/victory/Robot-Operating-System/cpp_ws/install/srv_client/lib/srv_client/demo_request_client" to ""
[9.633s] -- Up-to-date: /home/victory/Robot-Operating-System/cpp_ws/install/srv_client/share/ament_index/resource_index/package_run_dependencies/srv_client
[9.633s] -- Up-to-date: /home/victory/Robot-Operating-System/cpp_ws/install/srv_client/share/ament_index/resource_index/parent_prefix_path/srv_client
[9.633s] -- Up-to-date: /home/victory/Robot-Operating-System/cpp_ws/install/srv_client/share/srv_client/environment/ament_prefix_path.sh
[9.634s] -- Installing: /home/victory/Robot-Operating-System/cpp_ws/install/srv_client/share/srv_client/environment/ament_prefix_path.dsv
[9.634s] -- Up-to-date: /home/victory/Robot-Operating-System/cpp_ws/install/srv_client/share/srv_client/environment/path.sh
[9.635s] -- Installing: /home/victory/Robot-Operating-System/cpp_ws/install/srv_client/share/srv_client/environment/path.dsv
[9.635s] -- Up-to-date: /home/victory/Robot-Operating-System/cpp_ws/install/srv_client/share/srv_client/local_setup.bash
[9.635s] -- Up-to-date: /home/victory/Robot-Operating-System/cpp_ws/install/srv_client/share/srv_client/local_setup.sh
[9.635s] -- Up-to-date: /home/victory/Robot-Operating-System/cpp_ws/install/srv_client/share/srv_client/local_setup.zsh
[9.636s] -- Installing: /home/victory/Robot-Operating-System/cpp_ws/install/srv_client/share/srv_client/local_setup.dsv
[9.636s] -- Installing: /home/victory/Robot-Operating-System/cpp_ws/install/srv_client/share/srv_client/package.dsv
[9.636s] -- Up-to-date: /home/victory/Robot-Operating-System/cpp_ws/install/srv_client/share/ament_index/resource_index/packages/srv_client
[9.636s] -- Up-to-date: /home/victory/Robot-Operating-System/cpp_ws/install/srv_client/share/srv_client/cmake/srv_clientConfig.cmake
[9.637s] -- Up-to-date: /home/victory/Robot-Operating-System/cpp_ws/install/srv_client/share/srv_client/cmake/srv_clientConfig-version.cmake
[9.637s] -- Up-to-date: /home/victory/Robot-Operating-System/cpp_ws/install/srv_client/share/srv_client/package.xml
[9.640s] Invoked command in '/home/victory/Robot-Operating-System/cpp_ws/build/srv_client' returned '0': CMAKE_PREFIX_PATH=/opt/ros/humble /home/linuxbrew/.linuxbrew/bin/cmake --install /home/victory/Robot-Operating-System/cpp_ws/build/srv_client
