[33mCMake Warning (dev) at /opt/ros/humble/share/rosidl_generator_py/cmake/rosidl_generator_py_generate_interfaces.cmake:20 (find_package):
  Policy CMP0148 is not set: The FindPythonInterp and FindPythonLibs modules
  are removed.  Run "cmake --help-policy CMP0148" for policy details.  Use
  the cmake_policy command to set the policy and suppress this warning.

Call Stack (most recent call first):
  /opt/ros/humble/share/ament_cmake_core/cmake/core/ament_execute_extensions.cmake:48 (include)
  /opt/ros/humble/share/rosidl_cmake/cmake/rosidl_generate_interfaces.cmake:286 (ament_execute_extensions)
  CMakeLists.txt:48 (rosidl_generate_interfaces)
This warning is for project developers.  Use -Wno-dev to suppress it.
[0m
[33mCMake Warning (dev) at /opt/ros/humble/share/python_cmake_module/cmake/Modules/FindPythonExtra.cmake:52 (find_package):
  Policy CMP0148 is not set: The FindPythonInterp and FindPythonLibs modules
  are removed.  Run "cmake --help-policy CMP0148" for policy details.  Use
  the cmake_policy command to set the policy and suppress this warning.

Call Stack (most recent call first):
  /opt/ros/humble/share/rosidl_generator_py/cmake/rosidl_generator_py_generate_interfaces.cmake:23 (find_package)
  /opt/ros/humble/share/ament_cmake_core/cmake/core/ament_execute_extensions.cmake:48 (include)
  /opt/ros/humble/share/rosidl_cmake/cmake/rosidl_generate_interfaces.cmake:286 (ament_execute_extensions)
  CMakeLists.txt:48 (rosidl_generate_interfaces)
This warning is for project developers.  Use -Wno-dev to suppress it.
[0m
[33mCMake Warning (dev) at /opt/ros/humble/share/python_cmake_module/cmake/Modules/FindPythonExtra.cmake:140 (find_package):
  Policy CMP0148 is not set: The FindPythonInterp and FindPythonLibs modules
  are removed.  Run "cmake --help-policy CMP0148" for policy details.  Use
  the cmake_policy command to set the policy and suppress this warning.

Call Stack (most recent call first):
  /opt/ros/humble/share/rosidl_generator_py/cmake/rosidl_generator_py_generate_interfaces.cmake:23 (find_package)
  /opt/ros/humble/share/ament_cmake_core/cmake/core/ament_execute_extensions.cmake:48 (include)
  /opt/ros/humble/share/rosidl_cmake/cmake/rosidl_generate_interfaces.cmake:286 (ament_execute_extensions)
  CMakeLists.txt:48 (rosidl_generate_interfaces)
This warning is for project developers.  Use -Wno-dev to suppress it.
[0m
[01m[K/home/victory/Robot-Operating-System/cpp_ws/src/custom_interfaces/src/fibonacci_action_server.cpp:24:3:[m[K [01;31m[Kerror: [m[K‘[01m[KACTION_TUTORIALS_CPP_PUBLIC[m[K’ does not name a type; did you mean ‘[01m[KACTION_TUTORIALS_CPP_BUILDING_DLL[m[K’?
   24 |   [01;31m[KACTION_TUTORIALS_CPP_PUBLIC[m[K
      |   [01;31m[K^~~~~~~~~~~~~~~~~~~~~~~~~~~[m[K
      |   [32m[KACTION_TUTORIALS_CPP_BUILDING_DLL[m[K
In file included from [01m[K/usr/include/x86_64-linux-gnu/c++/11/bits/c++allocator.h:33[m[K,
                 from [01m[K/usr/include/c++/11/bits/allocator.h:46[m[K,
                 from [01m[K/usr/include/c++/11/unordered_map:40[m[K,
                 from [01m[K/usr/include/c++/11/functional:61[m[K,
                 from [01m[K/home/victory/Robot-Operating-System/cpp_ws/src/custom_interfaces/src/fibonacci_action_server.cpp:5[m[K:
/usr/include/c++/11/ext/new_allocator.h: In instantiation of ‘[01m[Kvoid __gnu_cxx::new_allocator<_Tp>::construct(_Up*, _Args&& ...) [with _Up = action_tutorials_cpp::FibonacciActionServer; _Args = {const rclcpp::NodeOptions&}; _Tp = action_tutorials_cpp::FibonacciActionServer][m[K’:
[01m[K/usr/include/c++/11/bits/alloc_traits.h:516:17:[m[K   required from ‘[01m[Kstatic void std::allocator_traits<std::allocator<_Tp1> >::construct(std::allocator_traits<std::allocator<_Tp1> >::allocator_type&, _Up*, _Args&& ...) [with _Up = action_tutorials_cpp::FibonacciActionServer; _Args = {const rclcpp::NodeOptions&}; _Tp = action_tutorials_cpp::FibonacciActionServer; std::allocator_traits<std::allocator<_Tp1> >::allocator_type = std::allocator<action_tutorials_cpp::FibonacciActionServer>][m[K’
[01m[K/usr/include/c++/11/bits/shared_ptr_base.h:519:39:[m[K   required from ‘[01m[Kstd::_Sp_counted_ptr_inplace<_Tp, _Alloc, _Lp>::_Sp_counted_ptr_inplace(_Alloc, _Args&& ...) [with _Args = {const rclcpp::NodeOptions&}; _Tp = action_tutorials_cpp::FibonacciActionServer; _Alloc = std::allocator<action_tutorials_cpp::FibonacciActionServer>; __gnu_cxx::_Lock_policy _Lp = __gnu_cxx::_S_atomic][m[K’
[01m[K/usr/include/c++/11/bits/shared_ptr_base.h:650:16:[m[K   required from ‘[01m[Kstd::__shared_count<_Lp>::__shared_count(_Tp*&, std::_Sp_alloc_shared_tag<_Alloc>, _Args&& ...) [with _Tp = action_tutorials_cpp::FibonacciActionServer; _Alloc = std::allocator<action_tutorials_cpp::FibonacciActionServer>; _Args = {const rclcpp::NodeOptions&}; __gnu_cxx::_Lock_policy _Lp = __gnu_cxx::_S_atomic][m[K’
[01m[K/usr/include/c++/11/bits/shared_ptr_base.h:1342:14:[m[K   required from ‘[01m[Kstd::__shared_ptr<_Tp, _Lp>::__shared_ptr(std::_Sp_alloc_shared_tag<_Tp>, _Args&& ...) [with _Alloc = std::allocator<action_tutorials_cpp::FibonacciActionServer>; _Args = {const rclcpp::NodeOptions&}; _Tp = action_tutorials_cpp::FibonacciActionServer; __gnu_cxx::_Lock_policy _Lp = __gnu_cxx::_S_atomic][m[K’
[01m[K/usr/include/c++/11/bits/shared_ptr.h:409:59:[m[K   required from ‘[01m[Kstd::shared_ptr<_Tp>::shared_ptr(std::_Sp_alloc_shared_tag<_Tp>, _Args&& ...) [with _Alloc = std::allocator<action_tutorials_cpp::FibonacciActionServer>; _Args = {const rclcpp::NodeOptions&}; _Tp = action_tutorials_cpp::FibonacciActionServer][m[K’
[01m[K/usr/include/c++/11/bits/shared_ptr.h:862:14:[m[K   required from ‘[01m[Kstd::shared_ptr<_Tp> std::allocate_shared(const _Alloc&, _Args&& ...) [with _Tp = action_tutorials_cpp::FibonacciActionServer; _Alloc = std::allocator<action_tutorials_cpp::FibonacciActionServer>; _Args = {const rclcpp::NodeOptions&}][m[K’
[01m[K/usr/include/c++/11/bits/shared_ptr.h:878:39:[m[K   required from ‘[01m[Kstd::shared_ptr<_Tp> std::make_shared(_Args&& ...) [with _Tp = action_tutorials_cpp::FibonacciActionServer; _Args = {const rclcpp::NodeOptions&}][m[K’
[01m[K/opt/ros/humble/include/rclcpp_components/rclcpp_components/node_factory_template.hpp:45:40:[m[K   required from ‘[01m[Krclcpp_components::NodeInstanceWrapper rclcpp_components::NodeFactoryTemplate<NodeT>::create_node_instance(const rclcpp::NodeOptions&) [with NodeT = action_tutorials_cpp::FibonacciActionServer][m[K’
[01m[K/opt/ros/humble/include/rclcpp_components/rclcpp_components/node_factory_template.hpp:43:3:[m[K   required from here
[01m[K/usr/include/c++/11/ext/new_allocator.h:162:11:[m[K [01;31m[Kerror: [m[Kno matching function for call to ‘[01m[Kaction_tutorials_cpp::FibonacciActionServer::FibonacciActionServer(const rclcpp::NodeOptions&)[m[K’
  162 |         { [01;31m[K::new((void *)__p) _Up(std::forward<_Args>(__args)...)[m[K; }
      |           [01;31m[K^~~~~~~~~~~~~~~~~~~~~~~~~~~~~~~~~~~~~~~~~~~~~~~~~~~~~~[m[K
[01m[K/home/victory/Robot-Operating-System/cpp_ws/src/custom_interfaces/src/fibonacci_action_server.cpp:18:7:[m[K [01;36m[Knote: [m[Kcandidate: ‘[01m[Kaction_tutorials_cpp::FibonacciActionServer::FibonacciActionServer()[m[K’ (deleted)
   18 | class [01;36m[KFibonacciActionServer[m[K : public rclcpp::Node
      |       [01;36m[K^~~~~~~~~~~~~~~~~~~~~[m[K
[01m[K/home/victory/Robot-Operating-System/cpp_ws/src/custom_interfaces/src/fibonacci_action_server.cpp:18:7:[m[K [01;36m[Knote: [m[K  candidate expects 0 arguments, 1 provided
[01m[K/home/victory/Robot-Operating-System/cpp_ws/src/custom_interfaces/src/fibonacci_action_server.cpp:18:7:[m[K [01;36m[Knote: [m[Kcandidate: ‘[01m[Kaction_tutorials_cpp::FibonacciActionServer::FibonacciActionServer(const action_tutorials_cpp::FibonacciActionServer&)[m[K’ (deleted)
[01m[K/home/victory/Robot-Operating-System/cpp_ws/src/custom_interfaces/src/fibonacci_action_server.cpp:18:7:[m[K [01;36m[Knote: [m[K  no known conversion for argument 1 from ‘[01m[Kconst rclcpp::NodeOptions[m[K’ to ‘[01m[Kconst action_tutorials_cpp::FibonacciActionServer&[m[K’
[01m[K/home/victory/Robot-Operating-System/cpp_ws/src/custom_interfaces/src/fibonacci_action_server.cpp:18:7:[m[K [01;36m[Knote: [m[Kcandidate: ‘[01m[Kaction_tutorials_cpp::FibonacciActionServer::FibonacciActionServer(action_tutorials_cpp::FibonacciActionServer&&)[m[K’ (deleted)
[01m[K/home/victory/Robot-Operating-System/cpp_ws/src/custom_interfaces/src/fibonacci_action_server.cpp:18:7:[m[K [01;36m[Knote: [m[K  no known conversion for argument 1 from ‘[01m[Kconst rclcpp::NodeOptions[m[K’ to ‘[01m[Kaction_tutorials_cpp::FibonacciActionServer&&[m[K’
gmake[2]: *** [CMakeFiles/action_server.dir/build.make:76: CMakeFiles/action_server.dir/src/fibonacci_action_server.cpp.o] Error 1
gmake[1]: *** [CMakeFiles/Makefile2:213: CMakeFiles/action_server.dir/all] Error 2
gmake[1]: *** Waiting for unfinished jobs....
gmake: *** [Makefile:146: all] Error 2
