-- Found ament_cmake: 1.3.10 (/opt/ros/humble/share/ament_cmake/cmake)
-- Found rosidl_default_generators: 1.2.0 (/opt/ros/humble/share/rosidl_default_generators/cmake)
-- Using all available rosidl_typesupport_c: rosidl_typesupport_fastrtps_c;rosidl_typesupport_introspection_c
-- Found rosidl_adapter: 3.1.5 (/opt/ros/humble/share/rosidl_adapter/cmake)
-- Using all available rosidl_typesupport_cpp: rosidl_typesupport_fastrtps_cpp;rosidl_typesupport_introspection_cpp
-- Found rclcpp: 16.0.10 (/opt/ros/humble/share/rclcpp/cmake)
-- Found rmw_implementation_cmake: 6.1.2 (/opt/ros/humble/share/rmw_implementation_cmake/cmake)
-- Found rmw_fastrtps_cpp: 6.2.7 (/opt/ros/humble/share/rmw_fastrtps_cpp/cmake)
-- Using RMW implementation 'rmw_fastrtps_cpp' as default
-- Found rclcpp_action: 16.0.10 (/opt/ros/humble/share/rclcpp_action/cmake)
-- Found package_with_interfaces: 0.0.0 (/home/victory/Robot-Operating-System/python_ws/install/package_with_interfaces/share/package_with_interfaces/cmake)
-- Found rclcpp_components: 16.0.10 (/opt/ros/humble/share/rclcpp_components/cmake)
-- Found ament_cmake_ros: 0.10.0 (/opt/ros/humble/share/ament_cmake_ros/cmake)
-- Using all available rosidl_typesupport_c: rosidl_typesupport_fastrtps_c;rosidl_typesupport_introspection_c
-- Using all available rosidl_typesupport_cpp: rosidl_typesupport_fastrtps_cpp;rosidl_typesupport_introspection_cpp
-- Found python_cmake_module: 0.10.0 (/opt/ros/humble/share/python_cmake_module/cmake)
-- Using PYTHON_EXECUTABLE: /usr/bin/python3
-- Using PYTHON_INCLUDE_DIRS: /usr/include/python3.10
-- Using PYTHON_LIBRARIES: /usr/lib/x86_64-linux-gnu/libpython3.10.so
-- Found ament_lint_auto: 0.12.11 (/opt/ros/humble/share/ament_lint_auto/cmake)
-- Added test 'cppcheck' to perform static code analysis on C / C++ code
-- Configured cppcheck include dirs: $<BUILD_INTERFACE:/home/victory/Robot-Operating-System/cpp_ws/src/custom_interfaces/include>
-- Configured cppcheck exclude dirs and/or files: 
-- Added test 'lint_cmake' to check CMake code style
-- Added test 'uncrustify' to check C / C++ code style
-- Configured uncrustify additional arguments: 
-- Added test 'xmllint' to check XML markup files
-- Configuring done (22.3s)
-- Generating done (0.5s)
-- Build files have been written to: /home/victory/Robot-Operating-System/cpp_ws/build/custom_interfaces
[  2%] [32mBuilding CXX object CMakeFiles/fibonacci_action_server.dir/rclcpp_components/node_main_fibonacci_action_server.cpp.o[0m
[  5%] [32mBuilding CXX object CMakeFiles/action_server.dir/src/fibonacci_action_server.cpp.o[0m
[ 13%] Built target custom_interfaces__cpp
[ 16%] Built target custom_interfaces__rosidl_generator_c
[ 16%] Built target ament_cmake_python_copy_custom_interfaces
[ 24%] Built target custom_interfaces__rosidl_typesupport_cpp
[ 32%] Built target custom_interfaces__rosidl_typesupport_introspection_c
[ 40%] Built target custom_interfaces__rosidl_typesupport_fastrtps_c
[ 48%] Built target custom_interfaces__rosidl_typesupport_c
[ 56%] Built target custom_interfaces__rosidl_typesupport_fastrtps_cpp
[ 64%] Built target custom_interfaces__rosidl_typesupport_introspection_cpp
[ 70%] Built target publish_address_book
[ 70%] Built target custom_interfaces
[ 72%] Built target custom_interfaces__py
[ 78%] Built target custom_interfaces__rosidl_generator_py
[ 83%] Built target custom_interfaces__rosidl_typesupport_fastrtps_c__pyext
[ 89%] Built target custom_interfaces__rosidl_typesupport_introspection_c__pyext
[ 94%] Built target custom_interfaces__rosidl_typesupport_c__pyext
running egg_info
writing custom_interfaces.egg-info/PKG-INFO
writing dependency_links to custom_interfaces.egg-info/dependency_links.txt
writing top-level names to custom_interfaces.egg-info/top_level.txt
reading manifest file 'custom_interfaces.egg-info/SOURCES.txt'
writing manifest file 'custom_interfaces.egg-info/SOURCES.txt'
[ 94%] Built target ament_cmake_python_build_custom_interfaces_egg
[ 97%] [32m[1mLinking CXX executable fibonacci_action_server[0m
[ 97%] Built target fibonacci_action_server
