[0.464s] DEBUG:colcon:Command line arguments: ['/usr/bin/colcon', 'build', '--packages-select', 'custom_interfaces']
[0.464s] DEBUG:colcon:Parsed command line arguments: Namespace(log_base=None, log_level=None, verb_name='build', build_base='build', install_base='install', merge_install=False, symlink_install=False, test_result_base=None, continue_on_error=False, executor='parallel', parallel_workers=4, event_handlers=None, ignore_user_meta=False, metas=['./colcon.meta'], base_paths=['.'], packages_ignore=None, packages_ignore_regex=None, paths=None, packages_up_to=None, packages_up_to_regex=None, packages_above=None, packages_above_and_dependencies=None, packages_above_depth=None, packages_select_by_dep=None, packages_skip_by_dep=None, packages_skip_up_to=None, packages_select_build_failed=False, packages_skip_build_finished=False, packages_select_test_failures=False, packages_skip_test_passed=False, packages_select=['custom_interfaces'], packages_skip=None, packages_select_regex=None, packages_skip_regex=None, packages_start=None, packages_end=None, allow_overriding=[], cmake_args=None, cmake_target=None, cmake_target_skip_unavailable=False, cmake_clean_cache=False, cmake_clean_first=False, cmake_force_configure=False, ament_cmake_args=None, catkin_cmake_args=None, catkin_skip_building_tests=False, mixin_files=None, mixin=None, verb_parser=<colcon_mixin.mixin.mixin_argument.MixinArgumentDecorator object at 0x7f89a5245d20>, verb_extension=<colcon_core.verb.build.BuildVerb object at 0x7f89a5244cd0>, main=<bound method BuildVerb.main of <colcon_core.verb.build.BuildVerb object at 0x7f89a5244cd0>>, mixin_verb=('build',))
[8.752s] Level 1:colcon.colcon_core.package_discovery:discover_packages(colcon_meta) check parameters
[8.752s] Level 1:colcon.colcon_core.package_discovery:discover_packages(recursive) check parameters
[8.752s] Level 1:colcon.colcon_core.package_discovery:discover_packages(ignore) check parameters
[8.752s] Level 1:colcon.colcon_core.package_discovery:discover_packages(path) check parameters
[8.753s] Level 1:colcon.colcon_core.package_discovery:discover_packages(colcon_meta) discover
[8.753s] Level 1:colcon.colcon_core.package_discovery:discover_packages(recursive) discover
[8.753s] INFO:colcon.colcon_core.package_discovery:Crawling recursively for packages in '/home/victory/Robot-Operating-System/cpp_ws'
[8.753s] Level 1:colcon.colcon_core.package_identification:_identify(.) by extensions ['ignore', 'ignore_ament_install']
[8.753s] Level 1:colcon.colcon_core.package_identification:_identify(.) by extension 'ignore'
[8.753s] Level 1:colcon.colcon_core.package_identification:_identify(.) by extension 'ignore_ament_install'
[8.753s] Level 1:colcon.colcon_core.package_identification:_identify(.) by extensions ['colcon_pkg']
[8.753s] Level 1:colcon.colcon_core.package_identification:_identify(.) by extension 'colcon_pkg'
[8.753s] Level 1:colcon.colcon_core.package_identification:_identify(.) by extensions ['colcon_meta']
[8.753s] Level 1:colcon.colcon_core.package_identification:_identify(.) by extension 'colcon_meta'
[8.753s] Level 1:colcon.colcon_core.package_identification:_identify(.) by extensions ['ros']
[8.753s] Level 1:colcon.colcon_core.package_identification:_identify(.) by extension 'ros'
[8.834s] Level 1:colcon.colcon_core.package_identification:_identify(.) by extensions ['cmake', 'python']
[8.834s] Level 1:colcon.colcon_core.package_identification:_identify(.) by extension 'cmake'
[8.834s] Level 1:colcon.colcon_core.package_identification:_identify(.) by extension 'python'
[8.834s] Level 1:colcon.colcon_core.package_identification:_identify(.) by extensions ['python_setup_py']
[8.834s] Level 1:colcon.colcon_core.package_identification:_identify(.) by extension 'python_setup_py'
[8.834s] Level 1:colcon.colcon_core.package_identification:_identify(build) by extensions ['ignore', 'ignore_ament_install']
[8.834s] Level 1:colcon.colcon_core.package_identification:_identify(build) by extension 'ignore'
[8.835s] Level 1:colcon.colcon_core.package_identification:_identify(build) ignored
[8.835s] Level 1:colcon.colcon_core.package_identification:_identify(install) by extensions ['ignore', 'ignore_ament_install']
[8.835s] Level 1:colcon.colcon_core.package_identification:_identify(install) by extension 'ignore'
[8.835s] Level 1:colcon.colcon_core.package_identification:_identify(install) ignored
[8.835s] Level 1:colcon.colcon_core.package_identification:_identify(log) by extensions ['ignore', 'ignore_ament_install']
[8.835s] Level 1:colcon.colcon_core.package_identification:_identify(log) by extension 'ignore'
[8.835s] Level 1:colcon.colcon_core.package_identification:_identify(log) ignored
[8.835s] Level 1:colcon.colcon_core.package_identification:_identify(src) by extensions ['ignore', 'ignore_ament_install']
[8.836s] Level 1:colcon.colcon_core.package_identification:_identify(src) by extension 'ignore'
[8.836s] Level 1:colcon.colcon_core.package_identification:_identify(src) by extension 'ignore_ament_install'
[8.836s] Level 1:colcon.colcon_core.package_identification:_identify(src) by extensions ['colcon_pkg']
[8.836s] Level 1:colcon.colcon_core.package_identification:_identify(src) by extension 'colcon_pkg'
[8.836s] Level 1:colcon.colcon_core.package_identification:_identify(src) by extensions ['colcon_meta']
[8.836s] Level 1:colcon.colcon_core.package_identification:_identify(src) by extension 'colcon_meta'
[8.836s] Level 1:colcon.colcon_core.package_identification:_identify(src) by extensions ['ros']
[8.836s] Level 1:colcon.colcon_core.package_identification:_identify(src) by extension 'ros'
[8.836s] Level 1:colcon.colcon_core.package_identification:_identify(src) by extensions ['cmake', 'python']
[8.836s] Level 1:colcon.colcon_core.package_identification:_identify(src) by extension 'cmake'
[8.836s] Level 1:colcon.colcon_core.package_identification:_identify(src) by extension 'python'
[8.836s] Level 1:colcon.colcon_core.package_identification:_identify(src) by extensions ['python_setup_py']
[8.836s] Level 1:colcon.colcon_core.package_identification:_identify(src) by extension 'python_setup_py'
[8.837s] Level 1:colcon.colcon_core.package_identification:_identify(src/custom_interfaces) by extensions ['ignore', 'ignore_ament_install']
[8.837s] Level 1:colcon.colcon_core.package_identification:_identify(src/custom_interfaces) by extension 'ignore'
[8.837s] Level 1:colcon.colcon_core.package_identification:_identify(src/custom_interfaces) by extension 'ignore_ament_install'
[8.837s] Level 1:colcon.colcon_core.package_identification:_identify(src/custom_interfaces) by extensions ['colcon_pkg']
[8.837s] Level 1:colcon.colcon_core.package_identification:_identify(src/custom_interfaces) by extension 'colcon_pkg'
[8.837s] Level 1:colcon.colcon_core.package_identification:_identify(src/custom_interfaces) by extensions ['colcon_meta']
[8.837s] Level 1:colcon.colcon_core.package_identification:_identify(src/custom_interfaces) by extension 'colcon_meta'
[8.837s] Level 1:colcon.colcon_core.package_identification:_identify(src/custom_interfaces) by extensions ['ros']
[8.837s] Level 1:colcon.colcon_core.package_identification:_identify(src/custom_interfaces) by extension 'ros'
[8.891s] DEBUG:colcon.colcon_core.package_identification:Package 'src/custom_interfaces' with type 'ros.ament_cmake' and name 'custom_interfaces'
[8.906s] Level 1:colcon.colcon_core.package_identification:_identify(src/msg_pub_sub_simple_node) by extensions ['ignore', 'ignore_ament_install']
[8.907s] Level 1:colcon.colcon_core.package_identification:_identify(src/msg_pub_sub_simple_node) by extension 'ignore'
[8.907s] Level 1:colcon.colcon_core.package_identification:_identify(src/msg_pub_sub_simple_node) by extension 'ignore_ament_install'
[8.907s] Level 1:colcon.colcon_core.package_identification:_identify(src/msg_pub_sub_simple_node) by extensions ['colcon_pkg']
[8.907s] Level 1:colcon.colcon_core.package_identification:_identify(src/msg_pub_sub_simple_node) by extension 'colcon_pkg'
[8.907s] Level 1:colcon.colcon_core.package_identification:_identify(src/msg_pub_sub_simple_node) by extensions ['colcon_meta']
[8.907s] Level 1:colcon.colcon_core.package_identification:_identify(src/msg_pub_sub_simple_node) by extension 'colcon_meta'
[8.907s] Level 1:colcon.colcon_core.package_identification:_identify(src/msg_pub_sub_simple_node) by extensions ['ros']
[8.907s] Level 1:colcon.colcon_core.package_identification:_identify(src/msg_pub_sub_simple_node) by extension 'ros'
[8.919s] DEBUG:colcon.colcon_core.package_identification:Package 'src/msg_pub_sub_simple_node' with type 'ros.ament_cmake' and name 'msg_pub_sub_simple_node'
[8.956s] Level 1:colcon.colcon_core.package_identification:_identify(src/srv_client) by extensions ['ignore', 'ignore_ament_install']
[8.956s] Level 1:colcon.colcon_core.package_identification:_identify(src/srv_client) by extension 'ignore'
[8.956s] Level 1:colcon.colcon_core.package_identification:_identify(src/srv_client) by extension 'ignore_ament_install'
[8.956s] Level 1:colcon.colcon_core.package_identification:_identify(src/srv_client) by extensions ['colcon_pkg']
[8.956s] Level 1:colcon.colcon_core.package_identification:_identify(src/srv_client) by extension 'colcon_pkg'
[8.956s] Level 1:colcon.colcon_core.package_identification:_identify(src/srv_client) by extensions ['colcon_meta']
[8.956s] Level 1:colcon.colcon_core.package_identification:_identify(src/srv_client) by extension 'colcon_meta'
[8.957s] Level 1:colcon.colcon_core.package_identification:_identify(src/srv_client) by extensions ['ros']
[8.957s] Level 1:colcon.colcon_core.package_identification:_identify(src/srv_client) by extension 'ros'
[8.982s] DEBUG:colcon.colcon_core.package_identification:Package 'src/srv_client' with type 'ros.ament_cmake' and name 'srv_client'
[8.982s] Level 1:colcon.colcon_core.package_discovery:discover_packages(recursive) using defaults
[8.982s] Level 1:colcon.colcon_core.package_discovery:discover_packages(ignore) discover
[8.982s] Level 1:colcon.colcon_core.package_discovery:discover_packages(ignore) using defaults
[8.983s] Level 1:colcon.colcon_core.package_discovery:discover_packages(path) discover
[8.983s] Level 1:colcon.colcon_core.package_discovery:discover_packages(path) using defaults
[9.574s] INFO:colcon.colcon_core.package_selection:Skipping not selected package 'msg_pub_sub_simple_node' in 'src/msg_pub_sub_simple_node'
[9.574s] INFO:colcon.colcon_core.package_selection:Skipping not selected package 'srv_client' in 'src/srv_client'
[9.582s] Level 1:colcon.colcon_core.package_discovery:discover_packages(prefix_path) check parameters
[9.582s] Level 1:colcon.colcon_core.package_discovery:discover_packages(prefix_path) discover
[9.690s] DEBUG:colcon.colcon_installed_package_information.package_discovery:Found 293 installed packages in /opt/ros/humble
[9.692s] Level 1:colcon.colcon_core.package_discovery:discover_packages(prefix_path) using defaults
[12.247s] Level 5:colcon.colcon_core.verb:set package 'custom_interfaces' build argument 'cmake_args' from command line to 'None'
[12.247s] Level 5:colcon.colcon_core.verb:set package 'custom_interfaces' build argument 'cmake_target' from command line to 'None'
[12.247s] Level 5:colcon.colcon_core.verb:set package 'custom_interfaces' build argument 'cmake_target_skip_unavailable' from command line to 'False'
[12.247s] Level 5:colcon.colcon_core.verb:set package 'custom_interfaces' build argument 'cmake_clean_cache' from command line to 'False'
[12.247s] Level 5:colcon.colcon_core.verb:set package 'custom_interfaces' build argument 'cmake_clean_first' from command line to 'False'
[12.247s] Level 5:colcon.colcon_core.verb:set package 'custom_interfaces' build argument 'cmake_force_configure' from command line to 'False'
[12.247s] Level 5:colcon.colcon_core.verb:set package 'custom_interfaces' build argument 'ament_cmake_args' from command line to 'None'
[12.247s] Level 5:colcon.colcon_core.verb:set package 'custom_interfaces' build argument 'catkin_cmake_args' from command line to 'None'
[12.247s] Level 5:colcon.colcon_core.verb:set package 'custom_interfaces' build argument 'catkin_skip_building_tests' from command line to 'False'
[12.247s] DEBUG:colcon.colcon_core.verb:Building package 'custom_interfaces' with the following arguments: {'ament_cmake_args': None, 'build_base': '/home/victory/Robot-Operating-System/cpp_ws/build/custom_interfaces', 'catkin_cmake_args': None, 'catkin_skip_building_tests': False, 'cmake_args': None, 'cmake_clean_cache': False, 'cmake_clean_first': False, 'cmake_force_configure': False, 'cmake_target': None, 'cmake_target_skip_unavailable': False, 'install_base': '/home/victory/Robot-Operating-System/cpp_ws/install/custom_interfaces', 'merge_install': False, 'path': '/home/victory/Robot-Operating-System/cpp_ws/src/custom_interfaces', 'symlink_install': False, 'test_result_base': None}
[12.248s] INFO:colcon.colcon_core.executor:Executing jobs using 'parallel' executor
[12.249s] DEBUG:colcon.colcon_parallel_executor.executor.parallel:run_until_complete
[12.250s] INFO:colcon.colcon_ros.task.ament_cmake.build:Building ROS package in '/home/victory/Robot-Operating-System/cpp_ws/src/custom_interfaces' with build type 'ament_cmake'
[12.251s] INFO:colcon.colcon_cmake.task.cmake.build:Building CMake package in '/home/victory/Robot-Operating-System/cpp_ws/src/custom_interfaces'
[12.638s] INFO:colcon.colcon_core.plugin_system:Skipping extension 'colcon_core.shell.bat': Not used on non-Windows systems
[12.638s] INFO:colcon.colcon_core.shell:Skip shell extension 'powershell' for command environment: Not usable outside of PowerShell
[12.638s] DEBUG:colcon.colcon_core.shell:Skip shell extension 'dsv' for command environment
[12.690s] DEBUG:colcon.colcon_core.event_handler.log_command:Invoking command in '/home/victory/Robot-Operating-System/cpp_ws/build/custom_interfaces': CMAKE_PREFIX_PATH=/opt/ros/humble /home/linuxbrew/.linuxbrew/bin/cmake /home/victory/Robot-Operating-System/cpp_ws/src/custom_interfaces -DCMAKE_INSTALL_PREFIX=/home/victory/Robot-Operating-System/cpp_ws/install/custom_interfaces
[23.281s] DEBUG:colcon.colcon_core.event_handler.log_command:Invoked command in '/home/victory/Robot-Operating-System/cpp_ws/build/custom_interfaces' returned '0': CMAKE_PREFIX_PATH=/opt/ros/humble /home/linuxbrew/.linuxbrew/bin/cmake /home/victory/Robot-Operating-System/cpp_ws/src/custom_interfaces -DCMAKE_INSTALL_PREFIX=/home/victory/Robot-Operating-System/cpp_ws/install/custom_interfaces
[23.286s] DEBUG:colcon.colcon_core.event_handler.log_command:Invoking command in '/home/victory/Robot-Operating-System/cpp_ws/build/custom_interfaces': CMAKE_PREFIX_PATH=/opt/ros/humble /home/linuxbrew/.linuxbrew/bin/cmake --build /home/victory/Robot-Operating-System/cpp_ws/build/custom_interfaces -- -j4 -l4
[23.318s] DEBUG:colcon.colcon_core.event_handler.log_command:Invoked command in '/home/victory/Robot-Operating-System/cpp_ws/build/custom_interfaces' returned '0': CMAKE_PREFIX_PATH=/opt/ros/humble /home/linuxbrew/.linuxbrew/bin/cmake --build /home/victory/Robot-Operating-System/cpp_ws/build/custom_interfaces -- -j4 -l4
[23.354s] DEBUG:colcon.colcon_core.event_handler.log_command:Invoking command in '/home/victory/Robot-Operating-System/cpp_ws/build/custom_interfaces': CMAKE_PREFIX_PATH=/opt/ros/humble /home/linuxbrew/.linuxbrew/bin/cmake --install /home/victory/Robot-Operating-System/cpp_ws/build/custom_interfaces
[23.396s] Level 1:colcon.colcon_core.environment:create_environment_scripts_only(custom_interfaces)
[23.398s] DEBUG:colcon.colcon_core.event_handler.log_command:Invoked command in '/home/victory/Robot-Operating-System/cpp_ws/build/custom_interfaces' returned '0': CMAKE_PREFIX_PATH=/opt/ros/humble /home/linuxbrew/.linuxbrew/bin/cmake --install /home/victory/Robot-Operating-System/cpp_ws/build/custom_interfaces
[23.513s] Level 1:colcon.colcon_core.environment:checking '/home/victory/Robot-Operating-System/cpp_ws/install/custom_interfaces' for CMake module files
[23.514s] Level 1:colcon.colcon_core.environment:checking '/home/victory/Robot-Operating-System/cpp_ws/install/custom_interfaces' for CMake config files
[23.514s] Level 1:colcon.colcon_core.shell:create_environment_hook('custom_interfaces', 'cmake_prefix_path')
[23.515s] INFO:colcon.colcon_core.shell:Creating environment hook '/home/victory/Robot-Operating-System/cpp_ws/install/custom_interfaces/share/custom_interfaces/hook/cmake_prefix_path.ps1'
[23.543s] INFO:colcon.colcon_core.shell:Creating environment descriptor '/home/victory/Robot-Operating-System/cpp_ws/install/custom_interfaces/share/custom_interfaces/hook/cmake_prefix_path.dsv'
[23.547s] INFO:colcon.colcon_core.shell:Creating environment hook '/home/victory/Robot-Operating-System/cpp_ws/install/custom_interfaces/share/custom_interfaces/hook/cmake_prefix_path.sh'
[23.549s] Level 1:colcon.colcon_core.environment:checking '/home/victory/Robot-Operating-System/cpp_ws/install/custom_interfaces/bin'
[23.549s] Level 1:colcon.colcon_core.environment:checking '/home/victory/Robot-Operating-System/cpp_ws/install/custom_interfaces/lib/pkgconfig/custom_interfaces.pc'
[23.550s] Level 1:colcon.colcon_core.environment:checking '/home/victory/Robot-Operating-System/cpp_ws/install/custom_interfaces/lib/python3.10/site-packages'
[23.550s] Level 1:colcon.colcon_core.environment:checking '/home/victory/Robot-Operating-System/cpp_ws/install/custom_interfaces/bin'
[23.550s] INFO:colcon.colcon_core.shell:Creating package script '/home/victory/Robot-Operating-System/cpp_ws/install/custom_interfaces/share/custom_interfaces/package.ps1'
[23.552s] INFO:colcon.colcon_core.shell:Creating package descriptor '/home/victory/Robot-Operating-System/cpp_ws/install/custom_interfaces/share/custom_interfaces/package.dsv'
[23.553s] INFO:colcon.colcon_core.shell:Creating package script '/home/victory/Robot-Operating-System/cpp_ws/install/custom_interfaces/share/custom_interfaces/package.sh'
[23.555s] INFO:colcon.colcon_core.shell:Creating package script '/home/victory/Robot-Operating-System/cpp_ws/install/custom_interfaces/share/custom_interfaces/package.bash'
[23.579s] INFO:colcon.colcon_core.shell:Creating package script '/home/victory/Robot-Operating-System/cpp_ws/install/custom_interfaces/share/custom_interfaces/package.zsh'
[23.595s] Level 1:colcon.colcon_core.environment:create_file_with_runtime_dependencies(/home/victory/Robot-Operating-System/cpp_ws/install/custom_interfaces/share/colcon-core/packages/custom_interfaces)
[23.623s] Level 1:colcon.colcon_core.environment:create_environment_scripts_only(custom_interfaces)
[23.623s] Level 1:colcon.colcon_core.environment:checking '/home/victory/Robot-Operating-System/cpp_ws/install/custom_interfaces' for CMake module files
[23.624s] Level 1:colcon.colcon_core.environment:checking '/home/victory/Robot-Operating-System/cpp_ws/install/custom_interfaces' for CMake config files
[23.624s] Level 1:colcon.colcon_core.shell:create_environment_hook('custom_interfaces', 'cmake_prefix_path')
[23.624s] INFO:colcon.colcon_core.shell:Creating environment hook '/home/victory/Robot-Operating-System/cpp_ws/install/custom_interfaces/share/custom_interfaces/hook/cmake_prefix_path.ps1'
[23.625s] INFO:colcon.colcon_core.shell:Creating environment descriptor '/home/victory/Robot-Operating-System/cpp_ws/install/custom_interfaces/share/custom_interfaces/hook/cmake_prefix_path.dsv'
[23.625s] INFO:colcon.colcon_core.shell:Creating environment hook '/home/victory/Robot-Operating-System/cpp_ws/install/custom_interfaces/share/custom_interfaces/hook/cmake_prefix_path.sh'
[23.626s] Level 1:colcon.colcon_core.environment:checking '/home/victory/Robot-Operating-System/cpp_ws/install/custom_interfaces/bin'
[23.626s] Level 1:colcon.colcon_core.environment:checking '/home/victory/Robot-Operating-System/cpp_ws/install/custom_interfaces/lib/pkgconfig/custom_interfaces.pc'
[23.627s] Level 1:colcon.colcon_core.environment:checking '/home/victory/Robot-Operating-System/cpp_ws/install/custom_interfaces/lib/python3.10/site-packages'
[23.627s] Level 1:colcon.colcon_core.environment:checking '/home/victory/Robot-Operating-System/cpp_ws/install/custom_interfaces/bin'
[23.627s] INFO:colcon.colcon_core.shell:Creating package script '/home/victory/Robot-Operating-System/cpp_ws/install/custom_interfaces/share/custom_interfaces/package.ps1'
[23.628s] INFO:colcon.colcon_core.shell:Creating package descriptor '/home/victory/Robot-Operating-System/cpp_ws/install/custom_interfaces/share/custom_interfaces/package.dsv'
[23.629s] INFO:colcon.colcon_core.shell:Creating package script '/home/victory/Robot-Operating-System/cpp_ws/install/custom_interfaces/share/custom_interfaces/package.sh'
[23.630s] INFO:colcon.colcon_core.shell:Creating package script '/home/victory/Robot-Operating-System/cpp_ws/install/custom_interfaces/share/custom_interfaces/package.bash'
[23.630s] INFO:colcon.colcon_core.shell:Creating package script '/home/victory/Robot-Operating-System/cpp_ws/install/custom_interfaces/share/custom_interfaces/package.zsh'
[23.631s] Level 1:colcon.colcon_core.environment:create_file_with_runtime_dependencies(/home/victory/Robot-Operating-System/cpp_ws/install/custom_interfaces/share/colcon-core/packages/custom_interfaces)
[23.632s] DEBUG:colcon.colcon_parallel_executor.executor.parallel:closing loop
[23.633s] DEBUG:colcon.colcon_parallel_executor.executor.parallel:loop closed
[23.633s] DEBUG:colcon.colcon_parallel_executor.executor.parallel:run_until_complete finished with '0'
[23.633s] DEBUG:colcon.colcon_core.event_reactor:joining thread
[23.864s] INFO:colcon.colcon_core.plugin_system:Skipping extension 'colcon_notification.desktop_notification.notify_send': Could not find 'notify-send'
[23.865s] INFO:colcon.colcon_core.plugin_system:Skipping extension 'colcon_notification.desktop_notification.terminal_notifier': Not used on non-Darwin systems
[23.865s] INFO:colcon.colcon_core.plugin_system:Skipping extension 'colcon_notification.desktop_notification.win32': Not used on non-Windows systems
[23.865s] INFO:colcon.colcon_notification.desktop_notification:Sending desktop notification using 'notify2'
[23.865s] DEBUG:colcon.colcon_notification.desktop_notification.notify2:Failed to initialize notify2: org.freedesktop.DBus.Error.FileNotFound: Failed to connect to socket /run/user/1000/bus: No such file or directory
[23.865s] DEBUG:colcon.colcon_core.event_reactor:joined thread
[23.866s] INFO:colcon.colcon_core.shell:Creating prefix script '/home/victory/Robot-Operating-System/cpp_ws/install/local_setup.ps1'
[23.886s] INFO:colcon.colcon_core.shell:Creating prefix util module '/home/victory/Robot-Operating-System/cpp_ws/install/_local_setup_util_ps1.py'
[23.892s] INFO:colcon.colcon_core.shell:Creating prefix chain script '/home/victory/Robot-Operating-System/cpp_ws/install/setup.ps1'
[23.894s] INFO:colcon.colcon_core.shell:Creating prefix script '/home/victory/Robot-Operating-System/cpp_ws/install/local_setup.sh'
[23.896s] INFO:colcon.colcon_core.shell:Creating prefix util module '/home/victory/Robot-Operating-System/cpp_ws/install/_local_setup_util_sh.py'
[23.896s] INFO:colcon.colcon_core.shell:Creating prefix chain script '/home/victory/Robot-Operating-System/cpp_ws/install/setup.sh'
[23.898s] INFO:colcon.colcon_core.shell:Creating prefix script '/home/victory/Robot-Operating-System/cpp_ws/install/local_setup.bash'
[23.911s] INFO:colcon.colcon_core.shell:Creating prefix chain script '/home/victory/Robot-Operating-System/cpp_ws/install/setup.bash'
[23.913s] INFO:colcon.colcon_core.shell:Creating prefix script '/home/victory/Robot-Operating-System/cpp_ws/install/local_setup.zsh'
[23.915s] INFO:colcon.colcon_core.shell:Creating prefix chain script '/home/victory/Robot-Operating-System/cpp_ws/install/setup.zsh'
