[1.150s] Invoking command in '/home/victory/Robot-Operating-System/test_2_ros2_ws/src/positio_encoder_decoder_python_package': PYTHONPATH=/home/victory/Robot-Operating-System/test_2_ros2_ws/build/positio_encoder_decoder_python_package/prefix_override:/usr/lib/python3/dist-packages/colcon_core/task/python/colcon_distutils_commands:/home/victory/Robot-Operating-System/test_2_ros2_ws/install/positio_encoder_decoder_python_package/lib/python3.10/site-packages:${PYTHONPATH} /usr/bin/python3 -W ignore:setup.py install is deprecated setup.py egg_info --egg-base ../../build/positio_encoder_decoder_python_package build --build-base /home/victory/Robot-Operating-System/test_2_ros2_ws/build/positio_encoder_decoder_python_package/build install --record /home/victory/Robot-Operating-System/test_2_ros2_ws/build/positio_encoder_decoder_python_package/install.log --single-version-externally-managed install_data
[1.655s] running egg_info
[1.658s] writing ../../build/positio_encoder_decoder_python_package/positio_encoder_decoder_python_package.egg-info/PKG-INFO
[1.659s] writing dependency_links to ../../build/positio_encoder_decoder_python_package/positio_encoder_decoder_python_package.egg-info/dependency_links.txt
[1.660s] writing entry points to ../../build/positio_encoder_decoder_python_package/positio_encoder_decoder_python_package.egg-info/entry_points.txt
[1.661s] writing requirements to ../../build/positio_encoder_decoder_python_package/positio_encoder_decoder_python_package.egg-info/requires.txt
[1.662s] writing top-level names to ../../build/positio_encoder_decoder_python_package/positio_encoder_decoder_python_package.egg-info/top_level.txt
[1.666s] reading manifest file '../../build/positio_encoder_decoder_python_package/positio_encoder_decoder_python_package.egg-info/SOURCES.txt'
[1.668s] writing manifest file '../../build/positio_encoder_decoder_python_package/positio_encoder_decoder_python_package.egg-info/SOURCES.txt'
[1.669s] running build
[1.670s] running build_py
[1.670s] copying positio_encoder_decoder_python_package/position_encoder_node.py -> /home/victory/Robot-Operating-System/test_2_ros2_ws/build/positio_encoder_decoder_python_package/build/lib/positio_encoder_decoder_python_package
[1.671s] running install
[1.672s] running install_lib
[1.674s] copying /home/victory/Robot-Operating-System/test_2_ros2_ws/build/positio_encoder_decoder_python_package/build/lib/positio_encoder_decoder_python_package/position_encoder_node.py -> /home/victory/Robot-Operating-System/test_2_ros2_ws/install/positio_encoder_decoder_python_package/lib/python3.10/site-packages/positio_encoder_decoder_python_package
[1.676s] byte-compiling /home/victory/Robot-Operating-System/test_2_ros2_ws/install/positio_encoder_decoder_python_package/lib/python3.10/site-packages/positio_encoder_decoder_python_package/position_encoder_node.py to position_encoder_node.cpython-310.pyc
[1.677s] running install_data
[1.678s] running install_egg_info
[1.682s] removing '/home/victory/Robot-Operating-System/test_2_ros2_ws/install/positio_encoder_decoder_python_package/lib/python3.10/site-packages/positio_encoder_decoder_python_package-0.0.0-py3.10.egg-info' (and everything under it)
[1.683s] Copying ../../build/positio_encoder_decoder_python_package/positio_encoder_decoder_python_package.egg-info to /home/victory/Robot-Operating-System/test_2_ros2_ws/install/positio_encoder_decoder_python_package/lib/python3.10/site-packages/positio_encoder_decoder_python_package-0.0.0-py3.10.egg-info
[1.686s] running install_scripts
[1.735s] Installing position_decoder_node script to /home/victory/Robot-Operating-System/test_2_ros2_ws/install/positio_encoder_decoder_python_package/lib/positio_encoder_decoder_python_package
[1.736s] Installing position_encoder_node script to /home/victory/Robot-Operating-System/test_2_ros2_ws/install/positio_encoder_decoder_python_package/lib/positio_encoder_decoder_python_package
[1.737s] writing list of installed files to '/home/victory/Robot-Operating-System/test_2_ros2_ws/build/positio_encoder_decoder_python_package/install.log'
[1.790s] Invoked command in '/home/victory/Robot-Operating-System/test_2_ros2_ws/src/positio_encoder_decoder_python_package' returned '0': PYTHONPATH=/home/victory/Robot-Operating-System/test_2_ros2_ws/build/positio_encoder_decoder_python_package/prefix_override:/usr/lib/python3/dist-packages/colcon_core/task/python/colcon_distutils_commands:/home/victory/Robot-Operating-System/test_2_ros2_ws/install/positio_encoder_decoder_python_package/lib/python3.10/site-packages:${PYTHONPATH} /usr/bin/python3 -W ignore:setup.py install is deprecated setup.py egg_info --egg-base ../../build/positio_encoder_decoder_python_package build --build-base /home/victory/Robot-Operating-System/test_2_ros2_ws/build/positio_encoder_decoder_python_package/build install --record /home/victory/Robot-Operating-System/test_2_ros2_ws/build/positio_encoder_decoder_python_package/install.log --single-version-externally-managed install_data
