[3.932s] Invoking command in '/home/victory/Robot-Operating-System/python_ws/src/package_that_uses_package_with_interfaces': PYTHONPATH=/home/victory/Robot-Operating-System/python_ws/build/package_that_uses_package_with_interfaces/prefix_override:/usr/lib/python3/dist-packages/colcon_core/task/python/colcon_distutils_commands:/home/victory/Robot-Operating-System/python_ws/install/package_that_uses_package_with_interfaces/lib/python3.10/site-packages:${PYTHONPATH} /usr/bin/python3 -W ignore:setup.py install is deprecated setup.py egg_info --egg-base ../../build/package_that_uses_package_with_interfaces build --build-base /home/victory/Robot-Operating-System/python_ws/build/package_that_uses_package_with_interfaces/build install --record /home/victory/Robot-Operating-System/python_ws/build/package_that_uses_package_with_interfaces/install.log --single-version-externally-managed install_data
[4.454s] running egg_info
[4.456s] writing ../../build/package_that_uses_package_with_interfaces/package_that_uses_package_with_interfaces.egg-info/PKG-INFO
[4.456s] writing dependency_links to ../../build/package_that_uses_package_with_interfaces/package_that_uses_package_with_interfaces.egg-info/dependency_links.txt
[4.457s] writing entry points to ../../build/package_that_uses_package_with_interfaces/package_that_uses_package_with_interfaces.egg-info/entry_points.txt
[4.458s] writing requirements to ../../build/package_that_uses_package_with_interfaces/package_that_uses_package_with_interfaces.egg-info/requires.txt
[4.458s] writing top-level names to ../../build/package_that_uses_package_with_interfaces/package_that_uses_package_with_interfaces.egg-info/top_level.txt
[4.462s] reading manifest file '../../build/package_that_uses_package_with_interfaces/package_that_uses_package_with_interfaces.egg-info/SOURCES.txt'
[4.464s] writing manifest file '../../build/package_that_uses_package_with_interfaces/package_that_uses_package_with_interfaces.egg-info/SOURCES.txt'
[4.464s] running build
[4.465s] running build_py
[4.465s] running install
[4.466s] running install_lib
[4.468s] running install_data
[4.469s] running install_egg_info
[4.473s] removing '/home/victory/Robot-Operating-System/python_ws/install/package_that_uses_package_with_interfaces/lib/python3.10/site-packages/package_that_uses_package_with_interfaces-0.0.0-py3.10.egg-info' (and everything under it)
[4.473s] Copying ../../build/package_that_uses_package_with_interfaces/package_that_uses_package_with_interfaces.egg-info to /home/victory/Robot-Operating-System/python_ws/install/package_that_uses_package_with_interfaces/lib/python3.10/site-packages/package_that_uses_package_with_interfaces-0.0.0-py3.10.egg-info
[4.475s] running install_scripts
[4.520s] Installing amazing_quote_publisher_node script to /home/victory/Robot-Operating-System/python_ws/install/package_that_uses_package_with_interfaces/lib/package_that_uses_package_with_interfaces
[4.520s] Installing amazing_quote_subscription_node script to /home/victory/Robot-Operating-System/python_ws/install/package_that_uses_package_with_interfaces/lib/package_that_uses_package_with_interfaces
[4.521s] Installing service_client_node script to /home/victory/Robot-Operating-System/python_ws/install/package_that_uses_package_with_interfaces/lib/package_that_uses_package_with_interfaces
[4.522s] Installing service_server_node script to /home/victory/Robot-Operating-System/python_ws/install/package_that_uses_package_with_interfaces/lib/package_that_uses_package_with_interfaces
[4.522s] writing list of installed files to '/home/victory/Robot-Operating-System/python_ws/build/package_that_uses_package_with_interfaces/install.log'
[4.574s] Invoked command in '/home/victory/Robot-Operating-System/python_ws/src/package_that_uses_package_with_interfaces' returned '0': PYTHONPATH=/home/victory/Robot-Operating-System/python_ws/build/package_that_uses_package_with_interfaces/prefix_override:/usr/lib/python3/dist-packages/colcon_core/task/python/colcon_distutils_commands:/home/victory/Robot-Operating-System/python_ws/install/package_that_uses_package_with_interfaces/lib/python3.10/site-packages:${PYTHONPATH} /usr/bin/python3 -W ignore:setup.py install is deprecated setup.py egg_info --egg-base ../../build/package_that_uses_package_with_interfaces build --build-base /home/victory/Robot-Operating-System/python_ws/build/package_that_uses_package_with_interfaces/build install --record /home/victory/Robot-Operating-System/python_ws/build/package_that_uses_package_with_interfaces/install.log --single-version-externally-managed install_data
