[0.020s] Invoking command in '/home/victory/Robot-Operating-System/cpp_ws/build/custom_interfaces': CMAKE_PREFIX_PATH=/opt/ros/humble /home/linuxbrew/.linuxbrew/bin/cmake --build /home/victory/Robot-Operating-System/cpp_ws/build/custom_interfaces -- -j4 -l4
[0.044s] -- Found ament_cmake: 1.3.10 (/opt/ros/humble/share/ament_cmake/cmake)
[0.321s] -- Found rosidl_default_generators: 1.2.0 (/opt/ros/humble/share/rosidl_default_generators/cmake)
[0.324s] -- Using all available rosidl_typesupport_c: rosidl_typesupport_fastrtps_c;rosidl_typesupport_introspection_c
[0.329s] -- Found rosidl_adapter: 3.1.5 (/opt/ros/humble/share/rosidl_adapter/cmake)
[0.627s] -- Using all available rosidl_typesupport_cpp: rosidl_typesupport_fastrtps_cpp;rosidl_typesupport_introspection_cpp
[1.360s] -- Found ament_cmake_ros: 0.10.0 (/opt/ros/humble/share/ament_cmake_ros/cmake)
[2.064s] -- Using all available rosidl_typesupport_c: rosidl_typesupport_fastrtps_c;rosidl_typesupport_introspection_c
[2.864s] -- Using all available rosidl_typesupport_cpp: rosidl_typesupport_fastrtps_cpp;rosidl_typesupport_introspection_cpp
[2.883s] [33mCMake Warning (dev) at /opt/ros/humble/share/rosidl_generator_py/cmake/rosidl_generator_py_generate_interfaces.cmake:20 (find_package):
[2.883s]   Policy CMP0148 is not set: The FindPythonInterp and FindPythonLibs modules
[2.883s]   are removed.  Run "cmake --help-policy CMP0148" for policy details.  Use
[2.883s]   the cmake_policy command to set the policy and suppress this warning.
[2.883s] 
[2.883s] Call Stack (most recent call first):
[2.884s]   /opt/ros/humble/share/ament_cmake_core/cmake/core/ament_execute_extensions.cmake:48 (include)
[2.884s]   /opt/ros/humble/share/rosidl_cmake/cmake/rosidl_generate_interfaces.cmake:286 (ament_execute_extensions)
[2.884s]   CMakeLists.txt:18 (rosidl_generate_interfaces)
[2.884s] This warning is for project developers.  Use -Wno-dev to suppress it.
[2.884s] [0m
[3.188s] -- Found PythonInterp: /usr/bin/python3 (found suitable version "3.10.12", minimum required is "3.6")
[3.220s] -- Found python_cmake_module: 0.10.0 (/opt/ros/humble/share/python_cmake_module/cmake)
[3.234s] [33mCMake Warning (dev) at /opt/ros/humble/share/python_cmake_module/cmake/Modules/FindPythonExtra.cmake:52 (find_package):
[3.234s]   Policy CMP0148 is not set: The FindPythonInterp and FindPythonLibs modules
[3.234s]   are removed.  Run "cmake --help-policy CMP0148" for policy details.  Use
[3.234s]   the cmake_policy command to set the policy and suppress this warning.
[3.234s] 
[3.234s] Call Stack (most recent call first):
[3.235s]   /opt/ros/humble/share/rosidl_generator_py/cmake/rosidl_generator_py_generate_interfaces.cmake:23 (find_package)
[3.235s]   /opt/ros/humble/share/ament_cmake_core/cmake/core/ament_execute_extensions.cmake:48 (include)
[3.235s]   /opt/ros/humble/share/rosidl_cmake/cmake/rosidl_generate_interfaces.cmake:286 (ament_execute_extensions)
[3.235s]   CMakeLists.txt:18 (rosidl_generate_interfaces)
[3.235s] This warning is for project developers.  Use -Wno-dev to suppress it.
[3.235s] [0m
[3.264s] [33mCMake Warning (dev) at /opt/ros/humble/share/python_cmake_module/cmake/Modules/FindPythonExtra.cmake:140 (find_package):
[3.265s]   Policy CMP0148 is not set: The FindPythonInterp and FindPythonLibs modules
[3.265s]   are removed.  Run "cmake --help-policy CMP0148" for policy details.  Use
[3.265s]   the cmake_policy command to set the policy and suppress this warning.
[3.265s] 
[3.265s] Call Stack (most recent call first):
[3.265s]   /opt/ros/humble/share/rosidl_generator_py/cmake/rosidl_generator_py_generate_interfaces.cmake:23 (find_package)
[3.265s]   /opt/ros/humble/share/ament_cmake_core/cmake/core/ament_execute_extensions.cmake:48 (include)
[3.265s]   /opt/ros/humble/share/rosidl_cmake/cmake/rosidl_generate_interfaces.cmake:286 (ament_execute_extensions)
[3.265s]   CMakeLists.txt:18 (rosidl_generate_interfaces)
[3.265s] This warning is for project developers.  Use -Wno-dev to suppress it.
[3.265s] [0m
[4.367s] -- Found PythonLibs: /usr/lib/x86_64-linux-gnu/libpython3.10.so (found suitable version "3.10.12", minimum required is "3.5")
[4.367s] -- Using PYTHON_EXECUTABLE: /usr/bin/python3
[4.368s] -- Using PYTHON_INCLUDE_DIRS: /usr/include/python3.10
[4.368s] -- Using PYTHON_LIBRARIES: /usr/lib/x86_64-linux-gnu/libpython3.10.so
[4.413s] -- Found PythonExtra: .so
[4.732s] -- Found ament_lint_auto: 0.12.11 (/opt/ros/humble/share/ament_lint_auto/cmake)
[4.799s] -- Added test 'lint_cmake' to check CMake code style
[4.805s] -- Added test 'xmllint' to check XML markup files
[4.813s] -- Configuring done (4.8s)
[4.914s] -- Generating done (0.1s)
[4.919s] -- Build files have been written to: /home/victory/Robot-Operating-System/cpp_ws/build/custom_interfaces
[4.959s] [  3%] [34m[1mGenerating C code for ROS interfaces[0m
[4.972s] [  6%] [34m[1mGenerating C++ code for ROS interfaces[0m
[4.983s] [  6%] Built target ament_cmake_python_copy_custom_interfaces
[5.549s] running egg_info
[5.551s] creating custom_interfaces.egg-info
[5.552s] writing custom_interfaces.egg-info/PKG-INFO
[5.552s] writing dependency_links to custom_interfaces.egg-info/dependency_links.txt
[5.553s] writing top-level names to custom_interfaces.egg-info/top_level.txt
[5.553s] writing manifest file 'custom_interfaces.egg-info/SOURCES.txt'
[5.564s] reading manifest file 'custom_interfaces.egg-info/SOURCES.txt'
[5.565s] writing manifest file 'custom_interfaces.egg-info/SOURCES.txt'
[5.607s] [  6%] Built target ament_cmake_python_build_custom_interfaces_egg
[5.638s] [  6%] Built target custom_interfaces__cpp
[5.649s] [  9%] [34m[1mGenerating C++ type support dispatch for ROS interfaces[0m
[5.655s] [ 12%] [34m[1mGenerating C++ type support for eProsima Fast-RTPS[0m
[5.656s] [ 16%] [34m[1mGenerating C++ introspection for ROS interfaces[0m
[5.734s] [ 19%] [32mBuilding C object CMakeFiles/custom_interfaces__rosidl_generator_c.dir/rosidl_generator_c/custom_interfaces/msg/detail/address_book__functions.c.o[0m
[6.190s] [ 22%] [32mBuilding CXX object CMakeFiles/custom_interfaces__rosidl_typesupport_cpp.dir/rosidl_typesupport_cpp/custom_interfaces/msg/address_book__type_support.cpp.o[0m
[6.200s] [ 25%] [32mBuilding CXX object CMakeFiles/custom_interfaces__rosidl_typesupport_fastrtps_cpp.dir/rosidl_typesupport_fastrtps_cpp/custom_interfaces/msg/detail/dds_fastrtps/address_book__type_support.cpp.o[0m
[6.248s] [ 29%] [32mBuilding CXX object CMakeFiles/custom_interfaces__rosidl_typesupport_introspection_cpp.dir/rosidl_typesupport_introspection_cpp/custom_interfaces/msg/detail/address_book__type_support.cpp.o[0m
[6.536s] [ 32%] [32m[1mLinking C shared library libcustom_interfaces__rosidl_generator_c.so[0m
[6.944s] [ 32%] Built target custom_interfaces__rosidl_generator_c
[6.958s] [ 35%] [34m[1mGenerating C type support for eProsima Fast-RTPS[0m
[7.586s] [ 38%] [32mBuilding CXX object CMakeFiles/custom_interfaces__rosidl_typesupport_fastrtps_c.dir/rosidl_typesupport_fastrtps_c/custom_interfaces/msg/detail/address_book__type_support_c.cpp.o[0m
[9.054s] [ 41%] [32m[1mLinking CXX shared library libcustom_interfaces__rosidl_typesupport_cpp.so[0m
[9.406s] [ 45%] [32m[1mLinking CXX shared library libcustom_interfaces__rosidl_typesupport_introspection_cpp.so[0m
[9.410s] [ 45%] Built target custom_interfaces__rosidl_typesupport_cpp
[9.424s] [ 48%] [34m[1mGenerating C introspection for ROS interfaces[0m
[9.433s] [ 51%] [32m[1mLinking CXX shared library libcustom_interfaces__rosidl_typesupport_fastrtps_c.so[0m
[9.601s] [ 54%] [32m[1mLinking CXX shared library libcustom_interfaces__rosidl_typesupport_fastrtps_cpp.so[0m
[9.756s] [ 54%] Built target custom_interfaces__rosidl_typesupport_introspection_cpp
[9.770s] [ 58%] [34m[1mGenerating C type support dispatch for ROS interfaces[0m
[9.851s] [ 58%] Built target custom_interfaces__rosidl_typesupport_fastrtps_c
[9.994s] [ 58%] Built target custom_interfaces__rosidl_typesupport_fastrtps_cpp
[10.237s] [ 61%] [32mBuilding CXX object CMakeFiles/custom_interfaces__rosidl_typesupport_c.dir/rosidl_typesupport_c/custom_interfaces/msg/address_book__type_support.cpp.o[0m
[10.244s] [ 64%] [32mBuilding C object CMakeFiles/custom_interfaces__rosidl_typesupport_introspection_c.dir/rosidl_typesupport_introspection_c/custom_interfaces/msg/detail/address_book__type_support.c.o[0m
[10.283s] [ 67%] [32m[1mLinking CXX shared library libcustom_interfaces__rosidl_typesupport_c.so[0m
[10.324s] [ 70%] [32m[1mLinking C shared library libcustom_interfaces__rosidl_typesupport_introspection_c.so[0m
[10.565s] [ 70%] Built target custom_interfaces__rosidl_typesupport_c
[10.567s] [ 70%] Built target custom_interfaces__rosidl_typesupport_introspection_c
[10.584s] [ 70%] Built target custom_interfaces
[10.600s] [ 74%] [34m[1mGenerating Python code for ROS interfaces[0m
[11.079s] [ 74%] Built target custom_interfaces__py
[11.096s] [ 77%] [32mBuilding C object CMakeFiles/custom_interfaces__rosidl_generator_py.dir/rosidl_generator_py/custom_interfaces/msg/_address_book_s.c.o[0m
[11.774s] [ 80%] [32m[1mLinking C shared library rosidl_generator_py/custom_interfaces/libcustom_interfaces__rosidl_generator_py.so[0m
[12.023s] [ 80%] Built target custom_interfaces__rosidl_generator_py
[12.046s] [ 83%] [32mBuilding C object CMakeFiles/custom_interfaces__rosidl_typesupport_fastrtps_c__pyext.dir/rosidl_generator_py/custom_interfaces/_custom_interfaces_s.ep.rosidl_typesupport_fastrtps_c.c.o[0m
[12.049s] [ 87%] [32mBuilding C object CMakeFiles/custom_interfaces__rosidl_typesupport_c__pyext.dir/rosidl_generator_py/custom_interfaces/_custom_interfaces_s.ep.rosidl_typesupport_c.c.o[0m
[12.049s] [ 90%] [32mBuilding C object CMakeFiles/custom_interfaces__rosidl_typesupport_introspection_c__pyext.dir/rosidl_generator_py/custom_interfaces/_custom_interfaces_s.ep.rosidl_typesupport_introspection_c.c.o[0m
[12.384s] [ 93%] [32m[1mLinking C shared library rosidl_generator_py/custom_interfaces/custom_interfaces_s__rosidl_typesupport_fastrtps_c.cpython-310-x86_64-linux-gnu.so[0m
[12.389s] [ 96%] [32m[1mLinking C shared library rosidl_generator_py/custom_interfaces/custom_interfaces_s__rosidl_typesupport_c.cpython-310-x86_64-linux-gnu.so[0m
[12.391s] [100%] [32m[1mLinking C shared library rosidl_generator_py/custom_interfaces/custom_interfaces_s__rosidl_typesupport_introspection_c.cpython-310-x86_64-linux-gnu.so[0m
[12.555s] [100%] Built target custom_interfaces__rosidl_typesupport_c__pyext
[12.556s] [100%] Built target custom_interfaces__rosidl_typesupport_introspection_c__pyext
[12.558s] [100%] Built target custom_interfaces__rosidl_typesupport_fastrtps_c__pyext
[12.567s] Invoked command in '/home/victory/Robot-Operating-System/cpp_ws/build/custom_interfaces' returned '0': CMAKE_PREFIX_PATH=/opt/ros/humble /home/linuxbrew/.linuxbrew/bin/cmake --build /home/victory/Robot-Operating-System/cpp_ws/build/custom_interfaces -- -j4 -l4
[12.671s] Invoking command in '/home/victory/Robot-Operating-System/cpp_ws/build/custom_interfaces': CMAKE_PREFIX_PATH=/opt/ros/humble /home/linuxbrew/.linuxbrew/bin/cmake --install /home/victory/Robot-Operating-System/cpp_ws/build/custom_interfaces
[12.677s] -- Install configuration: ""
[12.677s] -- Installing: /home/victory/Robot-Operating-System/cpp_ws/install/custom_interfaces/share/ament_index/resource_index/rosidl_interfaces/custom_interfaces
[12.678s] -- Installing: /home/victory/Robot-Operating-System/cpp_ws/install/custom_interfaces/include/custom_interfaces/custom_interfaces
[12.679s] -- Installing: /home/victory/Robot-Operating-System/cpp_ws/install/custom_interfaces/include/custom_interfaces/custom_interfaces/msg
[12.680s] -- Installing: /home/victory/Robot-Operating-System/cpp_ws/install/custom_interfaces/include/custom_interfaces/custom_interfaces/msg/detail
[12.680s] -- Installing: /home/victory/Robot-Operating-System/cpp_ws/install/custom_interfaces/include/custom_interfaces/custom_interfaces/msg/detail/address_book__functions.c
[12.681s] -- Installing: /home/victory/Robot-Operating-System/cpp_ws/install/custom_interfaces/include/custom_interfaces/custom_interfaces/msg/detail/address_book__type_support.h
[12.681s] -- Installing: /home/victory/Robot-Operating-System/cpp_ws/install/custom_interfaces/include/custom_interfaces/custom_interfaces/msg/detail/address_book__struct.h
[12.681s] -- Installing: /home/victory/Robot-Operating-System/cpp_ws/install/custom_interfaces/include/custom_interfaces/custom_interfaces/msg/detail/address_book__functions.h
[12.682s] -- Installing: /home/victory/Robot-Operating-System/cpp_ws/install/custom_interfaces/include/custom_interfaces/custom_interfaces/msg/address_book.h
[12.682s] -- Installing: /home/victory/Robot-Operating-System/cpp_ws/install/custom_interfaces/include/custom_interfaces/custom_interfaces/msg/rosidl_generator_c__visibility_control.h
[12.682s] -- Installing: /home/victory/Robot-Operating-System/cpp_ws/install/custom_interfaces/share/custom_interfaces/environment/library_path.sh
[12.682s] -- Installing: /home/victory/Robot-Operating-System/cpp_ws/install/custom_interfaces/share/custom_interfaces/environment/library_path.dsv
[12.683s] -- Installing: /home/victory/Robot-Operating-System/cpp_ws/install/custom_interfaces/lib/libcustom_interfaces__rosidl_generator_c.so
[12.684s] -- Set non-toolchain portion of runtime path of "/home/victory/Robot-Operating-System/cpp_ws/install/custom_interfaces/lib/libcustom_interfaces__rosidl_generator_c.so" to ""
[12.684s] -- Up-to-date: /home/victory/Robot-Operating-System/cpp_ws/install/custom_interfaces/include/custom_interfaces/custom_interfaces
[12.685s] -- Up-to-date: /home/victory/Robot-Operating-System/cpp_ws/install/custom_interfaces/include/custom_interfaces/custom_interfaces/msg
[12.685s] -- Up-to-date: /home/victory/Robot-Operating-System/cpp_ws/install/custom_interfaces/include/custom_interfaces/custom_interfaces/msg/detail
[12.686s] -- Installing: /home/victory/Robot-Operating-System/cpp_ws/install/custom_interfaces/include/custom_interfaces/custom_interfaces/msg/detail/address_book__rosidl_typesupport_fastrtps_c.h
[12.686s] -- Installing: /home/victory/Robot-Operating-System/cpp_ws/install/custom_interfaces/include/custom_interfaces/custom_interfaces/msg/rosidl_typesupport_fastrtps_c__visibility_control.h
[12.686s] -- Installing: /home/victory/Robot-Operating-System/cpp_ws/install/custom_interfaces/lib/libcustom_interfaces__rosidl_typesupport_fastrtps_c.so
[12.687s] -- Set non-toolchain portion of runtime path of "/home/victory/Robot-Operating-System/cpp_ws/install/custom_interfaces/lib/libcustom_interfaces__rosidl_typesupport_fastrtps_c.so" to ""
[12.687s] -- Up-to-date: /home/victory/Robot-Operating-System/cpp_ws/install/custom_interfaces/include/custom_interfaces/custom_interfaces
[12.688s] -- Up-to-date: /home/victory/Robot-Operating-System/cpp_ws/install/custom_interfaces/include/custom_interfaces/custom_interfaces/msg
[12.688s] -- Installing: /home/victory/Robot-Operating-System/cpp_ws/install/custom_interfaces/include/custom_interfaces/custom_interfaces/msg/rosidl_typesupport_introspection_c__visibility_control.h
[12.688s] -- Up-to-date: /home/victory/Robot-Operating-System/cpp_ws/install/custom_interfaces/include/custom_interfaces/custom_interfaces/msg/detail
[12.688s] -- Installing: /home/victory/Robot-Operating-System/cpp_ws/install/custom_interfaces/include/custom_interfaces/custom_interfaces/msg/detail/address_book__type_support.c
[12.689s] -- Installing: /home/victory/Robot-Operating-System/cpp_ws/install/custom_interfaces/include/custom_interfaces/custom_interfaces/msg/detail/address_book__rosidl_typesupport_introspection_c.h
[12.689s] -- Installing: /home/victory/Robot-Operating-System/cpp_ws/install/custom_interfaces/lib/libcustom_interfaces__rosidl_typesupport_introspection_c.so
[12.689s] -- Set non-toolchain portion of runtime path of "/home/victory/Robot-Operating-System/cpp_ws/install/custom_interfaces/lib/libcustom_interfaces__rosidl_typesupport_introspection_c.so" to ""
[12.690s] -- Installing: /home/victory/Robot-Operating-System/cpp_ws/install/custom_interfaces/lib/libcustom_interfaces__rosidl_typesupport_c.so
[12.690s] -- Set non-toolchain portion of runtime path of "/home/victory/Robot-Operating-System/cpp_ws/install/custom_interfaces/lib/libcustom_interfaces__rosidl_typesupport_c.so" to ""
[12.691s] -- Up-to-date: /home/victory/Robot-Operating-System/cpp_ws/install/custom_interfaces/include/custom_interfaces/custom_interfaces
[12.691s] -- Up-to-date: /home/victory/Robot-Operating-System/cpp_ws/install/custom_interfaces/include/custom_interfaces/custom_interfaces/msg
[12.691s] -- Up-to-date: /home/victory/Robot-Operating-System/cpp_ws/install/custom_interfaces/include/custom_interfaces/custom_interfaces/msg/detail
[12.692s] -- Installing: /home/victory/Robot-Operating-System/cpp_ws/install/custom_interfaces/include/custom_interfaces/custom_interfaces/msg/detail/address_book__traits.hpp
[12.692s] -- Installing: /home/victory/Robot-Operating-System/cpp_ws/install/custom_interfaces/include/custom_interfaces/custom_interfaces/msg/detail/address_book__builder.hpp
[12.692s] -- Installing: /home/victory/Robot-Operating-System/cpp_ws/install/custom_interfaces/include/custom_interfaces/custom_interfaces/msg/detail/address_book__struct.hpp
[12.693s] -- Installing: /home/victory/Robot-Operating-System/cpp_ws/install/custom_interfaces/include/custom_interfaces/custom_interfaces/msg/address_book.hpp
[12.693s] -- Up-to-date: /home/victory/Robot-Operating-System/cpp_ws/install/custom_interfaces/include/custom_interfaces/custom_interfaces
[12.693s] -- Up-to-date: /home/victory/Robot-Operating-System/cpp_ws/install/custom_interfaces/include/custom_interfaces/custom_interfaces/msg
[12.694s] -- Up-to-date: /home/victory/Robot-Operating-System/cpp_ws/install/custom_interfaces/include/custom_interfaces/custom_interfaces/msg/detail
[12.694s] -- Installing: /home/victory/Robot-Operating-System/cpp_ws/install/custom_interfaces/include/custom_interfaces/custom_interfaces/msg/detail/dds_fastrtps
[12.694s] -- Installing: /home/victory/Robot-Operating-System/cpp_ws/install/custom_interfaces/include/custom_interfaces/custom_interfaces/msg/detail/address_book__rosidl_typesupport_fastrtps_cpp.hpp
[12.694s] -- Installing: /home/victory/Robot-Operating-System/cpp_ws/install/custom_interfaces/include/custom_interfaces/custom_interfaces/msg/rosidl_typesupport_fastrtps_cpp__visibility_control.h
[12.694s] -- Installing: /home/victory/Robot-Operating-System/cpp_ws/install/custom_interfaces/lib/libcustom_interfaces__rosidl_typesupport_fastrtps_cpp.so
[12.696s] -- Set non-toolchain portion of runtime path of "/home/victory/Robot-Operating-System/cpp_ws/install/custom_interfaces/lib/libcustom_interfaces__rosidl_typesupport_fastrtps_cpp.so" to ""
[12.696s] -- Up-to-date: /home/victory/Robot-Operating-System/cpp_ws/install/custom_interfaces/include/custom_interfaces/custom_interfaces
[12.697s] -- Up-to-date: /home/victory/Robot-Operating-System/cpp_ws/install/custom_interfaces/include/custom_interfaces/custom_interfaces/msg
[12.697s] -- Up-to-date: /home/victory/Robot-Operating-System/cpp_ws/install/custom_interfaces/include/custom_interfaces/custom_interfaces/msg/detail
[12.697s] -- Installing: /home/victory/Robot-Operating-System/cpp_ws/install/custom_interfaces/include/custom_interfaces/custom_interfaces/msg/detail/address_book__rosidl_typesupport_introspection_cpp.hpp
[12.697s] -- Installing: /home/victory/Robot-Operating-System/cpp_ws/install/custom_interfaces/include/custom_interfaces/custom_interfaces/msg/detail/address_book__type_support.cpp
[12.698s] -- Installing: /home/victory/Robot-Operating-System/cpp_ws/install/custom_interfaces/lib/libcustom_interfaces__rosidl_typesupport_introspection_cpp.so
[12.698s] -- Set non-toolchain portion of runtime path of "/home/victory/Robot-Operating-System/cpp_ws/install/custom_interfaces/lib/libcustom_interfaces__rosidl_typesupport_introspection_cpp.so" to ""
[12.698s] -- Installing: /home/victory/Robot-Operating-System/cpp_ws/install/custom_interfaces/lib/libcustom_interfaces__rosidl_typesupport_cpp.so
[12.699s] -- Set non-toolchain portion of runtime path of "/home/victory/Robot-Operating-System/cpp_ws/install/custom_interfaces/lib/libcustom_interfaces__rosidl_typesupport_cpp.so" to ""
[12.699s] -- Installing: /home/victory/Robot-Operating-System/cpp_ws/install/custom_interfaces/share/custom_interfaces/environment/pythonpath.sh
[12.699s] -- Installing: /home/victory/Robot-Operating-System/cpp_ws/install/custom_interfaces/share/custom_interfaces/environment/pythonpath.dsv
[12.699s] -- Installing: /home/victory/Robot-Operating-System/cpp_ws/install/custom_interfaces/local/lib/python3.10/dist-packages/custom_interfaces-0.0.0-py3.10.egg-info
[12.700s] -- Installing: /home/victory/Robot-Operating-System/cpp_ws/install/custom_interfaces/local/lib/python3.10/dist-packages/custom_interfaces-0.0.0-py3.10.egg-info/PKG-INFO
[12.701s] -- Installing: /home/victory/Robot-Operating-System/cpp_ws/install/custom_interfaces/local/lib/python3.10/dist-packages/custom_interfaces-0.0.0-py3.10.egg-info/SOURCES.txt
[12.701s] -- Installing: /home/victory/Robot-Operating-System/cpp_ws/install/custom_interfaces/local/lib/python3.10/dist-packages/custom_interfaces-0.0.0-py3.10.egg-info/dependency_links.txt
[12.702s] -- Installing: /home/victory/Robot-Operating-System/cpp_ws/install/custom_interfaces/local/lib/python3.10/dist-packages/custom_interfaces-0.0.0-py3.10.egg-info/top_level.txt
[12.702s] -- Installing: /home/victory/Robot-Operating-System/cpp_ws/install/custom_interfaces/local/lib/python3.10/dist-packages/custom_interfaces
[12.702s] -- Installing: /home/victory/Robot-Operating-System/cpp_ws/install/custom_interfaces/local/lib/python3.10/dist-packages/custom_interfaces/__init__.py
[12.703s] -- Installing: /home/victory/Robot-Operating-System/cpp_ws/install/custom_interfaces/local/lib/python3.10/dist-packages/custom_interfaces/_custom_interfaces_s.ep.rosidl_typesupport_introspection_c.c
[12.703s] -- Installing: /home/victory/Robot-Operating-System/cpp_ws/install/custom_interfaces/local/lib/python3.10/dist-packages/custom_interfaces/msg
[12.704s] -- Installing: /home/victory/Robot-Operating-System/cpp_ws/install/custom_interfaces/local/lib/python3.10/dist-packages/custom_interfaces/msg/__init__.py
[12.704s] -- Installing: /home/victory/Robot-Operating-System/cpp_ws/install/custom_interfaces/local/lib/python3.10/dist-packages/custom_interfaces/msg/_address_book.py
[12.704s] -- Installing: /home/victory/Robot-Operating-System/cpp_ws/install/custom_interfaces/local/lib/python3.10/dist-packages/custom_interfaces/msg/_address_book_s.c
[12.705s] -- Installing: /home/victory/Robot-Operating-System/cpp_ws/install/custom_interfaces/local/lib/python3.10/dist-packages/custom_interfaces/custom_interfaces_s__rosidl_typesupport_c.cpython-310-x86_64-linux-gnu.so
[12.705s] -- Installing: /home/victory/Robot-Operating-System/cpp_ws/install/custom_interfaces/local/lib/python3.10/dist-packages/custom_interfaces/custom_interfaces_s__rosidl_typesupport_fastrtps_c.cpython-310-x86_64-linux-gnu.so
[12.705s] -- Installing: /home/victory/Robot-Operating-System/cpp_ws/install/custom_interfaces/local/lib/python3.10/dist-packages/custom_interfaces/_custom_interfaces_s.ep.rosidl_typesupport_fastrtps_c.c
[12.706s] -- Installing: /home/victory/Robot-Operating-System/cpp_ws/install/custom_interfaces/local/lib/python3.10/dist-packages/custom_interfaces/custom_interfaces_s__rosidl_typesupport_introspection_c.cpython-310-x86_64-linux-gnu.so
[12.706s] -- Installing: /home/victory/Robot-Operating-System/cpp_ws/install/custom_interfaces/local/lib/python3.10/dist-packages/custom_interfaces/libcustom_interfaces__rosidl_generator_py.so
[12.706s] -- Installing: /home/victory/Robot-Operating-System/cpp_ws/install/custom_interfaces/local/lib/python3.10/dist-packages/custom_interfaces/_custom_interfaces_s.ep.rosidl_typesupport_c.c
[12.788s] Listing '/home/victory/Robot-Operating-System/cpp_ws/install/custom_interfaces/local/lib/python3.10/dist-packages/custom_interfaces'...
[12.788s] Compiling '/home/victory/Robot-Operating-System/cpp_ws/install/custom_interfaces/local/lib/python3.10/dist-packages/custom_interfaces/__init__.py'...
[12.788s] Listing '/home/victory/Robot-Operating-System/cpp_ws/install/custom_interfaces/local/lib/python3.10/dist-packages/custom_interfaces/msg'...
[12.788s] Compiling '/home/victory/Robot-Operating-System/cpp_ws/install/custom_interfaces/local/lib/python3.10/dist-packages/custom_interfaces/msg/__init__.py'...
[12.789s] Compiling '/home/victory/Robot-Operating-System/cpp_ws/install/custom_interfaces/local/lib/python3.10/dist-packages/custom_interfaces/msg/_address_book.py'...
[12.797s] -- Installing: /home/victory/Robot-Operating-System/cpp_ws/install/custom_interfaces/local/lib/python3.10/dist-packages/custom_interfaces/custom_interfaces_s__rosidl_typesupport_fastrtps_c.cpython-310-x86_64-linux-gnu.so
[12.798s] -- Set non-toolchain portion of runtime path of "/home/victory/Robot-Operating-System/cpp_ws/install/custom_interfaces/local/lib/python3.10/dist-packages/custom_interfaces/custom_interfaces_s__rosidl_typesupport_fastrtps_c.cpython-310-x86_64-linux-gnu.so" to ""
[12.799s] -- Installing: /home/victory/Robot-Operating-System/cpp_ws/install/custom_interfaces/local/lib/python3.10/dist-packages/custom_interfaces/custom_interfaces_s__rosidl_typesupport_introspection_c.cpython-310-x86_64-linux-gnu.so
[12.800s] -- Set non-toolchain portion of runtime path of "/home/victory/Robot-Operating-System/cpp_ws/install/custom_interfaces/local/lib/python3.10/dist-packages/custom_interfaces/custom_interfaces_s__rosidl_typesupport_introspection_c.cpython-310-x86_64-linux-gnu.so" to ""
[12.800s] -- Installing: /home/victory/Robot-Operating-System/cpp_ws/install/custom_interfaces/local/lib/python3.10/dist-packages/custom_interfaces/custom_interfaces_s__rosidl_typesupport_c.cpython-310-x86_64-linux-gnu.so
[12.801s] -- Set non-toolchain portion of runtime path of "/home/victory/Robot-Operating-System/cpp_ws/install/custom_interfaces/local/lib/python3.10/dist-packages/custom_interfaces/custom_interfaces_s__rosidl_typesupport_c.cpython-310-x86_64-linux-gnu.so" to ""
[12.802s] -- Installing: /home/victory/Robot-Operating-System/cpp_ws/install/custom_interfaces/lib/libcustom_interfaces__rosidl_generator_py.so
[12.803s] -- Set non-toolchain portion of runtime path of "/home/victory/Robot-Operating-System/cpp_ws/install/custom_interfaces/lib/libcustom_interfaces__rosidl_generator_py.so" to ""
[12.803s] -- Installing: /home/victory/Robot-Operating-System/cpp_ws/install/custom_interfaces/share/custom_interfaces/msg/AddressBook.idl
[12.804s] -- Installing: /home/victory/Robot-Operating-System/cpp_ws/install/custom_interfaces/share/custom_interfaces/msg/AddressBook.msg
[12.804s] -- Up-to-date: /home/victory/Robot-Operating-System/cpp_ws/install/custom_interfaces/share/ament_index/resource_index/package_run_dependencies/custom_interfaces
[12.805s] -- Up-to-date: /home/victory/Robot-Operating-System/cpp_ws/install/custom_interfaces/share/ament_index/resource_index/parent_prefix_path/custom_interfaces
[12.805s] -- Up-to-date: /home/victory/Robot-Operating-System/cpp_ws/install/custom_interfaces/share/custom_interfaces/environment/ament_prefix_path.sh
[12.805s] -- Installing: /home/victory/Robot-Operating-System/cpp_ws/install/custom_interfaces/share/custom_interfaces/environment/ament_prefix_path.dsv
[12.806s] -- Up-to-date: /home/victory/Robot-Operating-System/cpp_ws/install/custom_interfaces/share/custom_interfaces/environment/path.sh
[12.806s] -- Installing: /home/victory/Robot-Operating-System/cpp_ws/install/custom_interfaces/share/custom_interfaces/environment/path.dsv
[12.806s] -- Up-to-date: /home/victory/Robot-Operating-System/cpp_ws/install/custom_interfaces/share/custom_interfaces/local_setup.bash
[12.806s] -- Installing: /home/victory/Robot-Operating-System/cpp_ws/install/custom_interfaces/share/custom_interfaces/local_setup.sh
[12.807s] -- Up-to-date: /home/victory/Robot-Operating-System/cpp_ws/install/custom_interfaces/share/custom_interfaces/local_setup.zsh
[12.807s] -- Installing: /home/victory/Robot-Operating-System/cpp_ws/install/custom_interfaces/share/custom_interfaces/local_setup.dsv
[12.807s] -- Installing: /home/victory/Robot-Operating-System/cpp_ws/install/custom_interfaces/share/custom_interfaces/package.dsv
[12.807s] -- Up-to-date: /home/victory/Robot-Operating-System/cpp_ws/install/custom_interfaces/share/ament_index/resource_index/packages/custom_interfaces
[12.808s] -- Installing: /home/victory/Robot-Operating-System/cpp_ws/install/custom_interfaces/share/custom_interfaces/cmake/export_custom_interfaces__rosidl_generator_cExport.cmake
[12.808s] -- Installing: /home/victory/Robot-Operating-System/cpp_ws/install/custom_interfaces/share/custom_interfaces/cmake/export_custom_interfaces__rosidl_generator_cExport-noconfig.cmake
[12.809s] -- Installing: /home/victory/Robot-Operating-System/cpp_ws/install/custom_interfaces/share/custom_interfaces/cmake/export_custom_interfaces__rosidl_typesupport_fastrtps_cExport.cmake
[12.809s] -- Installing: /home/victory/Robot-Operating-System/cpp_ws/install/custom_interfaces/share/custom_interfaces/cmake/export_custom_interfaces__rosidl_typesupport_fastrtps_cExport-noconfig.cmake
[12.809s] -- Installing: /home/victory/Robot-Operating-System/cpp_ws/install/custom_interfaces/share/custom_interfaces/cmake/custom_interfaces__rosidl_typesupport_introspection_cExport.cmake
[12.810s] -- Installing: /home/victory/Robot-Operating-System/cpp_ws/install/custom_interfaces/share/custom_interfaces/cmake/custom_interfaces__rosidl_typesupport_introspection_cExport-noconfig.cmake
[12.810s] -- Installing: /home/victory/Robot-Operating-System/cpp_ws/install/custom_interfaces/share/custom_interfaces/cmake/custom_interfaces__rosidl_typesupport_cExport.cmake
[12.811s] -- Installing: /home/victory/Robot-Operating-System/cpp_ws/install/custom_interfaces/share/custom_interfaces/cmake/custom_interfaces__rosidl_typesupport_cExport-noconfig.cmake
[12.811s] -- Installing: /home/victory/Robot-Operating-System/cpp_ws/install/custom_interfaces/share/custom_interfaces/cmake/export_custom_interfaces__rosidl_generator_cppExport.cmake
[12.812s] -- Installing: /home/victory/Robot-Operating-System/cpp_ws/install/custom_interfaces/share/custom_interfaces/cmake/export_custom_interfaces__rosidl_typesupport_fastrtps_cppExport.cmake
[12.812s] -- Installing: /home/victory/Robot-Operating-System/cpp_ws/install/custom_interfaces/share/custom_interfaces/cmake/export_custom_interfaces__rosidl_typesupport_fastrtps_cppExport-noconfig.cmake
[12.812s] -- Installing: /home/victory/Robot-Operating-System/cpp_ws/install/custom_interfaces/share/custom_interfaces/cmake/custom_interfaces__rosidl_typesupport_introspection_cppExport.cmake
[12.812s] -- Installing: /home/victory/Robot-Operating-System/cpp_ws/install/custom_interfaces/share/custom_interfaces/cmake/custom_interfaces__rosidl_typesupport_introspection_cppExport-noconfig.cmake
[12.813s] -- Installing: /home/victory/Robot-Operating-System/cpp_ws/install/custom_interfaces/share/custom_interfaces/cmake/custom_interfaces__rosidl_typesupport_cppExport.cmake
[12.813s] -- Installing: /home/victory/Robot-Operating-System/cpp_ws/install/custom_interfaces/share/custom_interfaces/cmake/custom_interfaces__rosidl_typesupport_cppExport-noconfig.cmake
[12.814s] -- Installing: /home/victory/Robot-Operating-System/cpp_ws/install/custom_interfaces/share/custom_interfaces/cmake/export_custom_interfaces__rosidl_generator_pyExport.cmake
[12.814s] -- Installing: /home/victory/Robot-Operating-System/cpp_ws/install/custom_interfaces/share/custom_interfaces/cmake/export_custom_interfaces__rosidl_generator_pyExport-noconfig.cmake
[12.815s] -- Installing: /home/victory/Robot-Operating-System/cpp_ws/install/custom_interfaces/share/custom_interfaces/cmake/rosidl_cmake-extras.cmake
[12.815s] -- Installing: /home/victory/Robot-Operating-System/cpp_ws/install/custom_interfaces/share/custom_interfaces/cmake/ament_cmake_export_include_directories-extras.cmake
[12.815s] -- Installing: /home/victory/Robot-Operating-System/cpp_ws/install/custom_interfaces/share/custom_interfaces/cmake/ament_cmake_export_libraries-extras.cmake
[12.816s] -- Installing: /home/victory/Robot-Operating-System/cpp_ws/install/custom_interfaces/share/custom_interfaces/cmake/ament_cmake_export_targets-extras.cmake
[12.816s] -- Installing: /home/victory/Robot-Operating-System/cpp_ws/install/custom_interfaces/share/custom_interfaces/cmake/rosidl_cmake_export_typesupport_targets-extras.cmake
[12.816s] -- Installing: /home/victory/Robot-Operating-System/cpp_ws/install/custom_interfaces/share/custom_interfaces/cmake/ament_cmake_export_dependencies-extras.cmake
[12.817s] -- Installing: /home/victory/Robot-Operating-System/cpp_ws/install/custom_interfaces/share/custom_interfaces/cmake/rosidl_cmake_export_typesupport_libraries-extras.cmake
[12.817s] -- Installing: /home/victory/Robot-Operating-System/cpp_ws/install/custom_interfaces/share/custom_interfaces/cmake/custom_interfacesConfig.cmake
[12.817s] -- Up-to-date: /home/victory/Robot-Operating-System/cpp_ws/install/custom_interfaces/share/custom_interfaces/cmake/custom_interfacesConfig-version.cmake
[12.818s] -- Up-to-date: /home/victory/Robot-Operating-System/cpp_ws/install/custom_interfaces/share/custom_interfaces/package.xml
[12.821s] Invoked command in '/home/victory/Robot-Operating-System/cpp_ws/build/custom_interfaces' returned '0': CMAKE_PREFIX_PATH=/opt/ros/humble /home/linuxbrew/.linuxbrew/bin/cmake --install /home/victory/Robot-Operating-System/cpp_ws/build/custom_interfaces
