[1.734s] Invoking command in '/home/victory/Robot-Operating-System/python_ws/src/python_package_that_uses_parameters_and_launch_files': PYTHONPATH=/home/victory/Robot-Operating-System/python_ws/build/python_package_that_uses_parameters_and_launch_files/prefix_override:/usr/lib/python3/dist-packages/colcon_core/task/python/colcon_distutils_commands:/home/victory/Robot-Operating-System/python_ws/install/python_package_that_uses_parameters_and_launch_files/lib/python3.10/site-packages:${PYTHONPATH} /usr/bin/python3 -W ignore:setup.py install is deprecated setup.py egg_info --egg-base ../../build/python_package_that_uses_parameters_and_launch_files build --build-base /home/victory/Robot-Operating-System/python_ws/build/python_package_that_uses_parameters_and_launch_files/build install --record /home/victory/Robot-Operating-System/python_ws/build/python_package_that_uses_parameters_and_launch_files/install.log --single-version-externally-managed install_data
[2.172s] running egg_info
[2.173s] writing ../../build/python_package_that_uses_parameters_and_launch_files/python_package_that_uses_parameters_and_launch_files.egg-info/PKG-INFO
[2.174s] writing dependency_links to ../../build/python_package_that_uses_parameters_and_launch_files/python_package_that_uses_parameters_and_launch_files.egg-info/dependency_links.txt
[2.175s] writing entry points to ../../build/python_package_that_uses_parameters_and_launch_files/python_package_that_uses_parameters_and_launch_files.egg-info/entry_points.txt
[2.175s] writing requirements to ../../build/python_package_that_uses_parameters_and_launch_files/python_package_that_uses_parameters_and_launch_files.egg-info/requires.txt
[2.175s] writing top-level names to ../../build/python_package_that_uses_parameters_and_launch_files/python_package_that_uses_parameters_and_launch_files.egg-info/top_level.txt
[2.179s] reading manifest file '../../build/python_package_that_uses_parameters_and_launch_files/python_package_that_uses_parameters_and_launch_files.egg-info/SOURCES.txt'
[2.181s] writing manifest file '../../build/python_package_that_uses_parameters_and_launch_files/python_package_that_uses_parameters_and_launch_files.egg-info/SOURCES.txt'
[2.181s] running build
[2.181s] running build_py
[2.181s] running install
[2.182s] running install_lib
[2.184s] running install_data
[2.184s] copying launch/publisher_launch.py -> /home/victory/Robot-Operating-System/python_ws/install/python_package_that_uses_parameters_and_launch_files/share/python_package_that_uses_parameters_and_launch_files/launch
[2.185s] running install_egg_info
[2.187s] removing '/home/victory/Robot-Operating-System/python_ws/install/python_package_that_uses_parameters_and_launch_files/lib/python3.10/site-packages/python_package_that_uses_parameters_and_launch_files-0.0.0-py3.10.egg-info' (and everything under it)
[2.188s] Copying ../../build/python_package_that_uses_parameters_and_launch_files/python_package_that_uses_parameters_and_launch_files.egg-info to /home/victory/Robot-Operating-System/python_ws/install/python_package_that_uses_parameters_and_launch_files/lib/python3.10/site-packages/python_package_that_uses_parameters_and_launch_files-0.0.0-py3.10.egg-info
[2.189s] running install_scripts
[2.228s] Installing amazing_quote_configurable_publisher_node script to /home/victory/Robot-Operating-System/python_ws/install/python_package_that_uses_parameters_and_launch_files/lib/python_package_that_uses_parameters_and_launch_files
[2.228s] writing list of installed files to '/home/victory/Robot-Operating-System/python_ws/build/python_package_that_uses_parameters_and_launch_files/install.log'
[2.325s] Invoked command in '/home/victory/Robot-Operating-System/python_ws/src/python_package_that_uses_parameters_and_launch_files' returned '0': PYTHONPATH=/home/victory/Robot-Operating-System/python_ws/build/python_package_that_uses_parameters_and_launch_files/prefix_override:/usr/lib/python3/dist-packages/colcon_core/task/python/colcon_distutils_commands:/home/victory/Robot-Operating-System/python_ws/install/python_package_that_uses_parameters_and_launch_files/lib/python3.10/site-packages:${PYTHONPATH} /usr/bin/python3 -W ignore:setup.py install is deprecated setup.py egg_info --egg-base ../../build/python_package_that_uses_parameters_and_launch_files build --build-base /home/victory/Robot-Operating-System/python_ws/build/python_package_that_uses_parameters_and_launch_files/build install --record /home/victory/Robot-Operating-System/python_ws/build/python_package_that_uses_parameters_and_launch_files/install.log --single-version-externally-managed install_data
