[  2%] Built target custom_interfaces__cpp
[  5%] [32mBuilding CXX object CMakeFiles/action_server.dir/src/fibonacci_action_server.cpp.o[0m
[ 10%] Built target fibonacci_action_server
[ 18%] Built target custom_interfaces__rosidl_generator_c
[ 18%] Built target ament_cmake_python_copy_custom_interfaces
[ 27%] Built target custom_interfaces__rosidl_typesupport_cpp
[ 35%] Built target custom_interfaces__rosidl_typesupport_fastrtps_cpp
[ 43%] Built target custom_interfaces__rosidl_typesupport_introspection_cpp
[ 48%] Built target publish_address_book
[ 59%] Built target custom_interfaces__rosidl_typesupport_introspection_c
[ 64%] Built target custom_interfaces__rosidl_typesupport_fastrtps_c
[ 72%] Built target custom_interfaces__rosidl_typesupport_c
[ 72%] Built target custom_interfaces
[ 75%] Built target custom_interfaces__py
[ 81%] Built target custom_interfaces__rosidl_generator_py
[ 86%] Built target custom_interfaces__rosidl_typesupport_fastrtps_c__pyext
[ 91%] Built target custom_interfaces__rosidl_typesupport_introspection_c__pyext
[ 97%] Built target custom_interfaces__rosidl_typesupport_c__pyext
running egg_info
writing custom_interfaces.egg-info/PKG-INFO
writing dependency_links to custom_interfaces.egg-info/dependency_links.txt
writing top-level names to custom_interfaces.egg-info/top_level.txt
reading manifest file 'custom_interfaces.egg-info/SOURCES.txt'
writing manifest file 'custom_interfaces.egg-info/SOURCES.txt'
[ 97%] Built target ament_cmake_python_build_custom_interfaces_egg
[100%] [32m[1mLinking CXX shared library libaction_server.so[0m
[100%] Built target action_server
-- Install configuration: ""
-- Installing: /home/victory/Robot-Operating-System/cpp_ws/install/custom_interfaces/lib/custom_interfaces/fibonacci_action_server
-- Set non-toolchain portion of runtime path of "/home/victory/Robot-Operating-System/cpp_ws/install/custom_interfaces/lib/custom_interfaces/fibonacci_action_server" to ""
-- Installing: /home/victory/Robot-Operating-System/cpp_ws/install/custom_interfaces/lib/libaction_server.so
-- Set non-toolchain portion of runtime path of "/home/victory/Robot-Operating-System/cpp_ws/install/custom_interfaces/lib/libaction_server.so" to ""
-- Up-to-date: /home/victory/Robot-Operating-System/cpp_ws/install/custom_interfaces/lib/custom_interfaces/publish_address_book
-- Up-to-date: /home/victory/Robot-Operating-System/cpp_ws/install/custom_interfaces/share/ament_index/resource_index/rosidl_interfaces/custom_interfaces
-- Up-to-date: /home/victory/Robot-Operating-System/cpp_ws/install/custom_interfaces/include/custom_interfaces/custom_interfaces
-- Up-to-date: /home/victory/Robot-Operating-System/cpp_ws/install/custom_interfaces/include/custom_interfaces/custom_interfaces/msg
-- Up-to-date: /home/victory/Robot-Operating-System/cpp_ws/install/custom_interfaces/include/custom_interfaces/custom_interfaces/msg/detail
-- Up-to-date: /home/victory/Robot-Operating-System/cpp_ws/install/custom_interfaces/include/custom_interfaces/custom_interfaces/msg/detail/address_book__functions.c
-- Up-to-date: /home/victory/Robot-Operating-System/cpp_ws/install/custom_interfaces/include/custom_interfaces/custom_interfaces/msg/detail/address_book__type_support.h
-- Up-to-date: /home/victory/Robot-Operating-System/cpp_ws/install/custom_interfaces/include/custom_interfaces/custom_interfaces/msg/detail/address_book__struct.h
-- Up-to-date: /home/victory/Robot-Operating-System/cpp_ws/install/custom_interfaces/include/custom_interfaces/custom_interfaces/msg/detail/address_book__functions.h
-- Up-to-date: /home/victory/Robot-Operating-System/cpp_ws/install/custom_interfaces/include/custom_interfaces/custom_interfaces/msg/address_book.h
-- Up-to-date: /home/victory/Robot-Operating-System/cpp_ws/install/custom_interfaces/include/custom_interfaces/custom_interfaces/msg/rosidl_generator_c__visibility_control.h
-- Up-to-date: /home/victory/Robot-Operating-System/cpp_ws/install/custom_interfaces/share/custom_interfaces/environment/library_path.sh
-- Installing: /home/victory/Robot-Operating-System/cpp_ws/install/custom_interfaces/share/custom_interfaces/environment/library_path.dsv
-- Up-to-date: /home/victory/Robot-Operating-System/cpp_ws/install/custom_interfaces/lib/libcustom_interfaces__rosidl_generator_c.so
-- Up-to-date: /home/victory/Robot-Operating-System/cpp_ws/install/custom_interfaces/include/custom_interfaces/custom_interfaces
-- Up-to-date: /home/victory/Robot-Operating-System/cpp_ws/install/custom_interfaces/include/custom_interfaces/custom_interfaces/msg
-- Up-to-date: /home/victory/Robot-Operating-System/cpp_ws/install/custom_interfaces/include/custom_interfaces/custom_interfaces/msg/detail
-- Up-to-date: /home/victory/Robot-Operating-System/cpp_ws/install/custom_interfaces/include/custom_interfaces/custom_interfaces/msg/detail/address_book__rosidl_typesupport_fastrtps_c.h
-- Up-to-date: /home/victory/Robot-Operating-System/cpp_ws/install/custom_interfaces/include/custom_interfaces/custom_interfaces/msg/rosidl_typesupport_fastrtps_c__visibility_control.h
-- Up-to-date: /home/victory/Robot-Operating-System/cpp_ws/install/custom_interfaces/lib/libcustom_interfaces__rosidl_typesupport_fastrtps_c.so
-- Up-to-date: /home/victory/Robot-Operating-System/cpp_ws/install/custom_interfaces/include/custom_interfaces/custom_interfaces
-- Up-to-date: /home/victory/Robot-Operating-System/cpp_ws/install/custom_interfaces/include/custom_interfaces/custom_interfaces/msg
-- Up-to-date: /home/victory/Robot-Operating-System/cpp_ws/install/custom_interfaces/include/custom_interfaces/custom_interfaces/msg/rosidl_typesupport_introspection_c__visibility_control.h
-- Up-to-date: /home/victory/Robot-Operating-System/cpp_ws/install/custom_interfaces/include/custom_interfaces/custom_interfaces/msg/detail
-- Up-to-date: /home/victory/Robot-Operating-System/cpp_ws/install/custom_interfaces/include/custom_interfaces/custom_interfaces/msg/detail/address_book__type_support.c
-- Up-to-date: /home/victory/Robot-Operating-System/cpp_ws/install/custom_interfaces/include/custom_interfaces/custom_interfaces/msg/detail/address_book__rosidl_typesupport_introspection_c.h
-- Up-to-date: /home/victory/Robot-Operating-System/cpp_ws/install/custom_interfaces/lib/libcustom_interfaces__rosidl_typesupport_introspection_c.so
-- Up-to-date: /home/victory/Robot-Operating-System/cpp_ws/install/custom_interfaces/lib/libcustom_interfaces__rosidl_typesupport_c.so
-- Up-to-date: /home/victory/Robot-Operating-System/cpp_ws/install/custom_interfaces/include/custom_interfaces/custom_interfaces
-- Up-to-date: /home/victory/Robot-Operating-System/cpp_ws/install/custom_interfaces/include/custom_interfaces/custom_interfaces/msg
-- Up-to-date: /home/victory/Robot-Operating-System/cpp_ws/install/custom_interfaces/include/custom_interfaces/custom_interfaces/msg/detail
-- Up-to-date: /home/victory/Robot-Operating-System/cpp_ws/install/custom_interfaces/include/custom_interfaces/custom_interfaces/msg/detail/address_book__traits.hpp
-- Up-to-date: /home/victory/Robot-Operating-System/cpp_ws/install/custom_interfaces/include/custom_interfaces/custom_interfaces/msg/detail/address_book__builder.hpp
-- Up-to-date: /home/victory/Robot-Operating-System/cpp_ws/install/custom_interfaces/include/custom_interfaces/custom_interfaces/msg/detail/address_book__struct.hpp
-- Up-to-date: /home/victory/Robot-Operating-System/cpp_ws/install/custom_interfaces/include/custom_interfaces/custom_interfaces/msg/address_book.hpp
-- Up-to-date: /home/victory/Robot-Operating-System/cpp_ws/install/custom_interfaces/include/custom_interfaces/custom_interfaces
-- Up-to-date: /home/victory/Robot-Operating-System/cpp_ws/install/custom_interfaces/include/custom_interfaces/custom_interfaces/msg
-- Up-to-date: /home/victory/Robot-Operating-System/cpp_ws/install/custom_interfaces/include/custom_interfaces/custom_interfaces/msg/detail
-- Up-to-date: /home/victory/Robot-Operating-System/cpp_ws/install/custom_interfaces/include/custom_interfaces/custom_interfaces/msg/detail/dds_fastrtps
-- Up-to-date: /home/victory/Robot-Operating-System/cpp_ws/install/custom_interfaces/include/custom_interfaces/custom_interfaces/msg/detail/address_book__rosidl_typesupport_fastrtps_cpp.hpp
-- Up-to-date: /home/victory/Robot-Operating-System/cpp_ws/install/custom_interfaces/include/custom_interfaces/custom_interfaces/msg/rosidl_typesupport_fastrtps_cpp__visibility_control.h
-- Up-to-date: /home/victory/Robot-Operating-System/cpp_ws/install/custom_interfaces/lib/libcustom_interfaces__rosidl_typesupport_fastrtps_cpp.so
-- Up-to-date: /home/victory/Robot-Operating-System/cpp_ws/install/custom_interfaces/include/custom_interfaces/custom_interfaces
-- Up-to-date: /home/victory/Robot-Operating-System/cpp_ws/install/custom_interfaces/include/custom_interfaces/custom_interfaces/msg
-- Up-to-date: /home/victory/Robot-Operating-System/cpp_ws/install/custom_interfaces/include/custom_interfaces/custom_interfaces/msg/detail
-- Up-to-date: /home/victory/Robot-Operating-System/cpp_ws/install/custom_interfaces/include/custom_interfaces/custom_interfaces/msg/detail/address_book__rosidl_typesupport_introspection_cpp.hpp
-- Up-to-date: /home/victory/Robot-Operating-System/cpp_ws/install/custom_interfaces/include/custom_interfaces/custom_interfaces/msg/detail/address_book__type_support.cpp
-- Up-to-date: /home/victory/Robot-Operating-System/cpp_ws/install/custom_interfaces/lib/libcustom_interfaces__rosidl_typesupport_introspection_cpp.so
-- Up-to-date: /home/victory/Robot-Operating-System/cpp_ws/install/custom_interfaces/lib/libcustom_interfaces__rosidl_typesupport_cpp.so
-- Up-to-date: /home/victory/Robot-Operating-System/cpp_ws/install/custom_interfaces/share/custom_interfaces/environment/pythonpath.sh
-- Installing: /home/victory/Robot-Operating-System/cpp_ws/install/custom_interfaces/share/custom_interfaces/environment/pythonpath.dsv
-- Up-to-date: /home/victory/Robot-Operating-System/cpp_ws/install/custom_interfaces/local/lib/python3.10/dist-packages/custom_interfaces-0.0.0-py3.10.egg-info
-- Installing: /home/victory/Robot-Operating-System/cpp_ws/install/custom_interfaces/local/lib/python3.10/dist-packages/custom_interfaces-0.0.0-py3.10.egg-info/PKG-INFO
-- Installing: /home/victory/Robot-Operating-System/cpp_ws/install/custom_interfaces/local/lib/python3.10/dist-packages/custom_interfaces-0.0.0-py3.10.egg-info/SOURCES.txt
-- Installing: /home/victory/Robot-Operating-System/cpp_ws/install/custom_interfaces/local/lib/python3.10/dist-packages/custom_interfaces-0.0.0-py3.10.egg-info/dependency_links.txt
-- Installing: /home/victory/Robot-Operating-System/cpp_ws/install/custom_interfaces/local/lib/python3.10/dist-packages/custom_interfaces-0.0.0-py3.10.egg-info/top_level.txt
-- Up-to-date: /home/victory/Robot-Operating-System/cpp_ws/install/custom_interfaces/local/lib/python3.10/dist-packages/custom_interfaces
-- Installing: /home/victory/Robot-Operating-System/cpp_ws/install/custom_interfaces/local/lib/python3.10/dist-packages/custom_interfaces/__init__.py
-- Up-to-date: /home/victory/Robot-Operating-System/cpp_ws/install/custom_interfaces/local/lib/python3.10/dist-packages/custom_interfaces/_custom_interfaces_s.ep.rosidl_typesupport_introspection_c.c
-- Up-to-date: /home/victory/Robot-Operating-System/cpp_ws/install/custom_interfaces/local/lib/python3.10/dist-packages/custom_interfaces/msg
-- Up-to-date: /home/victory/Robot-Operating-System/cpp_ws/install/custom_interfaces/local/lib/python3.10/dist-packages/custom_interfaces/msg/__init__.py
-- Up-to-date: /home/victory/Robot-Operating-System/cpp_ws/install/custom_interfaces/local/lib/python3.10/dist-packages/custom_interfaces/msg/_address_book.py
-- Up-to-date: /home/victory/Robot-Operating-System/cpp_ws/install/custom_interfaces/local/lib/python3.10/dist-packages/custom_interfaces/msg/_address_book_s.c
-- Up-to-date: /home/victory/Robot-Operating-System/cpp_ws/install/custom_interfaces/local/lib/python3.10/dist-packages/custom_interfaces/custom_interfaces_s__rosidl_typesupport_c.cpython-310-x86_64-linux-gnu.so
-- Up-to-date: /home/victory/Robot-Operating-System/cpp_ws/install/custom_interfaces/local/lib/python3.10/dist-packages/custom_interfaces/custom_interfaces_s__rosidl_typesupport_fastrtps_c.cpython-310-x86_64-linux-gnu.so
-- Up-to-date: /home/victory/Robot-Operating-System/cpp_ws/install/custom_interfaces/local/lib/python3.10/dist-packages/custom_interfaces/_custom_interfaces_s.ep.rosidl_typesupport_fastrtps_c.c
-- Up-to-date: /home/victory/Robot-Operating-System/cpp_ws/install/custom_interfaces/local/lib/python3.10/dist-packages/custom_interfaces/custom_interfaces_s__rosidl_typesupport_introspection_c.cpython-310-x86_64-linux-gnu.so
-- Up-to-date: /home/victory/Robot-Operating-System/cpp_ws/install/custom_interfaces/local/lib/python3.10/dist-packages/custom_interfaces/libcustom_interfaces__rosidl_generator_py.so
-- Up-to-date: /home/victory/Robot-Operating-System/cpp_ws/install/custom_interfaces/local/lib/python3.10/dist-packages/custom_interfaces/_custom_interfaces_s.ep.rosidl_typesupport_c.c
Listing '/home/victory/Robot-Operating-System/cpp_ws/install/custom_interfaces/local/lib/python3.10/dist-packages/custom_interfaces'...
Compiling '/home/victory/Robot-Operating-System/cpp_ws/install/custom_interfaces/local/lib/python3.10/dist-packages/custom_interfaces/__init__.py'...
Listing '/home/victory/Robot-Operating-System/cpp_ws/install/custom_interfaces/local/lib/python3.10/dist-packages/custom_interfaces/msg'...
-- Up-to-date: /home/victory/Robot-Operating-System/cpp_ws/install/custom_interfaces/local/lib/python3.10/dist-packages/custom_interfaces/custom_interfaces_s__rosidl_typesupport_fastrtps_c.cpython-310-x86_64-linux-gnu.so
-- Up-to-date: /home/victory/Robot-Operating-System/cpp_ws/install/custom_interfaces/local/lib/python3.10/dist-packages/custom_interfaces/custom_interfaces_s__rosidl_typesupport_introspection_c.cpython-310-x86_64-linux-gnu.so
-- Up-to-date: /home/victory/Robot-Operating-System/cpp_ws/install/custom_interfaces/local/lib/python3.10/dist-packages/custom_interfaces/custom_interfaces_s__rosidl_typesupport_c.cpython-310-x86_64-linux-gnu.so
-- Up-to-date: /home/victory/Robot-Operating-System/cpp_ws/install/custom_interfaces/lib/libcustom_interfaces__rosidl_generator_py.so
-- Up-to-date: /home/victory/Robot-Operating-System/cpp_ws/install/custom_interfaces/share/custom_interfaces/msg/AddressBook.idl
-- Up-to-date: /home/victory/Robot-Operating-System/cpp_ws/install/custom_interfaces/share/custom_interfaces/msg/AddressBook.msg
-- Installing: /home/victory/Robot-Operating-System/cpp_ws/install/custom_interfaces/share/ament_index/resource_index/package_run_dependencies/custom_interfaces
-- Installing: /home/victory/Robot-Operating-System/cpp_ws/install/custom_interfaces/share/ament_index/resource_index/parent_prefix_path/custom_interfaces
-- Up-to-date: /home/victory/Robot-Operating-System/cpp_ws/install/custom_interfaces/share/custom_interfaces/environment/ament_prefix_path.sh
-- Installing: /home/victory/Robot-Operating-System/cpp_ws/install/custom_interfaces/share/custom_interfaces/environment/ament_prefix_path.dsv
-- Up-to-date: /home/victory/Robot-Operating-System/cpp_ws/install/custom_interfaces/share/custom_interfaces/environment/path.sh
-- Installing: /home/victory/Robot-Operating-System/cpp_ws/install/custom_interfaces/share/custom_interfaces/environment/path.dsv
-- Up-to-date: /home/victory/Robot-Operating-System/cpp_ws/install/custom_interfaces/share/custom_interfaces/local_setup.bash
-- Up-to-date: /home/victory/Robot-Operating-System/cpp_ws/install/custom_interfaces/share/custom_interfaces/local_setup.sh
-- Up-to-date: /home/victory/Robot-Operating-System/cpp_ws/install/custom_interfaces/share/custom_interfaces/local_setup.zsh
-- Installing: /home/victory/Robot-Operating-System/cpp_ws/install/custom_interfaces/share/custom_interfaces/local_setup.dsv
-- Installing: /home/victory/Robot-Operating-System/cpp_ws/install/custom_interfaces/share/custom_interfaces/package.dsv
-- Up-to-date: /home/victory/Robot-Operating-System/cpp_ws/install/custom_interfaces/share/ament_index/resource_index/packages/custom_interfaces
-- Installing: /home/victory/Robot-Operating-System/cpp_ws/install/custom_interfaces/share/ament_index/resource_index/rclcpp_components/custom_interfaces
-- Up-to-date: /home/victory/Robot-Operating-System/cpp_ws/install/custom_interfaces/share/custom_interfaces/cmake/export_custom_interfaces__rosidl_generator_cExport.cmake
-- Up-to-date: /home/victory/Robot-Operating-System/cpp_ws/install/custom_interfaces/share/custom_interfaces/cmake/export_custom_interfaces__rosidl_generator_cExport-noconfig.cmake
-- Up-to-date: /home/victory/Robot-Operating-System/cpp_ws/install/custom_interfaces/share/custom_interfaces/cmake/export_custom_interfaces__rosidl_typesupport_fastrtps_cExport.cmake
-- Up-to-date: /home/victory/Robot-Operating-System/cpp_ws/install/custom_interfaces/share/custom_interfaces/cmake/export_custom_interfaces__rosidl_typesupport_fastrtps_cExport-noconfig.cmake
-- Up-to-date: /home/victory/Robot-Operating-System/cpp_ws/install/custom_interfaces/share/custom_interfaces/cmake/custom_interfaces__rosidl_typesupport_introspection_cExport.cmake
-- Up-to-date: /home/victory/Robot-Operating-System/cpp_ws/install/custom_interfaces/share/custom_interfaces/cmake/custom_interfaces__rosidl_typesupport_introspection_cExport-noconfig.cmake
-- Up-to-date: /home/victory/Robot-Operating-System/cpp_ws/install/custom_interfaces/share/custom_interfaces/cmake/custom_interfaces__rosidl_typesupport_cExport.cmake
-- Up-to-date: /home/victory/Robot-Operating-System/cpp_ws/install/custom_interfaces/share/custom_interfaces/cmake/custom_interfaces__rosidl_typesupport_cExport-noconfig.cmake
-- Up-to-date: /home/victory/Robot-Operating-System/cpp_ws/install/custom_interfaces/share/custom_interfaces/cmake/export_custom_interfaces__rosidl_generator_cppExport.cmake
-- Up-to-date: /home/victory/Robot-Operating-System/cpp_ws/install/custom_interfaces/share/custom_interfaces/cmake/export_custom_interfaces__rosidl_typesupport_fastrtps_cppExport.cmake
-- Up-to-date: /home/victory/Robot-Operating-System/cpp_ws/install/custom_interfaces/share/custom_interfaces/cmake/export_custom_interfaces__rosidl_typesupport_fastrtps_cppExport-noconfig.cmake
-- Up-to-date: /home/victory/Robot-Operating-System/cpp_ws/install/custom_interfaces/share/custom_interfaces/cmake/custom_interfaces__rosidl_typesupport_introspection_cppExport.cmake
-- Up-to-date: /home/victory/Robot-Operating-System/cpp_ws/install/custom_interfaces/share/custom_interfaces/cmake/custom_interfaces__rosidl_typesupport_introspection_cppExport-noconfig.cmake
-- Up-to-date: /home/victory/Robot-Operating-System/cpp_ws/install/custom_interfaces/share/custom_interfaces/cmake/custom_interfaces__rosidl_typesupport_cppExport.cmake
-- Up-to-date: /home/victory/Robot-Operating-System/cpp_ws/install/custom_interfaces/share/custom_interfaces/cmake/custom_interfaces__rosidl_typesupport_cppExport-noconfig.cmake
-- Up-to-date: /home/victory/Robot-Operating-System/cpp_ws/install/custom_interfaces/share/custom_interfaces/cmake/export_custom_interfaces__rosidl_generator_pyExport.cmake
-- Up-to-date: /home/victory/Robot-Operating-System/cpp_ws/install/custom_interfaces/share/custom_interfaces/cmake/export_custom_interfaces__rosidl_generator_pyExport-noconfig.cmake
-- Up-to-date: /home/victory/Robot-Operating-System/cpp_ws/install/custom_interfaces/share/custom_interfaces/cmake/rosidl_cmake-extras.cmake
-- Up-to-date: /home/victory/Robot-Operating-System/cpp_ws/install/custom_interfaces/share/custom_interfaces/cmake/ament_cmake_export_include_directories-extras.cmake
-- Up-to-date: /home/victory/Robot-Operating-System/cpp_ws/install/custom_interfaces/share/custom_interfaces/cmake/ament_cmake_export_libraries-extras.cmake
-- Up-to-date: /home/victory/Robot-Operating-System/cpp_ws/install/custom_interfaces/share/custom_interfaces/cmake/ament_cmake_export_targets-extras.cmake
-- Up-to-date: /home/victory/Robot-Operating-System/cpp_ws/install/custom_interfaces/share/custom_interfaces/cmake/rosidl_cmake_export_typesupport_targets-extras.cmake
-- Up-to-date: /home/victory/Robot-Operating-System/cpp_ws/install/custom_interfaces/share/custom_interfaces/cmake/ament_cmake_export_dependencies-extras.cmake
-- Up-to-date: /home/victory/Robot-Operating-System/cpp_ws/install/custom_interfaces/share/custom_interfaces/cmake/rosidl_cmake_export_typesupport_libraries-extras.cmake
-- Up-to-date: /home/victory/Robot-Operating-System/cpp_ws/install/custom_interfaces/share/custom_interfaces/cmake/custom_interfacesConfig.cmake
-- Up-to-date: /home/victory/Robot-Operating-System/cpp_ws/install/custom_interfaces/share/custom_interfaces/cmake/custom_interfacesConfig-version.cmake
-- Installing: /home/victory/Robot-Operating-System/cpp_ws/install/custom_interfaces/share/custom_interfaces/package.xml
