[0.061s] Invoking command in '/home/victory/Robot-Operating-System/cpp_ws/build/custom_interfaces': CMAKE_PREFIX_PATH=${CMAKE_PREFIX_PATH}:/home/victory/Robot-Operating-System/python_ws/install/python_package_that_uses_parameters_and_launch_files:/home/victory/Robot-Operating-System/python_ws/install/positio_encoder_decoder_python_package:/home/victory/Robot-Operating-System/python_ws/install/package_with_configurable_nodes:/home/victory/Robot-Operating-System/python_ws/install/package_that_uses_package_with_interfaces:/home/victory/Robot-Operating-System/python_ws/install/motor_distance_sensor_package:/opt/ros/humble /home/linuxbrew/.linuxbrew/bin/cmake --build /home/victory/Robot-Operating-System/cpp_ws/build/custom_interfaces -- -j4 -l4
[0.155s] [  2%] Built target custom_interfaces__cpp
[0.191s] [  5%] [32mBuilding CXX object CMakeFiles/action_server.dir/src/fibonacci_action_server.cpp.o[0m
[0.210s] [ 10%] Built target fibonacci_action_server
[0.211s] [ 18%] Built target custom_interfaces__rosidl_generator_c
[0.239s] [ 18%] Built target ament_cmake_python_copy_custom_interfaces
[0.267s] [ 27%] Built target custom_interfaces__rosidl_typesupport_cpp
[0.270s] [ 35%] Built target custom_interfaces__rosidl_typesupport_fastrtps_cpp
[0.297s] [ 43%] Built target custom_interfaces__rosidl_typesupport_introspection_cpp
[0.350s] [ 48%] Built target publish_address_book
[0.382s] [ 59%] Built target custom_interfaces__rosidl_typesupport_introspection_c
[0.382s] [ 64%] Built target custom_interfaces__rosidl_typesupport_fastrtps_c
[0.431s] [ 72%] Built target custom_interfaces__rosidl_typesupport_c
[0.480s] [ 72%] Built target custom_interfaces
[0.539s] [ 75%] Built target custom_interfaces__py
[0.591s] [ 81%] Built target custom_interfaces__rosidl_generator_py
[0.651s] [ 86%] Built target custom_interfaces__rosidl_typesupport_fastrtps_c__pyext
[0.658s] [ 91%] Built target custom_interfaces__rosidl_typesupport_introspection_c__pyext
[0.679s] [ 97%] Built target custom_interfaces__rosidl_typesupport_c__pyext
[0.887s] running egg_info
[0.889s] writing custom_interfaces.egg-info/PKG-INFO
[0.890s] writing dependency_links to custom_interfaces.egg-info/dependency_links.txt
[0.890s] writing top-level names to custom_interfaces.egg-info/top_level.txt
[0.896s] reading manifest file 'custom_interfaces.egg-info/SOURCES.txt'
[0.898s] writing manifest file 'custom_interfaces.egg-info/SOURCES.txt'
[0.938s] [ 97%] Built target ament_cmake_python_build_custom_interfaces_egg
[10.554s] [100%] [32m[1mLinking CXX shared library libaction_server.so[0m
[12.002s] [100%] Built target action_server
[12.018s] Invoked command in '/home/victory/Robot-Operating-System/cpp_ws/build/custom_interfaces' returned '0': CMAKE_PREFIX_PATH=${CMAKE_PREFIX_PATH}:/home/victory/Robot-Operating-System/python_ws/install/python_package_that_uses_parameters_and_launch_files:/home/victory/Robot-Operating-System/python_ws/install/positio_encoder_decoder_python_package:/home/victory/Robot-Operating-System/python_ws/install/package_with_configurable_nodes:/home/victory/Robot-Operating-System/python_ws/install/package_that_uses_package_with_interfaces:/home/victory/Robot-Operating-System/python_ws/install/motor_distance_sensor_package:/opt/ros/humble /home/linuxbrew/.linuxbrew/bin/cmake --build /home/victory/Robot-Operating-System/cpp_ws/build/custom_interfaces -- -j4 -l4
[12.174s] Invoking command in '/home/victory/Robot-Operating-System/cpp_ws/build/custom_interfaces': CMAKE_PREFIX_PATH=${CMAKE_PREFIX_PATH}:/home/victory/Robot-Operating-System/python_ws/install/python_package_that_uses_parameters_and_launch_files:/home/victory/Robot-Operating-System/python_ws/install/positio_encoder_decoder_python_package:/home/victory/Robot-Operating-System/python_ws/install/package_with_configurable_nodes:/home/victory/Robot-Operating-System/python_ws/install/package_that_uses_package_with_interfaces:/home/victory/Robot-Operating-System/python_ws/install/motor_distance_sensor_package:/opt/ros/humble /home/linuxbrew/.linuxbrew/bin/cmake --install /home/victory/Robot-Operating-System/cpp_ws/build/custom_interfaces
[12.181s] -- Install configuration: ""
[12.182s] -- Installing: /home/victory/Robot-Operating-System/cpp_ws/install/custom_interfaces/lib/custom_interfaces/fibonacci_action_server
[12.183s] -- Set non-toolchain portion of runtime path of "/home/victory/Robot-Operating-System/cpp_ws/install/custom_interfaces/lib/custom_interfaces/fibonacci_action_server" to ""
[12.184s] -- Installing: /home/victory/Robot-Operating-System/cpp_ws/install/custom_interfaces/lib/libaction_server.so
[12.187s] -- Set non-toolchain portion of runtime path of "/home/victory/Robot-Operating-System/cpp_ws/install/custom_interfaces/lib/libaction_server.so" to ""
[12.220s] -- Up-to-date: /home/victory/Robot-Operating-System/cpp_ws/install/custom_interfaces/lib/custom_interfaces/publish_address_book
[12.221s] -- Up-to-date: /home/victory/Robot-Operating-System/cpp_ws/install/custom_interfaces/share/ament_index/resource_index/rosidl_interfaces/custom_interfaces
[12.222s] -- Up-to-date: /home/victory/Robot-Operating-System/cpp_ws/install/custom_interfaces/include/custom_interfaces/custom_interfaces
[12.223s] -- Up-to-date: /home/victory/Robot-Operating-System/cpp_ws/install/custom_interfaces/include/custom_interfaces/custom_interfaces/msg
[12.224s] -- Up-to-date: /home/victory/Robot-Operating-System/cpp_ws/install/custom_interfaces/include/custom_interfaces/custom_interfaces/msg/detail
[12.224s] -- Up-to-date: /home/victory/Robot-Operating-System/cpp_ws/install/custom_interfaces/include/custom_interfaces/custom_interfaces/msg/detail/address_book__functions.c
[12.225s] -- Up-to-date: /home/victory/Robot-Operating-System/cpp_ws/install/custom_interfaces/include/custom_interfaces/custom_interfaces/msg/detail/address_book__type_support.h
[12.225s] -- Up-to-date: /home/victory/Robot-Operating-System/cpp_ws/install/custom_interfaces/include/custom_interfaces/custom_interfaces/msg/detail/address_book__struct.h
[12.225s] -- Up-to-date: /home/victory/Robot-Operating-System/cpp_ws/install/custom_interfaces/include/custom_interfaces/custom_interfaces/msg/detail/address_book__functions.h
[12.225s] -- Up-to-date: /home/victory/Robot-Operating-System/cpp_ws/install/custom_interfaces/include/custom_interfaces/custom_interfaces/msg/address_book.h
[12.226s] -- Up-to-date: /home/victory/Robot-Operating-System/cpp_ws/install/custom_interfaces/include/custom_interfaces/custom_interfaces/msg/rosidl_generator_c__visibility_control.h
[12.226s] -- Up-to-date: /home/victory/Robot-Operating-System/cpp_ws/install/custom_interfaces/share/custom_interfaces/environment/library_path.sh
[12.226s] -- Installing: /home/victory/Robot-Operating-System/cpp_ws/install/custom_interfaces/share/custom_interfaces/environment/library_path.dsv
[12.253s] -- Up-to-date: /home/victory/Robot-Operating-System/cpp_ws/install/custom_interfaces/lib/libcustom_interfaces__rosidl_generator_c.so
[12.255s] -- Up-to-date: /home/victory/Robot-Operating-System/cpp_ws/install/custom_interfaces/include/custom_interfaces/custom_interfaces
[12.256s] -- Up-to-date: /home/victory/Robot-Operating-System/cpp_ws/install/custom_interfaces/include/custom_interfaces/custom_interfaces/msg
[12.257s] -- Up-to-date: /home/victory/Robot-Operating-System/cpp_ws/install/custom_interfaces/include/custom_interfaces/custom_interfaces/msg/detail
[12.258s] -- Up-to-date: /home/victory/Robot-Operating-System/cpp_ws/install/custom_interfaces/include/custom_interfaces/custom_interfaces/msg/detail/address_book__rosidl_typesupport_fastrtps_c.h
[12.258s] -- Up-to-date: /home/victory/Robot-Operating-System/cpp_ws/install/custom_interfaces/include/custom_interfaces/custom_interfaces/msg/rosidl_typesupport_fastrtps_c__visibility_control.h
[12.261s] -- Up-to-date: /home/victory/Robot-Operating-System/cpp_ws/install/custom_interfaces/lib/libcustom_interfaces__rosidl_typesupport_fastrtps_c.so
[12.263s] -- Up-to-date: /home/victory/Robot-Operating-System/cpp_ws/install/custom_interfaces/include/custom_interfaces/custom_interfaces
[12.265s] -- Up-to-date: /home/victory/Robot-Operating-System/cpp_ws/install/custom_interfaces/include/custom_interfaces/custom_interfaces/msg
[12.266s] -- Up-to-date: /home/victory/Robot-Operating-System/cpp_ws/install/custom_interfaces/include/custom_interfaces/custom_interfaces/msg/rosidl_typesupport_introspection_c__visibility_control.h
[12.267s] -- Up-to-date: /home/victory/Robot-Operating-System/cpp_ws/install/custom_interfaces/include/custom_interfaces/custom_interfaces/msg/detail
[12.267s] -- Up-to-date: /home/victory/Robot-Operating-System/cpp_ws/install/custom_interfaces/include/custom_interfaces/custom_interfaces/msg/detail/address_book__type_support.c
[12.268s] -- Up-to-date: /home/victory/Robot-Operating-System/cpp_ws/install/custom_interfaces/include/custom_interfaces/custom_interfaces/msg/detail/address_book__rosidl_typesupport_introspection_c.h
[12.268s] -- Up-to-date: /home/victory/Robot-Operating-System/cpp_ws/install/custom_interfaces/lib/libcustom_interfaces__rosidl_typesupport_introspection_c.so
[12.271s] -- Up-to-date: /home/victory/Robot-Operating-System/cpp_ws/install/custom_interfaces/lib/libcustom_interfaces__rosidl_typesupport_c.so
[12.273s] -- Up-to-date: /home/victory/Robot-Operating-System/cpp_ws/install/custom_interfaces/include/custom_interfaces/custom_interfaces
[12.275s] -- Up-to-date: /home/victory/Robot-Operating-System/cpp_ws/install/custom_interfaces/include/custom_interfaces/custom_interfaces/msg
[12.276s] -- Up-to-date: /home/victory/Robot-Operating-System/cpp_ws/install/custom_interfaces/include/custom_interfaces/custom_interfaces/msg/detail
[12.277s] -- Up-to-date: /home/victory/Robot-Operating-System/cpp_ws/install/custom_interfaces/include/custom_interfaces/custom_interfaces/msg/detail/address_book__traits.hpp
[12.278s] -- Up-to-date: /home/victory/Robot-Operating-System/cpp_ws/install/custom_interfaces/include/custom_interfaces/custom_interfaces/msg/detail/address_book__builder.hpp
[12.278s] -- Up-to-date: /home/victory/Robot-Operating-System/cpp_ws/install/custom_interfaces/include/custom_interfaces/custom_interfaces/msg/detail/address_book__struct.hpp
[12.278s] -- Up-to-date: /home/victory/Robot-Operating-System/cpp_ws/install/custom_interfaces/include/custom_interfaces/custom_interfaces/msg/address_book.hpp
[12.279s] -- Up-to-date: /home/victory/Robot-Operating-System/cpp_ws/install/custom_interfaces/include/custom_interfaces/custom_interfaces
[12.279s] -- Up-to-date: /home/victory/Robot-Operating-System/cpp_ws/install/custom_interfaces/include/custom_interfaces/custom_interfaces/msg
[12.279s] -- Up-to-date: /home/victory/Robot-Operating-System/cpp_ws/install/custom_interfaces/include/custom_interfaces/custom_interfaces/msg/detail
[12.279s] -- Up-to-date: /home/victory/Robot-Operating-System/cpp_ws/install/custom_interfaces/include/custom_interfaces/custom_interfaces/msg/detail/dds_fastrtps
[12.280s] -- Up-to-date: /home/victory/Robot-Operating-System/cpp_ws/install/custom_interfaces/include/custom_interfaces/custom_interfaces/msg/detail/address_book__rosidl_typesupport_fastrtps_cpp.hpp
[12.281s] -- Up-to-date: /home/victory/Robot-Operating-System/cpp_ws/install/custom_interfaces/include/custom_interfaces/custom_interfaces/msg/rosidl_typesupport_fastrtps_cpp__visibility_control.h
[12.283s] -- Up-to-date: /home/victory/Robot-Operating-System/cpp_ws/install/custom_interfaces/lib/libcustom_interfaces__rosidl_typesupport_fastrtps_cpp.so
[12.285s] -- Up-to-date: /home/victory/Robot-Operating-System/cpp_ws/install/custom_interfaces/include/custom_interfaces/custom_interfaces
[12.286s] -- Up-to-date: /home/victory/Robot-Operating-System/cpp_ws/install/custom_interfaces/include/custom_interfaces/custom_interfaces/msg
[12.286s] -- Up-to-date: /home/victory/Robot-Operating-System/cpp_ws/install/custom_interfaces/include/custom_interfaces/custom_interfaces/msg/detail
[12.287s] -- Up-to-date: /home/victory/Robot-Operating-System/cpp_ws/install/custom_interfaces/include/custom_interfaces/custom_interfaces/msg/detail/address_book__rosidl_typesupport_introspection_cpp.hpp
[12.289s] -- Up-to-date: /home/victory/Robot-Operating-System/cpp_ws/install/custom_interfaces/include/custom_interfaces/custom_interfaces/msg/detail/address_book__type_support.cpp
[12.290s] -- Up-to-date: /home/victory/Robot-Operating-System/cpp_ws/install/custom_interfaces/lib/libcustom_interfaces__rosidl_typesupport_introspection_cpp.so
[12.293s] -- Up-to-date: /home/victory/Robot-Operating-System/cpp_ws/install/custom_interfaces/lib/libcustom_interfaces__rosidl_typesupport_cpp.so
[12.295s] -- Up-to-date: /home/victory/Robot-Operating-System/cpp_ws/install/custom_interfaces/share/custom_interfaces/environment/pythonpath.sh
[12.296s] -- Installing: /home/victory/Robot-Operating-System/cpp_ws/install/custom_interfaces/share/custom_interfaces/environment/pythonpath.dsv
[12.297s] -- Up-to-date: /home/victory/Robot-Operating-System/cpp_ws/install/custom_interfaces/local/lib/python3.10/dist-packages/custom_interfaces-0.0.0-py3.10.egg-info
[12.298s] -- Installing: /home/victory/Robot-Operating-System/cpp_ws/install/custom_interfaces/local/lib/python3.10/dist-packages/custom_interfaces-0.0.0-py3.10.egg-info/PKG-INFO
[12.299s] -- Installing: /home/victory/Robot-Operating-System/cpp_ws/install/custom_interfaces/local/lib/python3.10/dist-packages/custom_interfaces-0.0.0-py3.10.egg-info/SOURCES.txt
[12.300s] -- Installing: /home/victory/Robot-Operating-System/cpp_ws/install/custom_interfaces/local/lib/python3.10/dist-packages/custom_interfaces-0.0.0-py3.10.egg-info/dependency_links.txt
[12.302s] -- Installing: /home/victory/Robot-Operating-System/cpp_ws/install/custom_interfaces/local/lib/python3.10/dist-packages/custom_interfaces-0.0.0-py3.10.egg-info/top_level.txt
[12.303s] -- Up-to-date: /home/victory/Robot-Operating-System/cpp_ws/install/custom_interfaces/local/lib/python3.10/dist-packages/custom_interfaces
[12.303s] -- Installing: /home/victory/Robot-Operating-System/cpp_ws/install/custom_interfaces/local/lib/python3.10/dist-packages/custom_interfaces/__init__.py
[12.304s] -- Up-to-date: /home/victory/Robot-Operating-System/cpp_ws/install/custom_interfaces/local/lib/python3.10/dist-packages/custom_interfaces/_custom_interfaces_s.ep.rosidl_typesupport_introspection_c.c
[12.305s] -- Up-to-date: /home/victory/Robot-Operating-System/cpp_ws/install/custom_interfaces/local/lib/python3.10/dist-packages/custom_interfaces/msg
[12.307s] -- Up-to-date: /home/victory/Robot-Operating-System/cpp_ws/install/custom_interfaces/local/lib/python3.10/dist-packages/custom_interfaces/msg/__init__.py
[12.309s] -- Up-to-date: /home/victory/Robot-Operating-System/cpp_ws/install/custom_interfaces/local/lib/python3.10/dist-packages/custom_interfaces/msg/_address_book.py
[12.309s] -- Up-to-date: /home/victory/Robot-Operating-System/cpp_ws/install/custom_interfaces/local/lib/python3.10/dist-packages/custom_interfaces/msg/_address_book_s.c
[12.309s] -- Up-to-date: /home/victory/Robot-Operating-System/cpp_ws/install/custom_interfaces/local/lib/python3.10/dist-packages/custom_interfaces/custom_interfaces_s__rosidl_typesupport_c.cpython-310-x86_64-linux-gnu.so
[12.310s] -- Up-to-date: /home/victory/Robot-Operating-System/cpp_ws/install/custom_interfaces/local/lib/python3.10/dist-packages/custom_interfaces/custom_interfaces_s__rosidl_typesupport_fastrtps_c.cpython-310-x86_64-linux-gnu.so
[12.310s] -- Up-to-date: /home/victory/Robot-Operating-System/cpp_ws/install/custom_interfaces/local/lib/python3.10/dist-packages/custom_interfaces/_custom_interfaces_s.ep.rosidl_typesupport_fastrtps_c.c
[12.310s] -- Up-to-date: /home/victory/Robot-Operating-System/cpp_ws/install/custom_interfaces/local/lib/python3.10/dist-packages/custom_interfaces/custom_interfaces_s__rosidl_typesupport_introspection_c.cpython-310-x86_64-linux-gnu.so
[12.311s] -- Up-to-date: /home/victory/Robot-Operating-System/cpp_ws/install/custom_interfaces/local/lib/python3.10/dist-packages/custom_interfaces/libcustom_interfaces__rosidl_generator_py.so
[12.311s] -- Up-to-date: /home/victory/Robot-Operating-System/cpp_ws/install/custom_interfaces/local/lib/python3.10/dist-packages/custom_interfaces/_custom_interfaces_s.ep.rosidl_typesupport_c.c
[12.495s] Listing '/home/victory/Robot-Operating-System/cpp_ws/install/custom_interfaces/local/lib/python3.10/dist-packages/custom_interfaces'...
[12.495s] Compiling '/home/victory/Robot-Operating-System/cpp_ws/install/custom_interfaces/local/lib/python3.10/dist-packages/custom_interfaces/__init__.py'...
[12.496s] Listing '/home/victory/Robot-Operating-System/cpp_ws/install/custom_interfaces/local/lib/python3.10/dist-packages/custom_interfaces/msg'...
[12.509s] -- Up-to-date: /home/victory/Robot-Operating-System/cpp_ws/install/custom_interfaces/local/lib/python3.10/dist-packages/custom_interfaces/custom_interfaces_s__rosidl_typesupport_fastrtps_c.cpython-310-x86_64-linux-gnu.so
[12.512s] -- Up-to-date: /home/victory/Robot-Operating-System/cpp_ws/install/custom_interfaces/local/lib/python3.10/dist-packages/custom_interfaces/custom_interfaces_s__rosidl_typesupport_introspection_c.cpython-310-x86_64-linux-gnu.so
[12.519s] -- Up-to-date: /home/victory/Robot-Operating-System/cpp_ws/install/custom_interfaces/local/lib/python3.10/dist-packages/custom_interfaces/custom_interfaces_s__rosidl_typesupport_c.cpython-310-x86_64-linux-gnu.so
[12.523s] -- Up-to-date: /home/victory/Robot-Operating-System/cpp_ws/install/custom_interfaces/lib/libcustom_interfaces__rosidl_generator_py.so
[12.526s] -- Up-to-date: /home/victory/Robot-Operating-System/cpp_ws/install/custom_interfaces/share/custom_interfaces/msg/AddressBook.idl
[12.527s] -- Up-to-date: /home/victory/Robot-Operating-System/cpp_ws/install/custom_interfaces/share/custom_interfaces/msg/AddressBook.msg
[12.527s] -- Installing: /home/victory/Robot-Operating-System/cpp_ws/install/custom_interfaces/share/ament_index/resource_index/package_run_dependencies/custom_interfaces
[12.528s] -- Installing: /home/victory/Robot-Operating-System/cpp_ws/install/custom_interfaces/share/ament_index/resource_index/parent_prefix_path/custom_interfaces
[12.528s] -- Up-to-date: /home/victory/Robot-Operating-System/cpp_ws/install/custom_interfaces/share/custom_interfaces/environment/ament_prefix_path.sh
[12.529s] -- Installing: /home/victory/Robot-Operating-System/cpp_ws/install/custom_interfaces/share/custom_interfaces/environment/ament_prefix_path.dsv
[12.529s] -- Up-to-date: /home/victory/Robot-Operating-System/cpp_ws/install/custom_interfaces/share/custom_interfaces/environment/path.sh
[12.530s] -- Installing: /home/victory/Robot-Operating-System/cpp_ws/install/custom_interfaces/share/custom_interfaces/environment/path.dsv
[12.530s] -- Up-to-date: /home/victory/Robot-Operating-System/cpp_ws/install/custom_interfaces/share/custom_interfaces/local_setup.bash
[12.530s] -- Up-to-date: /home/victory/Robot-Operating-System/cpp_ws/install/custom_interfaces/share/custom_interfaces/local_setup.sh
[12.531s] -- Up-to-date: /home/victory/Robot-Operating-System/cpp_ws/install/custom_interfaces/share/custom_interfaces/local_setup.zsh
[12.531s] -- Installing: /home/victory/Robot-Operating-System/cpp_ws/install/custom_interfaces/share/custom_interfaces/local_setup.dsv
[12.532s] -- Installing: /home/victory/Robot-Operating-System/cpp_ws/install/custom_interfaces/share/custom_interfaces/package.dsv
[12.532s] -- Up-to-date: /home/victory/Robot-Operating-System/cpp_ws/install/custom_interfaces/share/ament_index/resource_index/packages/custom_interfaces
[12.532s] -- Installing: /home/victory/Robot-Operating-System/cpp_ws/install/custom_interfaces/share/ament_index/resource_index/rclcpp_components/custom_interfaces
[12.533s] -- Up-to-date: /home/victory/Robot-Operating-System/cpp_ws/install/custom_interfaces/share/custom_interfaces/cmake/export_custom_interfaces__rosidl_generator_cExport.cmake
[12.533s] -- Up-to-date: /home/victory/Robot-Operating-System/cpp_ws/install/custom_interfaces/share/custom_interfaces/cmake/export_custom_interfaces__rosidl_generator_cExport-noconfig.cmake
[12.534s] -- Up-to-date: /home/victory/Robot-Operating-System/cpp_ws/install/custom_interfaces/share/custom_interfaces/cmake/export_custom_interfaces__rosidl_typesupport_fastrtps_cExport.cmake
[12.534s] -- Up-to-date: /home/victory/Robot-Operating-System/cpp_ws/install/custom_interfaces/share/custom_interfaces/cmake/export_custom_interfaces__rosidl_typesupport_fastrtps_cExport-noconfig.cmake
[12.535s] -- Up-to-date: /home/victory/Robot-Operating-System/cpp_ws/install/custom_interfaces/share/custom_interfaces/cmake/custom_interfaces__rosidl_typesupport_introspection_cExport.cmake
[12.535s] -- Up-to-date: /home/victory/Robot-Operating-System/cpp_ws/install/custom_interfaces/share/custom_interfaces/cmake/custom_interfaces__rosidl_typesupport_introspection_cExport-noconfig.cmake
[12.536s] -- Up-to-date: /home/victory/Robot-Operating-System/cpp_ws/install/custom_interfaces/share/custom_interfaces/cmake/custom_interfaces__rosidl_typesupport_cExport.cmake
[12.536s] -- Up-to-date: /home/victory/Robot-Operating-System/cpp_ws/install/custom_interfaces/share/custom_interfaces/cmake/custom_interfaces__rosidl_typesupport_cExport-noconfig.cmake
[12.537s] -- Up-to-date: /home/victory/Robot-Operating-System/cpp_ws/install/custom_interfaces/share/custom_interfaces/cmake/export_custom_interfaces__rosidl_generator_cppExport.cmake
[12.538s] -- Up-to-date: /home/victory/Robot-Operating-System/cpp_ws/install/custom_interfaces/share/custom_interfaces/cmake/export_custom_interfaces__rosidl_typesupport_fastrtps_cppExport.cmake
[12.538s] -- Up-to-date: /home/victory/Robot-Operating-System/cpp_ws/install/custom_interfaces/share/custom_interfaces/cmake/export_custom_interfaces__rosidl_typesupport_fastrtps_cppExport-noconfig.cmake
[12.539s] -- Up-to-date: /home/victory/Robot-Operating-System/cpp_ws/install/custom_interfaces/share/custom_interfaces/cmake/custom_interfaces__rosidl_typesupport_introspection_cppExport.cmake
[12.539s] -- Up-to-date: /home/victory/Robot-Operating-System/cpp_ws/install/custom_interfaces/share/custom_interfaces/cmake/custom_interfaces__rosidl_typesupport_introspection_cppExport-noconfig.cmake
[12.540s] -- Up-to-date: /home/victory/Robot-Operating-System/cpp_ws/install/custom_interfaces/share/custom_interfaces/cmake/custom_interfaces__rosidl_typesupport_cppExport.cmake
[12.540s] -- Up-to-date: /home/victory/Robot-Operating-System/cpp_ws/install/custom_interfaces/share/custom_interfaces/cmake/custom_interfaces__rosidl_typesupport_cppExport-noconfig.cmake
[12.541s] -- Up-to-date: /home/victory/Robot-Operating-System/cpp_ws/install/custom_interfaces/share/custom_interfaces/cmake/export_custom_interfaces__rosidl_generator_pyExport.cmake
[12.542s] -- Up-to-date: /home/victory/Robot-Operating-System/cpp_ws/install/custom_interfaces/share/custom_interfaces/cmake/export_custom_interfaces__rosidl_generator_pyExport-noconfig.cmake
[12.542s] -- Up-to-date: /home/victory/Robot-Operating-System/cpp_ws/install/custom_interfaces/share/custom_interfaces/cmake/rosidl_cmake-extras.cmake
[12.543s] -- Up-to-date: /home/victory/Robot-Operating-System/cpp_ws/install/custom_interfaces/share/custom_interfaces/cmake/ament_cmake_export_include_directories-extras.cmake
[12.543s] -- Up-to-date: /home/victory/Robot-Operating-System/cpp_ws/install/custom_interfaces/share/custom_interfaces/cmake/ament_cmake_export_libraries-extras.cmake
[12.543s] -- Up-to-date: /home/victory/Robot-Operating-System/cpp_ws/install/custom_interfaces/share/custom_interfaces/cmake/ament_cmake_export_targets-extras.cmake
[12.544s] -- Up-to-date: /home/victory/Robot-Operating-System/cpp_ws/install/custom_interfaces/share/custom_interfaces/cmake/rosidl_cmake_export_typesupport_targets-extras.cmake
[12.544s] -- Up-to-date: /home/victory/Robot-Operating-System/cpp_ws/install/custom_interfaces/share/custom_interfaces/cmake/ament_cmake_export_dependencies-extras.cmake
[12.545s] -- Up-to-date: /home/victory/Robot-Operating-System/cpp_ws/install/custom_interfaces/share/custom_interfaces/cmake/rosidl_cmake_export_typesupport_libraries-extras.cmake
[12.545s] -- Up-to-date: /home/victory/Robot-Operating-System/cpp_ws/install/custom_interfaces/share/custom_interfaces/cmake/custom_interfacesConfig.cmake
[12.545s] -- Up-to-date: /home/victory/Robot-Operating-System/cpp_ws/install/custom_interfaces/share/custom_interfaces/cmake/custom_interfacesConfig-version.cmake
[12.546s] -- Installing: /home/victory/Robot-Operating-System/cpp_ws/install/custom_interfaces/share/custom_interfaces/package.xml
[12.550s] Invoked command in '/home/victory/Robot-Operating-System/cpp_ws/build/custom_interfaces' returned '0': CMAKE_PREFIX_PATH=${CMAKE_PREFIX_PATH}:/home/victory/Robot-Operating-System/python_ws/install/python_package_that_uses_parameters_and_launch_files:/home/victory/Robot-Operating-System/python_ws/install/positio_encoder_decoder_python_package:/home/victory/Robot-Operating-System/python_ws/install/package_with_configurable_nodes:/home/victory/Robot-Operating-System/python_ws/install/package_that_uses_package_with_interfaces:/home/victory/Robot-Operating-System/python_ws/install/motor_distance_sensor_package:/opt/ros/humble /home/linuxbrew/.linuxbrew/bin/cmake --install /home/victory/Robot-Operating-System/cpp_ws/build/custom_interfaces
