[0.099s] Invoking command in '/home/victory/Robot-Operating-System/cpp_ws/build/msg_pub_sub_simple_node': CMAKE_PREFIX_PATH=${CMAKE_PREFIX_PATH}:/home/victory/Robot-Operating-System/python_ws/install/python_package_that_uses_parameters_and_launch_files:/home/victory/Robot-Operating-System/python_ws/install/positio_encoder_decoder_python_package:/home/victory/Robot-Operating-System/python_ws/install/package_with_configurable_nodes:/home/victory/Robot-Operating-System/python_ws/install/package_that_uses_package_with_interfaces:/home/victory/Robot-Operating-System/python_ws/install/motor_distance_sensor_package:/opt/ros/humble /home/linuxbrew/.linuxbrew/bin/cmake --build /home/victory/Robot-Operating-System/cpp_ws/build/msg_pub_sub_simple_node -- -j4 -l4
[0.218s] [ 50%] Built target greetings_node
[0.219s] [100%] Built target greetings_sub
[0.230s] Invoked command in '/home/victory/Robot-Operating-System/cpp_ws/build/msg_pub_sub_simple_node' returned '0': CMAKE_PREFIX_PATH=${CMAKE_PREFIX_PATH}:/home/victory/Robot-Operating-System/python_ws/install/python_package_that_uses_parameters_and_launch_files:/home/victory/Robot-Operating-System/python_ws/install/positio_encoder_decoder_python_package:/home/victory/Robot-Operating-System/python_ws/install/package_with_configurable_nodes:/home/victory/Robot-Operating-System/python_ws/install/package_that_uses_package_with_interfaces:/home/victory/Robot-Operating-System/python_ws/install/motor_distance_sensor_package:/opt/ros/humble /home/linuxbrew/.linuxbrew/bin/cmake --build /home/victory/Robot-Operating-System/cpp_ws/build/msg_pub_sub_simple_node -- -j4 -l4
[0.300s] Invoking command in '/home/victory/Robot-Operating-System/cpp_ws/build/msg_pub_sub_simple_node': CMAKE_PREFIX_PATH=${CMAKE_PREFIX_PATH}:/home/victory/Robot-Operating-System/python_ws/install/python_package_that_uses_parameters_and_launch_files:/home/victory/Robot-Operating-System/python_ws/install/positio_encoder_decoder_python_package:/home/victory/Robot-Operating-System/python_ws/install/package_with_configurable_nodes:/home/victory/Robot-Operating-System/python_ws/install/package_that_uses_package_with_interfaces:/home/victory/Robot-Operating-System/python_ws/install/motor_distance_sensor_package:/opt/ros/humble /home/linuxbrew/.linuxbrew/bin/cmake --install /home/victory/Robot-Operating-System/cpp_ws/build/msg_pub_sub_simple_node
[0.318s] -- Install configuration: ""
[0.320s] -- Up-to-date: /home/victory/Robot-Operating-System/cpp_ws/install/msg_pub_sub_simple_node/lib/msg_pub_sub_simple_node/greetings_node
[0.320s] -- Up-to-date: /home/victory/Robot-Operating-System/cpp_ws/install/msg_pub_sub_simple_node/lib/msg_pub_sub_simple_node/greetings_sub
[0.320s] -- Up-to-date: /home/victory/Robot-Operating-System/cpp_ws/install/msg_pub_sub_simple_node/share/ament_index/resource_index/package_run_dependencies/msg_pub_sub_simple_node
[0.320s] -- Up-to-date: /home/victory/Robot-Operating-System/cpp_ws/install/msg_pub_sub_simple_node/share/ament_index/resource_index/parent_prefix_path/msg_pub_sub_simple_node
[0.321s] -- Up-to-date: /home/victory/Robot-Operating-System/cpp_ws/install/msg_pub_sub_simple_node/share/msg_pub_sub_simple_node/environment/ament_prefix_path.sh
[0.321s] -- Up-to-date: /home/victory/Robot-Operating-System/cpp_ws/install/msg_pub_sub_simple_node/share/msg_pub_sub_simple_node/environment/ament_prefix_path.dsv
[0.321s] -- Up-to-date: /home/victory/Robot-Operating-System/cpp_ws/install/msg_pub_sub_simple_node/share/msg_pub_sub_simple_node/environment/path.sh
[0.321s] -- Up-to-date: /home/victory/Robot-Operating-System/cpp_ws/install/msg_pub_sub_simple_node/share/msg_pub_sub_simple_node/environment/path.dsv
[0.321s] -- Up-to-date: /home/victory/Robot-Operating-System/cpp_ws/install/msg_pub_sub_simple_node/share/msg_pub_sub_simple_node/local_setup.bash
[0.321s] -- Up-to-date: /home/victory/Robot-Operating-System/cpp_ws/install/msg_pub_sub_simple_node/share/msg_pub_sub_simple_node/local_setup.sh
[0.322s] -- Up-to-date: /home/victory/Robot-Operating-System/cpp_ws/install/msg_pub_sub_simple_node/share/msg_pub_sub_simple_node/local_setup.zsh
[0.322s] -- Up-to-date: /home/victory/Robot-Operating-System/cpp_ws/install/msg_pub_sub_simple_node/share/msg_pub_sub_simple_node/local_setup.dsv
[0.322s] -- Installing: /home/victory/Robot-Operating-System/cpp_ws/install/msg_pub_sub_simple_node/share/msg_pub_sub_simple_node/package.dsv
[0.322s] -- Up-to-date: /home/victory/Robot-Operating-System/cpp_ws/install/msg_pub_sub_simple_node/share/ament_index/resource_index/packages/msg_pub_sub_simple_node
[0.322s] -- Up-to-date: /home/victory/Robot-Operating-System/cpp_ws/install/msg_pub_sub_simple_node/share/msg_pub_sub_simple_node/cmake/msg_pub_sub_simple_nodeConfig.cmake
[0.322s] -- Up-to-date: /home/victory/Robot-Operating-System/cpp_ws/install/msg_pub_sub_simple_node/share/msg_pub_sub_simple_node/cmake/msg_pub_sub_simple_nodeConfig-version.cmake
[0.322s] -- Up-to-date: /home/victory/Robot-Operating-System/cpp_ws/install/msg_pub_sub_simple_node/share/msg_pub_sub_simple_node/package.xml
[0.351s] Invoked command in '/home/victory/Robot-Operating-System/cpp_ws/build/msg_pub_sub_simple_node' returned '0': CMAKE_PREFIX_PATH=${CMAKE_PREFIX_PATH}:/home/victory/Robot-Operating-System/python_ws/install/python_package_that_uses_parameters_and_launch_files:/home/victory/Robot-Operating-System/python_ws/install/positio_encoder_decoder_python_package:/home/victory/Robot-Operating-System/python_ws/install/package_with_configurable_nodes:/home/victory/Robot-Operating-System/python_ws/install/package_that_uses_package_with_interfaces:/home/victory/Robot-Operating-System/python_ws/install/motor_distance_sensor_package:/opt/ros/humble /home/linuxbrew/.linuxbrew/bin/cmake --install /home/victory/Robot-Operating-System/cpp_ws/build/msg_pub_sub_simple_node
