[0.466s] DEBUG:colcon:Command line arguments: ['/usr/bin/colcon', 'build']
[0.467s] DEBUG:colcon:Parsed command line arguments: Namespace(log_base=None, log_level=None, verb_name='build', build_base='build', install_base='install', merge_install=False, symlink_install=False, test_result_base=None, continue_on_error=False, executor='parallel', parallel_workers=4, event_handlers=None, ignore_user_meta=False, metas=['./colcon.meta'], base_paths=['.'], packages_ignore=None, packages_ignore_regex=None, paths=None, packages_up_to=None, packages_up_to_regex=None, packages_above=None, packages_above_and_dependencies=None, packages_above_depth=None, packages_select_by_dep=None, packages_skip_by_dep=None, packages_skip_up_to=None, packages_select_build_failed=False, packages_skip_build_finished=False, packages_select_test_failures=False, packages_skip_test_passed=False, packages_select=None, packages_skip=None, packages_select_regex=None, packages_skip_regex=None, packages_start=None, packages_end=None, allow_overriding=[], cmake_args=None, cmake_target=None, cmake_target_skip_unavailable=False, cmake_clean_cache=False, cmake_clean_first=False, cmake_force_configure=False, ament_cmake_args=None, catkin_cmake_args=None, catkin_skip_building_tests=False, mixin_files=None, mixin=None, verb_parser=<colcon_mixin.mixin.mixin_argument.MixinArgumentDecorator object at 0x7fc2ca3b5d20>, verb_extension=<colcon_core.verb.build.BuildVerb object at 0x7fc2ca3b4cd0>, main=<bound method BuildVerb.main of <colcon_core.verb.build.BuildVerb object at 0x7fc2ca3b4cd0>>, mixin_verb=('build',))
[0.683s] Level 1:colcon.colcon_core.package_discovery:discover_packages(colcon_meta) check parameters
[0.683s] Level 1:colcon.colcon_core.package_discovery:discover_packages(recursive) check parameters
[0.683s] Level 1:colcon.colcon_core.package_discovery:discover_packages(ignore) check parameters
[0.683s] Level 1:colcon.colcon_core.package_discovery:discover_packages(path) check parameters
[0.683s] Level 1:colcon.colcon_core.package_discovery:discover_packages(colcon_meta) discover
[0.683s] Level 1:colcon.colcon_core.package_discovery:discover_packages(recursive) discover
[0.683s] INFO:colcon.colcon_core.package_discovery:Crawling recursively for packages in '/home/victory/RoboNish/test_1_ros2_ws'
[0.683s] Level 1:colcon.colcon_core.package_identification:_identify(.) by extensions ['ignore', 'ignore_ament_install']
[0.684s] Level 1:colcon.colcon_core.package_identification:_identify(.) by extension 'ignore'
[0.684s] Level 1:colcon.colcon_core.package_identification:_identify(.) by extension 'ignore_ament_install'
[0.684s] Level 1:colcon.colcon_core.package_identification:_identify(.) by extensions ['colcon_pkg']
[0.684s] Level 1:colcon.colcon_core.package_identification:_identify(.) by extension 'colcon_pkg'
[0.684s] Level 1:colcon.colcon_core.package_identification:_identify(.) by extensions ['colcon_meta']
[0.684s] Level 1:colcon.colcon_core.package_identification:_identify(.) by extension 'colcon_meta'
[0.684s] Level 1:colcon.colcon_core.package_identification:_identify(.) by extensions ['ros']
[0.684s] Level 1:colcon.colcon_core.package_identification:_identify(.) by extension 'ros'
[0.700s] Level 1:colcon.colcon_core.package_identification:_identify(.) by extensions ['cmake', 'python']
[0.701s] Level 1:colcon.colcon_core.package_identification:_identify(.) by extension 'cmake'
[0.701s] Level 1:colcon.colcon_core.package_identification:_identify(.) by extension 'python'
[0.701s] Level 1:colcon.colcon_core.package_identification:_identify(.) by extensions ['python_setup_py']
[0.701s] Level 1:colcon.colcon_core.package_identification:_identify(.) by extension 'python_setup_py'
[0.701s] Level 1:colcon.colcon_core.package_identification:_identify(build) by extensions ['ignore', 'ignore_ament_install']
[0.701s] Level 1:colcon.colcon_core.package_identification:_identify(build) by extension 'ignore'
[0.701s] Level 1:colcon.colcon_core.package_identification:_identify(build) ignored
[0.701s] Level 1:colcon.colcon_core.package_identification:_identify(install) by extensions ['ignore', 'ignore_ament_install']
[0.701s] Level 1:colcon.colcon_core.package_identification:_identify(install) by extension 'ignore'
[0.701s] Level 1:colcon.colcon_core.package_identification:_identify(install) ignored
[0.702s] Level 1:colcon.colcon_core.package_identification:_identify(log) by extensions ['ignore', 'ignore_ament_install']
[0.702s] Level 1:colcon.colcon_core.package_identification:_identify(log) by extension 'ignore'
[0.702s] Level 1:colcon.colcon_core.package_identification:_identify(log) ignored
[0.702s] Level 1:colcon.colcon_core.package_identification:_identify(package_with_interfaces) by extensions ['ignore', 'ignore_ament_install']
[0.702s] Level 1:colcon.colcon_core.package_identification:_identify(package_with_interfaces) by extension 'ignore'
[0.702s] Level 1:colcon.colcon_core.package_identification:_identify(package_with_interfaces) by extension 'ignore_ament_install'
[0.702s] Level 1:colcon.colcon_core.package_identification:_identify(package_with_interfaces) by extensions ['colcon_pkg']
[0.702s] Level 1:colcon.colcon_core.package_identification:_identify(package_with_interfaces) by extension 'colcon_pkg'
[0.702s] Level 1:colcon.colcon_core.package_identification:_identify(package_with_interfaces) by extensions ['colcon_meta']
[0.702s] Level 1:colcon.colcon_core.package_identification:_identify(package_with_interfaces) by extension 'colcon_meta'
[0.702s] Level 1:colcon.colcon_core.package_identification:_identify(package_with_interfaces) by extensions ['ros']
[0.703s] Level 1:colcon.colcon_core.package_identification:_identify(package_with_interfaces) by extension 'ros'
[0.706s] DEBUG:colcon.colcon_core.package_identification:Package 'package_with_interfaces' with type 'ros.ament_cmake' and name 'package_with_interfaces'
[0.706s] Level 1:colcon.colcon_core.package_identification:_identify(python_package_that_uses_the_messages) by extensions ['ignore', 'ignore_ament_install']
[0.706s] Level 1:colcon.colcon_core.package_identification:_identify(python_package_that_uses_the_messages) by extension 'ignore'
[0.706s] Level 1:colcon.colcon_core.package_identification:_identify(python_package_that_uses_the_messages) by extension 'ignore_ament_install'
[0.707s] Level 1:colcon.colcon_core.package_identification:_identify(python_package_that_uses_the_messages) by extensions ['colcon_pkg']
[0.707s] Level 1:colcon.colcon_core.package_identification:_identify(python_package_that_uses_the_messages) by extension 'colcon_pkg'
[0.707s] Level 1:colcon.colcon_core.package_identification:_identify(python_package_that_uses_the_messages) by extensions ['colcon_meta']
[0.707s] Level 1:colcon.colcon_core.package_identification:_identify(python_package_that_uses_the_messages) by extension 'colcon_meta'
[0.707s] Level 1:colcon.colcon_core.package_identification:_identify(python_package_that_uses_the_messages) by extensions ['ros']
[0.707s] Level 1:colcon.colcon_core.package_identification:_identify(python_package_that_uses_the_messages) by extension 'ros'
[0.708s] DEBUG:colcon.colcon_core.package_identification:Package 'python_package_that_uses_the_messages' with type 'ros.ament_python' and name 'python_package_that_uses_the_messages'
[0.708s] Level 1:colcon.colcon_core.package_identification:_identify(src) by extensions ['ignore', 'ignore_ament_install']
[0.708s] Level 1:colcon.colcon_core.package_identification:_identify(src) by extension 'ignore'
[0.708s] Level 1:colcon.colcon_core.package_identification:_identify(src) by extension 'ignore_ament_install'
[0.708s] Level 1:colcon.colcon_core.package_identification:_identify(src) by extensions ['colcon_pkg']
[0.708s] Level 1:colcon.colcon_core.package_identification:_identify(src) by extension 'colcon_pkg'
[0.708s] Level 1:colcon.colcon_core.package_identification:_identify(src) by extensions ['colcon_meta']
[0.708s] Level 1:colcon.colcon_core.package_identification:_identify(src) by extension 'colcon_meta'
[0.708s] Level 1:colcon.colcon_core.package_identification:_identify(src) by extensions ['ros']
[0.708s] Level 1:colcon.colcon_core.package_identification:_identify(src) by extension 'ros'
[0.708s] Level 1:colcon.colcon_core.package_identification:_identify(src) by extensions ['cmake', 'python']
[0.708s] Level 1:colcon.colcon_core.package_identification:_identify(src) by extension 'cmake'
[0.709s] Level 1:colcon.colcon_core.package_identification:_identify(src) by extension 'python'
[0.709s] Level 1:colcon.colcon_core.package_identification:_identify(src) by extensions ['python_setup_py']
[0.709s] Level 1:colcon.colcon_core.package_identification:_identify(src) by extension 'python_setup_py'
[0.709s] Level 1:colcon.colcon_core.package_identification:_identify(src/simple_python_package) by extensions ['ignore', 'ignore_ament_install']
[0.709s] Level 1:colcon.colcon_core.package_identification:_identify(src/simple_python_package) by extension 'ignore'
[0.709s] Level 1:colcon.colcon_core.package_identification:_identify(src/simple_python_package) by extension 'ignore_ament_install'
[0.709s] Level 1:colcon.colcon_core.package_identification:_identify(src/simple_python_package) by extensions ['colcon_pkg']
[0.709s] Level 1:colcon.colcon_core.package_identification:_identify(src/simple_python_package) by extension 'colcon_pkg'
[0.709s] Level 1:colcon.colcon_core.package_identification:_identify(src/simple_python_package) by extensions ['colcon_meta']
[0.709s] Level 1:colcon.colcon_core.package_identification:_identify(src/simple_python_package) by extension 'colcon_meta'
[0.709s] Level 1:colcon.colcon_core.package_identification:_identify(src/simple_python_package) by extensions ['ros']
[0.709s] Level 1:colcon.colcon_core.package_identification:_identify(src/simple_python_package) by extension 'ros'
[0.710s] DEBUG:colcon.colcon_core.package_identification:Package 'src/simple_python_package' with type 'ros.ament_python' and name 'simple_python_package'
[0.710s] Level 1:colcon.colcon_core.package_identification:_identify(src/simple_python_package_with_node) by extensions ['ignore', 'ignore_ament_install']
[0.710s] Level 1:colcon.colcon_core.package_identification:_identify(src/simple_python_package_with_node) by extension 'ignore'
[0.710s] Level 1:colcon.colcon_core.package_identification:_identify(src/simple_python_package_with_node) by extension 'ignore_ament_install'
[0.710s] Level 1:colcon.colcon_core.package_identification:_identify(src/simple_python_package_with_node) by extensions ['colcon_pkg']
[0.711s] Level 1:colcon.colcon_core.package_identification:_identify(src/simple_python_package_with_node) by extension 'colcon_pkg'
[0.711s] Level 1:colcon.colcon_core.package_identification:_identify(src/simple_python_package_with_node) by extensions ['colcon_meta']
[0.711s] Level 1:colcon.colcon_core.package_identification:_identify(src/simple_python_package_with_node) by extension 'colcon_meta'
[0.711s] Level 1:colcon.colcon_core.package_identification:_identify(src/simple_python_package_with_node) by extensions ['ros']
[0.711s] Level 1:colcon.colcon_core.package_identification:_identify(src/simple_python_package_with_node) by extension 'ros'
[0.711s] DEBUG:colcon.colcon_core.package_identification:Package 'src/simple_python_package_with_node' with type 'ros.ament_python' and name 'simple_python_package_with_node'
[0.712s] Level 1:colcon.colcon_core.package_discovery:discover_packages(recursive) using defaults
[0.712s] Level 1:colcon.colcon_core.package_discovery:discover_packages(ignore) discover
[0.712s] Level 1:colcon.colcon_core.package_discovery:discover_packages(ignore) using defaults
[0.712s] Level 1:colcon.colcon_core.package_discovery:discover_packages(path) discover
[0.712s] Level 1:colcon.colcon_core.package_discovery:discover_packages(path) using defaults
[0.737s] Level 1:colcon.colcon_core.package_discovery:discover_packages(prefix_path) check parameters
[0.737s] Level 1:colcon.colcon_core.package_discovery:discover_packages(prefix_path) discover
[0.740s] DEBUG:colcon.colcon_installed_package_information.package_discovery:Found 4 installed packages in /home/victory/RoboNish/test_1_ros2_ws/install
[0.741s] DEBUG:colcon.colcon_installed_package_information.package_discovery:Found 293 installed packages in /opt/ros/humble
[0.743s] Level 1:colcon.colcon_core.package_discovery:discover_packages(prefix_path) using defaults
[0.811s] Level 5:colcon.colcon_core.verb:set package 'package_with_interfaces' build argument 'cmake_args' from command line to 'None'
[0.811s] Level 5:colcon.colcon_core.verb:set package 'package_with_interfaces' build argument 'cmake_target' from command line to 'None'
[0.811s] Level 5:colcon.colcon_core.verb:set package 'package_with_interfaces' build argument 'cmake_target_skip_unavailable' from command line to 'False'
[0.811s] Level 5:colcon.colcon_core.verb:set package 'package_with_interfaces' build argument 'cmake_clean_cache' from command line to 'False'
[0.811s] Level 5:colcon.colcon_core.verb:set package 'package_with_interfaces' build argument 'cmake_clean_first' from command line to 'False'
[0.811s] Level 5:colcon.colcon_core.verb:set package 'package_with_interfaces' build argument 'cmake_force_configure' from command line to 'False'
[0.811s] Level 5:colcon.colcon_core.verb:set package 'package_with_interfaces' build argument 'ament_cmake_args' from command line to 'None'
[0.811s] Level 5:colcon.colcon_core.verb:set package 'package_with_interfaces' build argument 'catkin_cmake_args' from command line to 'None'
[0.811s] Level 5:colcon.colcon_core.verb:set package 'package_with_interfaces' build argument 'catkin_skip_building_tests' from command line to 'False'
[0.811s] DEBUG:colcon.colcon_core.verb:Building package 'package_with_interfaces' with the following arguments: {'ament_cmake_args': None, 'build_base': '/home/victory/RoboNish/test_1_ros2_ws/build/package_with_interfaces', 'catkin_cmake_args': None, 'catkin_skip_building_tests': False, 'cmake_args': None, 'cmake_clean_cache': False, 'cmake_clean_first': False, 'cmake_force_configure': False, 'cmake_target': None, 'cmake_target_skip_unavailable': False, 'install_base': '/home/victory/RoboNish/test_1_ros2_ws/install/package_with_interfaces', 'merge_install': False, 'path': '/home/victory/RoboNish/test_1_ros2_ws/package_with_interfaces', 'symlink_install': False, 'test_result_base': None}
[0.812s] Level 5:colcon.colcon_core.verb:set package 'simple_python_package' build argument 'cmake_args' from command line to 'None'
[0.812s] Level 5:colcon.colcon_core.verb:set package 'simple_python_package' build argument 'cmake_target' from command line to 'None'
[0.812s] Level 5:colcon.colcon_core.verb:set package 'simple_python_package' build argument 'cmake_target_skip_unavailable' from command line to 'False'
[0.812s] Level 5:colcon.colcon_core.verb:set package 'simple_python_package' build argument 'cmake_clean_cache' from command line to 'False'
[0.812s] Level 5:colcon.colcon_core.verb:set package 'simple_python_package' build argument 'cmake_clean_first' from command line to 'False'
[0.812s] Level 5:colcon.colcon_core.verb:set package 'simple_python_package' build argument 'cmake_force_configure' from command line to 'False'
[0.812s] Level 5:colcon.colcon_core.verb:set package 'simple_python_package' build argument 'ament_cmake_args' from command line to 'None'
[0.812s] Level 5:colcon.colcon_core.verb:set package 'simple_python_package' build argument 'catkin_cmake_args' from command line to 'None'
[0.812s] Level 5:colcon.colcon_core.verb:set package 'simple_python_package' build argument 'catkin_skip_building_tests' from command line to 'False'
[0.812s] DEBUG:colcon.colcon_core.verb:Building package 'simple_python_package' with the following arguments: {'ament_cmake_args': None, 'build_base': '/home/victory/RoboNish/test_1_ros2_ws/build/simple_python_package', 'catkin_cmake_args': None, 'catkin_skip_building_tests': False, 'cmake_args': None, 'cmake_clean_cache': False, 'cmake_clean_first': False, 'cmake_force_configure': False, 'cmake_target': None, 'cmake_target_skip_unavailable': False, 'install_base': '/home/victory/RoboNish/test_1_ros2_ws/install/simple_python_package', 'merge_install': False, 'path': '/home/victory/RoboNish/test_1_ros2_ws/src/simple_python_package', 'symlink_install': False, 'test_result_base': None}
[0.813s] Level 5:colcon.colcon_core.verb:set package 'simple_python_package_with_node' build argument 'cmake_args' from command line to 'None'
[0.813s] Level 5:colcon.colcon_core.verb:set package 'simple_python_package_with_node' build argument 'cmake_target' from command line to 'None'
[0.813s] Level 5:colcon.colcon_core.verb:set package 'simple_python_package_with_node' build argument 'cmake_target_skip_unavailable' from command line to 'False'
[0.813s] Level 5:colcon.colcon_core.verb:set package 'simple_python_package_with_node' build argument 'cmake_clean_cache' from command line to 'False'
[0.813s] Level 5:colcon.colcon_core.verb:set package 'simple_python_package_with_node' build argument 'cmake_clean_first' from command line to 'False'
[0.813s] Level 5:colcon.colcon_core.verb:set package 'simple_python_package_with_node' build argument 'cmake_force_configure' from command line to 'False'
[0.813s] Level 5:colcon.colcon_core.verb:set package 'simple_python_package_with_node' build argument 'ament_cmake_args' from command line to 'None'
[0.813s] Level 5:colcon.colcon_core.verb:set package 'simple_python_package_with_node' build argument 'catkin_cmake_args' from command line to 'None'
[0.813s] Level 5:colcon.colcon_core.verb:set package 'simple_python_package_with_node' build argument 'catkin_skip_building_tests' from command line to 'False'
[0.813s] DEBUG:colcon.colcon_core.verb:Building package 'simple_python_package_with_node' with the following arguments: {'ament_cmake_args': None, 'build_base': '/home/victory/RoboNish/test_1_ros2_ws/build/simple_python_package_with_node', 'catkin_cmake_args': None, 'catkin_skip_building_tests': False, 'cmake_args': None, 'cmake_clean_cache': False, 'cmake_clean_first': False, 'cmake_force_configure': False, 'cmake_target': None, 'cmake_target_skip_unavailable': False, 'install_base': '/home/victory/RoboNish/test_1_ros2_ws/install/simple_python_package_with_node', 'merge_install': False, 'path': '/home/victory/RoboNish/test_1_ros2_ws/src/simple_python_package_with_node', 'symlink_install': False, 'test_result_base': None}
[0.814s] Level 5:colcon.colcon_core.verb:set package 'python_package_that_uses_the_messages' build argument 'cmake_args' from command line to 'None'
[0.814s] Level 5:colcon.colcon_core.verb:set package 'python_package_that_uses_the_messages' build argument 'cmake_target' from command line to 'None'
[0.814s] Level 5:colcon.colcon_core.verb:set package 'python_package_that_uses_the_messages' build argument 'cmake_target_skip_unavailable' from command line to 'False'
[0.814s] Level 5:colcon.colcon_core.verb:set package 'python_package_that_uses_the_messages' build argument 'cmake_clean_cache' from command line to 'False'
[0.814s] Level 5:colcon.colcon_core.verb:set package 'python_package_that_uses_the_messages' build argument 'cmake_clean_first' from command line to 'False'
[0.814s] Level 5:colcon.colcon_core.verb:set package 'python_package_that_uses_the_messages' build argument 'cmake_force_configure' from command line to 'False'
[0.814s] Level 5:colcon.colcon_core.verb:set package 'python_package_that_uses_the_messages' build argument 'ament_cmake_args' from command line to 'None'
[0.814s] Level 5:colcon.colcon_core.verb:set package 'python_package_that_uses_the_messages' build argument 'catkin_cmake_args' from command line to 'None'
[0.814s] Level 5:colcon.colcon_core.verb:set package 'python_package_that_uses_the_messages' build argument 'catkin_skip_building_tests' from command line to 'False'
[0.814s] DEBUG:colcon.colcon_core.verb:Building package 'python_package_that_uses_the_messages' with the following arguments: {'ament_cmake_args': None, 'build_base': '/home/victory/RoboNish/test_1_ros2_ws/build/python_package_that_uses_the_messages', 'catkin_cmake_args': None, 'catkin_skip_building_tests': False, 'cmake_args': None, 'cmake_clean_cache': False, 'cmake_clean_first': False, 'cmake_force_configure': False, 'cmake_target': None, 'cmake_target_skip_unavailable': False, 'install_base': '/home/victory/RoboNish/test_1_ros2_ws/install/python_package_that_uses_the_messages', 'merge_install': False, 'path': '/home/victory/RoboNish/test_1_ros2_ws/python_package_that_uses_the_messages', 'symlink_install': False, 'test_result_base': None}
[0.815s] INFO:colcon.colcon_core.executor:Executing jobs using 'parallel' executor
[0.816s] DEBUG:colcon.colcon_parallel_executor.executor.parallel:run_until_complete
[0.817s] INFO:colcon.colcon_ros.task.ament_cmake.build:Building ROS package in '/home/victory/RoboNish/test_1_ros2_ws/package_with_interfaces' with build type 'ament_cmake'
[0.818s] INFO:colcon.colcon_cmake.task.cmake.build:Building CMake package in '/home/victory/RoboNish/test_1_ros2_ws/package_with_interfaces'
[0.821s] INFO:colcon.colcon_core.plugin_system:Skipping extension 'colcon_core.shell.bat': Not used on non-Windows systems
[0.821s] INFO:colcon.colcon_core.shell:Skip shell extension 'powershell' for command environment: Not usable outside of PowerShell
[0.821s] DEBUG:colcon.colcon_core.shell:Skip shell extension 'dsv' for command environment
[0.826s] INFO:colcon.colcon_ros.task.ament_python.build:Building ROS package in '/home/victory/RoboNish/test_1_ros2_ws/src/simple_python_package' with build type 'ament_python'
[0.827s] Level 1:colcon.colcon_core.shell:create_environment_hook('simple_python_package', 'ament_prefix_path')
[0.827s] INFO:colcon.colcon_core.shell:Creating environment hook '/home/victory/RoboNish/test_1_ros2_ws/install/simple_python_package/share/simple_python_package/hook/ament_prefix_path.ps1'
[0.829s] INFO:colcon.colcon_core.shell:Creating environment descriptor '/home/victory/RoboNish/test_1_ros2_ws/install/simple_python_package/share/simple_python_package/hook/ament_prefix_path.dsv'
[0.830s] INFO:colcon.colcon_core.shell:Creating environment hook '/home/victory/RoboNish/test_1_ros2_ws/install/simple_python_package/share/simple_python_package/hook/ament_prefix_path.sh'
[0.831s] INFO:colcon.colcon_core.shell:Skip shell extension 'powershell' for command environment: Not usable outside of PowerShell
[0.831s] DEBUG:colcon.colcon_core.shell:Skip shell extension 'dsv' for command environment
[0.835s] INFO:colcon.colcon_ros.task.ament_python.build:Building ROS package in '/home/victory/RoboNish/test_1_ros2_ws/src/simple_python_package_with_node' with build type 'ament_python'
[0.836s] Level 1:colcon.colcon_core.shell:create_environment_hook('simple_python_package_with_node', 'ament_prefix_path')
[0.837s] INFO:colcon.colcon_core.shell:Creating environment hook '/home/victory/RoboNish/test_1_ros2_ws/install/simple_python_package_with_node/share/simple_python_package_with_node/hook/ament_prefix_path.ps1'
[0.838s] INFO:colcon.colcon_core.shell:Creating environment descriptor '/home/victory/RoboNish/test_1_ros2_ws/install/simple_python_package_with_node/share/simple_python_package_with_node/hook/ament_prefix_path.dsv'
[0.839s] INFO:colcon.colcon_core.shell:Creating environment hook '/home/victory/RoboNish/test_1_ros2_ws/install/simple_python_package_with_node/share/simple_python_package_with_node/hook/ament_prefix_path.sh'
[0.840s] INFO:colcon.colcon_core.shell:Skip shell extension 'powershell' for command environment: Not usable outside of PowerShell
[0.841s] DEBUG:colcon.colcon_core.shell:Skip shell extension 'dsv' for command environment
[0.859s] DEBUG:colcon.colcon_core.event_handler.log_command:Invoking command in '/home/victory/RoboNish/test_1_ros2_ws/build/package_with_interfaces': CMAKE_PREFIX_PATH=${CMAKE_PREFIX_PATH}:/home/victory/RoboNish/test_1_ros2_ws/install/python_package_that_uses_the_messages:/home/victory/RoboNish/test_1_ros2_ws/install/simple_python_package_with_node:/home/victory/RoboNish/test_1_ros2_ws/install/simple_python_package:/opt/ros/humble /home/linuxbrew/.linuxbrew/bin/cmake --build /home/victory/RoboNish/test_1_ros2_ws/build/package_with_interfaces -- -j4 -l4
[1.367s] INFO:colcon.colcon_core.task.python.build:Building Python package in '/home/victory/RoboNish/test_1_ros2_ws/src/simple_python_package'
[1.367s] INFO:colcon.colcon_core.shell:Skip shell extension 'powershell' for command environment: Not usable outside of PowerShell
[1.368s] DEBUG:colcon.colcon_core.shell:Skip shell extension 'dsv' for command environment
[1.749s] INFO:colcon.colcon_core.task.python.build:Building Python package in '/home/victory/RoboNish/test_1_ros2_ws/src/simple_python_package_with_node'
[1.749s] INFO:colcon.colcon_core.shell:Skip shell extension 'powershell' for command environment: Not usable outside of PowerShell
[1.749s] DEBUG:colcon.colcon_core.shell:Skip shell extension 'dsv' for command environment
[1.761s] DEBUG:colcon.colcon_core.event_handler.log_command:Invoked command in '/home/victory/RoboNish/test_1_ros2_ws/build/package_with_interfaces' returned '0': CMAKE_PREFIX_PATH=${CMAKE_PREFIX_PATH}:/home/victory/RoboNish/test_1_ros2_ws/install/python_package_that_uses_the_messages:/home/victory/RoboNish/test_1_ros2_ws/install/simple_python_package_with_node:/home/victory/RoboNish/test_1_ros2_ws/install/simple_python_package:/opt/ros/humble /home/linuxbrew/.linuxbrew/bin/cmake --build /home/victory/RoboNish/test_1_ros2_ws/build/package_with_interfaces -- -j4 -l4
[1.923s] DEBUG:colcon.colcon_core.event_handler.log_command:Invoking command in '/home/victory/RoboNish/test_1_ros2_ws/build/package_with_interfaces': CMAKE_PREFIX_PATH=${CMAKE_PREFIX_PATH}:/home/victory/RoboNish/test_1_ros2_ws/install/python_package_that_uses_the_messages:/home/victory/RoboNish/test_1_ros2_ws/install/simple_python_package_with_node:/home/victory/RoboNish/test_1_ros2_ws/install/simple_python_package:/opt/ros/humble /home/linuxbrew/.linuxbrew/bin/cmake --install /home/victory/RoboNish/test_1_ros2_ws/build/package_with_interfaces
[2.034s] Level 1:colcon.colcon_core.environment:create_environment_scripts_only(package_with_interfaces)
[2.037s] Level 1:colcon.colcon_core.environment:checking '/home/victory/RoboNish/test_1_ros2_ws/install/package_with_interfaces' for CMake module files
[2.038s] Level 1:colcon.colcon_core.environment:checking '/home/victory/RoboNish/test_1_ros2_ws/install/package_with_interfaces' for CMake config files
[2.038s] Level 1:colcon.colcon_core.shell:create_environment_hook('package_with_interfaces', 'cmake_prefix_path')
[2.039s] INFO:colcon.colcon_core.shell:Creating environment hook '/home/victory/RoboNish/test_1_ros2_ws/install/package_with_interfaces/share/package_with_interfaces/hook/cmake_prefix_path.ps1'
[2.039s] INFO:colcon.colcon_core.shell:Creating environment descriptor '/home/victory/RoboNish/test_1_ros2_ws/install/package_with_interfaces/share/package_with_interfaces/hook/cmake_prefix_path.dsv'
[2.040s] INFO:colcon.colcon_core.shell:Creating environment hook '/home/victory/RoboNish/test_1_ros2_ws/install/package_with_interfaces/share/package_with_interfaces/hook/cmake_prefix_path.sh'
[2.041s] Level 1:colcon.colcon_core.environment:checking '/home/victory/RoboNish/test_1_ros2_ws/install/package_with_interfaces/lib'
[2.044s] Level 1:colcon.colcon_core.shell:create_environment_hook('package_with_interfaces', 'ld_library_path_lib')
[2.044s] INFO:colcon.colcon_core.shell:Creating environment hook '/home/victory/RoboNish/test_1_ros2_ws/install/package_with_interfaces/share/package_with_interfaces/hook/ld_library_path_lib.ps1'
[2.045s] DEBUG:colcon.colcon_core.event_handler.log_command:Invoked command in '/home/victory/RoboNish/test_1_ros2_ws/build/package_with_interfaces' returned '0': CMAKE_PREFIX_PATH=${CMAKE_PREFIX_PATH}:/home/victory/RoboNish/test_1_ros2_ws/install/python_package_that_uses_the_messages:/home/victory/RoboNish/test_1_ros2_ws/install/simple_python_package_with_node:/home/victory/RoboNish/test_1_ros2_ws/install/simple_python_package:/opt/ros/humble /home/linuxbrew/.linuxbrew/bin/cmake --install /home/victory/RoboNish/test_1_ros2_ws/build/package_with_interfaces
[2.046s] INFO:colcon.colcon_core.shell:Creating environment descriptor '/home/victory/RoboNish/test_1_ros2_ws/install/package_with_interfaces/share/package_with_interfaces/hook/ld_library_path_lib.dsv'
[2.047s] INFO:colcon.colcon_core.shell:Creating environment hook '/home/victory/RoboNish/test_1_ros2_ws/install/package_with_interfaces/share/package_with_interfaces/hook/ld_library_path_lib.sh'
[2.048s] Level 1:colcon.colcon_core.environment:checking '/home/victory/RoboNish/test_1_ros2_ws/install/package_with_interfaces/bin'
[2.048s] Level 1:colcon.colcon_core.environment:checking '/home/victory/RoboNish/test_1_ros2_ws/install/package_with_interfaces/lib/pkgconfig/package_with_interfaces.pc'
[2.048s] Level 1:colcon.colcon_core.environment:checking '/home/victory/RoboNish/test_1_ros2_ws/install/package_with_interfaces/lib/python3.10/site-packages'
[2.049s] Level 1:colcon.colcon_core.environment:checking '/home/victory/RoboNish/test_1_ros2_ws/install/package_with_interfaces/bin'
[2.050s] INFO:colcon.colcon_core.shell:Creating package script '/home/victory/RoboNish/test_1_ros2_ws/install/package_with_interfaces/share/package_with_interfaces/package.ps1'
[2.052s] INFO:colcon.colcon_core.shell:Creating package descriptor '/home/victory/RoboNish/test_1_ros2_ws/install/package_with_interfaces/share/package_with_interfaces/package.dsv'
[2.054s] INFO:colcon.colcon_core.shell:Creating package script '/home/victory/RoboNish/test_1_ros2_ws/install/package_with_interfaces/share/package_with_interfaces/package.sh'
[2.056s] INFO:colcon.colcon_core.shell:Creating package script '/home/victory/RoboNish/test_1_ros2_ws/install/package_with_interfaces/share/package_with_interfaces/package.bash'
[2.058s] INFO:colcon.colcon_core.shell:Creating package script '/home/victory/RoboNish/test_1_ros2_ws/install/package_with_interfaces/share/package_with_interfaces/package.zsh'
[2.059s] Level 1:colcon.colcon_core.environment:create_file_with_runtime_dependencies(/home/victory/RoboNish/test_1_ros2_ws/install/package_with_interfaces/share/colcon-core/packages/package_with_interfaces)
[2.217s] Level 1:colcon.colcon_core.environment:create_environment_scripts_only(package_with_interfaces)
[2.218s] Level 1:colcon.colcon_core.environment:checking '/home/victory/RoboNish/test_1_ros2_ws/install/package_with_interfaces' for CMake module files
[2.219s] Level 1:colcon.colcon_core.environment:checking '/home/victory/RoboNish/test_1_ros2_ws/install/package_with_interfaces' for CMake config files
[2.220s] Level 1:colcon.colcon_core.shell:create_environment_hook('package_with_interfaces', 'cmake_prefix_path')
[2.221s] INFO:colcon.colcon_core.shell:Creating environment hook '/home/victory/RoboNish/test_1_ros2_ws/install/package_with_interfaces/share/package_with_interfaces/hook/cmake_prefix_path.ps1'
[2.222s] INFO:colcon.colcon_core.shell:Creating environment descriptor '/home/victory/RoboNish/test_1_ros2_ws/install/package_with_interfaces/share/package_with_interfaces/hook/cmake_prefix_path.dsv'
[2.222s] INFO:colcon.colcon_core.shell:Creating environment hook '/home/victory/RoboNish/test_1_ros2_ws/install/package_with_interfaces/share/package_with_interfaces/hook/cmake_prefix_path.sh'
[2.224s] Level 1:colcon.colcon_core.environment:checking '/home/victory/RoboNish/test_1_ros2_ws/install/package_with_interfaces/lib'
[2.224s] Level 1:colcon.colcon_core.shell:create_environment_hook('package_with_interfaces', 'ld_library_path_lib')
[2.225s] INFO:colcon.colcon_core.shell:Creating environment hook '/home/victory/RoboNish/test_1_ros2_ws/install/package_with_interfaces/share/package_with_interfaces/hook/ld_library_path_lib.ps1'
[2.225s] INFO:colcon.colcon_core.shell:Creating environment descriptor '/home/victory/RoboNish/test_1_ros2_ws/install/package_with_interfaces/share/package_with_interfaces/hook/ld_library_path_lib.dsv'
[2.226s] INFO:colcon.colcon_core.shell:Creating environment hook '/home/victory/RoboNish/test_1_ros2_ws/install/package_with_interfaces/share/package_with_interfaces/hook/ld_library_path_lib.sh'
[2.227s] Level 1:colcon.colcon_core.environment:checking '/home/victory/RoboNish/test_1_ros2_ws/install/package_with_interfaces/bin'
[2.227s] Level 1:colcon.colcon_core.environment:checking '/home/victory/RoboNish/test_1_ros2_ws/install/package_with_interfaces/lib/pkgconfig/package_with_interfaces.pc'
[2.228s] Level 1:colcon.colcon_core.environment:checking '/home/victory/RoboNish/test_1_ros2_ws/install/package_with_interfaces/lib/python3.10/site-packages'
[2.228s] Level 1:colcon.colcon_core.environment:checking '/home/victory/RoboNish/test_1_ros2_ws/install/package_with_interfaces/bin'
[2.229s] INFO:colcon.colcon_core.shell:Creating package script '/home/victory/RoboNish/test_1_ros2_ws/install/package_with_interfaces/share/package_with_interfaces/package.ps1'
[2.230s] INFO:colcon.colcon_core.shell:Creating package descriptor '/home/victory/RoboNish/test_1_ros2_ws/install/package_with_interfaces/share/package_with_interfaces/package.dsv'
[2.232s] INFO:colcon.colcon_core.shell:Creating package script '/home/victory/RoboNish/test_1_ros2_ws/install/package_with_interfaces/share/package_with_interfaces/package.sh'
[2.233s] INFO:colcon.colcon_core.shell:Creating package script '/home/victory/RoboNish/test_1_ros2_ws/install/package_with_interfaces/share/package_with_interfaces/package.bash'
[2.234s] INFO:colcon.colcon_core.shell:Creating package script '/home/victory/RoboNish/test_1_ros2_ws/install/package_with_interfaces/share/package_with_interfaces/package.zsh'
[2.235s] Level 1:colcon.colcon_core.environment:create_file_with_runtime_dependencies(/home/victory/RoboNish/test_1_ros2_ws/install/package_with_interfaces/share/colcon-core/packages/package_with_interfaces)
[2.237s] INFO:colcon.colcon_ros.task.ament_python.build:Building ROS package in '/home/victory/RoboNish/test_1_ros2_ws/python_package_that_uses_the_messages' with build type 'ament_python'
[2.237s] Level 1:colcon.colcon_core.shell:create_environment_hook('python_package_that_uses_the_messages', 'ament_prefix_path')
[2.237s] INFO:colcon.colcon_core.shell:Creating environment hook '/home/victory/RoboNish/test_1_ros2_ws/install/python_package_that_uses_the_messages/share/python_package_that_uses_the_messages/hook/ament_prefix_path.ps1'
[2.239s] INFO:colcon.colcon_core.shell:Creating environment descriptor '/home/victory/RoboNish/test_1_ros2_ws/install/python_package_that_uses_the_messages/share/python_package_that_uses_the_messages/hook/ament_prefix_path.dsv'
[2.240s] INFO:colcon.colcon_core.shell:Creating environment hook '/home/victory/RoboNish/test_1_ros2_ws/install/python_package_that_uses_the_messages/share/python_package_that_uses_the_messages/hook/ament_prefix_path.sh'
[2.241s] INFO:colcon.colcon_core.shell:Skip shell extension 'powershell' for command environment: Not usable outside of PowerShell
[2.241s] DEBUG:colcon.colcon_core.shell:Skip shell extension 'dsv' for command environment
[2.849s] INFO:colcon.colcon_core.task.python.build:Building Python package in '/home/victory/RoboNish/test_1_ros2_ws/python_package_that_uses_the_messages'
[2.850s] INFO:colcon.colcon_core.shell:Skip shell extension 'powershell' for command environment: Not usable outside of PowerShell
[2.850s] DEBUG:colcon.colcon_core.shell:Skip shell extension 'dsv' for command environment
[2.875s] DEBUG:colcon.colcon_core.event_handler.log_command:Invoking command in '/home/victory/RoboNish/test_1_ros2_ws/src/simple_python_package': PYTHONPATH=/home/victory/RoboNish/test_1_ros2_ws/build/simple_python_package/prefix_override:/usr/lib/python3/dist-packages/colcon_core/task/python/colcon_distutils_commands:/home/victory/RoboNish/test_1_ros2_ws/install/simple_python_package/lib/python3.10/site-packages:${PYTHONPATH} /usr/bin/python3 -W ignore:setup.py install is deprecated setup.py egg_info --egg-base ../../build/simple_python_package build --build-base /home/victory/RoboNish/test_1_ros2_ws/build/simple_python_package/build install --record /home/victory/RoboNish/test_1_ros2_ws/build/simple_python_package/install.log --single-version-externally-managed install_data
[2.876s] DEBUG:colcon.colcon_core.event_handler.log_command:Invoking command in '/home/victory/RoboNish/test_1_ros2_ws/src/simple_python_package_with_node': PYTHONPATH=/home/victory/RoboNish/test_1_ros2_ws/build/simple_python_package_with_node/prefix_override:/usr/lib/python3/dist-packages/colcon_core/task/python/colcon_distutils_commands:/home/victory/RoboNish/test_1_ros2_ws/install/simple_python_package_with_node/lib/python3.10/site-packages:${PYTHONPATH} /usr/bin/python3 -W ignore:setup.py install is deprecated setup.py egg_info --egg-base ../../build/simple_python_package_with_node build --build-base /home/victory/RoboNish/test_1_ros2_ws/build/simple_python_package_with_node/build install --record /home/victory/RoboNish/test_1_ros2_ws/build/simple_python_package_with_node/install.log --single-version-externally-managed install_data
[3.460s] Level 1:colcon.colcon_core.environment:checking '/home/victory/RoboNish/test_1_ros2_ws/install/simple_python_package' for CMake module files
[3.461s] DEBUG:colcon.colcon_core.event_handler.log_command:Invoked command in '/home/victory/RoboNish/test_1_ros2_ws/src/simple_python_package' returned '0': PYTHONPATH=/home/victory/RoboNish/test_1_ros2_ws/build/simple_python_package/prefix_override:/usr/lib/python3/dist-packages/colcon_core/task/python/colcon_distutils_commands:/home/victory/RoboNish/test_1_ros2_ws/install/simple_python_package/lib/python3.10/site-packages:${PYTHONPATH} /usr/bin/python3 -W ignore:setup.py install is deprecated setup.py egg_info --egg-base ../../build/simple_python_package build --build-base /home/victory/RoboNish/test_1_ros2_ws/build/simple_python_package/build install --record /home/victory/RoboNish/test_1_ros2_ws/build/simple_python_package/install.log --single-version-externally-managed install_data
[3.462s] Level 1:colcon.colcon_core.environment:checking '/home/victory/RoboNish/test_1_ros2_ws/install/simple_python_package' for CMake config files
[3.463s] Level 1:colcon.colcon_core.environment:checking '/home/victory/RoboNish/test_1_ros2_ws/install/simple_python_package/lib'
[3.463s] Level 1:colcon.colcon_core.environment:checking '/home/victory/RoboNish/test_1_ros2_ws/install/simple_python_package/bin'
[3.463s] Level 1:colcon.colcon_core.environment:checking '/home/victory/RoboNish/test_1_ros2_ws/install/simple_python_package/lib/pkgconfig/simple_python_package.pc'
[3.463s] Level 1:colcon.colcon_core.environment:checking '/home/victory/RoboNish/test_1_ros2_ws/install/simple_python_package/lib/python3.10/site-packages'
[3.463s] Level 1:colcon.colcon_core.shell:create_environment_hook('simple_python_package', 'pythonpath')
[3.464s] INFO:colcon.colcon_core.shell:Creating environment hook '/home/victory/RoboNish/test_1_ros2_ws/install/simple_python_package/share/simple_python_package/hook/pythonpath.ps1'
[3.464s] INFO:colcon.colcon_core.shell:Creating environment descriptor '/home/victory/RoboNish/test_1_ros2_ws/install/simple_python_package/share/simple_python_package/hook/pythonpath.dsv'
[3.465s] INFO:colcon.colcon_core.shell:Creating environment hook '/home/victory/RoboNish/test_1_ros2_ws/install/simple_python_package/share/simple_python_package/hook/pythonpath.sh'
[3.466s] Level 1:colcon.colcon_core.environment:checking '/home/victory/RoboNish/test_1_ros2_ws/install/simple_python_package/bin'
[3.466s] Level 1:colcon.colcon_core.environment:create_environment_scripts_only(simple_python_package)
[3.467s] INFO:colcon.colcon_core.shell:Creating package script '/home/victory/RoboNish/test_1_ros2_ws/install/simple_python_package/share/simple_python_package/package.ps1'
[3.467s] INFO:colcon.colcon_core.shell:Creating package descriptor '/home/victory/RoboNish/test_1_ros2_ws/install/simple_python_package/share/simple_python_package/package.dsv'
[3.468s] INFO:colcon.colcon_core.shell:Creating package script '/home/victory/RoboNish/test_1_ros2_ws/install/simple_python_package/share/simple_python_package/package.sh'
[3.470s] INFO:colcon.colcon_core.shell:Creating package script '/home/victory/RoboNish/test_1_ros2_ws/install/simple_python_package/share/simple_python_package/package.bash'
[3.471s] INFO:colcon.colcon_core.shell:Creating package script '/home/victory/RoboNish/test_1_ros2_ws/install/simple_python_package/share/simple_python_package/package.zsh'
[3.471s] Level 1:colcon.colcon_core.environment:create_file_with_runtime_dependencies(/home/victory/RoboNish/test_1_ros2_ws/install/simple_python_package/share/colcon-core/packages/simple_python_package)
[3.491s] Level 1:colcon.colcon_core.environment:checking '/home/victory/RoboNish/test_1_ros2_ws/install/simple_python_package_with_node' for CMake module files
[3.492s] DEBUG:colcon.colcon_core.event_handler.log_command:Invoked command in '/home/victory/RoboNish/test_1_ros2_ws/src/simple_python_package_with_node' returned '0': PYTHONPATH=/home/victory/RoboNish/test_1_ros2_ws/build/simple_python_package_with_node/prefix_override:/usr/lib/python3/dist-packages/colcon_core/task/python/colcon_distutils_commands:/home/victory/RoboNish/test_1_ros2_ws/install/simple_python_package_with_node/lib/python3.10/site-packages:${PYTHONPATH} /usr/bin/python3 -W ignore:setup.py install is deprecated setup.py egg_info --egg-base ../../build/simple_python_package_with_node build --build-base /home/victory/RoboNish/test_1_ros2_ws/build/simple_python_package_with_node/build install --record /home/victory/RoboNish/test_1_ros2_ws/build/simple_python_package_with_node/install.log --single-version-externally-managed install_data
[3.493s] Level 1:colcon.colcon_core.environment:checking '/home/victory/RoboNish/test_1_ros2_ws/install/simple_python_package_with_node' for CMake config files
[3.493s] Level 1:colcon.colcon_core.environment:checking '/home/victory/RoboNish/test_1_ros2_ws/install/simple_python_package_with_node/lib'
[3.494s] Level 1:colcon.colcon_core.environment:checking '/home/victory/RoboNish/test_1_ros2_ws/install/simple_python_package_with_node/bin'
[3.494s] Level 1:colcon.colcon_core.environment:checking '/home/victory/RoboNish/test_1_ros2_ws/install/simple_python_package_with_node/lib/pkgconfig/simple_python_package_with_node.pc'
[3.494s] Level 1:colcon.colcon_core.environment:checking '/home/victory/RoboNish/test_1_ros2_ws/install/simple_python_package_with_node/lib/python3.10/site-packages'
[3.494s] Level 1:colcon.colcon_core.shell:create_environment_hook('simple_python_package_with_node', 'pythonpath')
[3.494s] INFO:colcon.colcon_core.shell:Creating environment hook '/home/victory/RoboNish/test_1_ros2_ws/install/simple_python_package_with_node/share/simple_python_package_with_node/hook/pythonpath.ps1'
[3.495s] INFO:colcon.colcon_core.shell:Creating environment descriptor '/home/victory/RoboNish/test_1_ros2_ws/install/simple_python_package_with_node/share/simple_python_package_with_node/hook/pythonpath.dsv'
[3.495s] INFO:colcon.colcon_core.shell:Creating environment hook '/home/victory/RoboNish/test_1_ros2_ws/install/simple_python_package_with_node/share/simple_python_package_with_node/hook/pythonpath.sh'
[3.496s] Level 1:colcon.colcon_core.environment:checking '/home/victory/RoboNish/test_1_ros2_ws/install/simple_python_package_with_node/bin'
[3.496s] Level 1:colcon.colcon_core.environment:create_environment_scripts_only(simple_python_package_with_node)
[3.497s] INFO:colcon.colcon_core.shell:Creating package script '/home/victory/RoboNish/test_1_ros2_ws/install/simple_python_package_with_node/share/simple_python_package_with_node/package.ps1'
[3.498s] INFO:colcon.colcon_core.shell:Creating package descriptor '/home/victory/RoboNish/test_1_ros2_ws/install/simple_python_package_with_node/share/simple_python_package_with_node/package.dsv'
[3.498s] INFO:colcon.colcon_core.shell:Creating package script '/home/victory/RoboNish/test_1_ros2_ws/install/simple_python_package_with_node/share/simple_python_package_with_node/package.sh'
[3.499s] INFO:colcon.colcon_core.shell:Creating package script '/home/victory/RoboNish/test_1_ros2_ws/install/simple_python_package_with_node/share/simple_python_package_with_node/package.bash'
[3.499s] INFO:colcon.colcon_core.shell:Creating package script '/home/victory/RoboNish/test_1_ros2_ws/install/simple_python_package_with_node/share/simple_python_package_with_node/package.zsh'
[3.500s] Level 1:colcon.colcon_core.environment:create_file_with_runtime_dependencies(/home/victory/RoboNish/test_1_ros2_ws/install/simple_python_package_with_node/share/colcon-core/packages/simple_python_package_with_node)
[3.678s] DEBUG:colcon.colcon_core.event_handler.log_command:Invoking command in '/home/victory/RoboNish/test_1_ros2_ws/python_package_that_uses_the_messages': PYTHONPATH=/home/victory/RoboNish/test_1_ros2_ws/build/python_package_that_uses_the_messages/prefix_override:/usr/lib/python3/dist-packages/colcon_core/task/python/colcon_distutils_commands:/home/victory/RoboNish/test_1_ros2_ws/install/python_package_that_uses_the_messages/lib/python3.10/site-packages:${PYTHONPATH} /usr/bin/python3 -W ignore:setup.py install is deprecated setup.py egg_info --egg-base ../build/python_package_that_uses_the_messages build --build-base /home/victory/RoboNish/test_1_ros2_ws/build/python_package_that_uses_the_messages/build install --record /home/victory/RoboNish/test_1_ros2_ws/build/python_package_that_uses_the_messages/install.log --single-version-externally-managed install_data
[4.081s] Level 1:colcon.colcon_core.environment:checking '/home/victory/RoboNish/test_1_ros2_ws/install/python_package_that_uses_the_messages' for CMake module files
[4.082s] DEBUG:colcon.colcon_core.event_handler.log_command:Invoked command in '/home/victory/RoboNish/test_1_ros2_ws/python_package_that_uses_the_messages' returned '0': PYTHONPATH=/home/victory/RoboNish/test_1_ros2_ws/build/python_package_that_uses_the_messages/prefix_override:/usr/lib/python3/dist-packages/colcon_core/task/python/colcon_distutils_commands:/home/victory/RoboNish/test_1_ros2_ws/install/python_package_that_uses_the_messages/lib/python3.10/site-packages:${PYTHONPATH} /usr/bin/python3 -W ignore:setup.py install is deprecated setup.py egg_info --egg-base ../build/python_package_that_uses_the_messages build --build-base /home/victory/RoboNish/test_1_ros2_ws/build/python_package_that_uses_the_messages/build install --record /home/victory/RoboNish/test_1_ros2_ws/build/python_package_that_uses_the_messages/install.log --single-version-externally-managed install_data
[4.082s] Level 1:colcon.colcon_core.environment:checking '/home/victory/RoboNish/test_1_ros2_ws/install/python_package_that_uses_the_messages' for CMake config files
[4.083s] Level 1:colcon.colcon_core.environment:checking '/home/victory/RoboNish/test_1_ros2_ws/install/python_package_that_uses_the_messages/lib'
[4.083s] Level 1:colcon.colcon_core.environment:checking '/home/victory/RoboNish/test_1_ros2_ws/install/python_package_that_uses_the_messages/bin'
[4.083s] Level 1:colcon.colcon_core.environment:checking '/home/victory/RoboNish/test_1_ros2_ws/install/python_package_that_uses_the_messages/lib/pkgconfig/python_package_that_uses_the_messages.pc'
[4.084s] Level 1:colcon.colcon_core.environment:checking '/home/victory/RoboNish/test_1_ros2_ws/install/python_package_that_uses_the_messages/lib/python3.10/site-packages'
[4.084s] Level 1:colcon.colcon_core.shell:create_environment_hook('python_package_that_uses_the_messages', 'pythonpath')
[4.084s] INFO:colcon.colcon_core.shell:Creating environment hook '/home/victory/RoboNish/test_1_ros2_ws/install/python_package_that_uses_the_messages/share/python_package_that_uses_the_messages/hook/pythonpath.ps1'
[4.085s] INFO:colcon.colcon_core.shell:Creating environment descriptor '/home/victory/RoboNish/test_1_ros2_ws/install/python_package_that_uses_the_messages/share/python_package_that_uses_the_messages/hook/pythonpath.dsv'
[4.085s] INFO:colcon.colcon_core.shell:Creating environment hook '/home/victory/RoboNish/test_1_ros2_ws/install/python_package_that_uses_the_messages/share/python_package_that_uses_the_messages/hook/pythonpath.sh'
[4.086s] Level 1:colcon.colcon_core.environment:checking '/home/victory/RoboNish/test_1_ros2_ws/install/python_package_that_uses_the_messages/bin'
[4.086s] Level 1:colcon.colcon_core.environment:create_environment_scripts_only(python_package_that_uses_the_messages)
[4.086s] INFO:colcon.colcon_core.shell:Creating package script '/home/victory/RoboNish/test_1_ros2_ws/install/python_package_that_uses_the_messages/share/python_package_that_uses_the_messages/package.ps1'
[4.087s] INFO:colcon.colcon_core.shell:Creating package descriptor '/home/victory/RoboNish/test_1_ros2_ws/install/python_package_that_uses_the_messages/share/python_package_that_uses_the_messages/package.dsv'
[4.088s] INFO:colcon.colcon_core.shell:Creating package script '/home/victory/RoboNish/test_1_ros2_ws/install/python_package_that_uses_the_messages/share/python_package_that_uses_the_messages/package.sh'
[4.088s] INFO:colcon.colcon_core.shell:Creating package script '/home/victory/RoboNish/test_1_ros2_ws/install/python_package_that_uses_the_messages/share/python_package_that_uses_the_messages/package.bash'
[4.088s] INFO:colcon.colcon_core.shell:Creating package script '/home/victory/RoboNish/test_1_ros2_ws/install/python_package_that_uses_the_messages/share/python_package_that_uses_the_messages/package.zsh'
[4.089s] Level 1:colcon.colcon_core.environment:create_file_with_runtime_dependencies(/home/victory/RoboNish/test_1_ros2_ws/install/python_package_that_uses_the_messages/share/colcon-core/packages/python_package_that_uses_the_messages)
[4.090s] DEBUG:colcon.colcon_parallel_executor.executor.parallel:closing loop
[4.090s] DEBUG:colcon.colcon_parallel_executor.executor.parallel:loop closed
[4.091s] DEBUG:colcon.colcon_parallel_executor.executor.parallel:run_until_complete finished with '0'
[4.091s] DEBUG:colcon.colcon_core.event_reactor:joining thread
[4.276s] INFO:colcon.colcon_core.plugin_system:Skipping extension 'colcon_notification.desktop_notification.notify_send': Could not find 'notify-send'
[4.277s] INFO:colcon.colcon_core.plugin_system:Skipping extension 'colcon_notification.desktop_notification.terminal_notifier': Not used on non-Darwin systems
[4.277s] INFO:colcon.colcon_core.plugin_system:Skipping extension 'colcon_notification.desktop_notification.win32': Not used on non-Windows systems
[4.277s] INFO:colcon.colcon_notification.desktop_notification:Sending desktop notification using 'notify2'
[4.277s] DEBUG:colcon.colcon_notification.desktop_notification.notify2:Failed to initialize notify2: org.freedesktop.DBus.Error.FileNotFound: Failed to connect to socket /run/user/1000/bus: No such file or directory
[4.277s] DEBUG:colcon.colcon_core.event_reactor:joined thread
[4.277s] INFO:colcon.colcon_core.shell:Creating prefix script '/home/victory/RoboNish/test_1_ros2_ws/install/local_setup.ps1'
[4.279s] INFO:colcon.colcon_core.shell:Creating prefix util module '/home/victory/RoboNish/test_1_ros2_ws/install/_local_setup_util_ps1.py'
[4.280s] INFO:colcon.colcon_core.shell:Creating prefix chain script '/home/victory/RoboNish/test_1_ros2_ws/install/setup.ps1'
[4.282s] INFO:colcon.colcon_core.shell:Creating prefix script '/home/victory/RoboNish/test_1_ros2_ws/install/local_setup.sh'
[4.283s] INFO:colcon.colcon_core.shell:Creating prefix util module '/home/victory/RoboNish/test_1_ros2_ws/install/_local_setup_util_sh.py'
[4.283s] INFO:colcon.colcon_core.shell:Creating prefix chain script '/home/victory/RoboNish/test_1_ros2_ws/install/setup.sh'
[4.284s] INFO:colcon.colcon_core.shell:Creating prefix script '/home/victory/RoboNish/test_1_ros2_ws/install/local_setup.bash'
[4.285s] INFO:colcon.colcon_core.shell:Creating prefix chain script '/home/victory/RoboNish/test_1_ros2_ws/install/setup.bash'
[4.286s] INFO:colcon.colcon_core.shell:Creating prefix script '/home/victory/RoboNish/test_1_ros2_ws/install/local_setup.zsh'
[4.287s] INFO:colcon.colcon_core.shell:Creating prefix chain script '/home/victory/RoboNish/test_1_ros2_ws/install/setup.zsh'
