[1.234s] Invoking command in '/home/victory/RoboNish/test_1_ros2_ws/src/simple_python_package': PYTHONPATH=/home/victory/RoboNish/test_1_ros2_ws/build/simple_python_package/prefix_override:/usr/lib/python3/dist-packages/colcon_core/task/python/colcon_distutils_commands:/home/victory/RoboNish/test_1_ros2_ws/install/simple_python_package/lib/python3.10/site-packages:${PYTHONPATH} /usr/bin/python3 -W ignore:setup.py install is deprecated setup.py egg_info --egg-base ../../build/simple_python_package build --build-base /home/victory/RoboNish/test_1_ros2_ws/build/simple_python_package/build install --record /home/victory/RoboNish/test_1_ros2_ws/build/simple_python_package/install.log --single-version-externally-managed install_data
[1.619s] running egg_info
[1.621s] writing ../../build/simple_python_package/simple_python_package.egg-info/PKG-INFO
[1.621s] writing dependency_links to ../../build/simple_python_package/simple_python_package.egg-info/dependency_links.txt
[1.622s] writing entry points to ../../build/simple_python_package/simple_python_package.egg-info/entry_points.txt
[1.622s] writing requirements to ../../build/simple_python_package/simple_python_package.egg-info/requires.txt
[1.623s] writing top-level names to ../../build/simple_python_package/simple_python_package.egg-info/top_level.txt
[1.626s] reading manifest file '../../build/simple_python_package/simple_python_package.egg-info/SOURCES.txt'
[1.627s] writing manifest file '../../build/simple_python_package/simple_python_package.egg-info/SOURCES.txt'
[1.628s] running build
[1.629s] running build_py
[1.629s] running install
[1.629s] running install_lib
[1.632s] running install_data
[1.632s] running install_egg_info
[1.636s] removing '/home/victory/RoboNish/test_1_ros2_ws/install/simple_python_package/lib/python3.10/site-packages/simple_python_package-0.0.0-py3.10.egg-info' (and everything under it)
[1.636s] Copying ../../build/simple_python_package/simple_python_package.egg-info to /home/victory/RoboNish/test_1_ros2_ws/install/simple_python_package/lib/python3.10/site-packages/simple_python_package-0.0.0-py3.10.egg-info
[1.638s] running install_scripts
[1.668s] writing list of installed files to '/home/victory/RoboNish/test_1_ros2_ws/build/simple_python_package/install.log'
[1.719s] Invoked command in '/home/victory/RoboNish/test_1_ros2_ws/src/simple_python_package' returned '0': PYTHONPATH=/home/victory/RoboNish/test_1_ros2_ws/build/simple_python_package/prefix_override:/usr/lib/python3/dist-packages/colcon_core/task/python/colcon_distutils_commands:/home/victory/RoboNish/test_1_ros2_ws/install/simple_python_package/lib/python3.10/site-packages:${PYTHONPATH} /usr/bin/python3 -W ignore:setup.py install is deprecated setup.py egg_info --egg-base ../../build/simple_python_package build --build-base /home/victory/RoboNish/test_1_ros2_ws/build/simple_python_package/build install --record /home/victory/RoboNish/test_1_ros2_ws/build/simple_python_package/install.log --single-version-externally-managed install_data
