running egg_info
creating ../../build/package_with_configurable_nodes/package_with_configurable_nodes.egg-info
writing ../../build/package_with_configurable_nodes/package_with_configurable_nodes.egg-info/PKG-INFO
writing dependency_links to ../../build/package_with_configurable_nodes/package_with_configurable_nodes.egg-info/dependency_links.txt
writing entry points to ../../build/package_with_configurable_nodes/package_with_configurable_nodes.egg-info/entry_points.txt
writing requirements to ../../build/package_with_configurable_nodes/package_with_configurable_nodes.egg-info/requires.txt
writing top-level names to ../../build/package_with_configurable_nodes/package_with_configurable_nodes.egg-info/top_level.txt
writing manifest file '../../build/package_with_configurable_nodes/package_with_configurable_nodes.egg-info/SOURCES.txt'
reading manifest file '../../build/package_with_configurable_nodes/package_with_configurable_nodes.egg-info/SOURCES.txt'
writing manifest file '../../build/package_with_configurable_nodes/package_with_configurable_nodes.egg-info/SOURCES.txt'
running build
running build_py
creating /home/victory/Robot-Operating-System/python_ws/build/package_with_configurable_nodes/build
creating /home/victory/Robot-Operating-System/python_ws/build/package_with_configurable_nodes/build/lib
creating /home/victory/Robot-Operating-System/python_ws/build/package_with_configurable_nodes/build/lib/package_with_configurable_nodes
copying package_with_configurable_nodes/__init__.py -> /home/victory/Robot-Operating-System/python_ws/build/package_with_configurable_nodes/build/lib/package_with_configurable_nodes
copying package_with_configurable_nodes/configurable_quote_publisher_node.py -> /home/victory/Robot-Operating-System/python_ws/build/package_with_configurable_nodes/build/lib/package_with_configurable_nodes
running install
running install_lib
creating /home/victory/Robot-Operating-System/python_ws/install/package_with_configurable_nodes/lib/python3.10/site-packages/package_with_configurable_nodes
copying /home/victory/Robot-Operating-System/python_ws/build/package_with_configurable_nodes/build/lib/package_with_configurable_nodes/__init__.py -> /home/victory/Robot-Operating-System/python_ws/install/package_with_configurable_nodes/lib/python3.10/site-packages/package_with_configurable_nodes
copying /home/victory/Robot-Operating-System/python_ws/build/package_with_configurable_nodes/build/lib/package_with_configurable_nodes/configurable_quote_publisher_node.py -> /home/victory/Robot-Operating-System/python_ws/install/package_with_configurable_nodes/lib/python3.10/site-packages/package_with_configurable_nodes
byte-compiling /home/victory/Robot-Operating-System/python_ws/install/package_with_configurable_nodes/lib/python3.10/site-packages/package_with_configurable_nodes/__init__.py to __init__.cpython-310.pyc
byte-compiling /home/victory/Robot-Operating-System/python_ws/install/package_with_configurable_nodes/lib/python3.10/site-packages/package_with_configurable_nodes/configurable_quote_publisher_node.py to configurable_quote_publisher_node.cpython-310.pyc
running install_data
creating /home/victory/Robot-Operating-System/python_ws/install/package_with_configurable_nodes/share/ament_index
creating /home/victory/Robot-Operating-System/python_ws/install/package_with_configurable_nodes/share/ament_index/resource_index
creating /home/victory/Robot-Operating-System/python_ws/install/package_with_configurable_nodes/share/ament_index/resource_index/packages
copying resource/package_with_configurable_nodes -> /home/victory/Robot-Operating-System/python_ws/install/package_with_configurable_nodes/share/ament_index/resource_index/packages
copying package.xml -> /home/victory/Robot-Operating-System/python_ws/install/package_with_configurable_nodes/share/package_with_configurable_nodes
running install_egg_info
Copying ../../build/package_with_configurable_nodes/package_with_configurable_nodes.egg-info to /home/victory/Robot-Operating-System/python_ws/install/package_with_configurable_nodes/lib/python3.10/site-packages/package_with_configurable_nodes-0.0.0-py3.10.egg-info
running install_scripts
Installing configurable_quote_publisher script to /home/victory/Robot-Operating-System/python_ws/install/package_with_configurable_nodes/lib/package_with_configurable_nodes
writing list of installed files to '/home/victory/Robot-Operating-System/python_ws/build/package_with_configurable_nodes/install.log'
