[1.813s] Invoking command in '/home/victory/Robot-Operating-System/python_ws/src/package_with_configurable_nodes': AMENT_PREFIX_PATH=/home/victory/Robot-Operating-System/python_ws/install/package_with_interfaces:${AMENT_PREFIX_PATH} CMAKE_PREFIX_PATH=/home/victory/Robot-Operating-System/python_ws/install/package_with_interfaces LD_LIBRARY_PATH=/home/victory/Robot-Operating-System/python_ws/install/package_with_interfaces/lib:${LD_LIBRARY_PATH} PYTHONPATH=/home/victory/Robot-Operating-System/python_ws/build/package_with_configurable_nodes/prefix_override:/usr/lib/python3/dist-packages/colcon_core/task/python/colcon_distutils_commands:/home/victory/Robot-Operating-System/python_ws/install/package_with_configurable_nodes/lib/python3.10/site-packages:/home/victory/Robot-Operating-System/python_ws/install/package_with_interfaces/local/lib/python3.10/dist-packages:${PYTHONPATH} /usr/bin/python3 -W ignore:setup.py install is deprecated setup.py egg_info --egg-base ../../build/package_with_configurable_nodes build --build-base /home/victory/Robot-Operating-System/python_ws/build/package_with_configurable_nodes/build install --record /home/victory/Robot-Operating-System/python_ws/build/package_with_configurable_nodes/install.log --single-version-externally-managed install_data
[2.186s] running egg_info
[2.188s] creating ../../build/package_with_configurable_nodes/package_with_configurable_nodes.egg-info
[2.188s] writing ../../build/package_with_configurable_nodes/package_with_configurable_nodes.egg-info/PKG-INFO
[2.189s] writing dependency_links to ../../build/package_with_configurable_nodes/package_with_configurable_nodes.egg-info/dependency_links.txt
[2.189s] writing entry points to ../../build/package_with_configurable_nodes/package_with_configurable_nodes.egg-info/entry_points.txt
[2.189s] writing requirements to ../../build/package_with_configurable_nodes/package_with_configurable_nodes.egg-info/requires.txt
[2.190s] writing top-level names to ../../build/package_with_configurable_nodes/package_with_configurable_nodes.egg-info/top_level.txt
[2.190s] writing manifest file '../../build/package_with_configurable_nodes/package_with_configurable_nodes.egg-info/SOURCES.txt'
[2.192s] reading manifest file '../../build/package_with_configurable_nodes/package_with_configurable_nodes.egg-info/SOURCES.txt'
[2.194s] writing manifest file '../../build/package_with_configurable_nodes/package_with_configurable_nodes.egg-info/SOURCES.txt'
[2.195s] running build
[2.196s] running build_py
[2.196s] creating /home/victory/Robot-Operating-System/python_ws/build/package_with_configurable_nodes/build
[2.196s] creating /home/victory/Robot-Operating-System/python_ws/build/package_with_configurable_nodes/build/lib
[2.197s] creating /home/victory/Robot-Operating-System/python_ws/build/package_with_configurable_nodes/build/lib/package_with_configurable_nodes
[2.197s] copying package_with_configurable_nodes/__init__.py -> /home/victory/Robot-Operating-System/python_ws/build/package_with_configurable_nodes/build/lib/package_with_configurable_nodes
[2.197s] copying package_with_configurable_nodes/configurable_quote_publisher_node.py -> /home/victory/Robot-Operating-System/python_ws/build/package_with_configurable_nodes/build/lib/package_with_configurable_nodes
[2.197s] running install
[2.198s] running install_lib
[2.199s] creating /home/victory/Robot-Operating-System/python_ws/install/package_with_configurable_nodes/lib/python3.10/site-packages/package_with_configurable_nodes
[2.199s] copying /home/victory/Robot-Operating-System/python_ws/build/package_with_configurable_nodes/build/lib/package_with_configurable_nodes/__init__.py -> /home/victory/Robot-Operating-System/python_ws/install/package_with_configurable_nodes/lib/python3.10/site-packages/package_with_configurable_nodes
[2.199s] copying /home/victory/Robot-Operating-System/python_ws/build/package_with_configurable_nodes/build/lib/package_with_configurable_nodes/configurable_quote_publisher_node.py -> /home/victory/Robot-Operating-System/python_ws/install/package_with_configurable_nodes/lib/python3.10/site-packages/package_with_configurable_nodes
[2.201s] byte-compiling /home/victory/Robot-Operating-System/python_ws/install/package_with_configurable_nodes/lib/python3.10/site-packages/package_with_configurable_nodes/__init__.py to __init__.cpython-310.pyc
[2.201s] byte-compiling /home/victory/Robot-Operating-System/python_ws/install/package_with_configurable_nodes/lib/python3.10/site-packages/package_with_configurable_nodes/configurable_quote_publisher_node.py to configurable_quote_publisher_node.cpython-310.pyc
[2.202s] running install_data
[2.203s] creating /home/victory/Robot-Operating-System/python_ws/install/package_with_configurable_nodes/share/ament_index
[2.203s] creating /home/victory/Robot-Operating-System/python_ws/install/package_with_configurable_nodes/share/ament_index/resource_index
[2.204s] creating /home/victory/Robot-Operating-System/python_ws/install/package_with_configurable_nodes/share/ament_index/resource_index/packages
[2.204s] copying resource/package_with_configurable_nodes -> /home/victory/Robot-Operating-System/python_ws/install/package_with_configurable_nodes/share/ament_index/resource_index/packages
[2.205s] copying package.xml -> /home/victory/Robot-Operating-System/python_ws/install/package_with_configurable_nodes/share/package_with_configurable_nodes
[2.205s] running install_egg_info
[2.208s] Copying ../../build/package_with_configurable_nodes/package_with_configurable_nodes.egg-info to /home/victory/Robot-Operating-System/python_ws/install/package_with_configurable_nodes/lib/python3.10/site-packages/package_with_configurable_nodes-0.0.0-py3.10.egg-info
[2.209s] running install_scripts
[2.239s] Installing configurable_quote_publisher script to /home/victory/Robot-Operating-System/python_ws/install/package_with_configurable_nodes/lib/package_with_configurable_nodes
[2.240s] writing list of installed files to '/home/victory/Robot-Operating-System/python_ws/build/package_with_configurable_nodes/install.log'
[2.289s] Invoked command in '/home/victory/Robot-Operating-System/python_ws/src/package_with_configurable_nodes' returned '0': AMENT_PREFIX_PATH=/home/victory/Robot-Operating-System/python_ws/install/package_with_interfaces:${AMENT_PREFIX_PATH} CMAKE_PREFIX_PATH=/home/victory/Robot-Operating-System/python_ws/install/package_with_interfaces LD_LIBRARY_PATH=/home/victory/Robot-Operating-System/python_ws/install/package_with_interfaces/lib:${LD_LIBRARY_PATH} PYTHONPATH=/home/victory/Robot-Operating-System/python_ws/build/package_with_configurable_nodes/prefix_override:/usr/lib/python3/dist-packages/colcon_core/task/python/colcon_distutils_commands:/home/victory/Robot-Operating-System/python_ws/install/package_with_configurable_nodes/lib/python3.10/site-packages:/home/victory/Robot-Operating-System/python_ws/install/package_with_interfaces/local/lib/python3.10/dist-packages:${PYTHONPATH} /usr/bin/python3 -W ignore:setup.py install is deprecated setup.py egg_info --egg-base ../../build/package_with_configurable_nodes build --build-base /home/victory/Robot-Operating-System/python_ws/build/package_with_configurable_nodes/build install --record /home/victory/Robot-Operating-System/python_ws/build/package_with_configurable_nodes/install.log --single-version-externally-managed install_data
