[0.319s] DEBUG:colcon:Command line arguments: ['/usr/bin/colcon', 'build']
[0.319s] DEBUG:colcon:Parsed command line arguments: Namespace(log_base=None, log_level=None, verb_name='build', build_base='build', install_base='install', merge_install=False, symlink_install=False, test_result_base=None, continue_on_error=False, executor='parallel', parallel_workers=4, event_handlers=None, ignore_user_meta=False, metas=['./colcon.meta'], base_paths=['.'], packages_ignore=None, packages_ignore_regex=None, paths=None, packages_up_to=None, packages_up_to_regex=None, packages_above=None, packages_above_and_dependencies=None, packages_above_depth=None, packages_select_by_dep=None, packages_skip_by_dep=None, packages_skip_up_to=None, packages_select_build_failed=False, packages_skip_build_finished=False, packages_select_test_failures=False, packages_skip_test_passed=False, packages_select=None, packages_skip=None, packages_select_regex=None, packages_skip_regex=None, packages_start=None, packages_end=None, allow_overriding=[], cmake_args=None, cmake_target=None, cmake_target_skip_unavailable=False, cmake_clean_cache=False, cmake_clean_first=False, cmake_force_configure=False, ament_cmake_args=None, catkin_cmake_args=None, catkin_skip_building_tests=False, mixin_files=None, mixin=None, verb_parser=<colcon_mixin.mixin.mixin_argument.MixinArgumentDecorator object at 0x7f4744de1ea0>, verb_extension=<colcon_core.verb.build.BuildVerb object at 0x7f4744de0e50>, main=<bound method BuildVerb.main of <colcon_core.verb.build.BuildVerb object at 0x7f4744de0e50>>, mixin_verb=('build',))
[0.527s] Level 1:colcon.colcon_core.package_discovery:discover_packages(colcon_meta) check parameters
[0.527s] Level 1:colcon.colcon_core.package_discovery:discover_packages(recursive) check parameters
[0.527s] Level 1:colcon.colcon_core.package_discovery:discover_packages(ignore) check parameters
[0.527s] Level 1:colcon.colcon_core.package_discovery:discover_packages(path) check parameters
[0.527s] Level 1:colcon.colcon_core.package_discovery:discover_packages(colcon_meta) discover
[0.527s] Level 1:colcon.colcon_core.package_discovery:discover_packages(recursive) discover
[0.527s] INFO:colcon.colcon_core.package_discovery:Crawling recursively for packages in '/home/victory/RoboNish/test_1_ros2_ws'
[0.527s] Level 1:colcon.colcon_core.package_identification:_identify(.) by extensions ['ignore', 'ignore_ament_install']
[0.527s] Level 1:colcon.colcon_core.package_identification:_identify(.) by extension 'ignore'
[0.527s] Level 1:colcon.colcon_core.package_identification:_identify(.) by extension 'ignore_ament_install'
[0.528s] Level 1:colcon.colcon_core.package_identification:_identify(.) by extensions ['colcon_pkg']
[0.528s] Level 1:colcon.colcon_core.package_identification:_identify(.) by extension 'colcon_pkg'
[0.528s] Level 1:colcon.colcon_core.package_identification:_identify(.) by extensions ['colcon_meta']
[0.528s] Level 1:colcon.colcon_core.package_identification:_identify(.) by extension 'colcon_meta'
[0.528s] Level 1:colcon.colcon_core.package_identification:_identify(.) by extensions ['ros']
[0.528s] Level 1:colcon.colcon_core.package_identification:_identify(.) by extension 'ros'
[0.543s] Level 1:colcon.colcon_core.package_identification:_identify(.) by extensions ['cmake', 'python']
[0.543s] Level 1:colcon.colcon_core.package_identification:_identify(.) by extension 'cmake'
[0.543s] Level 1:colcon.colcon_core.package_identification:_identify(.) by extension 'python'
[0.543s] Level 1:colcon.colcon_core.package_identification:_identify(.) by extensions ['python_setup_py']
[0.543s] Level 1:colcon.colcon_core.package_identification:_identify(.) by extension 'python_setup_py'
[0.543s] Level 1:colcon.colcon_core.package_identification:_identify(build) by extensions ['ignore', 'ignore_ament_install']
[0.543s] Level 1:colcon.colcon_core.package_identification:_identify(build) by extension 'ignore'
[0.543s] Level 1:colcon.colcon_core.package_identification:_identify(build) ignored
[0.543s] Level 1:colcon.colcon_core.package_identification:_identify(install) by extensions ['ignore', 'ignore_ament_install']
[0.544s] Level 1:colcon.colcon_core.package_identification:_identify(install) by extension 'ignore'
[0.544s] Level 1:colcon.colcon_core.package_identification:_identify(install) ignored
[0.544s] Level 1:colcon.colcon_core.package_identification:_identify(log) by extensions ['ignore', 'ignore_ament_install']
[0.544s] Level 1:colcon.colcon_core.package_identification:_identify(log) by extension 'ignore'
[0.544s] Level 1:colcon.colcon_core.package_identification:_identify(log) ignored
[0.544s] Level 1:colcon.colcon_core.package_identification:_identify(src) by extensions ['ignore', 'ignore_ament_install']
[0.544s] Level 1:colcon.colcon_core.package_identification:_identify(src) by extension 'ignore'
[0.544s] Level 1:colcon.colcon_core.package_identification:_identify(src) by extension 'ignore_ament_install'
[0.544s] Level 1:colcon.colcon_core.package_identification:_identify(src) by extensions ['colcon_pkg']
[0.544s] Level 1:colcon.colcon_core.package_identification:_identify(src) by extension 'colcon_pkg'
[0.544s] Level 1:colcon.colcon_core.package_identification:_identify(src) by extensions ['colcon_meta']
[0.544s] Level 1:colcon.colcon_core.package_identification:_identify(src) by extension 'colcon_meta'
[0.544s] Level 1:colcon.colcon_core.package_identification:_identify(src) by extensions ['ros']
[0.544s] Level 1:colcon.colcon_core.package_identification:_identify(src) by extension 'ros'
[0.544s] Level 1:colcon.colcon_core.package_identification:_identify(src) by extensions ['cmake', 'python']
[0.545s] Level 1:colcon.colcon_core.package_identification:_identify(src) by extension 'cmake'
[0.545s] Level 1:colcon.colcon_core.package_identification:_identify(src) by extension 'python'
[0.545s] Level 1:colcon.colcon_core.package_identification:_identify(src) by extensions ['python_setup_py']
[0.545s] Level 1:colcon.colcon_core.package_identification:_identify(src) by extension 'python_setup_py'
[0.545s] Level 1:colcon.colcon_core.package_identification:_identify(src/simple_python_package) by extensions ['ignore', 'ignore_ament_install']
[0.545s] Level 1:colcon.colcon_core.package_identification:_identify(src/simple_python_package) by extension 'ignore'
[0.545s] Level 1:colcon.colcon_core.package_identification:_identify(src/simple_python_package) by extension 'ignore_ament_install'
[0.545s] Level 1:colcon.colcon_core.package_identification:_identify(src/simple_python_package) by extensions ['colcon_pkg']
[0.545s] Level 1:colcon.colcon_core.package_identification:_identify(src/simple_python_package) by extension 'colcon_pkg'
[0.545s] Level 1:colcon.colcon_core.package_identification:_identify(src/simple_python_package) by extensions ['colcon_meta']
[0.545s] Level 1:colcon.colcon_core.package_identification:_identify(src/simple_python_package) by extension 'colcon_meta'
[0.545s] Level 1:colcon.colcon_core.package_identification:_identify(src/simple_python_package) by extensions ['ros']
[0.545s] Level 1:colcon.colcon_core.package_identification:_identify(src/simple_python_package) by extension 'ros'
[0.548s] DEBUG:colcon.colcon_core.package_identification:Package 'src/simple_python_package' with type 'ros.ament_python' and name 'simple_python_package'
[0.548s] Level 1:colcon.colcon_core.package_identification:_identify(src/simple_python_package_with_node) by extensions ['ignore', 'ignore_ament_install']
[0.548s] Level 1:colcon.colcon_core.package_identification:_identify(src/simple_python_package_with_node) by extension 'ignore'
[0.548s] Level 1:colcon.colcon_core.package_identification:_identify(src/simple_python_package_with_node) by extension 'ignore_ament_install'
[0.548s] Level 1:colcon.colcon_core.package_identification:_identify(src/simple_python_package_with_node) by extensions ['colcon_pkg']
[0.549s] Level 1:colcon.colcon_core.package_identification:_identify(src/simple_python_package_with_node) by extension 'colcon_pkg'
[0.549s] Level 1:colcon.colcon_core.package_identification:_identify(src/simple_python_package_with_node) by extensions ['colcon_meta']
[0.549s] Level 1:colcon.colcon_core.package_identification:_identify(src/simple_python_package_with_node) by extension 'colcon_meta'
[0.549s] Level 1:colcon.colcon_core.package_identification:_identify(src/simple_python_package_with_node) by extensions ['ros']
[0.549s] Level 1:colcon.colcon_core.package_identification:_identify(src/simple_python_package_with_node) by extension 'ros'
[0.549s] DEBUG:colcon.colcon_core.package_identification:Package 'src/simple_python_package_with_node' with type 'ros.ament_python' and name 'simple_python_package_with_node'
[0.549s] Level 1:colcon.colcon_core.package_discovery:discover_packages(recursive) using defaults
[0.550s] Level 1:colcon.colcon_core.package_discovery:discover_packages(ignore) discover
[0.550s] Level 1:colcon.colcon_core.package_discovery:discover_packages(ignore) using defaults
[0.550s] Level 1:colcon.colcon_core.package_discovery:discover_packages(path) discover
[0.550s] Level 1:colcon.colcon_core.package_discovery:discover_packages(path) using defaults
[0.574s] Level 1:colcon.colcon_core.package_discovery:discover_packages(prefix_path) check parameters
[0.574s] Level 1:colcon.colcon_core.package_discovery:discover_packages(prefix_path) discover
[0.577s] DEBUG:colcon.colcon_installed_package_information.package_discovery:Found 2 installed packages in /home/victory/RoboNish/test_1_ros2_ws/install
[0.578s] DEBUG:colcon.colcon_installed_package_information.package_discovery:Found 293 installed packages in /opt/ros/humble
[0.580s] Level 1:colcon.colcon_core.package_discovery:discover_packages(prefix_path) using defaults
[0.644s] Level 5:colcon.colcon_core.verb:set package 'simple_python_package' build argument 'cmake_args' from command line to 'None'
[0.644s] Level 5:colcon.colcon_core.verb:set package 'simple_python_package' build argument 'cmake_target' from command line to 'None'
[0.644s] Level 5:colcon.colcon_core.verb:set package 'simple_python_package' build argument 'cmake_target_skip_unavailable' from command line to 'False'
[0.644s] Level 5:colcon.colcon_core.verb:set package 'simple_python_package' build argument 'cmake_clean_cache' from command line to 'False'
[0.644s] Level 5:colcon.colcon_core.verb:set package 'simple_python_package' build argument 'cmake_clean_first' from command line to 'False'
[0.645s] Level 5:colcon.colcon_core.verb:set package 'simple_python_package' build argument 'cmake_force_configure' from command line to 'False'
[0.645s] Level 5:colcon.colcon_core.verb:set package 'simple_python_package' build argument 'ament_cmake_args' from command line to 'None'
[0.645s] Level 5:colcon.colcon_core.verb:set package 'simple_python_package' build argument 'catkin_cmake_args' from command line to 'None'
[0.645s] Level 5:colcon.colcon_core.verb:set package 'simple_python_package' build argument 'catkin_skip_building_tests' from command line to 'False'
[0.645s] DEBUG:colcon.colcon_core.verb:Building package 'simple_python_package' with the following arguments: {'ament_cmake_args': None, 'build_base': '/home/victory/RoboNish/test_1_ros2_ws/build/simple_python_package', 'catkin_cmake_args': None, 'catkin_skip_building_tests': False, 'cmake_args': None, 'cmake_clean_cache': False, 'cmake_clean_first': False, 'cmake_force_configure': False, 'cmake_target': None, 'cmake_target_skip_unavailable': False, 'install_base': '/home/victory/RoboNish/test_1_ros2_ws/install/simple_python_package', 'merge_install': False, 'path': '/home/victory/RoboNish/test_1_ros2_ws/src/simple_python_package', 'symlink_install': False, 'test_result_base': None}
[0.645s] Level 5:colcon.colcon_core.verb:set package 'simple_python_package_with_node' build argument 'cmake_args' from command line to 'None'
[0.645s] Level 5:colcon.colcon_core.verb:set package 'simple_python_package_with_node' build argument 'cmake_target' from command line to 'None'
[0.645s] Level 5:colcon.colcon_core.verb:set package 'simple_python_package_with_node' build argument 'cmake_target_skip_unavailable' from command line to 'False'
[0.645s] Level 5:colcon.colcon_core.verb:set package 'simple_python_package_with_node' build argument 'cmake_clean_cache' from command line to 'False'
[0.645s] Level 5:colcon.colcon_core.verb:set package 'simple_python_package_with_node' build argument 'cmake_clean_first' from command line to 'False'
[0.645s] Level 5:colcon.colcon_core.verb:set package 'simple_python_package_with_node' build argument 'cmake_force_configure' from command line to 'False'
[0.645s] Level 5:colcon.colcon_core.verb:set package 'simple_python_package_with_node' build argument 'ament_cmake_args' from command line to 'None'
[0.645s] Level 5:colcon.colcon_core.verb:set package 'simple_python_package_with_node' build argument 'catkin_cmake_args' from command line to 'None'
[0.645s] Level 5:colcon.colcon_core.verb:set package 'simple_python_package_with_node' build argument 'catkin_skip_building_tests' from command line to 'False'
[0.645s] DEBUG:colcon.colcon_core.verb:Building package 'simple_python_package_with_node' with the following arguments: {'ament_cmake_args': None, 'build_base': '/home/victory/RoboNish/test_1_ros2_ws/build/simple_python_package_with_node', 'catkin_cmake_args': None, 'catkin_skip_building_tests': False, 'cmake_args': None, 'cmake_clean_cache': False, 'cmake_clean_first': False, 'cmake_force_configure': False, 'cmake_target': None, 'cmake_target_skip_unavailable': False, 'install_base': '/home/victory/RoboNish/test_1_ros2_ws/install/simple_python_package_with_node', 'merge_install': False, 'path': '/home/victory/RoboNish/test_1_ros2_ws/src/simple_python_package_with_node', 'symlink_install': False, 'test_result_base': None}
[0.646s] INFO:colcon.colcon_core.executor:Executing jobs using 'parallel' executor
[0.647s] DEBUG:colcon.colcon_parallel_executor.executor.parallel:run_until_complete
[0.648s] INFO:colcon.colcon_ros.task.ament_python.build:Building ROS package in '/home/victory/RoboNish/test_1_ros2_ws/src/simple_python_package' with build type 'ament_python'
[0.648s] Level 1:colcon.colcon_core.shell:create_environment_hook('simple_python_package', 'ament_prefix_path')
[0.652s] INFO:colcon.colcon_core.plugin_system:Skipping extension 'colcon_core.shell.bat': Not used on non-Windows systems
[0.652s] INFO:colcon.colcon_core.shell:Creating environment hook '/home/victory/RoboNish/test_1_ros2_ws/install/simple_python_package/share/simple_python_package/hook/ament_prefix_path.ps1'
[0.653s] INFO:colcon.colcon_core.shell:Creating environment descriptor '/home/victory/RoboNish/test_1_ros2_ws/install/simple_python_package/share/simple_python_package/hook/ament_prefix_path.dsv'
[0.654s] INFO:colcon.colcon_core.shell:Creating environment hook '/home/victory/RoboNish/test_1_ros2_ws/install/simple_python_package/share/simple_python_package/hook/ament_prefix_path.sh'
[0.654s] INFO:colcon.colcon_core.shell:Skip shell extension 'powershell' for command environment: Not usable outside of PowerShell
[0.655s] DEBUG:colcon.colcon_core.shell:Skip shell extension 'dsv' for command environment
[0.659s] INFO:colcon.colcon_ros.task.ament_python.build:Building ROS package in '/home/victory/RoboNish/test_1_ros2_ws/src/simple_python_package_with_node' with build type 'ament_python'
[0.661s] Level 1:colcon.colcon_core.shell:create_environment_hook('simple_python_package_with_node', 'ament_prefix_path')
[0.661s] INFO:colcon.colcon_core.shell:Creating environment hook '/home/victory/RoboNish/test_1_ros2_ws/install/simple_python_package_with_node/share/simple_python_package_with_node/hook/ament_prefix_path.ps1'
[0.662s] INFO:colcon.colcon_core.shell:Creating environment descriptor '/home/victory/RoboNish/test_1_ros2_ws/install/simple_python_package_with_node/share/simple_python_package_with_node/hook/ament_prefix_path.dsv'
[0.663s] INFO:colcon.colcon_core.shell:Creating environment hook '/home/victory/RoboNish/test_1_ros2_ws/install/simple_python_package_with_node/share/simple_python_package_with_node/hook/ament_prefix_path.sh'
[0.664s] INFO:colcon.colcon_core.shell:Skip shell extension 'powershell' for command environment: Not usable outside of PowerShell
[0.664s] DEBUG:colcon.colcon_core.shell:Skip shell extension 'dsv' for command environment
[1.016s] INFO:colcon.colcon_core.task.python.build:Building Python package in '/home/victory/RoboNish/test_1_ros2_ws/src/simple_python_package'
[1.017s] INFO:colcon.colcon_core.shell:Skip shell extension 'powershell' for command environment: Not usable outside of PowerShell
[1.017s] DEBUG:colcon.colcon_core.shell:Skip shell extension 'dsv' for command environment
[1.343s] INFO:colcon.colcon_core.task.python.build:Building Python package in '/home/victory/RoboNish/test_1_ros2_ws/src/simple_python_package_with_node'
[1.343s] INFO:colcon.colcon_core.shell:Skip shell extension 'powershell' for command environment: Not usable outside of PowerShell
[1.344s] DEBUG:colcon.colcon_core.shell:Skip shell extension 'dsv' for command environment
[1.884s] DEBUG:colcon.colcon_core.event_handler.log_command:Invoking command in '/home/victory/RoboNish/test_1_ros2_ws/src/simple_python_package': PYTHONPATH=/home/victory/RoboNish/test_1_ros2_ws/build/simple_python_package/prefix_override:/usr/lib/python3/dist-packages/colcon_core/task/python/colcon_distutils_commands:/home/victory/RoboNish/test_1_ros2_ws/install/simple_python_package/lib/python3.10/site-packages:${PYTHONPATH} /usr/bin/python3 -W ignore:setup.py install is deprecated setup.py egg_info --egg-base ../../build/simple_python_package build --build-base /home/victory/RoboNish/test_1_ros2_ws/build/simple_python_package/build install --record /home/victory/RoboNish/test_1_ros2_ws/build/simple_python_package/install.log --single-version-externally-managed install_data
[1.894s] DEBUG:colcon.colcon_core.event_handler.log_command:Invoking command in '/home/victory/RoboNish/test_1_ros2_ws/src/simple_python_package_with_node': PYTHONPATH=/home/victory/RoboNish/test_1_ros2_ws/build/simple_python_package_with_node/prefix_override:/usr/lib/python3/dist-packages/colcon_core/task/python/colcon_distutils_commands:/home/victory/RoboNish/test_1_ros2_ws/install/simple_python_package_with_node/lib/python3.10/site-packages:${PYTHONPATH} /usr/bin/python3 -W ignore:setup.py install is deprecated setup.py egg_info --egg-base ../../build/simple_python_package_with_node build --build-base /home/victory/RoboNish/test_1_ros2_ws/build/simple_python_package_with_node/build install --record /home/victory/RoboNish/test_1_ros2_ws/build/simple_python_package_with_node/install.log --single-version-externally-managed install_data
[2.368s] DEBUG:colcon.colcon_core.event_handler.log_command:Invoked command in '/home/victory/RoboNish/test_1_ros2_ws/src/simple_python_package' returned '0': PYTHONPATH=/home/victory/RoboNish/test_1_ros2_ws/build/simple_python_package/prefix_override:/usr/lib/python3/dist-packages/colcon_core/task/python/colcon_distutils_commands:/home/victory/RoboNish/test_1_ros2_ws/install/simple_python_package/lib/python3.10/site-packages:${PYTHONPATH} /usr/bin/python3 -W ignore:setup.py install is deprecated setup.py egg_info --egg-base ../../build/simple_python_package build --build-base /home/victory/RoboNish/test_1_ros2_ws/build/simple_python_package/build install --record /home/victory/RoboNish/test_1_ros2_ws/build/simple_python_package/install.log --single-version-externally-managed install_data
[2.373s] Level 1:colcon.colcon_core.environment:checking '/home/victory/RoboNish/test_1_ros2_ws/install/simple_python_package' for CMake module files
[2.373s] Level 1:colcon.colcon_core.environment:checking '/home/victory/RoboNish/test_1_ros2_ws/install/simple_python_package' for CMake config files
[2.374s] Level 1:colcon.colcon_core.environment:checking '/home/victory/RoboNish/test_1_ros2_ws/install/simple_python_package/lib'
[2.374s] Level 1:colcon.colcon_core.environment:checking '/home/victory/RoboNish/test_1_ros2_ws/install/simple_python_package/bin'
[2.374s] Level 1:colcon.colcon_core.environment:checking '/home/victory/RoboNish/test_1_ros2_ws/install/simple_python_package/lib/pkgconfig/simple_python_package.pc'
[2.375s] Level 1:colcon.colcon_core.environment:checking '/home/victory/RoboNish/test_1_ros2_ws/install/simple_python_package/lib/python3.10/site-packages'
[2.375s] Level 1:colcon.colcon_core.shell:create_environment_hook('simple_python_package', 'pythonpath')
[2.375s] INFO:colcon.colcon_core.shell:Creating environment hook '/home/victory/RoboNish/test_1_ros2_ws/install/simple_python_package/share/simple_python_package/hook/pythonpath.ps1'
[2.376s] INFO:colcon.colcon_core.shell:Creating environment descriptor '/home/victory/RoboNish/test_1_ros2_ws/install/simple_python_package/share/simple_python_package/hook/pythonpath.dsv'
[2.377s] INFO:colcon.colcon_core.shell:Creating environment hook '/home/victory/RoboNish/test_1_ros2_ws/install/simple_python_package/share/simple_python_package/hook/pythonpath.sh'
[2.378s] Level 1:colcon.colcon_core.environment:checking '/home/victory/RoboNish/test_1_ros2_ws/install/simple_python_package/bin'
[2.378s] Level 1:colcon.colcon_core.environment:create_environment_scripts_only(simple_python_package)
[2.378s] INFO:colcon.colcon_core.shell:Creating package script '/home/victory/RoboNish/test_1_ros2_ws/install/simple_python_package/share/simple_python_package/package.ps1'
[2.379s] INFO:colcon.colcon_core.shell:Creating package descriptor '/home/victory/RoboNish/test_1_ros2_ws/install/simple_python_package/share/simple_python_package/package.dsv'
[2.380s] INFO:colcon.colcon_core.shell:Creating package script '/home/victory/RoboNish/test_1_ros2_ws/install/simple_python_package/share/simple_python_package/package.sh'
[2.381s] INFO:colcon.colcon_core.shell:Creating package script '/home/victory/RoboNish/test_1_ros2_ws/install/simple_python_package/share/simple_python_package/package.bash'
[2.382s] INFO:colcon.colcon_core.shell:Creating package script '/home/victory/RoboNish/test_1_ros2_ws/install/simple_python_package/share/simple_python_package/package.zsh'
[2.382s] Level 1:colcon.colcon_core.environment:create_file_with_runtime_dependencies(/home/victory/RoboNish/test_1_ros2_ws/install/simple_python_package/share/colcon-core/packages/simple_python_package)
[2.386s] Level 1:colcon.colcon_core.environment:checking '/home/victory/RoboNish/test_1_ros2_ws/install/simple_python_package_with_node' for CMake module files
[2.388s] Level 1:colcon.colcon_core.environment:checking '/home/victory/RoboNish/test_1_ros2_ws/install/simple_python_package_with_node' for CMake config files
[2.388s] DEBUG:colcon.colcon_core.event_handler.log_command:Invoked command in '/home/victory/RoboNish/test_1_ros2_ws/src/simple_python_package_with_node' returned '0': PYTHONPATH=/home/victory/RoboNish/test_1_ros2_ws/build/simple_python_package_with_node/prefix_override:/usr/lib/python3/dist-packages/colcon_core/task/python/colcon_distutils_commands:/home/victory/RoboNish/test_1_ros2_ws/install/simple_python_package_with_node/lib/python3.10/site-packages:${PYTHONPATH} /usr/bin/python3 -W ignore:setup.py install is deprecated setup.py egg_info --egg-base ../../build/simple_python_package_with_node build --build-base /home/victory/RoboNish/test_1_ros2_ws/build/simple_python_package_with_node/build install --record /home/victory/RoboNish/test_1_ros2_ws/build/simple_python_package_with_node/install.log --single-version-externally-managed install_data
[2.389s] Level 1:colcon.colcon_core.environment:checking '/home/victory/RoboNish/test_1_ros2_ws/install/simple_python_package_with_node/lib'
[2.389s] Level 1:colcon.colcon_core.environment:checking '/home/victory/RoboNish/test_1_ros2_ws/install/simple_python_package_with_node/bin'
[2.389s] Level 1:colcon.colcon_core.environment:checking '/home/victory/RoboNish/test_1_ros2_ws/install/simple_python_package_with_node/lib/pkgconfig/simple_python_package_with_node.pc'
[2.390s] Level 1:colcon.colcon_core.environment:checking '/home/victory/RoboNish/test_1_ros2_ws/install/simple_python_package_with_node/lib/python3.10/site-packages'
[2.390s] Level 1:colcon.colcon_core.shell:create_environment_hook('simple_python_package_with_node', 'pythonpath')
[2.390s] INFO:colcon.colcon_core.shell:Creating environment hook '/home/victory/RoboNish/test_1_ros2_ws/install/simple_python_package_with_node/share/simple_python_package_with_node/hook/pythonpath.ps1'
[2.391s] INFO:colcon.colcon_core.shell:Creating environment descriptor '/home/victory/RoboNish/test_1_ros2_ws/install/simple_python_package_with_node/share/simple_python_package_with_node/hook/pythonpath.dsv'
[2.391s] INFO:colcon.colcon_core.shell:Creating environment hook '/home/victory/RoboNish/test_1_ros2_ws/install/simple_python_package_with_node/share/simple_python_package_with_node/hook/pythonpath.sh'
[2.392s] Level 1:colcon.colcon_core.environment:checking '/home/victory/RoboNish/test_1_ros2_ws/install/simple_python_package_with_node/bin'
[2.392s] Level 1:colcon.colcon_core.environment:create_environment_scripts_only(simple_python_package_with_node)
[2.393s] INFO:colcon.colcon_core.shell:Creating package script '/home/victory/RoboNish/test_1_ros2_ws/install/simple_python_package_with_node/share/simple_python_package_with_node/package.ps1'
[2.393s] INFO:colcon.colcon_core.shell:Creating package descriptor '/home/victory/RoboNish/test_1_ros2_ws/install/simple_python_package_with_node/share/simple_python_package_with_node/package.dsv'
[2.394s] INFO:colcon.colcon_core.shell:Creating package script '/home/victory/RoboNish/test_1_ros2_ws/install/simple_python_package_with_node/share/simple_python_package_with_node/package.sh'
[2.395s] INFO:colcon.colcon_core.shell:Creating package script '/home/victory/RoboNish/test_1_ros2_ws/install/simple_python_package_with_node/share/simple_python_package_with_node/package.bash'
[2.395s] INFO:colcon.colcon_core.shell:Creating package script '/home/victory/RoboNish/test_1_ros2_ws/install/simple_python_package_with_node/share/simple_python_package_with_node/package.zsh'
[2.395s] Level 1:colcon.colcon_core.environment:create_file_with_runtime_dependencies(/home/victory/RoboNish/test_1_ros2_ws/install/simple_python_package_with_node/share/colcon-core/packages/simple_python_package_with_node)
[2.396s] DEBUG:colcon.colcon_parallel_executor.executor.parallel:closing loop
[2.397s] DEBUG:colcon.colcon_parallel_executor.executor.parallel:loop closed
[2.398s] DEBUG:colcon.colcon_parallel_executor.executor.parallel:run_until_complete finished with '0'
[2.398s] DEBUG:colcon.colcon_core.event_reactor:joining thread
[2.506s] INFO:colcon.colcon_core.plugin_system:Skipping extension 'colcon_notification.desktop_notification.notify_send': Could not find 'notify-send'
[2.506s] INFO:colcon.colcon_core.plugin_system:Skipping extension 'colcon_notification.desktop_notification.terminal_notifier': Not used on non-Darwin systems
[2.506s] INFO:colcon.colcon_core.plugin_system:Skipping extension 'colcon_notification.desktop_notification.win32': Not used on non-Windows systems
[2.507s] INFO:colcon.colcon_notification.desktop_notification:Sending desktop notification using 'notify2'
[2.507s] DEBUG:colcon.colcon_notification.desktop_notification.notify2:Failed to initialize notify2: org.freedesktop.DBus.Error.FileNotFound: Failed to connect to socket /run/user/1000/bus: No such file or directory
[2.507s] DEBUG:colcon.colcon_core.event_reactor:joined thread
[2.507s] INFO:colcon.colcon_core.shell:Creating prefix script '/home/victory/RoboNish/test_1_ros2_ws/install/local_setup.ps1'
[2.508s] INFO:colcon.colcon_core.shell:Creating prefix util module '/home/victory/RoboNish/test_1_ros2_ws/install/_local_setup_util_ps1.py'
[2.510s] INFO:colcon.colcon_core.shell:Creating prefix chain script '/home/victory/RoboNish/test_1_ros2_ws/install/setup.ps1'
[2.511s] INFO:colcon.colcon_core.shell:Creating prefix script '/home/victory/RoboNish/test_1_ros2_ws/install/local_setup.sh'
[2.512s] INFO:colcon.colcon_core.shell:Creating prefix util module '/home/victory/RoboNish/test_1_ros2_ws/install/_local_setup_util_sh.py'
[2.513s] INFO:colcon.colcon_core.shell:Creating prefix chain script '/home/victory/RoboNish/test_1_ros2_ws/install/setup.sh'
[2.514s] INFO:colcon.colcon_core.shell:Creating prefix script '/home/victory/RoboNish/test_1_ros2_ws/install/local_setup.bash'
[2.514s] INFO:colcon.colcon_core.shell:Creating prefix chain script '/home/victory/RoboNish/test_1_ros2_ws/install/setup.bash'
[2.516s] INFO:colcon.colcon_core.shell:Creating prefix script '/home/victory/RoboNish/test_1_ros2_ws/install/local_setup.zsh'
[2.516s] INFO:colcon.colcon_core.shell:Creating prefix chain script '/home/victory/RoboNish/test_1_ros2_ws/install/setup.zsh'
