[0.509s] DEBUG:colcon:Command line arguments: ['/usr/bin/colcon', 'build']
[0.510s] DEBUG:colcon:Parsed command line arguments: Namespace(log_base=None, log_level=None, verb_name='build', build_base='build', install_base='install', merge_install=False, symlink_install=False, test_result_base=None, continue_on_error=False, executor='parallel', parallel_workers=4, event_handlers=None, ignore_user_meta=False, metas=['./colcon.meta'], base_paths=['.'], packages_ignore=None, packages_ignore_regex=None, paths=None, packages_up_to=None, packages_up_to_regex=None, packages_above=None, packages_above_and_dependencies=None, packages_above_depth=None, packages_select_by_dep=None, packages_skip_by_dep=None, packages_skip_up_to=None, packages_select_build_failed=False, packages_skip_build_finished=False, packages_select_test_failures=False, packages_skip_test_passed=False, packages_select=None, packages_skip=None, packages_select_regex=None, packages_skip_regex=None, packages_start=None, packages_end=None, allow_overriding=[], cmake_args=None, cmake_target=None, cmake_target_skip_unavailable=False, cmake_clean_cache=False, cmake_clean_first=False, cmake_force_configure=False, ament_cmake_args=None, catkin_cmake_args=None, catkin_skip_building_tests=False, mixin_files=None, mixin=None, verb_parser=<colcon_mixin.mixin.mixin_argument.MixinArgumentDecorator object at 0x7f4d8b299cf0>, verb_extension=<colcon_core.verb.build.BuildVerb object at 0x7f4d8b298ca0>, main=<bound method BuildVerb.main of <colcon_core.verb.build.BuildVerb object at 0x7f4d8b298ca0>>, mixin_verb=('build',))
[0.722s] Level 1:colcon.colcon_core.package_discovery:discover_packages(colcon_meta) check parameters
[0.722s] Level 1:colcon.colcon_core.package_discovery:discover_packages(recursive) check parameters
[0.722s] Level 1:colcon.colcon_core.package_discovery:discover_packages(ignore) check parameters
[0.722s] Level 1:colcon.colcon_core.package_discovery:discover_packages(path) check parameters
[0.722s] Level 1:colcon.colcon_core.package_discovery:discover_packages(colcon_meta) discover
[0.722s] Level 1:colcon.colcon_core.package_discovery:discover_packages(recursive) discover
[0.723s] INFO:colcon.colcon_core.package_discovery:Crawling recursively for packages in '/home/victory/Robot-Operating-System/python_ws'
[0.723s] Level 1:colcon.colcon_core.package_identification:_identify(.) by extensions ['ignore', 'ignore_ament_install']
[0.723s] Level 1:colcon.colcon_core.package_identification:_identify(.) by extension 'ignore'
[0.723s] Level 1:colcon.colcon_core.package_identification:_identify(.) by extension 'ignore_ament_install'
[0.723s] Level 1:colcon.colcon_core.package_identification:_identify(.) by extensions ['colcon_pkg']
[0.723s] Level 1:colcon.colcon_core.package_identification:_identify(.) by extension 'colcon_pkg'
[0.723s] Level 1:colcon.colcon_core.package_identification:_identify(.) by extensions ['colcon_meta']
[0.723s] Level 1:colcon.colcon_core.package_identification:_identify(.) by extension 'colcon_meta'
[0.723s] Level 1:colcon.colcon_core.package_identification:_identify(.) by extensions ['ros']
[0.723s] Level 1:colcon.colcon_core.package_identification:_identify(.) by extension 'ros'
[0.738s] Level 1:colcon.colcon_core.package_identification:_identify(.) by extensions ['cmake', 'python']
[0.738s] Level 1:colcon.colcon_core.package_identification:_identify(.) by extension 'cmake'
[0.738s] Level 1:colcon.colcon_core.package_identification:_identify(.) by extension 'python'
[0.738s] Level 1:colcon.colcon_core.package_identification:_identify(.) by extensions ['python_setup_py']
[0.738s] Level 1:colcon.colcon_core.package_identification:_identify(.) by extension 'python_setup_py'
[0.738s] Level 1:colcon.colcon_core.package_identification:_identify(build) by extensions ['ignore', 'ignore_ament_install']
[0.738s] Level 1:colcon.colcon_core.package_identification:_identify(build) by extension 'ignore'
[0.738s] Level 1:colcon.colcon_core.package_identification:_identify(build) ignored
[0.739s] Level 1:colcon.colcon_core.package_identification:_identify(install) by extensions ['ignore', 'ignore_ament_install']
[0.739s] Level 1:colcon.colcon_core.package_identification:_identify(install) by extension 'ignore'
[0.739s] Level 1:colcon.colcon_core.package_identification:_identify(install) ignored
[0.739s] Level 1:colcon.colcon_core.package_identification:_identify(log) by extensions ['ignore', 'ignore_ament_install']
[0.739s] Level 1:colcon.colcon_core.package_identification:_identify(log) by extension 'ignore'
[0.739s] Level 1:colcon.colcon_core.package_identification:_identify(log) ignored
[0.739s] Level 1:colcon.colcon_core.package_identification:_identify(src) by extensions ['ignore', 'ignore_ament_install']
[0.739s] Level 1:colcon.colcon_core.package_identification:_identify(src) by extension 'ignore'
[0.739s] Level 1:colcon.colcon_core.package_identification:_identify(src) by extension 'ignore_ament_install'
[0.739s] Level 1:colcon.colcon_core.package_identification:_identify(src) by extensions ['colcon_pkg']
[0.739s] Level 1:colcon.colcon_core.package_identification:_identify(src) by extension 'colcon_pkg'
[0.739s] Level 1:colcon.colcon_core.package_identification:_identify(src) by extensions ['colcon_meta']
[0.740s] Level 1:colcon.colcon_core.package_identification:_identify(src) by extension 'colcon_meta'
[0.740s] Level 1:colcon.colcon_core.package_identification:_identify(src) by extensions ['ros']
[0.740s] Level 1:colcon.colcon_core.package_identification:_identify(src) by extension 'ros'
[0.740s] Level 1:colcon.colcon_core.package_identification:_identify(src) by extensions ['cmake', 'python']
[0.740s] Level 1:colcon.colcon_core.package_identification:_identify(src) by extension 'cmake'
[0.740s] Level 1:colcon.colcon_core.package_identification:_identify(src) by extension 'python'
[0.740s] Level 1:colcon.colcon_core.package_identification:_identify(src) by extensions ['python_setup_py']
[0.740s] Level 1:colcon.colcon_core.package_identification:_identify(src) by extension 'python_setup_py'
[0.740s] Level 1:colcon.colcon_core.package_identification:_identify(src/motor_distance_sensor_package) by extensions ['ignore', 'ignore_ament_install']
[0.740s] Level 1:colcon.colcon_core.package_identification:_identify(src/motor_distance_sensor_package) by extension 'ignore'
[0.740s] Level 1:colcon.colcon_core.package_identification:_identify(src/motor_distance_sensor_package) by extension 'ignore_ament_install'
[0.740s] Level 1:colcon.colcon_core.package_identification:_identify(src/motor_distance_sensor_package) by extensions ['colcon_pkg']
[0.740s] Level 1:colcon.colcon_core.package_identification:_identify(src/motor_distance_sensor_package) by extension 'colcon_pkg'
[0.740s] Level 1:colcon.colcon_core.package_identification:_identify(src/motor_distance_sensor_package) by extensions ['colcon_meta']
[0.740s] Level 1:colcon.colcon_core.package_identification:_identify(src/motor_distance_sensor_package) by extension 'colcon_meta'
[0.740s] Level 1:colcon.colcon_core.package_identification:_identify(src/motor_distance_sensor_package) by extensions ['ros']
[0.741s] Level 1:colcon.colcon_core.package_identification:_identify(src/motor_distance_sensor_package) by extension 'ros'
[0.743s] DEBUG:colcon.colcon_core.package_identification:Package 'src/motor_distance_sensor_package' with type 'ros.ament_python' and name 'motor_distance_sensor_package'
[0.743s] Level 1:colcon.colcon_core.package_identification:_identify(src/package_that_uses_package_with_interfaces) by extensions ['ignore', 'ignore_ament_install']
[0.743s] Level 1:colcon.colcon_core.package_identification:_identify(src/package_that_uses_package_with_interfaces) by extension 'ignore'
[0.744s] Level 1:colcon.colcon_core.package_identification:_identify(src/package_that_uses_package_with_interfaces) by extension 'ignore_ament_install'
[0.744s] Level 1:colcon.colcon_core.package_identification:_identify(src/package_that_uses_package_with_interfaces) by extensions ['colcon_pkg']
[0.744s] Level 1:colcon.colcon_core.package_identification:_identify(src/package_that_uses_package_with_interfaces) by extension 'colcon_pkg'
[0.744s] Level 1:colcon.colcon_core.package_identification:_identify(src/package_that_uses_package_with_interfaces) by extensions ['colcon_meta']
[0.744s] Level 1:colcon.colcon_core.package_identification:_identify(src/package_that_uses_package_with_interfaces) by extension 'colcon_meta'
[0.744s] Level 1:colcon.colcon_core.package_identification:_identify(src/package_that_uses_package_with_interfaces) by extensions ['ros']
[0.744s] Level 1:colcon.colcon_core.package_identification:_identify(src/package_that_uses_package_with_interfaces) by extension 'ros'
[0.745s] DEBUG:colcon.colcon_core.package_identification:Package 'src/package_that_uses_package_with_interfaces' with type 'ros.ament_python' and name 'package_that_uses_package_with_interfaces'
[0.745s] Level 1:colcon.colcon_core.package_identification:_identify(src/package_with_interfaces) by extensions ['ignore', 'ignore_ament_install']
[0.745s] Level 1:colcon.colcon_core.package_identification:_identify(src/package_with_interfaces) by extension 'ignore'
[0.745s] Level 1:colcon.colcon_core.package_identification:_identify(src/package_with_interfaces) by extension 'ignore_ament_install'
[0.745s] Level 1:colcon.colcon_core.package_identification:_identify(src/package_with_interfaces) by extensions ['colcon_pkg']
[0.745s] Level 1:colcon.colcon_core.package_identification:_identify(src/package_with_interfaces) by extension 'colcon_pkg'
[0.745s] Level 1:colcon.colcon_core.package_identification:_identify(src/package_with_interfaces) by extensions ['colcon_meta']
[0.745s] Level 1:colcon.colcon_core.package_identification:_identify(src/package_with_interfaces) by extension 'colcon_meta'
[0.745s] Level 1:colcon.colcon_core.package_identification:_identify(src/package_with_interfaces) by extensions ['ros']
[0.745s] Level 1:colcon.colcon_core.package_identification:_identify(src/package_with_interfaces) by extension 'ros'
[0.746s] DEBUG:colcon.colcon_core.package_identification:Package 'src/package_with_interfaces' with type 'ros.ament_cmake' and name 'package_with_interfaces'
[0.746s] Level 1:colcon.colcon_core.package_identification:_identify(src/positio_encoder_decoder_python_package) by extensions ['ignore', 'ignore_ament_install']
[0.746s] Level 1:colcon.colcon_core.package_identification:_identify(src/positio_encoder_decoder_python_package) by extension 'ignore'
[0.746s] Level 1:colcon.colcon_core.package_identification:_identify(src/positio_encoder_decoder_python_package) by extension 'ignore_ament_install'
[0.747s] Level 1:colcon.colcon_core.package_identification:_identify(src/positio_encoder_decoder_python_package) by extensions ['colcon_pkg']
[0.747s] Level 1:colcon.colcon_core.package_identification:_identify(src/positio_encoder_decoder_python_package) by extension 'colcon_pkg'
[0.747s] Level 1:colcon.colcon_core.package_identification:_identify(src/positio_encoder_decoder_python_package) by extensions ['colcon_meta']
[0.747s] Level 1:colcon.colcon_core.package_identification:_identify(src/positio_encoder_decoder_python_package) by extension 'colcon_meta'
[0.747s] Level 1:colcon.colcon_core.package_identification:_identify(src/positio_encoder_decoder_python_package) by extensions ['ros']
[0.747s] Level 1:colcon.colcon_core.package_identification:_identify(src/positio_encoder_decoder_python_package) by extension 'ros'
[0.747s] DEBUG:colcon.colcon_core.package_identification:Package 'src/positio_encoder_decoder_python_package' with type 'ros.ament_python' and name 'positio_encoder_decoder_python_package'
[0.748s] Level 1:colcon.colcon_core.package_discovery:discover_packages(recursive) using defaults
[0.748s] Level 1:colcon.colcon_core.package_discovery:discover_packages(ignore) discover
[0.748s] Level 1:colcon.colcon_core.package_discovery:discover_packages(ignore) using defaults
[0.748s] Level 1:colcon.colcon_core.package_discovery:discover_packages(path) discover
[0.748s] Level 1:colcon.colcon_core.package_discovery:discover_packages(path) using defaults
[0.772s] Level 1:colcon.colcon_core.package_discovery:discover_packages(prefix_path) check parameters
[0.772s] Level 1:colcon.colcon_core.package_discovery:discover_packages(prefix_path) discover
[0.775s] DEBUG:colcon.colcon_installed_package_information.package_discovery:Found 293 installed packages in /opt/ros/humble
[0.777s] Level 1:colcon.colcon_core.package_discovery:discover_packages(prefix_path) using defaults
[0.841s] Level 5:colcon.colcon_core.verb:set package 'motor_distance_sensor_package' build argument 'cmake_args' from command line to 'None'
[0.841s] Level 5:colcon.colcon_core.verb:set package 'motor_distance_sensor_package' build argument 'cmake_target' from command line to 'None'
[0.842s] Level 5:colcon.colcon_core.verb:set package 'motor_distance_sensor_package' build argument 'cmake_target_skip_unavailable' from command line to 'False'
[0.842s] Level 5:colcon.colcon_core.verb:set package 'motor_distance_sensor_package' build argument 'cmake_clean_cache' from command line to 'False'
[0.842s] Level 5:colcon.colcon_core.verb:set package 'motor_distance_sensor_package' build argument 'cmake_clean_first' from command line to 'False'
[0.842s] Level 5:colcon.colcon_core.verb:set package 'motor_distance_sensor_package' build argument 'cmake_force_configure' from command line to 'False'
[0.842s] Level 5:colcon.colcon_core.verb:set package 'motor_distance_sensor_package' build argument 'ament_cmake_args' from command line to 'None'
[0.842s] Level 5:colcon.colcon_core.verb:set package 'motor_distance_sensor_package' build argument 'catkin_cmake_args' from command line to 'None'
[0.842s] Level 5:colcon.colcon_core.verb:set package 'motor_distance_sensor_package' build argument 'catkin_skip_building_tests' from command line to 'False'
[0.842s] DEBUG:colcon.colcon_core.verb:Building package 'motor_distance_sensor_package' with the following arguments: {'ament_cmake_args': None, 'build_base': '/home/victory/Robot-Operating-System/python_ws/build/motor_distance_sensor_package', 'catkin_cmake_args': None, 'catkin_skip_building_tests': False, 'cmake_args': None, 'cmake_clean_cache': False, 'cmake_clean_first': False, 'cmake_force_configure': False, 'cmake_target': None, 'cmake_target_skip_unavailable': False, 'install_base': '/home/victory/Robot-Operating-System/python_ws/install/motor_distance_sensor_package', 'merge_install': False, 'path': '/home/victory/Robot-Operating-System/python_ws/src/motor_distance_sensor_package', 'symlink_install': False, 'test_result_base': None}
[0.842s] Level 5:colcon.colcon_core.verb:set package 'package_with_interfaces' build argument 'cmake_args' from command line to 'None'
[0.842s] Level 5:colcon.colcon_core.verb:set package 'package_with_interfaces' build argument 'cmake_target' from command line to 'None'
[0.842s] Level 5:colcon.colcon_core.verb:set package 'package_with_interfaces' build argument 'cmake_target_skip_unavailable' from command line to 'False'
[0.842s] Level 5:colcon.colcon_core.verb:set package 'package_with_interfaces' build argument 'cmake_clean_cache' from command line to 'False'
[0.842s] Level 5:colcon.colcon_core.verb:set package 'package_with_interfaces' build argument 'cmake_clean_first' from command line to 'False'
[0.842s] Level 5:colcon.colcon_core.verb:set package 'package_with_interfaces' build argument 'cmake_force_configure' from command line to 'False'
[0.842s] Level 5:colcon.colcon_core.verb:set package 'package_with_interfaces' build argument 'ament_cmake_args' from command line to 'None'
[0.842s] Level 5:colcon.colcon_core.verb:set package 'package_with_interfaces' build argument 'catkin_cmake_args' from command line to 'None'
[0.842s] Level 5:colcon.colcon_core.verb:set package 'package_with_interfaces' build argument 'catkin_skip_building_tests' from command line to 'False'
[0.842s] DEBUG:colcon.colcon_core.verb:Building package 'package_with_interfaces' with the following arguments: {'ament_cmake_args': None, 'build_base': '/home/victory/Robot-Operating-System/python_ws/build/package_with_interfaces', 'catkin_cmake_args': None, 'catkin_skip_building_tests': False, 'cmake_args': None, 'cmake_clean_cache': False, 'cmake_clean_first': False, 'cmake_force_configure': False, 'cmake_target': None, 'cmake_target_skip_unavailable': False, 'install_base': '/home/victory/Robot-Operating-System/python_ws/install/package_with_interfaces', 'merge_install': False, 'path': '/home/victory/Robot-Operating-System/python_ws/src/package_with_interfaces', 'symlink_install': False, 'test_result_base': None}
[0.843s] Level 5:colcon.colcon_core.verb:set package 'positio_encoder_decoder_python_package' build argument 'cmake_args' from command line to 'None'
[0.843s] Level 5:colcon.colcon_core.verb:set package 'positio_encoder_decoder_python_package' build argument 'cmake_target' from command line to 'None'
[0.843s] Level 5:colcon.colcon_core.verb:set package 'positio_encoder_decoder_python_package' build argument 'cmake_target_skip_unavailable' from command line to 'False'
[0.843s] Level 5:colcon.colcon_core.verb:set package 'positio_encoder_decoder_python_package' build argument 'cmake_clean_cache' from command line to 'False'
[0.843s] Level 5:colcon.colcon_core.verb:set package 'positio_encoder_decoder_python_package' build argument 'cmake_clean_first' from command line to 'False'
[0.843s] Level 5:colcon.colcon_core.verb:set package 'positio_encoder_decoder_python_package' build argument 'cmake_force_configure' from command line to 'False'
[0.843s] Level 5:colcon.colcon_core.verb:set package 'positio_encoder_decoder_python_package' build argument 'ament_cmake_args' from command line to 'None'
[0.843s] Level 5:colcon.colcon_core.verb:set package 'positio_encoder_decoder_python_package' build argument 'catkin_cmake_args' from command line to 'None'
[0.843s] Level 5:colcon.colcon_core.verb:set package 'positio_encoder_decoder_python_package' build argument 'catkin_skip_building_tests' from command line to 'False'
[0.843s] DEBUG:colcon.colcon_core.verb:Building package 'positio_encoder_decoder_python_package' with the following arguments: {'ament_cmake_args': None, 'build_base': '/home/victory/Robot-Operating-System/python_ws/build/positio_encoder_decoder_python_package', 'catkin_cmake_args': None, 'catkin_skip_building_tests': False, 'cmake_args': None, 'cmake_clean_cache': False, 'cmake_clean_first': False, 'cmake_force_configure': False, 'cmake_target': None, 'cmake_target_skip_unavailable': False, 'install_base': '/home/victory/Robot-Operating-System/python_ws/install/positio_encoder_decoder_python_package', 'merge_install': False, 'path': '/home/victory/Robot-Operating-System/python_ws/src/positio_encoder_decoder_python_package', 'symlink_install': False, 'test_result_base': None}
[0.844s] Level 5:colcon.colcon_core.verb:set package 'package_that_uses_package_with_interfaces' build argument 'cmake_args' from command line to 'None'
[0.844s] Level 5:colcon.colcon_core.verb:set package 'package_that_uses_package_with_interfaces' build argument 'cmake_target' from command line to 'None'
[0.844s] Level 5:colcon.colcon_core.verb:set package 'package_that_uses_package_with_interfaces' build argument 'cmake_target_skip_unavailable' from command line to 'False'
[0.844s] Level 5:colcon.colcon_core.verb:set package 'package_that_uses_package_with_interfaces' build argument 'cmake_clean_cache' from command line to 'False'
[0.844s] Level 5:colcon.colcon_core.verb:set package 'package_that_uses_package_with_interfaces' build argument 'cmake_clean_first' from command line to 'False'
[0.844s] Level 5:colcon.colcon_core.verb:set package 'package_that_uses_package_with_interfaces' build argument 'cmake_force_configure' from command line to 'False'
[0.844s] Level 5:colcon.colcon_core.verb:set package 'package_that_uses_package_with_interfaces' build argument 'ament_cmake_args' from command line to 'None'
[0.844s] Level 5:colcon.colcon_core.verb:set package 'package_that_uses_package_with_interfaces' build argument 'catkin_cmake_args' from command line to 'None'
[0.844s] Level 5:colcon.colcon_core.verb:set package 'package_that_uses_package_with_interfaces' build argument 'catkin_skip_building_tests' from command line to 'False'
[0.844s] DEBUG:colcon.colcon_core.verb:Building package 'package_that_uses_package_with_interfaces' with the following arguments: {'ament_cmake_args': None, 'build_base': '/home/victory/Robot-Operating-System/python_ws/build/package_that_uses_package_with_interfaces', 'catkin_cmake_args': None, 'catkin_skip_building_tests': False, 'cmake_args': None, 'cmake_clean_cache': False, 'cmake_clean_first': False, 'cmake_force_configure': False, 'cmake_target': None, 'cmake_target_skip_unavailable': False, 'install_base': '/home/victory/Robot-Operating-System/python_ws/install/package_that_uses_package_with_interfaces', 'merge_install': False, 'path': '/home/victory/Robot-Operating-System/python_ws/src/package_that_uses_package_with_interfaces', 'symlink_install': False, 'test_result_base': None}
[0.844s] INFO:colcon.colcon_core.executor:Executing jobs using 'parallel' executor
[0.845s] DEBUG:colcon.colcon_parallel_executor.executor.parallel:run_until_complete
[0.846s] INFO:colcon.colcon_ros.task.ament_cmake.build:Building ROS package in '/home/victory/Robot-Operating-System/python_ws/src/package_with_interfaces' with build type 'ament_cmake'
[0.846s] INFO:colcon.colcon_cmake.task.cmake.build:Building CMake package in '/home/victory/Robot-Operating-System/python_ws/src/package_with_interfaces'
[0.851s] INFO:colcon.colcon_core.plugin_system:Skipping extension 'colcon_core.shell.bat': Not used on non-Windows systems
[0.852s] INFO:colcon.colcon_core.shell:Skip shell extension 'powershell' for command environment: Not usable outside of PowerShell
[0.852s] DEBUG:colcon.colcon_core.shell:Skip shell extension 'dsv' for command environment
[0.857s] INFO:colcon.colcon_ros.task.ament_python.build:Building ROS package in '/home/victory/Robot-Operating-System/python_ws/src/motor_distance_sensor_package' with build type 'ament_python'
[0.857s] Level 1:colcon.colcon_core.shell:create_environment_hook('motor_distance_sensor_package', 'ament_prefix_path')
[0.858s] INFO:colcon.colcon_core.shell:Creating environment hook '/home/victory/Robot-Operating-System/python_ws/install/motor_distance_sensor_package/share/motor_distance_sensor_package/hook/ament_prefix_path.ps1'
[0.860s] INFO:colcon.colcon_core.shell:Creating environment descriptor '/home/victory/Robot-Operating-System/python_ws/install/motor_distance_sensor_package/share/motor_distance_sensor_package/hook/ament_prefix_path.dsv'
[0.861s] INFO:colcon.colcon_core.shell:Creating environment hook '/home/victory/Robot-Operating-System/python_ws/install/motor_distance_sensor_package/share/motor_distance_sensor_package/hook/ament_prefix_path.sh'
[0.862s] INFO:colcon.colcon_core.shell:Skip shell extension 'powershell' for command environment: Not usable outside of PowerShell
[0.862s] DEBUG:colcon.colcon_core.shell:Skip shell extension 'dsv' for command environment
[0.867s] INFO:colcon.colcon_ros.task.ament_python.build:Building ROS package in '/home/victory/Robot-Operating-System/python_ws/src/positio_encoder_decoder_python_package' with build type 'ament_python'
[0.868s] Level 1:colcon.colcon_core.shell:create_environment_hook('positio_encoder_decoder_python_package', 'ament_prefix_path')
[0.870s] INFO:colcon.colcon_core.shell:Creating environment hook '/home/victory/Robot-Operating-System/python_ws/install/positio_encoder_decoder_python_package/share/positio_encoder_decoder_python_package/hook/ament_prefix_path.ps1'
[0.875s] INFO:colcon.colcon_core.shell:Creating environment descriptor '/home/victory/Robot-Operating-System/python_ws/install/positio_encoder_decoder_python_package/share/positio_encoder_decoder_python_package/hook/ament_prefix_path.dsv'
[0.876s] INFO:colcon.colcon_core.shell:Creating environment hook '/home/victory/Robot-Operating-System/python_ws/install/positio_encoder_decoder_python_package/share/positio_encoder_decoder_python_package/hook/ament_prefix_path.sh'
[0.878s] INFO:colcon.colcon_core.shell:Skip shell extension 'powershell' for command environment: Not usable outside of PowerShell
[0.878s] DEBUG:colcon.colcon_core.shell:Skip shell extension 'dsv' for command environment
[0.898s] DEBUG:colcon.colcon_core.event_handler.log_command:Invoking command in '/home/victory/Robot-Operating-System/python_ws/build/package_with_interfaces': CMAKE_PREFIX_PATH=/opt/ros/humble /home/linuxbrew/.linuxbrew/bin/cmake --build /home/victory/Robot-Operating-System/python_ws/build/package_with_interfaces -- -j4 -l4
[1.372s] INFO:colcon.colcon_core.task.python.build:Building Python package in '/home/victory/Robot-Operating-System/python_ws/src/motor_distance_sensor_package'
[1.373s] INFO:colcon.colcon_core.shell:Skip shell extension 'powershell' for command environment: Not usable outside of PowerShell
[1.373s] DEBUG:colcon.colcon_core.shell:Skip shell extension 'dsv' for command environment
[1.732s] INFO:colcon.colcon_core.task.python.build:Building Python package in '/home/victory/Robot-Operating-System/python_ws/src/positio_encoder_decoder_python_package'
[1.732s] INFO:colcon.colcon_core.shell:Skip shell extension 'powershell' for command environment: Not usable outside of PowerShell
[1.732s] DEBUG:colcon.colcon_core.shell:Skip shell extension 'dsv' for command environment
[1.758s] DEBUG:colcon.colcon_core.event_handler.log_command:Invoked command in '/home/victory/Robot-Operating-System/python_ws/build/package_with_interfaces' returned '0': CMAKE_PREFIX_PATH=/opt/ros/humble /home/linuxbrew/.linuxbrew/bin/cmake --build /home/victory/Robot-Operating-System/python_ws/build/package_with_interfaces -- -j4 -l4
[1.926s] DEBUG:colcon.colcon_core.event_handler.log_command:Invoking command in '/home/victory/Robot-Operating-System/python_ws/build/package_with_interfaces': CMAKE_PREFIX_PATH=/opt/ros/humble /home/linuxbrew/.linuxbrew/bin/cmake --install /home/victory/Robot-Operating-System/python_ws/build/package_with_interfaces
[2.036s] Level 1:colcon.colcon_core.environment:create_environment_scripts_only(package_with_interfaces)
[2.041s] Level 1:colcon.colcon_core.environment:checking '/home/victory/Robot-Operating-System/python_ws/install/package_with_interfaces' for CMake module files
[2.042s] Level 1:colcon.colcon_core.environment:checking '/home/victory/Robot-Operating-System/python_ws/install/package_with_interfaces' for CMake config files
[2.043s] Level 1:colcon.colcon_core.shell:create_environment_hook('package_with_interfaces', 'cmake_prefix_path')
[2.044s] INFO:colcon.colcon_core.shell:Creating environment hook '/home/victory/Robot-Operating-System/python_ws/install/package_with_interfaces/share/package_with_interfaces/hook/cmake_prefix_path.ps1'
[2.045s] INFO:colcon.colcon_core.shell:Creating environment descriptor '/home/victory/Robot-Operating-System/python_ws/install/package_with_interfaces/share/package_with_interfaces/hook/cmake_prefix_path.dsv'
[2.046s] INFO:colcon.colcon_core.shell:Creating environment hook '/home/victory/Robot-Operating-System/python_ws/install/package_with_interfaces/share/package_with_interfaces/hook/cmake_prefix_path.sh'
[2.052s] Level 1:colcon.colcon_core.environment:checking '/home/victory/Robot-Operating-System/python_ws/install/package_with_interfaces/lib'
[2.053s] Level 1:colcon.colcon_core.shell:create_environment_hook('package_with_interfaces', 'ld_library_path_lib')
[2.054s] INFO:colcon.colcon_core.shell:Creating environment hook '/home/victory/Robot-Operating-System/python_ws/install/package_with_interfaces/share/package_with_interfaces/hook/ld_library_path_lib.ps1'
[2.058s] INFO:colcon.colcon_core.shell:Creating environment descriptor '/home/victory/Robot-Operating-System/python_ws/install/package_with_interfaces/share/package_with_interfaces/hook/ld_library_path_lib.dsv'
[2.061s] DEBUG:colcon.colcon_core.event_handler.log_command:Invoked command in '/home/victory/Robot-Operating-System/python_ws/build/package_with_interfaces' returned '0': CMAKE_PREFIX_PATH=/opt/ros/humble /home/linuxbrew/.linuxbrew/bin/cmake --install /home/victory/Robot-Operating-System/python_ws/build/package_with_interfaces
[2.062s] INFO:colcon.colcon_core.shell:Creating environment hook '/home/victory/Robot-Operating-System/python_ws/install/package_with_interfaces/share/package_with_interfaces/hook/ld_library_path_lib.sh'
[2.063s] Level 1:colcon.colcon_core.environment:checking '/home/victory/Robot-Operating-System/python_ws/install/package_with_interfaces/bin'
[2.063s] Level 1:colcon.colcon_core.environment:checking '/home/victory/Robot-Operating-System/python_ws/install/package_with_interfaces/lib/pkgconfig/package_with_interfaces.pc'
[2.064s] Level 1:colcon.colcon_core.environment:checking '/home/victory/Robot-Operating-System/python_ws/install/package_with_interfaces/lib/python3.10/site-packages'
[2.064s] Level 1:colcon.colcon_core.environment:checking '/home/victory/Robot-Operating-System/python_ws/install/package_with_interfaces/bin'
[2.064s] INFO:colcon.colcon_core.shell:Creating package script '/home/victory/Robot-Operating-System/python_ws/install/package_with_interfaces/share/package_with_interfaces/package.ps1'
[2.065s] INFO:colcon.colcon_core.shell:Creating package descriptor '/home/victory/Robot-Operating-System/python_ws/install/package_with_interfaces/share/package_with_interfaces/package.dsv'
[2.067s] INFO:colcon.colcon_core.shell:Creating package script '/home/victory/Robot-Operating-System/python_ws/install/package_with_interfaces/share/package_with_interfaces/package.sh'
[2.068s] INFO:colcon.colcon_core.shell:Creating package script '/home/victory/Robot-Operating-System/python_ws/install/package_with_interfaces/share/package_with_interfaces/package.bash'
[2.069s] INFO:colcon.colcon_core.shell:Creating package script '/home/victory/Robot-Operating-System/python_ws/install/package_with_interfaces/share/package_with_interfaces/package.zsh'
[2.071s] Level 1:colcon.colcon_core.environment:create_file_with_runtime_dependencies(/home/victory/Robot-Operating-System/python_ws/install/package_with_interfaces/share/colcon-core/packages/package_with_interfaces)
[2.235s] Level 1:colcon.colcon_core.environment:create_environment_scripts_only(package_with_interfaces)
[2.236s] Level 1:colcon.colcon_core.environment:checking '/home/victory/Robot-Operating-System/python_ws/install/package_with_interfaces' for CMake module files
[2.237s] Level 1:colcon.colcon_core.environment:checking '/home/victory/Robot-Operating-System/python_ws/install/package_with_interfaces' for CMake config files
[2.238s] Level 1:colcon.colcon_core.shell:create_environment_hook('package_with_interfaces', 'cmake_prefix_path')
[2.238s] INFO:colcon.colcon_core.shell:Creating environment hook '/home/victory/Robot-Operating-System/python_ws/install/package_with_interfaces/share/package_with_interfaces/hook/cmake_prefix_path.ps1'
[2.239s] INFO:colcon.colcon_core.shell:Creating environment descriptor '/home/victory/Robot-Operating-System/python_ws/install/package_with_interfaces/share/package_with_interfaces/hook/cmake_prefix_path.dsv'
[2.240s] INFO:colcon.colcon_core.shell:Creating environment hook '/home/victory/Robot-Operating-System/python_ws/install/package_with_interfaces/share/package_with_interfaces/hook/cmake_prefix_path.sh'
[2.240s] Level 1:colcon.colcon_core.environment:checking '/home/victory/Robot-Operating-System/python_ws/install/package_with_interfaces/lib'
[2.241s] Level 1:colcon.colcon_core.shell:create_environment_hook('package_with_interfaces', 'ld_library_path_lib')
[2.241s] INFO:colcon.colcon_core.shell:Creating environment hook '/home/victory/Robot-Operating-System/python_ws/install/package_with_interfaces/share/package_with_interfaces/hook/ld_library_path_lib.ps1'
[2.241s] INFO:colcon.colcon_core.shell:Creating environment descriptor '/home/victory/Robot-Operating-System/python_ws/install/package_with_interfaces/share/package_with_interfaces/hook/ld_library_path_lib.dsv'
[2.242s] INFO:colcon.colcon_core.shell:Creating environment hook '/home/victory/Robot-Operating-System/python_ws/install/package_with_interfaces/share/package_with_interfaces/hook/ld_library_path_lib.sh'
[2.243s] Level 1:colcon.colcon_core.environment:checking '/home/victory/Robot-Operating-System/python_ws/install/package_with_interfaces/bin'
[2.243s] Level 1:colcon.colcon_core.environment:checking '/home/victory/Robot-Operating-System/python_ws/install/package_with_interfaces/lib/pkgconfig/package_with_interfaces.pc'
[2.244s] Level 1:colcon.colcon_core.environment:checking '/home/victory/Robot-Operating-System/python_ws/install/package_with_interfaces/lib/python3.10/site-packages'
[2.244s] Level 1:colcon.colcon_core.environment:checking '/home/victory/Robot-Operating-System/python_ws/install/package_with_interfaces/bin'
[2.245s] INFO:colcon.colcon_core.shell:Creating package script '/home/victory/Robot-Operating-System/python_ws/install/package_with_interfaces/share/package_with_interfaces/package.ps1'
[2.246s] INFO:colcon.colcon_core.shell:Creating package descriptor '/home/victory/Robot-Operating-System/python_ws/install/package_with_interfaces/share/package_with_interfaces/package.dsv'
[2.247s] INFO:colcon.colcon_core.shell:Creating package script '/home/victory/Robot-Operating-System/python_ws/install/package_with_interfaces/share/package_with_interfaces/package.sh'
[2.248s] INFO:colcon.colcon_core.shell:Creating package script '/home/victory/Robot-Operating-System/python_ws/install/package_with_interfaces/share/package_with_interfaces/package.bash'
[2.249s] INFO:colcon.colcon_core.shell:Creating package script '/home/victory/Robot-Operating-System/python_ws/install/package_with_interfaces/share/package_with_interfaces/package.zsh'
[2.251s] Level 1:colcon.colcon_core.environment:create_file_with_runtime_dependencies(/home/victory/Robot-Operating-System/python_ws/install/package_with_interfaces/share/colcon-core/packages/package_with_interfaces)
[2.252s] INFO:colcon.colcon_ros.task.ament_python.build:Building ROS package in '/home/victory/Robot-Operating-System/python_ws/src/package_that_uses_package_with_interfaces' with build type 'ament_python'
[2.252s] Level 1:colcon.colcon_core.shell:create_environment_hook('package_that_uses_package_with_interfaces', 'ament_prefix_path')
[2.254s] INFO:colcon.colcon_core.shell:Creating environment hook '/home/victory/Robot-Operating-System/python_ws/install/package_that_uses_package_with_interfaces/share/package_that_uses_package_with_interfaces/hook/ament_prefix_path.ps1'
[2.257s] INFO:colcon.colcon_core.shell:Creating environment descriptor '/home/victory/Robot-Operating-System/python_ws/install/package_that_uses_package_with_interfaces/share/package_that_uses_package_with_interfaces/hook/ament_prefix_path.dsv'
[2.258s] INFO:colcon.colcon_core.shell:Creating environment hook '/home/victory/Robot-Operating-System/python_ws/install/package_that_uses_package_with_interfaces/share/package_that_uses_package_with_interfaces/hook/ament_prefix_path.sh'
[2.259s] INFO:colcon.colcon_core.shell:Skip shell extension 'powershell' for command environment: Not usable outside of PowerShell
[2.259s] DEBUG:colcon.colcon_core.shell:Skip shell extension 'dsv' for command environment
[2.947s] DEBUG:colcon.colcon_parallel_executor.executor.parallel:closing loop
[2.947s] DEBUG:colcon.colcon_parallel_executor.executor.parallel:loop closed
[2.948s] DEBUG:colcon.colcon_parallel_executor.executor.parallel:run_until_complete finished with 'Command '['/usr/bin/python3', '-c', 'import sys;from contextlib import suppress;exec("with suppress(ImportError):    from setuptools.extern.packaging.specifiers    import SpecifierSet");exec("with suppress(ImportError):    from packaging.specifiers import SpecifierSet");from distutils.core import run_setup;dist = run_setup(    \'setup.py\', script_args=(\'--dry-run\',), stop_after=\'config\');skip_keys = (\'cmdclass\', \'distclass\', \'ext_modules\', \'metadata\');data = {    key: value for key, value in dist.__dict__.items()     if (        not key.startswith(\'_\') and         not callable(value) and         key not in skip_keys and         key not in dist.display_option_names    )};data[\'metadata\'] = {    k: v for k, v in dist.metadata.__dict__.items()     if k not in (\'license_files\', \'provides_extras\')};sys.stdout.buffer.write(repr(data).encode(\'utf-8\'))']' returned non-zero exit status 1.'
[2.948s] DEBUG:colcon.colcon_core.event_reactor:joining thread
[3.053s] INFO:colcon.colcon_core.plugin_system:Skipping extension 'colcon_notification.desktop_notification.notify_send': Could not find 'notify-send'
[3.053s] INFO:colcon.colcon_core.plugin_system:Skipping extension 'colcon_notification.desktop_notification.terminal_notifier': Not used on non-Darwin systems
[3.053s] INFO:colcon.colcon_core.plugin_system:Skipping extension 'colcon_notification.desktop_notification.win32': Not used on non-Windows systems
[3.054s] INFO:colcon.colcon_notification.desktop_notification:Sending desktop notification using 'notify2'
[3.054s] DEBUG:colcon.colcon_notification.desktop_notification.notify2:Failed to initialize notify2: org.freedesktop.DBus.Error.FileNotFound: Failed to connect to socket /run/user/1000/bus: No such file or directory
[3.054s] DEBUG:colcon.colcon_core.event_reactor:joined thread
[3.054s] INFO:colcon.colcon_core.shell:Creating prefix script '/home/victory/Robot-Operating-System/python_ws/install/local_setup.ps1'
[3.056s] INFO:colcon.colcon_core.shell:Creating prefix util module '/home/victory/Robot-Operating-System/python_ws/install/_local_setup_util_ps1.py'
[3.057s] INFO:colcon.colcon_core.shell:Creating prefix chain script '/home/victory/Robot-Operating-System/python_ws/install/setup.ps1'
[3.058s] INFO:colcon.colcon_core.shell:Creating prefix script '/home/victory/Robot-Operating-System/python_ws/install/local_setup.sh'
[3.059s] INFO:colcon.colcon_core.shell:Creating prefix util module '/home/victory/Robot-Operating-System/python_ws/install/_local_setup_util_sh.py'
[3.059s] INFO:colcon.colcon_core.shell:Creating prefix chain script '/home/victory/Robot-Operating-System/python_ws/install/setup.sh'
[3.060s] INFO:colcon.colcon_core.shell:Creating prefix script '/home/victory/Robot-Operating-System/python_ws/install/local_setup.bash'
[3.061s] INFO:colcon.colcon_core.shell:Creating prefix chain script '/home/victory/Robot-Operating-System/python_ws/install/setup.bash'
[3.063s] INFO:colcon.colcon_core.shell:Creating prefix script '/home/victory/Robot-Operating-System/python_ws/install/local_setup.zsh'
[3.063s] INFO:colcon.colcon_core.shell:Creating prefix chain script '/home/victory/Robot-Operating-System/python_ws/install/setup.zsh'
