[0.477s] DEBUG:colcon:Command line arguments: ['/usr/bin/colcon', 'build', '--packages-up-to', 'custom_interfaces']
[0.477s] DEBUG:colcon:Parsed command line arguments: Namespace(log_base=None, log_level=None, verb_name='build', build_base='build', install_base='install', merge_install=False, symlink_install=False, test_result_base=None, continue_on_error=False, executor='parallel', parallel_workers=4, event_handlers=None, ignore_user_meta=False, metas=['./colcon.meta'], base_paths=['.'], packages_ignore=None, packages_ignore_regex=None, paths=None, packages_up_to=['custom_interfaces'], packages_up_to_regex=None, packages_above=None, packages_above_and_dependencies=None, packages_above_depth=None, packages_select_by_dep=None, packages_skip_by_dep=None, packages_skip_up_to=None, packages_select_build_failed=False, packages_skip_build_finished=False, packages_select_test_failures=False, packages_skip_test_passed=False, packages_select=None, packages_skip=None, packages_select_regex=None, packages_skip_regex=None, packages_start=None, packages_end=None, allow_overriding=[], cmake_args=None, cmake_target=None, cmake_target_skip_unavailable=False, cmake_clean_cache=False, cmake_clean_first=False, cmake_force_configure=False, ament_cmake_args=None, catkin_cmake_args=None, catkin_skip_building_tests=False, mixin_files=None, mixin=None, verb_parser=<colcon_mixin.mixin.mixin_argument.MixinArgumentDecorator object at 0x7f6b43399f60>, verb_extension=<colcon_core.verb.build.BuildVerb object at 0x7f6b43398f10>, main=<bound method BuildVerb.main of <colcon_core.verb.build.BuildVerb object at 0x7f6b43398f10>>, mixin_verb=('build',))
[8.033s] Level 1:colcon.colcon_core.package_discovery:discover_packages(colcon_meta) check parameters
[8.034s] Level 1:colcon.colcon_core.package_discovery:discover_packages(recursive) check parameters
[8.034s] Level 1:colcon.colcon_core.package_discovery:discover_packages(ignore) check parameters
[8.034s] Level 1:colcon.colcon_core.package_discovery:discover_packages(path) check parameters
[8.034s] Level 1:colcon.colcon_core.package_discovery:discover_packages(colcon_meta) discover
[8.034s] Level 1:colcon.colcon_core.package_discovery:discover_packages(recursive) discover
[8.034s] INFO:colcon.colcon_core.package_discovery:Crawling recursively for packages in '/home/victory/Robot-Operating-System/cpp_ws'
[8.034s] Level 1:colcon.colcon_core.package_identification:_identify(.) by extensions ['ignore', 'ignore_ament_install']
[8.034s] Level 1:colcon.colcon_core.package_identification:_identify(.) by extension 'ignore'
[8.034s] Level 1:colcon.colcon_core.package_identification:_identify(.) by extension 'ignore_ament_install'
[8.034s] Level 1:colcon.colcon_core.package_identification:_identify(.) by extensions ['colcon_pkg']
[8.034s] Level 1:colcon.colcon_core.package_identification:_identify(.) by extension 'colcon_pkg'
[8.034s] Level 1:colcon.colcon_core.package_identification:_identify(.) by extensions ['colcon_meta']
[8.035s] Level 1:colcon.colcon_core.package_identification:_identify(.) by extension 'colcon_meta'
[8.035s] Level 1:colcon.colcon_core.package_identification:_identify(.) by extensions ['ros']
[8.035s] Level 1:colcon.colcon_core.package_identification:_identify(.) by extension 'ros'
[8.102s] Level 1:colcon.colcon_core.package_identification:_identify(.) by extensions ['cmake', 'python']
[8.102s] Level 1:colcon.colcon_core.package_identification:_identify(.) by extension 'cmake'
[8.102s] Level 1:colcon.colcon_core.package_identification:_identify(.) by extension 'python'
[8.102s] Level 1:colcon.colcon_core.package_identification:_identify(.) by extensions ['python_setup_py']
[8.102s] Level 1:colcon.colcon_core.package_identification:_identify(.) by extension 'python_setup_py'
[8.119s] Level 1:colcon.colcon_core.package_identification:_identify(build) by extensions ['ignore', 'ignore_ament_install']
[8.119s] Level 1:colcon.colcon_core.package_identification:_identify(build) by extension 'ignore'
[8.119s] Level 1:colcon.colcon_core.package_identification:_identify(build) ignored
[8.128s] Level 1:colcon.colcon_core.package_identification:_identify(install) by extensions ['ignore', 'ignore_ament_install']
[8.128s] Level 1:colcon.colcon_core.package_identification:_identify(install) by extension 'ignore'
[8.128s] Level 1:colcon.colcon_core.package_identification:_identify(install) ignored
[8.128s] Level 1:colcon.colcon_core.package_identification:_identify(log) by extensions ['ignore', 'ignore_ament_install']
[8.129s] Level 1:colcon.colcon_core.package_identification:_identify(log) by extension 'ignore'
[8.129s] Level 1:colcon.colcon_core.package_identification:_identify(log) ignored
[8.141s] Level 1:colcon.colcon_core.package_identification:_identify(src) by extensions ['ignore', 'ignore_ament_install']
[8.141s] Level 1:colcon.colcon_core.package_identification:_identify(src) by extension 'ignore'
[8.141s] Level 1:colcon.colcon_core.package_identification:_identify(src) by extension 'ignore_ament_install'
[8.141s] Level 1:colcon.colcon_core.package_identification:_identify(src) by extensions ['colcon_pkg']
[8.142s] Level 1:colcon.colcon_core.package_identification:_identify(src) by extension 'colcon_pkg'
[8.142s] Level 1:colcon.colcon_core.package_identification:_identify(src) by extensions ['colcon_meta']
[8.142s] Level 1:colcon.colcon_core.package_identification:_identify(src) by extension 'colcon_meta'
[8.142s] Level 1:colcon.colcon_core.package_identification:_identify(src) by extensions ['ros']
[8.142s] Level 1:colcon.colcon_core.package_identification:_identify(src) by extension 'ros'
[8.142s] Level 1:colcon.colcon_core.package_identification:_identify(src) by extensions ['cmake', 'python']
[8.142s] Level 1:colcon.colcon_core.package_identification:_identify(src) by extension 'cmake'
[8.142s] Level 1:colcon.colcon_core.package_identification:_identify(src) by extension 'python'
[8.142s] Level 1:colcon.colcon_core.package_identification:_identify(src) by extensions ['python_setup_py']
[8.142s] Level 1:colcon.colcon_core.package_identification:_identify(src) by extension 'python_setup_py'
[8.142s] Level 1:colcon.colcon_core.package_identification:_identify(src/custom_interfaces) by extensions ['ignore', 'ignore_ament_install']
[8.143s] Level 1:colcon.colcon_core.package_identification:_identify(src/custom_interfaces) by extension 'ignore'
[8.143s] Level 1:colcon.colcon_core.package_identification:_identify(src/custom_interfaces) by extension 'ignore_ament_install'
[8.143s] Level 1:colcon.colcon_core.package_identification:_identify(src/custom_interfaces) by extensions ['colcon_pkg']
[8.143s] Level 1:colcon.colcon_core.package_identification:_identify(src/custom_interfaces) by extension 'colcon_pkg'
[8.143s] Level 1:colcon.colcon_core.package_identification:_identify(src/custom_interfaces) by extensions ['colcon_meta']
[8.143s] Level 1:colcon.colcon_core.package_identification:_identify(src/custom_interfaces) by extension 'colcon_meta'
[8.144s] Level 1:colcon.colcon_core.package_identification:_identify(src/custom_interfaces) by extensions ['ros']
[8.144s] Level 1:colcon.colcon_core.package_identification:_identify(src/custom_interfaces) by extension 'ros'
[8.178s] DEBUG:colcon.colcon_core.package_identification:Package 'src/custom_interfaces' with type 'ros.ament_cmake' and name 'custom_interfaces'
[8.199s] Level 1:colcon.colcon_core.package_identification:_identify(src/msg_pub_sub_simple_node) by extensions ['ignore', 'ignore_ament_install']
[8.199s] Level 1:colcon.colcon_core.package_identification:_identify(src/msg_pub_sub_simple_node) by extension 'ignore'
[8.199s] Level 1:colcon.colcon_core.package_identification:_identify(src/msg_pub_sub_simple_node) by extension 'ignore_ament_install'
[8.199s] Level 1:colcon.colcon_core.package_identification:_identify(src/msg_pub_sub_simple_node) by extensions ['colcon_pkg']
[8.199s] Level 1:colcon.colcon_core.package_identification:_identify(src/msg_pub_sub_simple_node) by extension 'colcon_pkg'
[8.199s] Level 1:colcon.colcon_core.package_identification:_identify(src/msg_pub_sub_simple_node) by extensions ['colcon_meta']
[8.199s] Level 1:colcon.colcon_core.package_identification:_identify(src/msg_pub_sub_simple_node) by extension 'colcon_meta'
[8.199s] Level 1:colcon.colcon_core.package_identification:_identify(src/msg_pub_sub_simple_node) by extensions ['ros']
[8.199s] Level 1:colcon.colcon_core.package_identification:_identify(src/msg_pub_sub_simple_node) by extension 'ros'
[8.214s] DEBUG:colcon.colcon_core.package_identification:Package 'src/msg_pub_sub_simple_node' with type 'ros.ament_cmake' and name 'msg_pub_sub_simple_node'
[8.225s] Level 1:colcon.colcon_core.package_identification:_identify(src/srv_client) by extensions ['ignore', 'ignore_ament_install']
[8.226s] Level 1:colcon.colcon_core.package_identification:_identify(src/srv_client) by extension 'ignore'
[8.226s] Level 1:colcon.colcon_core.package_identification:_identify(src/srv_client) by extension 'ignore_ament_install'
[8.226s] Level 1:colcon.colcon_core.package_identification:_identify(src/srv_client) by extensions ['colcon_pkg']
[8.226s] Level 1:colcon.colcon_core.package_identification:_identify(src/srv_client) by extension 'colcon_pkg'
[8.226s] Level 1:colcon.colcon_core.package_identification:_identify(src/srv_client) by extensions ['colcon_meta']
[8.226s] Level 1:colcon.colcon_core.package_identification:_identify(src/srv_client) by extension 'colcon_meta'
[8.226s] Level 1:colcon.colcon_core.package_identification:_identify(src/srv_client) by extensions ['ros']
[8.226s] Level 1:colcon.colcon_core.package_identification:_identify(src/srv_client) by extension 'ros'
[8.252s] DEBUG:colcon.colcon_core.package_identification:Package 'src/srv_client' with type 'ros.ament_cmake' and name 'srv_client'
[8.253s] Level 1:colcon.colcon_core.package_discovery:discover_packages(recursive) using defaults
[8.254s] Level 1:colcon.colcon_core.package_discovery:discover_packages(ignore) discover
[8.254s] Level 1:colcon.colcon_core.package_discovery:discover_packages(ignore) using defaults
[8.254s] Level 1:colcon.colcon_core.package_discovery:discover_packages(path) discover
[8.255s] Level 1:colcon.colcon_core.package_discovery:discover_packages(path) using defaults
[8.584s] INFO:colcon.colcon_core.package_selection:Skipping package 'srv_client' in 'src/srv_client'
[8.584s] INFO:colcon.colcon_core.package_selection:Skipping package 'msg_pub_sub_simple_node' in 'src/msg_pub_sub_simple_node'
[8.599s] Level 1:colcon.colcon_core.package_discovery:discover_packages(prefix_path) check parameters
[8.599s] Level 1:colcon.colcon_core.package_discovery:discover_packages(prefix_path) discover
[8.689s] DEBUG:colcon.colcon_installed_package_information.package_discovery:Found 3 installed packages in /home/victory/Robot-Operating-System/cpp_ws/install
[8.717s] DEBUG:colcon.colcon_installed_package_information.package_discovery:Found 293 installed packages in /opt/ros/humble
[8.719s] Level 1:colcon.colcon_core.package_discovery:discover_packages(prefix_path) using defaults
[10.858s] Level 5:colcon.colcon_core.verb:set package 'custom_interfaces' build argument 'cmake_args' from command line to 'None'
[10.859s] Level 5:colcon.colcon_core.verb:set package 'custom_interfaces' build argument 'cmake_target' from command line to 'None'
[10.859s] Level 5:colcon.colcon_core.verb:set package 'custom_interfaces' build argument 'cmake_target_skip_unavailable' from command line to 'False'
[10.859s] Level 5:colcon.colcon_core.verb:set package 'custom_interfaces' build argument 'cmake_clean_cache' from command line to 'False'
[10.859s] Level 5:colcon.colcon_core.verb:set package 'custom_interfaces' build argument 'cmake_clean_first' from command line to 'False'
[10.859s] Level 5:colcon.colcon_core.verb:set package 'custom_interfaces' build argument 'cmake_force_configure' from command line to 'False'
[10.859s] Level 5:colcon.colcon_core.verb:set package 'custom_interfaces' build argument 'ament_cmake_args' from command line to 'None'
[10.859s] Level 5:colcon.colcon_core.verb:set package 'custom_interfaces' build argument 'catkin_cmake_args' from command line to 'None'
[10.859s] Level 5:colcon.colcon_core.verb:set package 'custom_interfaces' build argument 'catkin_skip_building_tests' from command line to 'False'
[10.859s] DEBUG:colcon.colcon_core.verb:Building package 'custom_interfaces' with the following arguments: {'ament_cmake_args': None, 'build_base': '/home/victory/Robot-Operating-System/cpp_ws/build/custom_interfaces', 'catkin_cmake_args': None, 'catkin_skip_building_tests': False, 'cmake_args': None, 'cmake_clean_cache': False, 'cmake_clean_first': False, 'cmake_force_configure': False, 'cmake_target': None, 'cmake_target_skip_unavailable': False, 'install_base': '/home/victory/Robot-Operating-System/cpp_ws/install/custom_interfaces', 'merge_install': False, 'path': '/home/victory/Robot-Operating-System/cpp_ws/src/custom_interfaces', 'symlink_install': False, 'test_result_base': None}
[10.860s] INFO:colcon.colcon_core.executor:Executing jobs using 'parallel' executor
[10.862s] DEBUG:colcon.colcon_parallel_executor.executor.parallel:run_until_complete
[10.863s] INFO:colcon.colcon_ros.task.ament_cmake.build:Building ROS package in '/home/victory/Robot-Operating-System/cpp_ws/src/custom_interfaces' with build type 'ament_cmake'
[10.863s] INFO:colcon.colcon_cmake.task.cmake.build:Building CMake package in '/home/victory/Robot-Operating-System/cpp_ws/src/custom_interfaces'
[11.007s] INFO:colcon.colcon_core.plugin_system:Skipping extension 'colcon_core.shell.bat': Not used on non-Windows systems
[11.008s] INFO:colcon.colcon_core.shell:Skip shell extension 'powershell' for command environment: Not usable outside of PowerShell
[11.008s] DEBUG:colcon.colcon_core.shell:Skip shell extension 'dsv' for command environment
[11.134s] DEBUG:colcon.colcon_core.event_handler.log_command:Invoking command in '/home/victory/Robot-Operating-System/cpp_ws/build/custom_interfaces': CMAKE_PREFIX_PATH=${CMAKE_PREFIX_PATH}:/opt/ros/humble /home/linuxbrew/.linuxbrew/bin/cmake --build /home/victory/Robot-Operating-System/cpp_ws/build/custom_interfaces -- -j4 -l4
[14.268s] DEBUG:colcon.colcon_core.event_handler.log_command:Invoked command in '/home/victory/Robot-Operating-System/cpp_ws/build/custom_interfaces' returned '2': CMAKE_PREFIX_PATH=${CMAKE_PREFIX_PATH}:/opt/ros/humble /home/linuxbrew/.linuxbrew/bin/cmake --build /home/victory/Robot-Operating-System/cpp_ws/build/custom_interfaces -- -j4 -l4
[14.382s] Level 1:colcon.colcon_core.environment:create_environment_scripts_only(custom_interfaces)
[14.502s] Level 1:colcon.colcon_core.environment:checking '/home/victory/Robot-Operating-System/cpp_ws/install/custom_interfaces' for CMake module files
[14.522s] Level 1:colcon.colcon_core.environment:checking '/home/victory/Robot-Operating-System/cpp_ws/install/custom_interfaces' for CMake config files
[14.581s] Level 1:colcon.colcon_core.shell:create_environment_hook('custom_interfaces', 'cmake_prefix_path')
[14.582s] INFO:colcon.colcon_core.shell:Creating environment hook '/home/victory/Robot-Operating-System/cpp_ws/install/custom_interfaces/share/custom_interfaces/hook/cmake_prefix_path.ps1'
[14.600s] INFO:colcon.colcon_core.shell:Creating environment descriptor '/home/victory/Robot-Operating-System/cpp_ws/install/custom_interfaces/share/custom_interfaces/hook/cmake_prefix_path.dsv'
[14.604s] INFO:colcon.colcon_core.shell:Creating environment hook '/home/victory/Robot-Operating-System/cpp_ws/install/custom_interfaces/share/custom_interfaces/hook/cmake_prefix_path.sh'
[14.606s] Level 1:colcon.colcon_core.environment:checking '/home/victory/Robot-Operating-System/cpp_ws/install/custom_interfaces/lib'
[14.607s] Level 1:colcon.colcon_core.shell:create_environment_hook('custom_interfaces', 'ld_library_path_lib')
[14.607s] INFO:colcon.colcon_core.shell:Creating environment hook '/home/victory/Robot-Operating-System/cpp_ws/install/custom_interfaces/share/custom_interfaces/hook/ld_library_path_lib.ps1'
[14.615s] INFO:colcon.colcon_core.shell:Creating environment descriptor '/home/victory/Robot-Operating-System/cpp_ws/install/custom_interfaces/share/custom_interfaces/hook/ld_library_path_lib.dsv'
[14.615s] INFO:colcon.colcon_core.shell:Creating environment hook '/home/victory/Robot-Operating-System/cpp_ws/install/custom_interfaces/share/custom_interfaces/hook/ld_library_path_lib.sh'
[14.616s] Level 1:colcon.colcon_core.environment:checking '/home/victory/Robot-Operating-System/cpp_ws/install/custom_interfaces/bin'
[14.616s] Level 1:colcon.colcon_core.environment:checking '/home/victory/Robot-Operating-System/cpp_ws/install/custom_interfaces/lib/pkgconfig/custom_interfaces.pc'
[14.617s] Level 1:colcon.colcon_core.environment:checking '/home/victory/Robot-Operating-System/cpp_ws/install/custom_interfaces/lib/python3.10/site-packages'
[14.617s] Level 1:colcon.colcon_core.environment:checking '/home/victory/Robot-Operating-System/cpp_ws/install/custom_interfaces/bin'
[14.617s] INFO:colcon.colcon_core.shell:Creating package script '/home/victory/Robot-Operating-System/cpp_ws/install/custom_interfaces/share/custom_interfaces/package.ps1'
[14.619s] INFO:colcon.colcon_core.shell:Creating package descriptor '/home/victory/Robot-Operating-System/cpp_ws/install/custom_interfaces/share/custom_interfaces/package.dsv'
[14.622s] INFO:colcon.colcon_core.shell:Creating package script '/home/victory/Robot-Operating-System/cpp_ws/install/custom_interfaces/share/custom_interfaces/package.sh'
[14.624s] INFO:colcon.colcon_core.shell:Creating package script '/home/victory/Robot-Operating-System/cpp_ws/install/custom_interfaces/share/custom_interfaces/package.bash'
[14.636s] INFO:colcon.colcon_core.shell:Creating package script '/home/victory/Robot-Operating-System/cpp_ws/install/custom_interfaces/share/custom_interfaces/package.zsh'
[14.640s] Level 1:colcon.colcon_core.environment:create_file_with_runtime_dependencies(/home/victory/Robot-Operating-System/cpp_ws/install/custom_interfaces/share/colcon-core/packages/custom_interfaces)
[14.652s] DEBUG:colcon.colcon_parallel_executor.executor.parallel:closing loop
[14.652s] DEBUG:colcon.colcon_parallel_executor.executor.parallel:loop closed
[14.652s] DEBUG:colcon.colcon_parallel_executor.executor.parallel:run_until_complete finished with '2'
[14.652s] DEBUG:colcon.colcon_core.event_reactor:joining thread
[14.923s] INFO:colcon.colcon_core.plugin_system:Skipping extension 'colcon_notification.desktop_notification.notify_send': Could not find 'notify-send'
[14.923s] INFO:colcon.colcon_core.plugin_system:Skipping extension 'colcon_notification.desktop_notification.terminal_notifier': Not used on non-Darwin systems
[14.923s] INFO:colcon.colcon_core.plugin_system:Skipping extension 'colcon_notification.desktop_notification.win32': Not used on non-Windows systems
[14.923s] INFO:colcon.colcon_notification.desktop_notification:Sending desktop notification using 'notify2'
[14.923s] DEBUG:colcon.colcon_notification.desktop_notification.notify2:Failed to initialize notify2: org.freedesktop.DBus.Error.FileNotFound: Failed to connect to socket /run/user/1000/bus: No such file or directory
[14.924s] DEBUG:colcon.colcon_core.event_reactor:joined thread
[14.924s] INFO:colcon.colcon_core.shell:Creating prefix script '/home/victory/Robot-Operating-System/cpp_ws/install/local_setup.ps1'
[14.953s] INFO:colcon.colcon_core.shell:Creating prefix util module '/home/victory/Robot-Operating-System/cpp_ws/install/_local_setup_util_ps1.py'
[14.970s] INFO:colcon.colcon_core.shell:Creating prefix chain script '/home/victory/Robot-Operating-System/cpp_ws/install/setup.ps1'
[14.974s] INFO:colcon.colcon_core.shell:Creating prefix script '/home/victory/Robot-Operating-System/cpp_ws/install/local_setup.sh'
[14.980s] INFO:colcon.colcon_core.shell:Creating prefix util module '/home/victory/Robot-Operating-System/cpp_ws/install/_local_setup_util_sh.py'
[14.981s] INFO:colcon.colcon_core.shell:Creating prefix chain script '/home/victory/Robot-Operating-System/cpp_ws/install/setup.sh'
[14.984s] INFO:colcon.colcon_core.shell:Creating prefix script '/home/victory/Robot-Operating-System/cpp_ws/install/local_setup.bash'
[15.000s] INFO:colcon.colcon_core.shell:Creating prefix chain script '/home/victory/Robot-Operating-System/cpp_ws/install/setup.bash'
[15.002s] INFO:colcon.colcon_core.shell:Creating prefix script '/home/victory/Robot-Operating-System/cpp_ws/install/local_setup.zsh'
[15.005s] INFO:colcon.colcon_core.shell:Creating prefix chain script '/home/victory/Robot-Operating-System/cpp_ws/install/setup.zsh'
