[0.057s] Invoking command in '/home/victory/Robot-Operating-System/cpp_ws/build/cpp_parameters': CMAKE_PREFIX_PATH=${CMAKE_PREFIX_PATH}:/home/victory/Robot-Operating-System/python_ws/install/python_package_that_uses_parameters_and_launch_files:/home/victory/Robot-Operating-System/python_ws/install/positio_encoder_decoder_python_package:/home/victory/Robot-Operating-System/python_ws/install/package_with_configurable_nodes:/home/victory/Robot-Operating-System/python_ws/install/package_that_uses_package_with_interfaces:/home/victory/Robot-Operating-System/python_ws/install/motor_distance_sensor_package:/opt/ros/humble /home/linuxbrew/.linuxbrew/bin/cmake --build /home/victory/Robot-Operating-System/cpp_ws/build/cpp_parameters -- -j4 -l4
[0.165s] [100%] Built target minimal_param_node
[0.198s] Invoked command in '/home/victory/Robot-Operating-System/cpp_ws/build/cpp_parameters' returned '0': CMAKE_PREFIX_PATH=${CMAKE_PREFIX_PATH}:/home/victory/Robot-Operating-System/python_ws/install/python_package_that_uses_parameters_and_launch_files:/home/victory/Robot-Operating-System/python_ws/install/positio_encoder_decoder_python_package:/home/victory/Robot-Operating-System/python_ws/install/package_with_configurable_nodes:/home/victory/Robot-Operating-System/python_ws/install/package_that_uses_package_with_interfaces:/home/victory/Robot-Operating-System/python_ws/install/motor_distance_sensor_package:/opt/ros/humble /home/linuxbrew/.linuxbrew/bin/cmake --build /home/victory/Robot-Operating-System/cpp_ws/build/cpp_parameters -- -j4 -l4
[0.403s] Invoking command in '/home/victory/Robot-Operating-System/cpp_ws/build/cpp_parameters': CMAKE_PREFIX_PATH=${CMAKE_PREFIX_PATH}:/home/victory/Robot-Operating-System/python_ws/install/python_package_that_uses_parameters_and_launch_files:/home/victory/Robot-Operating-System/python_ws/install/positio_encoder_decoder_python_package:/home/victory/Robot-Operating-System/python_ws/install/package_with_configurable_nodes:/home/victory/Robot-Operating-System/python_ws/install/package_that_uses_package_with_interfaces:/home/victory/Robot-Operating-System/python_ws/install/motor_distance_sensor_package:/opt/ros/humble /home/linuxbrew/.linuxbrew/bin/cmake --install /home/victory/Robot-Operating-System/cpp_ws/build/cpp_parameters
[0.409s] -- Install configuration: ""
[0.410s] -- Up-to-date: /home/victory/Robot-Operating-System/cpp_ws/install/cpp_parameters/lib/cpp_parameters/minimal_param_node
[0.411s] -- Up-to-date: /home/victory/Robot-Operating-System/cpp_ws/install/cpp_parameters/share/ament_index/resource_index/package_run_dependencies/cpp_parameters
[0.411s] -- Up-to-date: /home/victory/Robot-Operating-System/cpp_ws/install/cpp_parameters/share/ament_index/resource_index/parent_prefix_path/cpp_parameters
[0.412s] -- Up-to-date: /home/victory/Robot-Operating-System/cpp_ws/install/cpp_parameters/share/cpp_parameters/environment/ament_prefix_path.sh
[0.412s] -- Up-to-date: /home/victory/Robot-Operating-System/cpp_ws/install/cpp_parameters/share/cpp_parameters/environment/ament_prefix_path.dsv
[0.412s] -- Up-to-date: /home/victory/Robot-Operating-System/cpp_ws/install/cpp_parameters/share/cpp_parameters/environment/path.sh
[0.412s] -- Up-to-date: /home/victory/Robot-Operating-System/cpp_ws/install/cpp_parameters/share/cpp_parameters/environment/path.dsv
[0.412s] -- Up-to-date: /home/victory/Robot-Operating-System/cpp_ws/install/cpp_parameters/share/cpp_parameters/local_setup.bash
[0.413s] -- Up-to-date: /home/victory/Robot-Operating-System/cpp_ws/install/cpp_parameters/share/cpp_parameters/local_setup.sh
[0.413s] -- Up-to-date: /home/victory/Robot-Operating-System/cpp_ws/install/cpp_parameters/share/cpp_parameters/local_setup.zsh
[0.413s] -- Up-to-date: /home/victory/Robot-Operating-System/cpp_ws/install/cpp_parameters/share/cpp_parameters/local_setup.dsv
[0.413s] -- Installing: /home/victory/Robot-Operating-System/cpp_ws/install/cpp_parameters/share/cpp_parameters/package.dsv
[0.413s] -- Up-to-date: /home/victory/Robot-Operating-System/cpp_ws/install/cpp_parameters/share/ament_index/resource_index/packages/cpp_parameters
[0.414s] -- Up-to-date: /home/victory/Robot-Operating-System/cpp_ws/install/cpp_parameters/share/cpp_parameters/cmake/cpp_parametersConfig.cmake
[0.414s] -- Up-to-date: /home/victory/Robot-Operating-System/cpp_ws/install/cpp_parameters/share/cpp_parameters/cmake/cpp_parametersConfig-version.cmake
[0.428s] -- Up-to-date: /home/victory/Robot-Operating-System/cpp_ws/install/cpp_parameters/share/cpp_parameters/package.xml
[0.428s] Invoked command in '/home/victory/Robot-Operating-System/cpp_ws/build/cpp_parameters' returned '0': CMAKE_PREFIX_PATH=${CMAKE_PREFIX_PATH}:/home/victory/Robot-Operating-System/python_ws/install/python_package_that_uses_parameters_and_launch_files:/home/victory/Robot-Operating-System/python_ws/install/positio_encoder_decoder_python_package:/home/victory/Robot-Operating-System/python_ws/install/package_with_configurable_nodes:/home/victory/Robot-Operating-System/python_ws/install/package_that_uses_package_with_interfaces:/home/victory/Robot-Operating-System/python_ws/install/motor_distance_sensor_package:/opt/ros/humble /home/linuxbrew/.linuxbrew/bin/cmake --install /home/victory/Robot-Operating-System/cpp_ws/build/cpp_parameters
