[0.413s] Invoking command in '/home/victory/Robot-Operating-System/cpp_ws/build/cpp_parameters': CMAKE_PREFIX_PATH=/opt/ros/humble /home/linuxbrew/.linuxbrew/bin/cmake --build /home/victory/Robot-Operating-System/cpp_ws/build/cpp_parameters -- -j4 -l4
[5.205s] [100%] Built target minimal_param_node
[5.224s] Invoked command in '/home/victory/Robot-Operating-System/cpp_ws/build/cpp_parameters' returned '0': CMAKE_PREFIX_PATH=/opt/ros/humble /home/linuxbrew/.linuxbrew/bin/cmake --build /home/victory/Robot-Operating-System/cpp_ws/build/cpp_parameters -- -j4 -l4
[5.281s] Invoking command in '/home/victory/Robot-Operating-System/cpp_ws/build/cpp_parameters': CMAKE_PREFIX_PATH=/opt/ros/humble /home/linuxbrew/.linuxbrew/bin/cmake --install /home/victory/Robot-Operating-System/cpp_ws/build/cpp_parameters
[5.307s] -- Install configuration: ""
[5.541s] -- Up-to-date: /home/victory/Robot-Operating-System/cpp_ws/install/cpp_parameters/lib/cpp_parameters/minimal_param_node
[5.548s] -- Up-to-date: /home/victory/Robot-Operating-System/cpp_ws/install/cpp_parameters/share/ament_index/resource_index/package_run_dependencies/cpp_parameters
[5.549s] -- Up-to-date: /home/victory/Robot-Operating-System/cpp_ws/install/cpp_parameters/share/ament_index/resource_index/parent_prefix_path/cpp_parameters
[5.551s] -- Up-to-date: /home/victory/Robot-Operating-System/cpp_ws/install/cpp_parameters/share/cpp_parameters/environment/ament_prefix_path.sh
[5.554s] -- Up-to-date: /home/victory/Robot-Operating-System/cpp_ws/install/cpp_parameters/share/cpp_parameters/environment/ament_prefix_path.dsv
[5.557s] -- Up-to-date: /home/victory/Robot-Operating-System/cpp_ws/install/cpp_parameters/share/cpp_parameters/environment/path.sh
[5.559s] -- Up-to-date: /home/victory/Robot-Operating-System/cpp_ws/install/cpp_parameters/share/cpp_parameters/environment/path.dsv
[5.560s] -- Up-to-date: /home/victory/Robot-Operating-System/cpp_ws/install/cpp_parameters/share/cpp_parameters/local_setup.bash
[5.563s] -- Up-to-date: /home/victory/Robot-Operating-System/cpp_ws/install/cpp_parameters/share/cpp_parameters/local_setup.sh
[5.565s] -- Up-to-date: /home/victory/Robot-Operating-System/cpp_ws/install/cpp_parameters/share/cpp_parameters/local_setup.zsh
[5.566s] -- Up-to-date: /home/victory/Robot-Operating-System/cpp_ws/install/cpp_parameters/share/cpp_parameters/local_setup.dsv
[5.566s] -- Installing: /home/victory/Robot-Operating-System/cpp_ws/install/cpp_parameters/share/cpp_parameters/package.dsv
[5.620s] -- Up-to-date: /home/victory/Robot-Operating-System/cpp_ws/install/cpp_parameters/share/ament_index/resource_index/packages/cpp_parameters
[5.620s] -- Up-to-date: /home/victory/Robot-Operating-System/cpp_ws/install/cpp_parameters/share/cpp_parameters/cmake/cpp_parametersConfig.cmake
[5.622s] -- Up-to-date: /home/victory/Robot-Operating-System/cpp_ws/install/cpp_parameters/share/cpp_parameters/cmake/cpp_parametersConfig-version.cmake
[5.624s] -- Up-to-date: /home/victory/Robot-Operating-System/cpp_ws/install/cpp_parameters/share/cpp_parameters/package.xml
[6.036s] Invoked command in '/home/victory/Robot-Operating-System/cpp_ws/build/cpp_parameters' returned '0': CMAKE_PREFIX_PATH=/opt/ros/humble /home/linuxbrew/.linuxbrew/bin/cmake --install /home/victory/Robot-Operating-System/cpp_ws/build/cpp_parameters
