[0.020s] Invoking command in '/home/victory/Robot-Operating-System/python_ws/build/package_with_action_interface': CMAKE_PREFIX_PATH=/opt/ros/humble /home/linuxbrew/.linuxbrew/bin/cmake /home/victory/Robot-Operating-System/python_ws/src/package_with_action_interface -DCMAKE_INSTALL_PREFIX=/home/victory/Robot-Operating-System/python_ws/install/package_with_action_interface
[0.030s] -- Found ament_cmake: 1.3.10 (/opt/ros/humble/share/ament_cmake/cmake)
[0.289s] -- Found action_msgs: 1.2.1 (/opt/ros/humble/share/action_msgs/cmake)
[0.861s] -- Found rosidl_generator_c: 3.1.5 (/opt/ros/humble/share/rosidl_generator_c/cmake)
[0.868s] -- Found rosidl_adapter: 3.1.5 (/opt/ros/humble/share/rosidl_adapter/cmake)
[0.879s] -- Found rosidl_generator_cpp: 3.1.5 (/opt/ros/humble/share/rosidl_generator_cpp/cmake)
[0.892s] -- Using all available rosidl_typesupport_c: rosidl_typesupport_fastrtps_c;rosidl_typesupport_introspection_c
[0.911s] -- Using all available rosidl_typesupport_cpp: rosidl_typesupport_fastrtps_cpp;rosidl_typesupport_introspection_cpp
[0.970s] -- Found rosidl_default_generators: 1.2.0 (/opt/ros/humble/share/rosidl_default_generators/cmake)
[1.294s] [31mCMake Error at /opt/ros/humble/share/rosidl_adapter/cmake/rosidl_adapt_interfaces.cmake:59 (message):
[1.294s]   execute_process(/usr/bin/python3 -m rosidl_adapter --package-name
[1.294s]   package_with_action_interface --arguments-file
[1.295s]   /home/victory/Robot-Operating-System/python_ws/build/package_with_action_interface/rosidl_adapter__arguments__package_with_action_interface.json
[1.295s]   --output-dir
[1.295s]   /home/victory/Robot-Operating-System/python_ws/build/package_with_action_interface/rosidl_adapter/package_with_action_interface
[1.295s]   --output-file
[1.295s]   /home/victory/Robot-Operating-System/python_ws/build/package_with_action_interface/rosidl_adapter/package_with_action_interface.idls)
[1.296s]   returned error code 1:
[1.296s] 
[1.296s]   Traceback (most recent call last):
[1.296s] 
[1.296s]     File "/usr/lib/python3.10/runpy.py", line 196, in _run_module_as_main
[1.296s]       return _run_code(code, main_globals, None,
[1.296s]     File "/usr/lib/python3.10/runpy.py", line 86, in _run_code
[1.296s]       exec(code, run_globals)
[1.296s]     File "/opt/ros/humble/local/lib/python3.10/dist-packages/rosidl_adapter/__main__.py", line 19, in <module>
[1.296s]       sys.exit(main())
[1.296s]     File "/opt/ros/humble/local/lib/python3.10/dist-packages/rosidl_adapter/main.py", line 53, in main
[1.297s]       abs_idl_file = convert_to_idl(
[1.297s]     File "/opt/ros/humble/local/lib/python3.10/dist-packages/rosidl_adapter/__init__.py", line 29, in convert_to_idl
[1.297s]       return convert_action_to_idl(
[1.297s]     File "/opt/ros/humble/local/lib/python3.10/dist-packages/rosidl_adapter/action/__init__.py", line 28, in convert_action_to_idl
[1.297s]       action = parse_action_string(package_name, input_file.stem, content)
[1.297s]     File "/opt/ros/humble/local/lib/python3.10/dist-packages/rosidl_adapter/parser.py", line 902, in parse_action_string
[1.297s]       goal_message = parse_message_string(
[1.297s]     File "/opt/ros/humble/local/lib/python3.10/dist-packages/rosidl_adapter/parser.py", line 544, in parse_message_string
[1.297s]       msg = MessageSpecification(pkg_name, msg_name, fields, constants)
[1.297s]     File "/opt/ros/humble/local/lib/python3.10/dist-packages/rosidl_adapter/parser.py", line 388, in __init__
[1.297s]       self.base_type = BaseType(
[1.297s]     File "/opt/ros/humble/local/lib/python3.10/dist-packages/rosidl_adapter/parser.py", line 205, in __init__
[1.297s]       raise InvalidResourceName(
[1.297s] 
[1.298s]   rosidl_adapter.parser.InvalidResourceName: 'fibonacci_Goal' is an invalid
[1.298s]   message name.  It should have the pattern '^[A-Z][A-Za-z0-9]*$'
[1.298s] 
[1.298s] Call Stack (most recent call first):
[1.298s]   /opt/ros/humble/share/rosidl_cmake/cmake/rosidl_generate_interfaces.cmake:130 (rosidl_adapt_interfaces)
[1.298s]   CMakeLists.txt:14 (rosidl_generate_interfaces)
[1.298s] 
[1.298s] [0m
[1.298s] -- Configuring incomplete, errors occurred!
[1.304s] Invoked command in '/home/victory/Robot-Operating-System/python_ws/build/package_with_action_interface' returned '1': CMAKE_PREFIX_PATH=/opt/ros/humble /home/linuxbrew/.linuxbrew/bin/cmake /home/victory/Robot-Operating-System/python_ws/src/package_with_action_interface -DCMAKE_INSTALL_PREFIX=/home/victory/Robot-Operating-System/python_ws/install/package_with_action_interface
