[0.127s] Invoking command in '/home/victory/Robot-Operating-System/python_ws/build/package_with_interfaces': CMAKE_PREFIX_PATH=/opt/ros/humble /home/linuxbrew/.linuxbrew/bin/cmake --build /home/victory/Robot-Operating-System/python_ws/build/package_with_interfaces -- -j4 -l4
[1.401s] [  2%] Built target package_with_interfaces__cpp
[1.402s] [ 12%] Built target package_with_interfaces__rosidl_generator_c
[1.404s] [ 12%] Built target ament_cmake_python_copy_package_with_interfaces
[1.404s] [ 23%] Built target package_with_interfaces__rosidl_typesupport_cpp
[1.405s] [ 33%] Built target package_with_interfaces__rosidl_typesupport_introspection_cpp
[1.406s] [ 43%] Built target package_with_interfaces__rosidl_typesupport_introspection_c
[1.406s] [ 53%] Built target package_with_interfaces__rosidl_typesupport_fastrtps_cpp
[1.407s] [ 64%] Built target package_with_interfaces__rosidl_typesupport_c
[1.407s] [ 74%] Built target package_with_interfaces__rosidl_typesupport_fastrtps_c
[1.408s] [ 74%] Built target package_with_interfaces
[1.408s] [ 76%] Built target package_with_interfaces__py
[1.408s] [ 84%] Built target package_with_interfaces__rosidl_generator_py
[1.408s] [ 89%] Built target package_with_interfaces__rosidl_typesupport_introspection_c__pyext
[1.409s] [ 94%] Built target package_with_interfaces__rosidl_typesupport_fastrtps_c__pyext
[1.409s] [100%] Built target package_with_interfaces__rosidl_typesupport_c__pyext
[1.410s] running egg_info
[1.410s] writing package_with_interfaces.egg-info/PKG-INFO
[1.410s] writing dependency_links to package_with_interfaces.egg-info/dependency_links.txt
[1.411s] writing top-level names to package_with_interfaces.egg-info/top_level.txt
[1.411s] reading manifest file 'package_with_interfaces.egg-info/SOURCES.txt'
[1.414s] writing manifest file 'package_with_interfaces.egg-info/SOURCES.txt'
[1.417s] [100%] Built target ament_cmake_python_build_package_with_interfaces_egg
[1.419s] Invoked command in '/home/victory/Robot-Operating-System/python_ws/build/package_with_interfaces' returned '0': CMAKE_PREFIX_PATH=/opt/ros/humble /home/linuxbrew/.linuxbrew/bin/cmake --build /home/victory/Robot-Operating-System/python_ws/build/package_with_interfaces -- -j4 -l4
[1.661s] Invoking command in '/home/victory/Robot-Operating-System/python_ws/build/package_with_interfaces': CMAKE_PREFIX_PATH=/opt/ros/humble /home/linuxbrew/.linuxbrew/bin/cmake --install /home/victory/Robot-Operating-System/python_ws/build/package_with_interfaces
[1.676s] -- Install configuration: ""
[1.677s] -- Up-to-date: /home/victory/Robot-Operating-System/python_ws/install/package_with_interfaces/share/ament_index/resource_index/rosidl_interfaces/package_with_interfaces
[1.677s] -- Up-to-date: /home/victory/Robot-Operating-System/python_ws/install/package_with_interfaces/include/package_with_interfaces/package_with_interfaces
[1.678s] -- Up-to-date: /home/victory/Robot-Operating-System/python_ws/install/package_with_interfaces/include/package_with_interfaces/package_with_interfaces/msg
[1.679s] -- Up-to-date: /home/victory/Robot-Operating-System/python_ws/install/package_with_interfaces/include/package_with_interfaces/package_with_interfaces/msg/detail
[1.679s] -- Up-to-date: /home/victory/Robot-Operating-System/python_ws/install/package_with_interfaces/include/package_with_interfaces/package_with_interfaces/msg/detail/amazing_quote__functions.c
[1.679s] -- Up-to-date: /home/victory/Robot-Operating-System/python_ws/install/package_with_interfaces/include/package_with_interfaces/package_with_interfaces/msg/detail/amazing_quote__struct.h
[1.680s] -- Up-to-date: /home/victory/Robot-Operating-System/python_ws/install/package_with_interfaces/include/package_with_interfaces/package_with_interfaces/msg/detail/amazing_quote__type_support.h
[1.680s] -- Up-to-date: /home/victory/Robot-Operating-System/python_ws/install/package_with_interfaces/include/package_with_interfaces/package_with_interfaces/msg/detail/amazing_quote__functions.h
[1.680s] -- Up-to-date: /home/victory/Robot-Operating-System/python_ws/install/package_with_interfaces/include/package_with_interfaces/package_with_interfaces/msg/rosidl_generator_c__visibility_control.h
[1.681s] -- Up-to-date: /home/victory/Robot-Operating-System/python_ws/install/package_with_interfaces/include/package_with_interfaces/package_with_interfaces/msg/amazing_quote.h
[1.682s] -- Up-to-date: /home/victory/Robot-Operating-System/python_ws/install/package_with_interfaces/include/package_with_interfaces/package_with_interfaces/srv
[1.682s] -- Up-to-date: /home/victory/Robot-Operating-System/python_ws/install/package_with_interfaces/include/package_with_interfaces/package_with_interfaces/srv/detail
[1.682s] -- Up-to-date: /home/victory/Robot-Operating-System/python_ws/install/package_with_interfaces/include/package_with_interfaces/package_with_interfaces/srv/detail/what_is_the_point__functions.c
[1.683s] -- Up-to-date: /home/victory/Robot-Operating-System/python_ws/install/package_with_interfaces/include/package_with_interfaces/package_with_interfaces/srv/detail/what_is_the_point__struct.h
[1.683s] -- Up-to-date: /home/victory/Robot-Operating-System/python_ws/install/package_with_interfaces/include/package_with_interfaces/package_with_interfaces/srv/detail/what_is_the_point__type_support.h
[1.683s] -- Up-to-date: /home/victory/Robot-Operating-System/python_ws/install/package_with_interfaces/include/package_with_interfaces/package_with_interfaces/srv/detail/what_is_the_point__functions.h
[1.683s] -- Up-to-date: /home/victory/Robot-Operating-System/python_ws/install/package_with_interfaces/include/package_with_interfaces/package_with_interfaces/srv/what_is_the_point.h
[1.684s] -- Up-to-date: /home/victory/Robot-Operating-System/python_ws/install/package_with_interfaces/share/package_with_interfaces/environment/library_path.sh
[1.684s] -- Up-to-date: /home/victory/Robot-Operating-System/python_ws/install/package_with_interfaces/share/package_with_interfaces/environment/library_path.dsv
[1.684s] -- Up-to-date: /home/victory/Robot-Operating-System/python_ws/install/package_with_interfaces/lib/libpackage_with_interfaces__rosidl_generator_c.so
[1.685s] -- Up-to-date: /home/victory/Robot-Operating-System/python_ws/install/package_with_interfaces/include/package_with_interfaces/package_with_interfaces
[1.685s] -- Up-to-date: /home/victory/Robot-Operating-System/python_ws/install/package_with_interfaces/include/package_with_interfaces/package_with_interfaces/msg
[1.685s] -- Up-to-date: /home/victory/Robot-Operating-System/python_ws/install/package_with_interfaces/include/package_with_interfaces/package_with_interfaces/msg/detail
[1.686s] -- Up-to-date: /home/victory/Robot-Operating-System/python_ws/install/package_with_interfaces/include/package_with_interfaces/package_with_interfaces/msg/detail/amazing_quote__rosidl_typesupport_fastrtps_c.h
[1.686s] -- Up-to-date: /home/victory/Robot-Operating-System/python_ws/install/package_with_interfaces/include/package_with_interfaces/package_with_interfaces/msg/rosidl_typesupport_fastrtps_c__visibility_control.h
[1.687s] -- Up-to-date: /home/victory/Robot-Operating-System/python_ws/install/package_with_interfaces/include/package_with_interfaces/package_with_interfaces/srv
[1.687s] -- Up-to-date: /home/victory/Robot-Operating-System/python_ws/install/package_with_interfaces/include/package_with_interfaces/package_with_interfaces/srv/detail
[1.687s] -- Up-to-date: /home/victory/Robot-Operating-System/python_ws/install/package_with_interfaces/include/package_with_interfaces/package_with_interfaces/srv/detail/what_is_the_point__rosidl_typesupport_fastrtps_c.h
[1.688s] -- Up-to-date: /home/victory/Robot-Operating-System/python_ws/install/package_with_interfaces/lib/libpackage_with_interfaces__rosidl_typesupport_fastrtps_c.so
[1.688s] -- Up-to-date: /home/victory/Robot-Operating-System/python_ws/install/package_with_interfaces/include/package_with_interfaces/package_with_interfaces
[1.688s] -- Up-to-date: /home/victory/Robot-Operating-System/python_ws/install/package_with_interfaces/include/package_with_interfaces/package_with_interfaces/msg
[1.688s] -- Up-to-date: /home/victory/Robot-Operating-System/python_ws/install/package_with_interfaces/include/package_with_interfaces/package_with_interfaces/msg/detail
[1.689s] -- Up-to-date: /home/victory/Robot-Operating-System/python_ws/install/package_with_interfaces/include/package_with_interfaces/package_with_interfaces/msg/detail/amazing_quote__struct.hpp
[1.689s] -- Up-to-date: /home/victory/Robot-Operating-System/python_ws/install/package_with_interfaces/include/package_with_interfaces/package_with_interfaces/msg/detail/amazing_quote__traits.hpp
[1.689s] -- Up-to-date: /home/victory/Robot-Operating-System/python_ws/install/package_with_interfaces/include/package_with_interfaces/package_with_interfaces/msg/detail/amazing_quote__builder.hpp
[1.690s] -- Up-to-date: /home/victory/Robot-Operating-System/python_ws/install/package_with_interfaces/include/package_with_interfaces/package_with_interfaces/msg/amazing_quote.hpp
[1.690s] -- Up-to-date: /home/victory/Robot-Operating-System/python_ws/install/package_with_interfaces/include/package_with_interfaces/package_with_interfaces/srv
[1.690s] -- Up-to-date: /home/victory/Robot-Operating-System/python_ws/install/package_with_interfaces/include/package_with_interfaces/package_with_interfaces/srv/detail
[1.690s] -- Up-to-date: /home/victory/Robot-Operating-System/python_ws/install/package_with_interfaces/include/package_with_interfaces/package_with_interfaces/srv/detail/what_is_the_point__struct.hpp
[1.691s] -- Up-to-date: /home/victory/Robot-Operating-System/python_ws/install/package_with_interfaces/include/package_with_interfaces/package_with_interfaces/srv/detail/what_is_the_point__builder.hpp
[1.691s] -- Up-to-date: /home/victory/Robot-Operating-System/python_ws/install/package_with_interfaces/include/package_with_interfaces/package_with_interfaces/srv/detail/what_is_the_point__traits.hpp
[1.691s] -- Up-to-date: /home/victory/Robot-Operating-System/python_ws/install/package_with_interfaces/include/package_with_interfaces/package_with_interfaces/srv/what_is_the_point.hpp
[1.691s] -- Up-to-date: /home/victory/Robot-Operating-System/python_ws/install/package_with_interfaces/include/package_with_interfaces/package_with_interfaces
[1.692s] -- Up-to-date: /home/victory/Robot-Operating-System/python_ws/install/package_with_interfaces/include/package_with_interfaces/package_with_interfaces/msg
[1.692s] -- Up-to-date: /home/victory/Robot-Operating-System/python_ws/install/package_with_interfaces/include/package_with_interfaces/package_with_interfaces/msg/detail
[1.692s] -- Up-to-date: /home/victory/Robot-Operating-System/python_ws/install/package_with_interfaces/include/package_with_interfaces/package_with_interfaces/msg/detail/dds_fastrtps
[1.693s] -- Up-to-date: /home/victory/Robot-Operating-System/python_ws/install/package_with_interfaces/include/package_with_interfaces/package_with_interfaces/msg/detail/amazing_quote__rosidl_typesupport_fastrtps_cpp.hpp
[1.693s] -- Up-to-date: /home/victory/Robot-Operating-System/python_ws/install/package_with_interfaces/include/package_with_interfaces/package_with_interfaces/msg/rosidl_typesupport_fastrtps_cpp__visibility_control.h
[1.693s] -- Up-to-date: /home/victory/Robot-Operating-System/python_ws/install/package_with_interfaces/include/package_with_interfaces/package_with_interfaces/srv
[1.693s] -- Up-to-date: /home/victory/Robot-Operating-System/python_ws/install/package_with_interfaces/include/package_with_interfaces/package_with_interfaces/srv/detail
[1.693s] -- Up-to-date: /home/victory/Robot-Operating-System/python_ws/install/package_with_interfaces/include/package_with_interfaces/package_with_interfaces/srv/detail/dds_fastrtps
[1.694s] -- Up-to-date: /home/victory/Robot-Operating-System/python_ws/install/package_with_interfaces/include/package_with_interfaces/package_with_interfaces/srv/detail/what_is_the_point__rosidl_typesupport_fastrtps_cpp.hpp
[1.694s] -- Up-to-date: /home/victory/Robot-Operating-System/python_ws/install/package_with_interfaces/lib/libpackage_with_interfaces__rosidl_typesupport_fastrtps_cpp.so
[1.694s] -- Up-to-date: /home/victory/Robot-Operating-System/python_ws/install/package_with_interfaces/include/package_with_interfaces/package_with_interfaces
[1.694s] -- Up-to-date: /home/victory/Robot-Operating-System/python_ws/install/package_with_interfaces/include/package_with_interfaces/package_with_interfaces/msg
[1.695s] -- Up-to-date: /home/victory/Robot-Operating-System/python_ws/install/package_with_interfaces/include/package_with_interfaces/package_with_interfaces/msg/rosidl_typesupport_introspection_c__visibility_control.h
[1.696s] -- Up-to-date: /home/victory/Robot-Operating-System/python_ws/install/package_with_interfaces/include/package_with_interfaces/package_with_interfaces/msg/detail
[1.696s] -- Up-to-date: /home/victory/Robot-Operating-System/python_ws/install/package_with_interfaces/include/package_with_interfaces/package_with_interfaces/msg/detail/amazing_quote__rosidl_typesupport_introspection_c.h
[1.696s] -- Up-to-date: /home/victory/Robot-Operating-System/python_ws/install/package_with_interfaces/include/package_with_interfaces/package_with_interfaces/msg/detail/amazing_quote__type_support.c
[1.696s] -- Up-to-date: /home/victory/Robot-Operating-System/python_ws/install/package_with_interfaces/include/package_with_interfaces/package_with_interfaces/srv
[1.697s] -- Up-to-date: /home/victory/Robot-Operating-System/python_ws/install/package_with_interfaces/include/package_with_interfaces/package_with_interfaces/srv/detail
[1.697s] -- Up-to-date: /home/victory/Robot-Operating-System/python_ws/install/package_with_interfaces/include/package_with_interfaces/package_with_interfaces/srv/detail/what_is_the_point__type_support.c
[1.697s] -- Up-to-date: /home/victory/Robot-Operating-System/python_ws/install/package_with_interfaces/include/package_with_interfaces/package_with_interfaces/srv/detail/what_is_the_point__rosidl_typesupport_introspection_c.h
[1.697s] -- Up-to-date: /home/victory/Robot-Operating-System/python_ws/install/package_with_interfaces/lib/libpackage_with_interfaces__rosidl_typesupport_introspection_c.so
[1.698s] -- Up-to-date: /home/victory/Robot-Operating-System/python_ws/install/package_with_interfaces/lib/libpackage_with_interfaces__rosidl_typesupport_c.so
[1.701s] -- Up-to-date: /home/victory/Robot-Operating-System/python_ws/install/package_with_interfaces/include/package_with_interfaces/package_with_interfaces
[1.702s] -- Up-to-date: /home/victory/Robot-Operating-System/python_ws/install/package_with_interfaces/include/package_with_interfaces/package_with_interfaces/msg
[1.702s] -- Up-to-date: /home/victory/Robot-Operating-System/python_ws/install/package_with_interfaces/include/package_with_interfaces/package_with_interfaces/msg/detail
[1.703s] -- Up-to-date: /home/victory/Robot-Operating-System/python_ws/install/package_with_interfaces/include/package_with_interfaces/package_with_interfaces/msg/detail/amazing_quote__rosidl_typesupport_introspection_cpp.hpp
[1.703s] -- Up-to-date: /home/victory/Robot-Operating-System/python_ws/install/package_with_interfaces/include/package_with_interfaces/package_with_interfaces/msg/detail/amazing_quote__type_support.cpp
[1.703s] -- Up-to-date: /home/victory/Robot-Operating-System/python_ws/install/package_with_interfaces/include/package_with_interfaces/package_with_interfaces/srv
[1.703s] -- Up-to-date: /home/victory/Robot-Operating-System/python_ws/install/package_with_interfaces/include/package_with_interfaces/package_with_interfaces/srv/detail
[1.703s] -- Up-to-date: /home/victory/Robot-Operating-System/python_ws/install/package_with_interfaces/include/package_with_interfaces/package_with_interfaces/srv/detail/what_is_the_point__rosidl_typesupport_introspection_cpp.hpp
[1.704s] -- Up-to-date: /home/victory/Robot-Operating-System/python_ws/install/package_with_interfaces/include/package_with_interfaces/package_with_interfaces/srv/detail/what_is_the_point__type_support.cpp
[1.704s] -- Up-to-date: /home/victory/Robot-Operating-System/python_ws/install/package_with_interfaces/lib/libpackage_with_interfaces__rosidl_typesupport_introspection_cpp.so
[1.704s] -- Up-to-date: /home/victory/Robot-Operating-System/python_ws/install/package_with_interfaces/lib/libpackage_with_interfaces__rosidl_typesupport_cpp.so
[1.704s] -- Up-to-date: /home/victory/Robot-Operating-System/python_ws/install/package_with_interfaces/share/package_with_interfaces/environment/pythonpath.sh
[1.705s] -- Up-to-date: /home/victory/Robot-Operating-System/python_ws/install/package_with_interfaces/share/package_with_interfaces/environment/pythonpath.dsv
[1.705s] -- Up-to-date: /home/victory/Robot-Operating-System/python_ws/install/package_with_interfaces/local/lib/python3.10/dist-packages/package_with_interfaces-0.0.0-py3.10.egg-info
[1.705s] -- Installing: /home/victory/Robot-Operating-System/python_ws/install/package_with_interfaces/local/lib/python3.10/dist-packages/package_with_interfaces-0.0.0-py3.10.egg-info/PKG-INFO
[1.705s] -- Installing: /home/victory/Robot-Operating-System/python_ws/install/package_with_interfaces/local/lib/python3.10/dist-packages/package_with_interfaces-0.0.0-py3.10.egg-info/SOURCES.txt
[1.705s] -- Installing: /home/victory/Robot-Operating-System/python_ws/install/package_with_interfaces/local/lib/python3.10/dist-packages/package_with_interfaces-0.0.0-py3.10.egg-info/dependency_links.txt
[1.705s] -- Installing: /home/victory/Robot-Operating-System/python_ws/install/package_with_interfaces/local/lib/python3.10/dist-packages/package_with_interfaces-0.0.0-py3.10.egg-info/top_level.txt
[1.706s] -- Up-to-date: /home/victory/Robot-Operating-System/python_ws/install/package_with_interfaces/local/lib/python3.10/dist-packages/package_with_interfaces
[1.706s] -- Up-to-date: /home/victory/Robot-Operating-System/python_ws/install/package_with_interfaces/local/lib/python3.10/dist-packages/package_with_interfaces/__init__.py
[1.706s] -- Up-to-date: /home/victory/Robot-Operating-System/python_ws/install/package_with_interfaces/local/lib/python3.10/dist-packages/package_with_interfaces/libpackage_with_interfaces__rosidl_generator_py.so
[1.706s] -- Up-to-date: /home/victory/Robot-Operating-System/python_ws/install/package_with_interfaces/local/lib/python3.10/dist-packages/package_with_interfaces/_package_with_interfaces_s.ep.rosidl_typesupport_fastrtps_c.c
[1.706s] -- Up-to-date: /home/victory/Robot-Operating-System/python_ws/install/package_with_interfaces/local/lib/python3.10/dist-packages/package_with_interfaces/package_with_interfaces_s__rosidl_typesupport_introspection_c.cpython-310-x86_64-linux-gnu.so
[1.707s] -- Up-to-date: /home/victory/Robot-Operating-System/python_ws/install/package_with_interfaces/local/lib/python3.10/dist-packages/package_with_interfaces/msg
[1.707s] -- Up-to-date: /home/victory/Robot-Operating-System/python_ws/install/package_with_interfaces/local/lib/python3.10/dist-packages/package_with_interfaces/msg/__init__.py
[1.707s] -- Up-to-date: /home/victory/Robot-Operating-System/python_ws/install/package_with_interfaces/local/lib/python3.10/dist-packages/package_with_interfaces/msg/_amazing_quote.py
[1.707s] -- Up-to-date: /home/victory/Robot-Operating-System/python_ws/install/package_with_interfaces/local/lib/python3.10/dist-packages/package_with_interfaces/msg/_amazing_quote_s.c
[1.707s] -- Up-to-date: /home/victory/Robot-Operating-System/python_ws/install/package_with_interfaces/local/lib/python3.10/dist-packages/package_with_interfaces/package_with_interfaces_s__rosidl_typesupport_fastrtps_c.cpython-310-x86_64-linux-gnu.so
[1.707s] -- Up-to-date: /home/victory/Robot-Operating-System/python_ws/install/package_with_interfaces/local/lib/python3.10/dist-packages/package_with_interfaces/_package_with_interfaces_s.ep.rosidl_typesupport_c.c
[1.708s] -- Up-to-date: /home/victory/Robot-Operating-System/python_ws/install/package_with_interfaces/local/lib/python3.10/dist-packages/package_with_interfaces/srv
[1.708s] -- Up-to-date: /home/victory/Robot-Operating-System/python_ws/install/package_with_interfaces/local/lib/python3.10/dist-packages/package_with_interfaces/srv/__init__.py
[1.708s] -- Up-to-date: /home/victory/Robot-Operating-System/python_ws/install/package_with_interfaces/local/lib/python3.10/dist-packages/package_with_interfaces/srv/_what_is_the_point.py
[1.708s] -- Up-to-date: /home/victory/Robot-Operating-System/python_ws/install/package_with_interfaces/local/lib/python3.10/dist-packages/package_with_interfaces/srv/_what_is_the_point_s.c
[1.708s] -- Up-to-date: /home/victory/Robot-Operating-System/python_ws/install/package_with_interfaces/local/lib/python3.10/dist-packages/package_with_interfaces/package_with_interfaces_s__rosidl_typesupport_c.cpython-310-x86_64-linux-gnu.so
[1.708s] -- Up-to-date: /home/victory/Robot-Operating-System/python_ws/install/package_with_interfaces/local/lib/python3.10/dist-packages/package_with_interfaces/_package_with_interfaces_s.ep.rosidl_typesupport_introspection_c.c
[1.821s] Listing '/home/victory/Robot-Operating-System/python_ws/install/package_with_interfaces/local/lib/python3.10/dist-packages/package_with_interfaces'...
[1.821s] Listing '/home/victory/Robot-Operating-System/python_ws/install/package_with_interfaces/local/lib/python3.10/dist-packages/package_with_interfaces/msg'...
[1.821s] Listing '/home/victory/Robot-Operating-System/python_ws/install/package_with_interfaces/local/lib/python3.10/dist-packages/package_with_interfaces/srv'...
[1.834s] -- Up-to-date: /home/victory/Robot-Operating-System/python_ws/install/package_with_interfaces/local/lib/python3.10/dist-packages/package_with_interfaces/package_with_interfaces_s__rosidl_typesupport_fastrtps_c.cpython-310-x86_64-linux-gnu.so
[1.837s] -- Up-to-date: /home/victory/Robot-Operating-System/python_ws/install/package_with_interfaces/local/lib/python3.10/dist-packages/package_with_interfaces/package_with_interfaces_s__rosidl_typesupport_introspection_c.cpython-310-x86_64-linux-gnu.so
[1.838s] -- Up-to-date: /home/victory/Robot-Operating-System/python_ws/install/package_with_interfaces/local/lib/python3.10/dist-packages/package_with_interfaces/package_with_interfaces_s__rosidl_typesupport_c.cpython-310-x86_64-linux-gnu.so
[1.839s] -- Up-to-date: /home/victory/Robot-Operating-System/python_ws/install/package_with_interfaces/lib/libpackage_with_interfaces__rosidl_generator_py.so
[1.840s] -- Up-to-date: /home/victory/Robot-Operating-System/python_ws/install/package_with_interfaces/share/package_with_interfaces/msg/AmazingQuote.idl
[1.842s] -- Up-to-date: /home/victory/Robot-Operating-System/python_ws/install/package_with_interfaces/share/package_with_interfaces/srv/WhatIsThePoint.idl
[1.842s] -- Up-to-date: /home/victory/Robot-Operating-System/python_ws/install/package_with_interfaces/share/package_with_interfaces/msg/AmazingQuote.msg
[1.842s] -- Up-to-date: /home/victory/Robot-Operating-System/python_ws/install/package_with_interfaces/share/package_with_interfaces/srv/WhatIsThePoint.srv
[1.844s] -- Up-to-date: /home/victory/Robot-Operating-System/python_ws/install/package_with_interfaces/share/package_with_interfaces/srv/WhatIsThePoint_Request.msg
[1.849s] -- Up-to-date: /home/victory/Robot-Operating-System/python_ws/install/package_with_interfaces/share/package_with_interfaces/srv/WhatIsThePoint_Response.msg
[1.851s] -- Up-to-date: /home/victory/Robot-Operating-System/python_ws/install/package_with_interfaces/share/ament_index/resource_index/package_run_dependencies/package_with_interfaces
[1.852s] -- Up-to-date: /home/victory/Robot-Operating-System/python_ws/install/package_with_interfaces/share/ament_index/resource_index/parent_prefix_path/package_with_interfaces
[1.853s] -- Up-to-date: /home/victory/Robot-Operating-System/python_ws/install/package_with_interfaces/share/package_with_interfaces/environment/ament_prefix_path.sh
[1.853s] -- Up-to-date: /home/victory/Robot-Operating-System/python_ws/install/package_with_interfaces/share/package_with_interfaces/environment/ament_prefix_path.dsv
[1.853s] -- Up-to-date: /home/victory/Robot-Operating-System/python_ws/install/package_with_interfaces/share/package_with_interfaces/environment/path.sh
[1.854s] -- Up-to-date: /home/victory/Robot-Operating-System/python_ws/install/package_with_interfaces/share/package_with_interfaces/environment/path.dsv
[1.854s] -- Up-to-date: /home/victory/Robot-Operating-System/python_ws/install/package_with_interfaces/share/package_with_interfaces/local_setup.bash
[1.854s] -- Up-to-date: /home/victory/Robot-Operating-System/python_ws/install/package_with_interfaces/share/package_with_interfaces/local_setup.sh
[1.855s] -- Up-to-date: /home/victory/Robot-Operating-System/python_ws/install/package_with_interfaces/share/package_with_interfaces/local_setup.zsh
[1.855s] -- Up-to-date: /home/victory/Robot-Operating-System/python_ws/install/package_with_interfaces/share/package_with_interfaces/local_setup.dsv
[1.855s] -- Installing: /home/victory/Robot-Operating-System/python_ws/install/package_with_interfaces/share/package_with_interfaces/package.dsv
[1.855s] -- Up-to-date: /home/victory/Robot-Operating-System/python_ws/install/package_with_interfaces/share/ament_index/resource_index/packages/package_with_interfaces
[1.855s] -- Up-to-date: /home/victory/Robot-Operating-System/python_ws/install/package_with_interfaces/share/package_with_interfaces/cmake/export_package_with_interfaces__rosidl_generator_cExport.cmake
[1.856s] -- Up-to-date: /home/victory/Robot-Operating-System/python_ws/install/package_with_interfaces/share/package_with_interfaces/cmake/export_package_with_interfaces__rosidl_generator_cExport-noconfig.cmake
[1.856s] -- Up-to-date: /home/victory/Robot-Operating-System/python_ws/install/package_with_interfaces/share/package_with_interfaces/cmake/export_package_with_interfaces__rosidl_typesupport_fastrtps_cExport.cmake
[1.856s] -- Up-to-date: /home/victory/Robot-Operating-System/python_ws/install/package_with_interfaces/share/package_with_interfaces/cmake/export_package_with_interfaces__rosidl_typesupport_fastrtps_cExport-noconfig.cmake
[1.856s] -- Up-to-date: /home/victory/Robot-Operating-System/python_ws/install/package_with_interfaces/share/package_with_interfaces/cmake/export_package_with_interfaces__rosidl_generator_cppExport.cmake
[1.856s] -- Up-to-date: /home/victory/Robot-Operating-System/python_ws/install/package_with_interfaces/share/package_with_interfaces/cmake/export_package_with_interfaces__rosidl_typesupport_fastrtps_cppExport.cmake
[1.857s] -- Up-to-date: /home/victory/Robot-Operating-System/python_ws/install/package_with_interfaces/share/package_with_interfaces/cmake/export_package_with_interfaces__rosidl_typesupport_fastrtps_cppExport-noconfig.cmake
[1.857s] -- Up-to-date: /home/victory/Robot-Operating-System/python_ws/install/package_with_interfaces/share/package_with_interfaces/cmake/package_with_interfaces__rosidl_typesupport_introspection_cExport.cmake
[1.857s] -- Up-to-date: /home/victory/Robot-Operating-System/python_ws/install/package_with_interfaces/share/package_with_interfaces/cmake/package_with_interfaces__rosidl_typesupport_introspection_cExport-noconfig.cmake
[1.857s] -- Up-to-date: /home/victory/Robot-Operating-System/python_ws/install/package_with_interfaces/share/package_with_interfaces/cmake/package_with_interfaces__rosidl_typesupport_cExport.cmake
[1.861s] -- Up-to-date: /home/victory/Robot-Operating-System/python_ws/install/package_with_interfaces/share/package_with_interfaces/cmake/package_with_interfaces__rosidl_typesupport_cExport-noconfig.cmake
[1.861s] -- Up-to-date: /home/victory/Robot-Operating-System/python_ws/install/package_with_interfaces/share/package_with_interfaces/cmake/package_with_interfaces__rosidl_typesupport_introspection_cppExport.cmake
[1.862s] -- Up-to-date: /home/victory/Robot-Operating-System/python_ws/install/package_with_interfaces/share/package_with_interfaces/cmake/package_with_interfaces__rosidl_typesupport_introspection_cppExport-noconfig.cmake
[1.862s] -- Up-to-date: /home/victory/Robot-Operating-System/python_ws/install/package_with_interfaces/share/package_with_interfaces/cmake/package_with_interfaces__rosidl_typesupport_cppExport.cmake
[1.862s] -- Up-to-date: /home/victory/Robot-Operating-System/python_ws/install/package_with_interfaces/share/package_with_interfaces/cmake/package_with_interfaces__rosidl_typesupport_cppExport-noconfig.cmake
[1.862s] -- Up-to-date: /home/victory/Robot-Operating-System/python_ws/install/package_with_interfaces/share/package_with_interfaces/cmake/export_package_with_interfaces__rosidl_generator_pyExport.cmake
[1.863s] -- Up-to-date: /home/victory/Robot-Operating-System/python_ws/install/package_with_interfaces/share/package_with_interfaces/cmake/export_package_with_interfaces__rosidl_generator_pyExport-noconfig.cmake
[1.863s] -- Up-to-date: /home/victory/Robot-Operating-System/python_ws/install/package_with_interfaces/share/package_with_interfaces/cmake/rosidl_cmake-extras.cmake
[1.863s] -- Up-to-date: /home/victory/Robot-Operating-System/python_ws/install/package_with_interfaces/share/package_with_interfaces/cmake/ament_cmake_export_dependencies-extras.cmake
[1.864s] -- Up-to-date: /home/victory/Robot-Operating-System/python_ws/install/package_with_interfaces/share/package_with_interfaces/cmake/ament_cmake_export_include_directories-extras.cmake
[1.864s] -- Up-to-date: /home/victory/Robot-Operating-System/python_ws/install/package_with_interfaces/share/package_with_interfaces/cmake/ament_cmake_export_libraries-extras.cmake
[1.864s] -- Up-to-date: /home/victory/Robot-Operating-System/python_ws/install/package_with_interfaces/share/package_with_interfaces/cmake/ament_cmake_export_targets-extras.cmake
[1.866s] -- Up-to-date: /home/victory/Robot-Operating-System/python_ws/install/package_with_interfaces/share/package_with_interfaces/cmake/rosidl_cmake_export_typesupport_targets-extras.cmake
[1.870s] -- Up-to-date: /home/victory/Robot-Operating-System/python_ws/install/package_with_interfaces/share/package_with_interfaces/cmake/rosidl_cmake_export_typesupport_libraries-extras.cmake
[1.871s] -- Up-to-date: /home/victory/Robot-Operating-System/python_ws/install/package_with_interfaces/share/package_with_interfaces/cmake/package_with_interfacesConfig.cmake
[1.872s] -- Up-to-date: /home/victory/Robot-Operating-System/python_ws/install/package_with_interfaces/share/package_with_interfaces/cmake/package_with_interfacesConfig-version.cmake
[1.872s] -- Up-to-date: /home/victory/Robot-Operating-System/python_ws/install/package_with_interfaces/share/package_with_interfaces/package.xml
[1.872s] Invoked command in '/home/victory/Robot-Operating-System/python_ws/build/package_with_interfaces' returned '0': CMAKE_PREFIX_PATH=/opt/ros/humble /home/linuxbrew/.linuxbrew/bin/cmake --install /home/victory/Robot-Operating-System/python_ws/build/package_with_interfaces
