[2.597s] Invoking command in '/home/victory/Robot-Operating-System/python_ws/src/package_that_uses_package_with_interfaces': AMENT_PREFIX_PATH=/home/victory/Robot-Operating-System/python_ws/install/package_with_interfaces:${AMENT_PREFIX_PATH} CMAKE_PREFIX_PATH=/home/victory/Robot-Operating-System/python_ws/install/package_with_interfaces LD_LIBRARY_PATH=/home/victory/Robot-Operating-System/python_ws/install/package_with_interfaces/lib:${LD_LIBRARY_PATH} PYTHONPATH=/home/victory/Robot-Operating-System/python_ws/build/package_that_uses_package_with_interfaces/prefix_override:/usr/lib/python3/dist-packages/colcon_core/task/python/colcon_distutils_commands:/home/victory/Robot-Operating-System/python_ws/install/package_that_uses_package_with_interfaces/lib/python3.10/site-packages:/home/victory/Robot-Operating-System/python_ws/install/package_with_interfaces/local/lib/python3.10/dist-packages:${PYTHONPATH} /usr/bin/python3 -W ignore:setup.py install is deprecated setup.py egg_info --egg-base ../../build/package_that_uses_package_with_interfaces build --build-base /home/victory/Robot-Operating-System/python_ws/build/package_that_uses_package_with_interfaces/build install --record /home/victory/Robot-Operating-System/python_ws/build/package_that_uses_package_with_interfaces/install.log --single-version-externally-managed install_data
[3.191s] running egg_info
[3.192s] writing ../../build/package_that_uses_package_with_interfaces/package_that_uses_package_with_interfaces.egg-info/PKG-INFO
[3.193s] writing dependency_links to ../../build/package_that_uses_package_with_interfaces/package_that_uses_package_with_interfaces.egg-info/dependency_links.txt
[3.194s] writing entry points to ../../build/package_that_uses_package_with_interfaces/package_that_uses_package_with_interfaces.egg-info/entry_points.txt
[3.194s] writing requirements to ../../build/package_that_uses_package_with_interfaces/package_that_uses_package_with_interfaces.egg-info/requires.txt
[3.194s] writing top-level names to ../../build/package_that_uses_package_with_interfaces/package_that_uses_package_with_interfaces.egg-info/top_level.txt
[3.199s] reading manifest file '../../build/package_that_uses_package_with_interfaces/package_that_uses_package_with_interfaces.egg-info/SOURCES.txt'
[3.202s] writing manifest file '../../build/package_that_uses_package_with_interfaces/package_that_uses_package_with_interfaces.egg-info/SOURCES.txt'
[3.202s] running build
[3.202s] running build_py
[3.203s] running install
[3.204s] running install_lib
[3.208s] running install_data
[3.208s] running install_egg_info
[3.211s] removing '/home/victory/Robot-Operating-System/python_ws/install/package_that_uses_package_with_interfaces/lib/python3.10/site-packages/package_that_uses_package_with_interfaces-0.0.0-py3.10.egg-info' (and everything under it)
[3.211s] Copying ../../build/package_that_uses_package_with_interfaces/package_that_uses_package_with_interfaces.egg-info to /home/victory/Robot-Operating-System/python_ws/install/package_that_uses_package_with_interfaces/lib/python3.10/site-packages/package_that_uses_package_with_interfaces-0.0.0-py3.10.egg-info
[3.213s] running install_scripts
[3.249s] Installing amazing_quote_publisher_node script to /home/victory/Robot-Operating-System/python_ws/install/package_that_uses_package_with_interfaces/lib/package_that_uses_package_with_interfaces
[3.250s] Installing amazing_quote_subscription_node script to /home/victory/Robot-Operating-System/python_ws/install/package_that_uses_package_with_interfaces/lib/package_that_uses_package_with_interfaces
[3.251s] Installing service_client_node script to /home/victory/Robot-Operating-System/python_ws/install/package_that_uses_package_with_interfaces/lib/package_that_uses_package_with_interfaces
[3.251s] Installing service_server_node script to /home/victory/Robot-Operating-System/python_ws/install/package_that_uses_package_with_interfaces/lib/package_that_uses_package_with_interfaces
[3.252s] writing list of installed files to '/home/victory/Robot-Operating-System/python_ws/build/package_that_uses_package_with_interfaces/install.log'
[3.359s] Invoked command in '/home/victory/Robot-Operating-System/python_ws/src/package_that_uses_package_with_interfaces' returned '0': AMENT_PREFIX_PATH=/home/victory/Robot-Operating-System/python_ws/install/package_with_interfaces:${AMENT_PREFIX_PATH} CMAKE_PREFIX_PATH=/home/victory/Robot-Operating-System/python_ws/install/package_with_interfaces LD_LIBRARY_PATH=/home/victory/Robot-Operating-System/python_ws/install/package_with_interfaces/lib:${LD_LIBRARY_PATH} PYTHONPATH=/home/victory/Robot-Operating-System/python_ws/build/package_that_uses_package_with_interfaces/prefix_override:/usr/lib/python3/dist-packages/colcon_core/task/python/colcon_distutils_commands:/home/victory/Robot-Operating-System/python_ws/install/package_that_uses_package_with_interfaces/lib/python3.10/site-packages:/home/victory/Robot-Operating-System/python_ws/install/package_with_interfaces/local/lib/python3.10/dist-packages:${PYTHONPATH} /usr/bin/python3 -W ignore:setup.py install is deprecated setup.py egg_info --egg-base ../../build/package_that_uses_package_with_interfaces build --build-base /home/victory/Robot-Operating-System/python_ws/build/package_that_uses_package_with_interfaces/build install --record /home/victory/Robot-Operating-System/python_ws/build/package_that_uses_package_with_interfaces/install.log --single-version-externally-managed install_data
