[1.635s] Invoking command in '/home/victory/Robot-Operating-System/python_ws/src/package_with_configurable_nodes': AMENT_PREFIX_PATH=/home/victory/Robot-Operating-System/python_ws/install/package_with_interfaces:${AMENT_PREFIX_PATH} CMAKE_PREFIX_PATH=/home/victory/Robot-Operating-System/python_ws/install/package_with_interfaces LD_LIBRARY_PATH=/home/victory/Robot-Operating-System/python_ws/install/package_with_interfaces/lib:${LD_LIBRARY_PATH} PYTHONPATH=/home/victory/Robot-Operating-System/python_ws/build/package_with_configurable_nodes/prefix_override:/usr/lib/python3/dist-packages/colcon_core/task/python/colcon_distutils_commands:/home/victory/Robot-Operating-System/python_ws/install/package_with_configurable_nodes/lib/python3.10/site-packages:/home/victory/Robot-Operating-System/python_ws/install/package_with_interfaces/local/lib/python3.10/dist-packages:${PYTHONPATH} /usr/bin/python3 -W ignore:setup.py install is deprecated setup.py egg_info --egg-base ../../build/package_with_configurable_nodes build --build-base /home/victory/Robot-Operating-System/python_ws/build/package_with_configurable_nodes/build install --record /home/victory/Robot-Operating-System/python_ws/build/package_with_configurable_nodes/install.log --single-version-externally-managed install_data
[1.941s] running egg_info
[1.942s] writing ../../build/package_with_configurable_nodes/package_with_configurable_nodes.egg-info/PKG-INFO
[1.943s] writing dependency_links to ../../build/package_with_configurable_nodes/package_with_configurable_nodes.egg-info/dependency_links.txt
[1.943s] writing entry points to ../../build/package_with_configurable_nodes/package_with_configurable_nodes.egg-info/entry_points.txt
[1.944s] writing requirements to ../../build/package_with_configurable_nodes/package_with_configurable_nodes.egg-info/requires.txt
[1.944s] writing top-level names to ../../build/package_with_configurable_nodes/package_with_configurable_nodes.egg-info/top_level.txt
[1.948s] reading manifest file '../../build/package_with_configurable_nodes/package_with_configurable_nodes.egg-info/SOURCES.txt'
[1.950s] writing manifest file '../../build/package_with_configurable_nodes/package_with_configurable_nodes.egg-info/SOURCES.txt'
[1.950s] running build
[1.950s] running build_py
[1.951s] running install
[1.951s] running install_lib
[1.953s] running install_data
[1.953s] running install_egg_info
[1.956s] removing '/home/victory/Robot-Operating-System/python_ws/install/package_with_configurable_nodes/lib/python3.10/site-packages/package_with_configurable_nodes-0.0.0-py3.10.egg-info' (and everything under it)
[1.956s] Copying ../../build/package_with_configurable_nodes/package_with_configurable_nodes.egg-info to /home/victory/Robot-Operating-System/python_ws/install/package_with_configurable_nodes/lib/python3.10/site-packages/package_with_configurable_nodes-0.0.0-py3.10.egg-info
[1.958s] running install_scripts
[1.984s] Installing configurable_quote_publisher script to /home/victory/Robot-Operating-System/python_ws/install/package_with_configurable_nodes/lib/package_with_configurable_nodes
[1.985s] writing list of installed files to '/home/victory/Robot-Operating-System/python_ws/build/package_with_configurable_nodes/install.log'
[2.022s] Invoked command in '/home/victory/Robot-Operating-System/python_ws/src/package_with_configurable_nodes' returned '0': AMENT_PREFIX_PATH=/home/victory/Robot-Operating-System/python_ws/install/package_with_interfaces:${AMENT_PREFIX_PATH} CMAKE_PREFIX_PATH=/home/victory/Robot-Operating-System/python_ws/install/package_with_interfaces LD_LIBRARY_PATH=/home/victory/Robot-Operating-System/python_ws/install/package_with_interfaces/lib:${LD_LIBRARY_PATH} PYTHONPATH=/home/victory/Robot-Operating-System/python_ws/build/package_with_configurable_nodes/prefix_override:/usr/lib/python3/dist-packages/colcon_core/task/python/colcon_distutils_commands:/home/victory/Robot-Operating-System/python_ws/install/package_with_configurable_nodes/lib/python3.10/site-packages:/home/victory/Robot-Operating-System/python_ws/install/package_with_interfaces/local/lib/python3.10/dist-packages:${PYTHONPATH} /usr/bin/python3 -W ignore:setup.py install is deprecated setup.py egg_info --egg-base ../../build/package_with_configurable_nodes build --build-base /home/victory/Robot-Operating-System/python_ws/build/package_with_configurable_nodes/build install --record /home/victory/Robot-Operating-System/python_ws/build/package_with_configurable_nodes/install.log --single-version-externally-managed install_data
