[0.617s] DEBUG:colcon:Command line arguments: ['/usr/bin/colcon', 'build', '--packages-select', 'package_with_interfaces']
[0.617s] DEBUG:colcon:Parsed command line arguments: Namespace(log_base=None, log_level=None, verb_name='build', build_base='build', install_base='install', merge_install=False, symlink_install=False, test_result_base=None, continue_on_error=False, executor='parallel', parallel_workers=4, event_handlers=None, ignore_user_meta=False, metas=['./colcon.meta'], base_paths=['.'], packages_ignore=None, packages_ignore_regex=None, paths=None, packages_up_to=None, packages_up_to_regex=None, packages_above=None, packages_above_and_dependencies=None, packages_above_depth=None, packages_select_by_dep=None, packages_skip_by_dep=None, packages_skip_up_to=None, packages_select_build_failed=False, packages_skip_build_finished=False, packages_select_test_failures=False, packages_skip_test_passed=False, packages_select=['package_with_interfaces'], packages_skip=None, packages_select_regex=None, packages_skip_regex=None, packages_start=None, packages_end=None, allow_overriding=[], cmake_args=None, cmake_target=None, cmake_target_skip_unavailable=False, cmake_clean_cache=False, cmake_clean_first=False, cmake_force_configure=False, ament_cmake_args=None, catkin_cmake_args=None, catkin_skip_building_tests=False, mixin_files=None, mixin=None, verb_parser=<colcon_mixin.mixin.mixin_argument.MixinArgumentDecorator object at 0x7f91ec555d20>, verb_extension=<colcon_core.verb.build.BuildVerb object at 0x7f91ec554cd0>, main=<bound method BuildVerb.main of <colcon_core.verb.build.BuildVerb object at 0x7f91ec554cd0>>, mixin_verb=('build',))
[0.846s] Level 1:colcon.colcon_core.package_discovery:discover_packages(colcon_meta) check parameters
[0.846s] Level 1:colcon.colcon_core.package_discovery:discover_packages(recursive) check parameters
[0.846s] Level 1:colcon.colcon_core.package_discovery:discover_packages(ignore) check parameters
[0.846s] Level 1:colcon.colcon_core.package_discovery:discover_packages(path) check parameters
[0.846s] Level 1:colcon.colcon_core.package_discovery:discover_packages(colcon_meta) discover
[0.846s] Level 1:colcon.colcon_core.package_discovery:discover_packages(recursive) discover
[0.846s] INFO:colcon.colcon_core.package_discovery:Crawling recursively for packages in '/home/victory/Robot-Operating-System/python_ws'
[0.846s] Level 1:colcon.colcon_core.package_identification:_identify(.) by extensions ['ignore', 'ignore_ament_install']
[0.846s] Level 1:colcon.colcon_core.package_identification:_identify(.) by extension 'ignore'
[0.847s] Level 1:colcon.colcon_core.package_identification:_identify(.) by extension 'ignore_ament_install'
[0.847s] Level 1:colcon.colcon_core.package_identification:_identify(.) by extensions ['colcon_pkg']
[0.847s] Level 1:colcon.colcon_core.package_identification:_identify(.) by extension 'colcon_pkg'
[0.847s] Level 1:colcon.colcon_core.package_identification:_identify(.) by extensions ['colcon_meta']
[0.847s] Level 1:colcon.colcon_core.package_identification:_identify(.) by extension 'colcon_meta'
[0.847s] Level 1:colcon.colcon_core.package_identification:_identify(.) by extensions ['ros']
[0.847s] Level 1:colcon.colcon_core.package_identification:_identify(.) by extension 'ros'
[0.865s] Level 1:colcon.colcon_core.package_identification:_identify(.) by extensions ['cmake', 'python']
[0.865s] Level 1:colcon.colcon_core.package_identification:_identify(.) by extension 'cmake'
[0.865s] Level 1:colcon.colcon_core.package_identification:_identify(.) by extension 'python'
[0.865s] Level 1:colcon.colcon_core.package_identification:_identify(.) by extensions ['python_setup_py']
[0.865s] Level 1:colcon.colcon_core.package_identification:_identify(.) by extension 'python_setup_py'
[0.865s] Level 1:colcon.colcon_core.package_identification:_identify(build) by extensions ['ignore', 'ignore_ament_install']
[0.865s] Level 1:colcon.colcon_core.package_identification:_identify(build) by extension 'ignore'
[0.865s] Level 1:colcon.colcon_core.package_identification:_identify(build) ignored
[0.866s] Level 1:colcon.colcon_core.package_identification:_identify(install) by extensions ['ignore', 'ignore_ament_install']
[0.866s] Level 1:colcon.colcon_core.package_identification:_identify(install) by extension 'ignore'
[0.866s] Level 1:colcon.colcon_core.package_identification:_identify(install) ignored
[0.866s] Level 1:colcon.colcon_core.package_identification:_identify(log) by extensions ['ignore', 'ignore_ament_install']
[0.866s] Level 1:colcon.colcon_core.package_identification:_identify(log) by extension 'ignore'
[0.866s] Level 1:colcon.colcon_core.package_identification:_identify(log) ignored
[0.866s] Level 1:colcon.colcon_core.package_identification:_identify(src) by extensions ['ignore', 'ignore_ament_install']
[0.866s] Level 1:colcon.colcon_core.package_identification:_identify(src) by extension 'ignore'
[0.866s] Level 1:colcon.colcon_core.package_identification:_identify(src) by extension 'ignore_ament_install'
[0.866s] Level 1:colcon.colcon_core.package_identification:_identify(src) by extensions ['colcon_pkg']
[0.867s] Level 1:colcon.colcon_core.package_identification:_identify(src) by extension 'colcon_pkg'
[0.867s] Level 1:colcon.colcon_core.package_identification:_identify(src) by extensions ['colcon_meta']
[0.867s] Level 1:colcon.colcon_core.package_identification:_identify(src) by extension 'colcon_meta'
[0.867s] Level 1:colcon.colcon_core.package_identification:_identify(src) by extensions ['ros']
[0.867s] Level 1:colcon.colcon_core.package_identification:_identify(src) by extension 'ros'
[0.867s] Level 1:colcon.colcon_core.package_identification:_identify(src) by extensions ['cmake', 'python']
[0.867s] Level 1:colcon.colcon_core.package_identification:_identify(src) by extension 'cmake'
[0.867s] Level 1:colcon.colcon_core.package_identification:_identify(src) by extension 'python'
[0.867s] Level 1:colcon.colcon_core.package_identification:_identify(src) by extensions ['python_setup_py']
[0.867s] Level 1:colcon.colcon_core.package_identification:_identify(src) by extension 'python_setup_py'
[0.867s] Level 1:colcon.colcon_core.package_identification:_identify(src/motor_distance_sensor_package) by extensions ['ignore', 'ignore_ament_install']
[0.867s] Level 1:colcon.colcon_core.package_identification:_identify(src/motor_distance_sensor_package) by extension 'ignore'
[0.867s] Level 1:colcon.colcon_core.package_identification:_identify(src/motor_distance_sensor_package) by extension 'ignore_ament_install'
[0.867s] Level 1:colcon.colcon_core.package_identification:_identify(src/motor_distance_sensor_package) by extensions ['colcon_pkg']
[0.867s] Level 1:colcon.colcon_core.package_identification:_identify(src/motor_distance_sensor_package) by extension 'colcon_pkg'
[0.868s] Level 1:colcon.colcon_core.package_identification:_identify(src/motor_distance_sensor_package) by extensions ['colcon_meta']
[0.868s] Level 1:colcon.colcon_core.package_identification:_identify(src/motor_distance_sensor_package) by extension 'colcon_meta'
[0.868s] Level 1:colcon.colcon_core.package_identification:_identify(src/motor_distance_sensor_package) by extensions ['ros']
[0.868s] Level 1:colcon.colcon_core.package_identification:_identify(src/motor_distance_sensor_package) by extension 'ros'
[0.871s] DEBUG:colcon.colcon_core.package_identification:Package 'src/motor_distance_sensor_package' with type 'ros.ament_python' and name 'motor_distance_sensor_package'
[0.871s] Level 1:colcon.colcon_core.package_identification:_identify(src/package_that_uses_package_with_interfaces) by extensions ['ignore', 'ignore_ament_install']
[0.871s] Level 1:colcon.colcon_core.package_identification:_identify(src/package_that_uses_package_with_interfaces) by extension 'ignore'
[0.871s] Level 1:colcon.colcon_core.package_identification:_identify(src/package_that_uses_package_with_interfaces) by extension 'ignore_ament_install'
[0.871s] Level 1:colcon.colcon_core.package_identification:_identify(src/package_that_uses_package_with_interfaces) by extensions ['colcon_pkg']
[0.871s] Level 1:colcon.colcon_core.package_identification:_identify(src/package_that_uses_package_with_interfaces) by extension 'colcon_pkg'
[0.872s] Level 1:colcon.colcon_core.package_identification:_identify(src/package_that_uses_package_with_interfaces) by extensions ['colcon_meta']
[0.872s] Level 1:colcon.colcon_core.package_identification:_identify(src/package_that_uses_package_with_interfaces) by extension 'colcon_meta'
[0.872s] Level 1:colcon.colcon_core.package_identification:_identify(src/package_that_uses_package_with_interfaces) by extensions ['ros']
[0.872s] Level 1:colcon.colcon_core.package_identification:_identify(src/package_that_uses_package_with_interfaces) by extension 'ros'
[0.873s] DEBUG:colcon.colcon_core.package_identification:Package 'src/package_that_uses_package_with_interfaces' with type 'ros.ament_python' and name 'package_that_uses_package_with_interfaces'
[0.873s] Level 1:colcon.colcon_core.package_identification:_identify(src/package_with_configurable_nodes) by extensions ['ignore', 'ignore_ament_install']
[0.873s] Level 1:colcon.colcon_core.package_identification:_identify(src/package_with_configurable_nodes) by extension 'ignore'
[0.873s] Level 1:colcon.colcon_core.package_identification:_identify(src/package_with_configurable_nodes) by extension 'ignore_ament_install'
[0.873s] Level 1:colcon.colcon_core.package_identification:_identify(src/package_with_configurable_nodes) by extensions ['colcon_pkg']
[0.873s] Level 1:colcon.colcon_core.package_identification:_identify(src/package_with_configurable_nodes) by extension 'colcon_pkg'
[0.873s] Level 1:colcon.colcon_core.package_identification:_identify(src/package_with_configurable_nodes) by extensions ['colcon_meta']
[0.873s] Level 1:colcon.colcon_core.package_identification:_identify(src/package_with_configurable_nodes) by extension 'colcon_meta'
[0.873s] Level 1:colcon.colcon_core.package_identification:_identify(src/package_with_configurable_nodes) by extensions ['ros']
[0.873s] Level 1:colcon.colcon_core.package_identification:_identify(src/package_with_configurable_nodes) by extension 'ros'
[0.874s] DEBUG:colcon.colcon_core.package_identification:Package 'src/package_with_configurable_nodes' with type 'ros.ament_python' and name 'package_with_configurable_nodes'
[0.875s] Level 1:colcon.colcon_core.package_identification:_identify(src/package_with_interfaces) by extensions ['ignore', 'ignore_ament_install']
[0.875s] Level 1:colcon.colcon_core.package_identification:_identify(src/package_with_interfaces) by extension 'ignore'
[0.875s] Level 1:colcon.colcon_core.package_identification:_identify(src/package_with_interfaces) by extension 'ignore_ament_install'
[0.875s] Level 1:colcon.colcon_core.package_identification:_identify(src/package_with_interfaces) by extensions ['colcon_pkg']
[0.875s] Level 1:colcon.colcon_core.package_identification:_identify(src/package_with_interfaces) by extension 'colcon_pkg'
[0.875s] Level 1:colcon.colcon_core.package_identification:_identify(src/package_with_interfaces) by extensions ['colcon_meta']
[0.875s] Level 1:colcon.colcon_core.package_identification:_identify(src/package_with_interfaces) by extension 'colcon_meta'
[0.875s] Level 1:colcon.colcon_core.package_identification:_identify(src/package_with_interfaces) by extensions ['ros']
[0.875s] Level 1:colcon.colcon_core.package_identification:_identify(src/package_with_interfaces) by extension 'ros'
[0.876s] DEBUG:colcon.colcon_core.package_identification:Package 'src/package_with_interfaces' with type 'ros.ament_cmake' and name 'package_with_interfaces'
[0.876s] Level 1:colcon.colcon_core.package_identification:_identify(src/positio_encoder_decoder_python_package) by extensions ['ignore', 'ignore_ament_install']
[0.876s] Level 1:colcon.colcon_core.package_identification:_identify(src/positio_encoder_decoder_python_package) by extension 'ignore'
[0.876s] Level 1:colcon.colcon_core.package_identification:_identify(src/positio_encoder_decoder_python_package) by extension 'ignore_ament_install'
[0.876s] Level 1:colcon.colcon_core.package_identification:_identify(src/positio_encoder_decoder_python_package) by extensions ['colcon_pkg']
[0.876s] Level 1:colcon.colcon_core.package_identification:_identify(src/positio_encoder_decoder_python_package) by extension 'colcon_pkg'
[0.877s] Level 1:colcon.colcon_core.package_identification:_identify(src/positio_encoder_decoder_python_package) by extensions ['colcon_meta']
[0.877s] Level 1:colcon.colcon_core.package_identification:_identify(src/positio_encoder_decoder_python_package) by extension 'colcon_meta'
[0.877s] Level 1:colcon.colcon_core.package_identification:_identify(src/positio_encoder_decoder_python_package) by extensions ['ros']
[0.877s] Level 1:colcon.colcon_core.package_identification:_identify(src/positio_encoder_decoder_python_package) by extension 'ros'
[0.877s] DEBUG:colcon.colcon_core.package_identification:Package 'src/positio_encoder_decoder_python_package' with type 'ros.ament_python' and name 'positio_encoder_decoder_python_package'
[0.878s] Level 1:colcon.colcon_core.package_discovery:discover_packages(recursive) using defaults
[0.878s] Level 1:colcon.colcon_core.package_discovery:discover_packages(ignore) discover
[0.878s] Level 1:colcon.colcon_core.package_discovery:discover_packages(ignore) using defaults
[0.878s] Level 1:colcon.colcon_core.package_discovery:discover_packages(path) discover
[0.878s] Level 1:colcon.colcon_core.package_discovery:discover_packages(path) using defaults
[0.903s] INFO:colcon.colcon_core.package_selection:Skipping not selected package 'motor_distance_sensor_package' in 'src/motor_distance_sensor_package'
[0.904s] INFO:colcon.colcon_core.package_selection:Skipping not selected package 'positio_encoder_decoder_python_package' in 'src/positio_encoder_decoder_python_package'
[0.904s] INFO:colcon.colcon_core.package_selection:Skipping not selected package 'package_that_uses_package_with_interfaces' in 'src/package_that_uses_package_with_interfaces'
[0.904s] INFO:colcon.colcon_core.package_selection:Skipping not selected package 'package_with_configurable_nodes' in 'src/package_with_configurable_nodes'
[0.904s] Level 1:colcon.colcon_core.package_discovery:discover_packages(prefix_path) check parameters
[0.904s] Level 1:colcon.colcon_core.package_discovery:discover_packages(prefix_path) discover
[0.907s] DEBUG:colcon.colcon_installed_package_information.package_discovery:Found 293 installed packages in /opt/ros/humble
[0.910s] Level 1:colcon.colcon_core.package_discovery:discover_packages(prefix_path) using defaults
[0.975s] Level 5:colcon.colcon_core.verb:set package 'package_with_interfaces' build argument 'cmake_args' from command line to 'None'
[0.976s] Level 5:colcon.colcon_core.verb:set package 'package_with_interfaces' build argument 'cmake_target' from command line to 'None'
[0.976s] Level 5:colcon.colcon_core.verb:set package 'package_with_interfaces' build argument 'cmake_target_skip_unavailable' from command line to 'False'
[0.976s] Level 5:colcon.colcon_core.verb:set package 'package_with_interfaces' build argument 'cmake_clean_cache' from command line to 'False'
[0.976s] Level 5:colcon.colcon_core.verb:set package 'package_with_interfaces' build argument 'cmake_clean_first' from command line to 'False'
[0.976s] Level 5:colcon.colcon_core.verb:set package 'package_with_interfaces' build argument 'cmake_force_configure' from command line to 'False'
[0.976s] Level 5:colcon.colcon_core.verb:set package 'package_with_interfaces' build argument 'ament_cmake_args' from command line to 'None'
[0.976s] Level 5:colcon.colcon_core.verb:set package 'package_with_interfaces' build argument 'catkin_cmake_args' from command line to 'None'
[0.976s] Level 5:colcon.colcon_core.verb:set package 'package_with_interfaces' build argument 'catkin_skip_building_tests' from command line to 'False'
[0.976s] DEBUG:colcon.colcon_core.verb:Building package 'package_with_interfaces' with the following arguments: {'ament_cmake_args': None, 'build_base': '/home/victory/Robot-Operating-System/python_ws/build/package_with_interfaces', 'catkin_cmake_args': None, 'catkin_skip_building_tests': False, 'cmake_args': None, 'cmake_clean_cache': False, 'cmake_clean_first': False, 'cmake_force_configure': False, 'cmake_target': None, 'cmake_target_skip_unavailable': False, 'install_base': '/home/victory/Robot-Operating-System/python_ws/install/package_with_interfaces', 'merge_install': False, 'path': '/home/victory/Robot-Operating-System/python_ws/src/package_with_interfaces', 'symlink_install': False, 'test_result_base': None}
[0.976s] INFO:colcon.colcon_core.executor:Executing jobs using 'parallel' executor
[0.978s] DEBUG:colcon.colcon_parallel_executor.executor.parallel:run_until_complete
[0.978s] INFO:colcon.colcon_ros.task.ament_cmake.build:Building ROS package in '/home/victory/Robot-Operating-System/python_ws/src/package_with_interfaces' with build type 'ament_cmake'
[0.978s] INFO:colcon.colcon_cmake.task.cmake.build:Building CMake package in '/home/victory/Robot-Operating-System/python_ws/src/package_with_interfaces'
[0.983s] INFO:colcon.colcon_core.plugin_system:Skipping extension 'colcon_core.shell.bat': Not used on non-Windows systems
[0.983s] INFO:colcon.colcon_core.shell:Skip shell extension 'powershell' for command environment: Not usable outside of PowerShell
[0.983s] DEBUG:colcon.colcon_core.shell:Skip shell extension 'dsv' for command environment
[1.044s] DEBUG:colcon.colcon_core.event_handler.log_command:Invoking command in '/home/victory/Robot-Operating-System/python_ws/build/package_with_interfaces': CMAKE_PREFIX_PATH=/opt/ros/humble /home/linuxbrew/.linuxbrew/bin/cmake --build /home/victory/Robot-Operating-System/python_ws/build/package_with_interfaces -- -j4 -l4
[2.348s] DEBUG:colcon.colcon_core.event_handler.log_command:Invoked command in '/home/victory/Robot-Operating-System/python_ws/build/package_with_interfaces' returned '2': CMAKE_PREFIX_PATH=/opt/ros/humble /home/linuxbrew/.linuxbrew/bin/cmake --build /home/victory/Robot-Operating-System/python_ws/build/package_with_interfaces -- -j4 -l4
[2.472s] Level 1:colcon.colcon_core.environment:create_environment_scripts_only(package_with_interfaces)
[2.475s] Level 1:colcon.colcon_core.environment:checking '/home/victory/Robot-Operating-System/python_ws/install/package_with_interfaces' for CMake module files
[2.476s] Level 1:colcon.colcon_core.environment:checking '/home/victory/Robot-Operating-System/python_ws/install/package_with_interfaces' for CMake config files
[2.476s] Level 1:colcon.colcon_core.shell:create_environment_hook('package_with_interfaces', 'cmake_prefix_path')
[2.477s] INFO:colcon.colcon_core.shell:Creating environment hook '/home/victory/Robot-Operating-System/python_ws/install/package_with_interfaces/share/package_with_interfaces/hook/cmake_prefix_path.ps1'
[2.477s] INFO:colcon.colcon_core.shell:Creating environment descriptor '/home/victory/Robot-Operating-System/python_ws/install/package_with_interfaces/share/package_with_interfaces/hook/cmake_prefix_path.dsv'
[2.478s] INFO:colcon.colcon_core.shell:Creating environment hook '/home/victory/Robot-Operating-System/python_ws/install/package_with_interfaces/share/package_with_interfaces/hook/cmake_prefix_path.sh'
[2.479s] Level 1:colcon.colcon_core.environment:checking '/home/victory/Robot-Operating-System/python_ws/install/package_with_interfaces/lib'
[2.479s] Level 1:colcon.colcon_core.shell:create_environment_hook('package_with_interfaces', 'ld_library_path_lib')
[2.480s] INFO:colcon.colcon_core.shell:Creating environment hook '/home/victory/Robot-Operating-System/python_ws/install/package_with_interfaces/share/package_with_interfaces/hook/ld_library_path_lib.ps1'
[2.480s] INFO:colcon.colcon_core.shell:Creating environment descriptor '/home/victory/Robot-Operating-System/python_ws/install/package_with_interfaces/share/package_with_interfaces/hook/ld_library_path_lib.dsv'
[2.481s] INFO:colcon.colcon_core.shell:Creating environment hook '/home/victory/Robot-Operating-System/python_ws/install/package_with_interfaces/share/package_with_interfaces/hook/ld_library_path_lib.sh'
[2.482s] Level 1:colcon.colcon_core.environment:checking '/home/victory/Robot-Operating-System/python_ws/install/package_with_interfaces/bin'
[2.482s] Level 1:colcon.colcon_core.environment:checking '/home/victory/Robot-Operating-System/python_ws/install/package_with_interfaces/lib/pkgconfig/package_with_interfaces.pc'
[2.482s] Level 1:colcon.colcon_core.environment:checking '/home/victory/Robot-Operating-System/python_ws/install/package_with_interfaces/lib/python3.10/site-packages'
[2.482s] Level 1:colcon.colcon_core.environment:checking '/home/victory/Robot-Operating-System/python_ws/install/package_with_interfaces/bin'
[2.483s] INFO:colcon.colcon_core.shell:Creating package script '/home/victory/Robot-Operating-System/python_ws/install/package_with_interfaces/share/package_with_interfaces/package.ps1'
[2.485s] INFO:colcon.colcon_core.shell:Creating package descriptor '/home/victory/Robot-Operating-System/python_ws/install/package_with_interfaces/share/package_with_interfaces/package.dsv'
[2.486s] INFO:colcon.colcon_core.shell:Creating package script '/home/victory/Robot-Operating-System/python_ws/install/package_with_interfaces/share/package_with_interfaces/package.sh'
[2.487s] INFO:colcon.colcon_core.shell:Creating package script '/home/victory/Robot-Operating-System/python_ws/install/package_with_interfaces/share/package_with_interfaces/package.bash'
[2.488s] INFO:colcon.colcon_core.shell:Creating package script '/home/victory/Robot-Operating-System/python_ws/install/package_with_interfaces/share/package_with_interfaces/package.zsh'
[2.489s] Level 1:colcon.colcon_core.environment:create_file_with_runtime_dependencies(/home/victory/Robot-Operating-System/python_ws/install/package_with_interfaces/share/colcon-core/packages/package_with_interfaces)
[2.500s] DEBUG:colcon.colcon_parallel_executor.executor.parallel:closing loop
[2.501s] DEBUG:colcon.colcon_parallel_executor.executor.parallel:loop closed
[2.501s] DEBUG:colcon.colcon_parallel_executor.executor.parallel:run_until_complete finished with '2'
[2.501s] DEBUG:colcon.colcon_core.event_reactor:joining thread
[2.701s] INFO:colcon.colcon_core.plugin_system:Skipping extension 'colcon_notification.desktop_notification.notify_send': Could not find 'notify-send'
[2.702s] INFO:colcon.colcon_core.plugin_system:Skipping extension 'colcon_notification.desktop_notification.terminal_notifier': Not used on non-Darwin systems
[2.702s] INFO:colcon.colcon_core.plugin_system:Skipping extension 'colcon_notification.desktop_notification.win32': Not used on non-Windows systems
[2.702s] INFO:colcon.colcon_notification.desktop_notification:Sending desktop notification using 'notify2'
[2.702s] DEBUG:colcon.colcon_notification.desktop_notification.notify2:Failed to initialize notify2: org.freedesktop.DBus.Error.FileNotFound: Failed to connect to socket /run/user/1000/bus: No such file or directory
[2.702s] DEBUG:colcon.colcon_core.event_reactor:joined thread
[2.703s] INFO:colcon.colcon_core.shell:Creating prefix script '/home/victory/Robot-Operating-System/python_ws/install/local_setup.ps1'
[2.704s] INFO:colcon.colcon_core.shell:Creating prefix util module '/home/victory/Robot-Operating-System/python_ws/install/_local_setup_util_ps1.py'
[2.705s] INFO:colcon.colcon_core.shell:Creating prefix chain script '/home/victory/Robot-Operating-System/python_ws/install/setup.ps1'
[2.706s] INFO:colcon.colcon_core.shell:Creating prefix script '/home/victory/Robot-Operating-System/python_ws/install/local_setup.sh'
[2.707s] INFO:colcon.colcon_core.shell:Creating prefix util module '/home/victory/Robot-Operating-System/python_ws/install/_local_setup_util_sh.py'
[2.707s] INFO:colcon.colcon_core.shell:Creating prefix chain script '/home/victory/Robot-Operating-System/python_ws/install/setup.sh'
[2.709s] INFO:colcon.colcon_core.shell:Creating prefix script '/home/victory/Robot-Operating-System/python_ws/install/local_setup.bash'
[2.710s] INFO:colcon.colcon_core.shell:Creating prefix chain script '/home/victory/Robot-Operating-System/python_ws/install/setup.bash'
[2.711s] INFO:colcon.colcon_core.shell:Creating prefix script '/home/victory/Robot-Operating-System/python_ws/install/local_setup.zsh'
[2.711s] INFO:colcon.colcon_core.shell:Creating prefix chain script '/home/victory/Robot-Operating-System/python_ws/install/setup.zsh'
