[4.467s] Invoking command in '/home/victory/Robot-Operating-System/python_ws/src/motor_distance_sensor_package': PYTHONPATH=/home/victory/Robot-Operating-System/python_ws/build/motor_distance_sensor_package/prefix_override:/usr/lib/python3/dist-packages/colcon_core/task/python/colcon_distutils_commands:/home/victory/Robot-Operating-System/python_ws/install/motor_distance_sensor_package/lib/python3.10/site-packages:${PYTHONPATH} /usr/bin/python3 -W ignore:setup.py install is deprecated setup.py egg_info --egg-base ../../build/motor_distance_sensor_package build --build-base /home/victory/Robot-Operating-System/python_ws/build/motor_distance_sensor_package/build install --record /home/victory/Robot-Operating-System/python_ws/build/motor_distance_sensor_package/install.log --single-version-externally-managed install_data
[4.997s] running egg_info
[4.999s] writing ../../build/motor_distance_sensor_package/motor_distance_sensor_package.egg-info/PKG-INFO
[5.029s] writing dependency_links to ../../build/motor_distance_sensor_package/motor_distance_sensor_package.egg-info/dependency_links.txt
[5.033s] writing entry points to ../../build/motor_distance_sensor_package/motor_distance_sensor_package.egg-info/entry_points.txt
[5.033s] writing requirements to ../../build/motor_distance_sensor_package/motor_distance_sensor_package.egg-info/requires.txt
[5.034s] writing top-level names to ../../build/motor_distance_sensor_package/motor_distance_sensor_package.egg-info/top_level.txt
[5.036s] reading manifest file '../../build/motor_distance_sensor_package/motor_distance_sensor_package.egg-info/SOURCES.txt'
[5.089s] writing manifest file '../../build/motor_distance_sensor_package/motor_distance_sensor_package.egg-info/SOURCES.txt'
[5.090s] running build
[5.090s] running build_py
[5.102s] running install
[5.104s] running install_lib
[5.127s] running install_data
[5.409s] running install_egg_info
[5.418s] removing '/home/victory/Robot-Operating-System/python_ws/install/motor_distance_sensor_package/lib/python3.10/site-packages/motor_distance_sensor_package-0.0.0-py3.10.egg-info' (and everything under it)
[5.420s] Copying ../../build/motor_distance_sensor_package/motor_distance_sensor_package.egg-info to /home/victory/Robot-Operating-System/python_ws/install/motor_distance_sensor_package/lib/python3.10/site-packages/motor_distance_sensor_package-0.0.0-py3.10.egg-info
[5.444s] running install_scripts
[5.492s] Installing distance_sensor_node script to /home/victory/Robot-Operating-System/python_ws/install/motor_distance_sensor_package/lib/motor_distance_sensor_package
[5.509s] Installing motor_control_node script to /home/victory/Robot-Operating-System/python_ws/install/motor_distance_sensor_package/lib/motor_distance_sensor_package
[5.513s] writing list of installed files to '/home/victory/Robot-Operating-System/python_ws/build/motor_distance_sensor_package/install.log'
[5.886s] Invoked command in '/home/victory/Robot-Operating-System/python_ws/src/motor_distance_sensor_package' returned '0': PYTHONPATH=/home/victory/Robot-Operating-System/python_ws/build/motor_distance_sensor_package/prefix_override:/usr/lib/python3/dist-packages/colcon_core/task/python/colcon_distutils_commands:/home/victory/Robot-Operating-System/python_ws/install/motor_distance_sensor_package/lib/python3.10/site-packages:${PYTHONPATH} /usr/bin/python3 -W ignore:setup.py install is deprecated setup.py egg_info --egg-base ../../build/motor_distance_sensor_package build --build-base /home/victory/Robot-Operating-System/python_ws/build/motor_distance_sensor_package/build install --record /home/victory/Robot-Operating-System/python_ws/build/motor_distance_sensor_package/install.log --single-version-externally-managed install_data
