[0.074s] Invoking command in '/home/victory/Robot-Operating-System/cpp_ws/build/custom_interfaces': CMAKE_PREFIX_PATH=${CMAKE_PREFIX_PATH}:/home/victory/Robot-Operating-System/python_ws/install/python_package_that_uses_parameters_and_launch_files:/home/victory/Robot-Operating-System/python_ws/install/positio_encoder_decoder_python_package:/home/victory/Robot-Operating-System/python_ws/install/package_with_configurable_nodes:/home/victory/Robot-Operating-System/python_ws/install/package_that_uses_package_with_interfaces:/home/victory/Robot-Operating-System/python_ws/install/motor_distance_sensor_package:/opt/ros/humble /home/linuxbrew/.linuxbrew/bin/cmake --build /home/victory/Robot-Operating-System/cpp_ws/build/custom_interfaces -- -j4 -l4
[0.180s] [  2%] Built target custom_interfaces__cpp
[0.242s] [  5%] [32mBuilding CXX object CMakeFiles/action_server.dir/src/fibonacci_action_server.cpp.o[0m
[0.249s] [ 13%] Built target custom_interfaces__rosidl_generator_c
[0.250s] [ 13%] Built target ament_cmake_python_copy_custom_interfaces
[0.252s] [ 18%] Built target fibonacci_action_server
[0.317s] [ 27%] Built target custom_interfaces__rosidl_typesupport_fastrtps_cpp
[0.319s] [ 35%] Built target custom_interfaces__rosidl_typesupport_introspection_cpp
[0.323s] [ 43%] Built target custom_interfaces__rosidl_typesupport_cpp
[0.371s] [ 48%] Built target publish_address_book
[0.392s] [ 56%] Built target custom_interfaces__rosidl_typesupport_fastrtps_c
[0.434s] [ 64%] Built target custom_interfaces__rosidl_typesupport_introspection_c
[0.446s] [ 72%] Built target custom_interfaces__rosidl_typesupport_c
[0.506s] [ 72%] Built target custom_interfaces
[0.554s] [ 75%] Built target custom_interfaces__py
[0.587s] [ 81%] Built target custom_interfaces__rosidl_generator_py
[0.625s] [ 86%] Built target custom_interfaces__rosidl_typesupport_introspection_c__pyext
[0.646s] [ 91%] Built target custom_interfaces__rosidl_typesupport_fastrtps_c__pyext
[0.656s] [ 97%] Built target custom_interfaces__rosidl_typesupport_c__pyext
[0.939s] running egg_info
[0.941s] writing custom_interfaces.egg-info/PKG-INFO
[0.941s] writing dependency_links to custom_interfaces.egg-info/dependency_links.txt
[0.942s] writing top-level names to custom_interfaces.egg-info/top_level.txt
[0.946s] reading manifest file 'custom_interfaces.egg-info/SOURCES.txt'
[0.947s] writing manifest file 'custom_interfaces.egg-info/SOURCES.txt'
[0.963s] [01m[K/home/victory/Robot-Operating-System/cpp_ws/src/custom_interfaces/src/fibonacci_action_server.cpp:14:10:[m[K [01;31m[Kfatal error: [m[Kcustom_interfaces/visibility_control.h: No such file or directory
[0.963s]    14 | #include [01;31m[K"custom_interfaces/visibility_control.h"[m[K
[0.963s]       |          [01;31m[K^~~~~~~~~~~~~~~~~~~~~~~~~~~~~~~~~~~~~~~~[m[K
[0.964s] compilation terminated.
[0.967s] gmake[2]: *** [CMakeFiles/action_server.dir/build.make:76: CMakeFiles/action_server.dir/src/fibonacci_action_server.cpp.o] Error 1
[0.967s] gmake[1]: *** [CMakeFiles/Makefile2:213: CMakeFiles/action_server.dir/all] Error 2
[0.968s] gmake[1]: *** Waiting for unfinished jobs....
[0.985s] [ 97%] Built target ament_cmake_python_build_custom_interfaces_egg
[0.986s] gmake: *** [Makefile:146: all] Error 2
[0.989s] Invoked command in '/home/victory/Robot-Operating-System/cpp_ws/build/custom_interfaces' returned '2': CMAKE_PREFIX_PATH=${CMAKE_PREFIX_PATH}:/home/victory/Robot-Operating-System/python_ws/install/python_package_that_uses_parameters_and_launch_files:/home/victory/Robot-Operating-System/python_ws/install/positio_encoder_decoder_python_package:/home/victory/Robot-Operating-System/python_ws/install/package_with_configurable_nodes:/home/victory/Robot-Operating-System/python_ws/install/package_that_uses_package_with_interfaces:/home/victory/Robot-Operating-System/python_ws/install/motor_distance_sensor_package:/opt/ros/humble /home/linuxbrew/.linuxbrew/bin/cmake --build /home/victory/Robot-Operating-System/cpp_ws/build/custom_interfaces -- -j4 -l4
