[3.507s] Invoking command in '/home/victory/Robot-Operating-System/python_ws/src/positio_encoder_decoder_python_package': PYTHONPATH=/home/victory/Robot-Operating-System/python_ws/build/positio_encoder_decoder_python_package/prefix_override:/usr/lib/python3/dist-packages/colcon_core/task/python/colcon_distutils_commands:/home/victory/Robot-Operating-System/python_ws/install/positio_encoder_decoder_python_package/lib/python3.10/site-packages:${PYTHONPATH} /usr/bin/python3 -W ignore:setup.py install is deprecated setup.py egg_info --egg-base ../../build/positio_encoder_decoder_python_package build --build-base /home/victory/Robot-Operating-System/python_ws/build/positio_encoder_decoder_python_package/build install --record /home/victory/Robot-Operating-System/python_ws/build/positio_encoder_decoder_python_package/install.log --single-version-externally-managed install_data
[3.945s] running egg_info
[3.948s] writing ../../build/positio_encoder_decoder_python_package/positio_encoder_decoder_python_package.egg-info/PKG-INFO
[3.948s] writing dependency_links to ../../build/positio_encoder_decoder_python_package/positio_encoder_decoder_python_package.egg-info/dependency_links.txt
[3.950s] writing entry points to ../../build/positio_encoder_decoder_python_package/positio_encoder_decoder_python_package.egg-info/entry_points.txt
[3.950s] writing requirements to ../../build/positio_encoder_decoder_python_package/positio_encoder_decoder_python_package.egg-info/requires.txt
[3.950s] writing top-level names to ../../build/positio_encoder_decoder_python_package/positio_encoder_decoder_python_package.egg-info/top_level.txt
[3.972s] reading manifest file '../../build/positio_encoder_decoder_python_package/positio_encoder_decoder_python_package.egg-info/SOURCES.txt'
[4.034s] writing manifest file '../../build/positio_encoder_decoder_python_package/positio_encoder_decoder_python_package.egg-info/SOURCES.txt'
[4.034s] running build
[4.035s] running build_py
[4.035s] running install
[4.035s] running install_lib
[4.054s] running install_data
[4.055s] running install_egg_info
[4.060s] removing '/home/victory/Robot-Operating-System/python_ws/install/positio_encoder_decoder_python_package/lib/python3.10/site-packages/positio_encoder_decoder_python_package-0.0.0-py3.10.egg-info' (and everything under it)
[4.070s] Copying ../../build/positio_encoder_decoder_python_package/positio_encoder_decoder_python_package.egg-info to /home/victory/Robot-Operating-System/python_ws/install/positio_encoder_decoder_python_package/lib/python3.10/site-packages/positio_encoder_decoder_python_package-0.0.0-py3.10.egg-info
[4.078s] running install_scripts
[4.142s] Installing position_decoder_node script to /home/victory/Robot-Operating-System/python_ws/install/positio_encoder_decoder_python_package/lib/positio_encoder_decoder_python_package
[4.142s] Installing position_encoder_node script to /home/victory/Robot-Operating-System/python_ws/install/positio_encoder_decoder_python_package/lib/positio_encoder_decoder_python_package
[4.142s] writing list of installed files to '/home/victory/Robot-Operating-System/python_ws/build/positio_encoder_decoder_python_package/install.log'
[4.229s] Invoked command in '/home/victory/Robot-Operating-System/python_ws/src/positio_encoder_decoder_python_package' returned '0': PYTHONPATH=/home/victory/Robot-Operating-System/python_ws/build/positio_encoder_decoder_python_package/prefix_override:/usr/lib/python3/dist-packages/colcon_core/task/python/colcon_distutils_commands:/home/victory/Robot-Operating-System/python_ws/install/positio_encoder_decoder_python_package/lib/python3.10/site-packages:${PYTHONPATH} /usr/bin/python3 -W ignore:setup.py install is deprecated setup.py egg_info --egg-base ../../build/positio_encoder_decoder_python_package build --build-base /home/victory/Robot-Operating-System/python_ws/build/positio_encoder_decoder_python_package/build install --record /home/victory/Robot-Operating-System/python_ws/build/positio_encoder_decoder_python_package/install.log --single-version-externally-managed install_data
