[0.540s] DEBUG:colcon:Command line arguments: ['/usr/bin/colcon', 'build']
[0.540s] DEBUG:colcon:Parsed command line arguments: Namespace(log_base=None, log_level=None, verb_name='build', build_base='build', install_base='install', merge_install=False, symlink_install=False, test_result_base=None, continue_on_error=False, executor='parallel', parallel_workers=4, event_handlers=None, ignore_user_meta=False, metas=['./colcon.meta'], base_paths=['.'], packages_ignore=None, packages_ignore_regex=None, paths=None, packages_up_to=None, packages_up_to_regex=None, packages_above=None, packages_above_and_dependencies=None, packages_above_depth=None, packages_select_by_dep=None, packages_skip_by_dep=None, packages_skip_up_to=None, packages_select_build_failed=False, packages_skip_build_finished=False, packages_select_test_failures=False, packages_skip_test_passed=False, packages_select=None, packages_skip=None, packages_select_regex=None, packages_skip_regex=None, packages_start=None, packages_end=None, allow_overriding=[], cmake_args=None, cmake_target=None, cmake_target_skip_unavailable=False, cmake_clean_cache=False, cmake_clean_first=False, cmake_force_configure=False, ament_cmake_args=None, catkin_cmake_args=None, catkin_skip_building_tests=False, mixin_files=None, mixin=None, verb_parser=<colcon_mixin.mixin.mixin_argument.MixinArgumentDecorator object at 0x7fd9c1949cf0>, verb_extension=<colcon_core.verb.build.BuildVerb object at 0x7fd9c1948ca0>, main=<bound method BuildVerb.main of <colcon_core.verb.build.BuildVerb object at 0x7fd9c1948ca0>>, mixin_verb=('build',))
[0.777s] Level 1:colcon.colcon_core.package_discovery:discover_packages(colcon_meta) check parameters
[0.778s] Level 1:colcon.colcon_core.package_discovery:discover_packages(recursive) check parameters
[0.778s] Level 1:colcon.colcon_core.package_discovery:discover_packages(ignore) check parameters
[0.778s] Level 1:colcon.colcon_core.package_discovery:discover_packages(path) check parameters
[0.778s] Level 1:colcon.colcon_core.package_discovery:discover_packages(colcon_meta) discover
[0.778s] Level 1:colcon.colcon_core.package_discovery:discover_packages(recursive) discover
[0.778s] INFO:colcon.colcon_core.package_discovery:Crawling recursively for packages in '/home/victory/Robot-Operating-System/cpp_ws'
[0.778s] Level 1:colcon.colcon_core.package_identification:_identify(.) by extensions ['ignore', 'ignore_ament_install']
[0.778s] Level 1:colcon.colcon_core.package_identification:_identify(.) by extension 'ignore'
[0.778s] Level 1:colcon.colcon_core.package_identification:_identify(.) by extension 'ignore_ament_install'
[0.778s] Level 1:colcon.colcon_core.package_identification:_identify(.) by extensions ['colcon_pkg']
[0.778s] Level 1:colcon.colcon_core.package_identification:_identify(.) by extension 'colcon_pkg'
[0.778s] Level 1:colcon.colcon_core.package_identification:_identify(.) by extensions ['colcon_meta']
[0.778s] Level 1:colcon.colcon_core.package_identification:_identify(.) by extension 'colcon_meta'
[0.778s] Level 1:colcon.colcon_core.package_identification:_identify(.) by extensions ['ros']
[0.778s] Level 1:colcon.colcon_core.package_identification:_identify(.) by extension 'ros'
[0.793s] Level 1:colcon.colcon_core.package_identification:_identify(.) by extensions ['cmake', 'python']
[0.793s] Level 1:colcon.colcon_core.package_identification:_identify(.) by extension 'cmake'
[0.793s] Level 1:colcon.colcon_core.package_identification:_identify(.) by extension 'python'
[0.793s] Level 1:colcon.colcon_core.package_identification:_identify(.) by extensions ['python_setup_py']
[0.793s] Level 1:colcon.colcon_core.package_identification:_identify(.) by extension 'python_setup_py'
[0.793s] Level 1:colcon.colcon_core.package_identification:_identify(build) by extensions ['ignore', 'ignore_ament_install']
[0.793s] Level 1:colcon.colcon_core.package_identification:_identify(build) by extension 'ignore'
[0.793s] Level 1:colcon.colcon_core.package_identification:_identify(build) ignored
[0.794s] Level 1:colcon.colcon_core.package_identification:_identify(install) by extensions ['ignore', 'ignore_ament_install']
[0.794s] Level 1:colcon.colcon_core.package_identification:_identify(install) by extension 'ignore'
[0.794s] Level 1:colcon.colcon_core.package_identification:_identify(install) ignored
[0.794s] Level 1:colcon.colcon_core.package_identification:_identify(log) by extensions ['ignore', 'ignore_ament_install']
[0.794s] Level 1:colcon.colcon_core.package_identification:_identify(log) by extension 'ignore'
[0.794s] Level 1:colcon.colcon_core.package_identification:_identify(log) ignored
[0.794s] Level 1:colcon.colcon_core.package_identification:_identify(src) by extensions ['ignore', 'ignore_ament_install']
[0.794s] Level 1:colcon.colcon_core.package_identification:_identify(src) by extension 'ignore'
[0.794s] Level 1:colcon.colcon_core.package_identification:_identify(src) by extension 'ignore_ament_install'
[0.794s] Level 1:colcon.colcon_core.package_identification:_identify(src) by extensions ['colcon_pkg']
[0.794s] Level 1:colcon.colcon_core.package_identification:_identify(src) by extension 'colcon_pkg'
[0.794s] Level 1:colcon.colcon_core.package_identification:_identify(src) by extensions ['colcon_meta']
[0.794s] Level 1:colcon.colcon_core.package_identification:_identify(src) by extension 'colcon_meta'
[0.795s] Level 1:colcon.colcon_core.package_identification:_identify(src) by extensions ['ros']
[0.795s] Level 1:colcon.colcon_core.package_identification:_identify(src) by extension 'ros'
[0.795s] Level 1:colcon.colcon_core.package_identification:_identify(src) by extensions ['cmake', 'python']
[0.795s] Level 1:colcon.colcon_core.package_identification:_identify(src) by extension 'cmake'
[0.795s] Level 1:colcon.colcon_core.package_identification:_identify(src) by extension 'python'
[0.795s] Level 1:colcon.colcon_core.package_identification:_identify(src) by extensions ['python_setup_py']
[0.795s] Level 1:colcon.colcon_core.package_identification:_identify(src) by extension 'python_setup_py'
[0.795s] Level 1:colcon.colcon_core.package_identification:_identify(src/msg_pub_sub_simple_node) by extensions ['ignore', 'ignore_ament_install']
[0.795s] Level 1:colcon.colcon_core.package_identification:_identify(src/msg_pub_sub_simple_node) by extension 'ignore'
[0.795s] Level 1:colcon.colcon_core.package_identification:_identify(src/msg_pub_sub_simple_node) by extension 'ignore_ament_install'
[0.795s] Level 1:colcon.colcon_core.package_identification:_identify(src/msg_pub_sub_simple_node) by extensions ['colcon_pkg']
[0.795s] Level 1:colcon.colcon_core.package_identification:_identify(src/msg_pub_sub_simple_node) by extension 'colcon_pkg'
[0.795s] Level 1:colcon.colcon_core.package_identification:_identify(src/msg_pub_sub_simple_node) by extensions ['colcon_meta']
[0.795s] Level 1:colcon.colcon_core.package_identification:_identify(src/msg_pub_sub_simple_node) by extension 'colcon_meta'
[0.795s] Level 1:colcon.colcon_core.package_identification:_identify(src/msg_pub_sub_simple_node) by extensions ['ros']
[0.795s] Level 1:colcon.colcon_core.package_identification:_identify(src/msg_pub_sub_simple_node) by extension 'ros'
[0.798s] DEBUG:colcon.colcon_core.package_identification:Package 'src/msg_pub_sub_simple_node' with type 'ros.ament_cmake' and name 'msg_pub_sub_simple_node'
[0.798s] Level 1:colcon.colcon_core.package_discovery:discover_packages(recursive) using defaults
[0.798s] Level 1:colcon.colcon_core.package_discovery:discover_packages(ignore) discover
[0.798s] Level 1:colcon.colcon_core.package_discovery:discover_packages(ignore) using defaults
[0.798s] Level 1:colcon.colcon_core.package_discovery:discover_packages(path) discover
[0.799s] Level 1:colcon.colcon_core.package_discovery:discover_packages(path) using defaults
[0.822s] Level 1:colcon.colcon_core.package_discovery:discover_packages(prefix_path) check parameters
[0.822s] Level 1:colcon.colcon_core.package_discovery:discover_packages(prefix_path) discover
[0.825s] DEBUG:colcon.colcon_installed_package_information.package_discovery:Found 293 installed packages in /opt/ros/humble
[0.826s] Level 1:colcon.colcon_core.package_discovery:discover_packages(prefix_path) using defaults
[0.894s] Level 5:colcon.colcon_core.verb:set package 'msg_pub_sub_simple_node' build argument 'cmake_args' from command line to 'None'
[0.894s] Level 5:colcon.colcon_core.verb:set package 'msg_pub_sub_simple_node' build argument 'cmake_target' from command line to 'None'
[0.894s] Level 5:colcon.colcon_core.verb:set package 'msg_pub_sub_simple_node' build argument 'cmake_target_skip_unavailable' from command line to 'False'
[0.894s] Level 5:colcon.colcon_core.verb:set package 'msg_pub_sub_simple_node' build argument 'cmake_clean_cache' from command line to 'False'
[0.894s] Level 5:colcon.colcon_core.verb:set package 'msg_pub_sub_simple_node' build argument 'cmake_clean_first' from command line to 'False'
[0.894s] Level 5:colcon.colcon_core.verb:set package 'msg_pub_sub_simple_node' build argument 'cmake_force_configure' from command line to 'False'
[0.894s] Level 5:colcon.colcon_core.verb:set package 'msg_pub_sub_simple_node' build argument 'ament_cmake_args' from command line to 'None'
[0.894s] Level 5:colcon.colcon_core.verb:set package 'msg_pub_sub_simple_node' build argument 'catkin_cmake_args' from command line to 'None'
[0.894s] Level 5:colcon.colcon_core.verb:set package 'msg_pub_sub_simple_node' build argument 'catkin_skip_building_tests' from command line to 'False'
[0.894s] DEBUG:colcon.colcon_core.verb:Building package 'msg_pub_sub_simple_node' with the following arguments: {'ament_cmake_args': None, 'build_base': '/home/victory/Robot-Operating-System/cpp_ws/build/msg_pub_sub_simple_node', 'catkin_cmake_args': None, 'catkin_skip_building_tests': False, 'cmake_args': None, 'cmake_clean_cache': False, 'cmake_clean_first': False, 'cmake_force_configure': False, 'cmake_target': None, 'cmake_target_skip_unavailable': False, 'install_base': '/home/victory/Robot-Operating-System/cpp_ws/install/msg_pub_sub_simple_node', 'merge_install': False, 'path': '/home/victory/Robot-Operating-System/cpp_ws/src/msg_pub_sub_simple_node', 'symlink_install': False, 'test_result_base': None}
[0.895s] INFO:colcon.colcon_core.executor:Executing jobs using 'parallel' executor
[0.896s] DEBUG:colcon.colcon_parallel_executor.executor.parallel:run_until_complete
[0.897s] INFO:colcon.colcon_ros.task.ament_cmake.build:Building ROS package in '/home/victory/Robot-Operating-System/cpp_ws/src/msg_pub_sub_simple_node' with build type 'ament_cmake'
[0.897s] INFO:colcon.colcon_cmake.task.cmake.build:Building CMake package in '/home/victory/Robot-Operating-System/cpp_ws/src/msg_pub_sub_simple_node'
[0.901s] INFO:colcon.colcon_core.plugin_system:Skipping extension 'colcon_core.shell.bat': Not used on non-Windows systems
[0.902s] INFO:colcon.colcon_core.shell:Skip shell extension 'powershell' for command environment: Not usable outside of PowerShell
[0.902s] DEBUG:colcon.colcon_core.shell:Skip shell extension 'dsv' for command environment
[0.918s] DEBUG:colcon.colcon_core.event_handler.log_command:Invoking command in '/home/victory/Robot-Operating-System/cpp_ws/build/msg_pub_sub_simple_node': CMAKE_PREFIX_PATH=/opt/ros/humble /home/linuxbrew/.linuxbrew/bin/cmake --build /home/victory/Robot-Operating-System/cpp_ws/build/msg_pub_sub_simple_node -- -j4 -l4
[9.363s] DEBUG:colcon.colcon_core.event_handler.log_command:Invoked command in '/home/victory/Robot-Operating-System/cpp_ws/build/msg_pub_sub_simple_node' returned '0': CMAKE_PREFIX_PATH=/opt/ros/humble /home/linuxbrew/.linuxbrew/bin/cmake --build /home/victory/Robot-Operating-System/cpp_ws/build/msg_pub_sub_simple_node -- -j4 -l4
[9.399s] DEBUG:colcon.colcon_core.event_handler.log_command:Invoking command in '/home/victory/Robot-Operating-System/cpp_ws/build/msg_pub_sub_simple_node': CMAKE_PREFIX_PATH=/opt/ros/humble /home/linuxbrew/.linuxbrew/bin/cmake --install /home/victory/Robot-Operating-System/cpp_ws/build/msg_pub_sub_simple_node
[9.416s] Level 1:colcon.colcon_core.environment:create_environment_scripts_only(msg_pub_sub_simple_node)
[9.416s] DEBUG:colcon.colcon_core.event_handler.log_command:Invoked command in '/home/victory/Robot-Operating-System/cpp_ws/build/msg_pub_sub_simple_node' returned '0': CMAKE_PREFIX_PATH=/opt/ros/humble /home/linuxbrew/.linuxbrew/bin/cmake --install /home/victory/Robot-Operating-System/cpp_ws/build/msg_pub_sub_simple_node
[9.419s] Level 1:colcon.colcon_core.environment:checking '/home/victory/Robot-Operating-System/cpp_ws/install/msg_pub_sub_simple_node' for CMake module files
[9.420s] Level 1:colcon.colcon_core.environment:checking '/home/victory/Robot-Operating-System/cpp_ws/install/msg_pub_sub_simple_node' for CMake config files
[9.420s] Level 1:colcon.colcon_core.shell:create_environment_hook('msg_pub_sub_simple_node', 'cmake_prefix_path')
[9.421s] INFO:colcon.colcon_core.shell:Creating environment hook '/home/victory/Robot-Operating-System/cpp_ws/install/msg_pub_sub_simple_node/share/msg_pub_sub_simple_node/hook/cmake_prefix_path.ps1'
[9.422s] INFO:colcon.colcon_core.shell:Creating environment descriptor '/home/victory/Robot-Operating-System/cpp_ws/install/msg_pub_sub_simple_node/share/msg_pub_sub_simple_node/hook/cmake_prefix_path.dsv'
[9.422s] INFO:colcon.colcon_core.shell:Creating environment hook '/home/victory/Robot-Operating-System/cpp_ws/install/msg_pub_sub_simple_node/share/msg_pub_sub_simple_node/hook/cmake_prefix_path.sh'
[9.424s] Level 1:colcon.colcon_core.environment:checking '/home/victory/Robot-Operating-System/cpp_ws/install/msg_pub_sub_simple_node/lib'
[9.424s] Level 1:colcon.colcon_core.environment:checking '/home/victory/Robot-Operating-System/cpp_ws/install/msg_pub_sub_simple_node/bin'
[9.424s] Level 1:colcon.colcon_core.environment:checking '/home/victory/Robot-Operating-System/cpp_ws/install/msg_pub_sub_simple_node/lib/pkgconfig/msg_pub_sub_simple_node.pc'
[9.424s] Level 1:colcon.colcon_core.environment:checking '/home/victory/Robot-Operating-System/cpp_ws/install/msg_pub_sub_simple_node/lib/python3.10/site-packages'
[9.425s] Level 1:colcon.colcon_core.environment:checking '/home/victory/Robot-Operating-System/cpp_ws/install/msg_pub_sub_simple_node/bin'
[9.425s] INFO:colcon.colcon_core.shell:Creating package script '/home/victory/Robot-Operating-System/cpp_ws/install/msg_pub_sub_simple_node/share/msg_pub_sub_simple_node/package.ps1'
[9.426s] INFO:colcon.colcon_core.shell:Creating package descriptor '/home/victory/Robot-Operating-System/cpp_ws/install/msg_pub_sub_simple_node/share/msg_pub_sub_simple_node/package.dsv'
[9.426s] INFO:colcon.colcon_core.shell:Creating package script '/home/victory/Robot-Operating-System/cpp_ws/install/msg_pub_sub_simple_node/share/msg_pub_sub_simple_node/package.sh'
[9.427s] INFO:colcon.colcon_core.shell:Creating package script '/home/victory/Robot-Operating-System/cpp_ws/install/msg_pub_sub_simple_node/share/msg_pub_sub_simple_node/package.bash'
[9.428s] INFO:colcon.colcon_core.shell:Creating package script '/home/victory/Robot-Operating-System/cpp_ws/install/msg_pub_sub_simple_node/share/msg_pub_sub_simple_node/package.zsh'
[9.429s] Level 1:colcon.colcon_core.environment:create_file_with_runtime_dependencies(/home/victory/Robot-Operating-System/cpp_ws/install/msg_pub_sub_simple_node/share/colcon-core/packages/msg_pub_sub_simple_node)
[9.461s] Level 1:colcon.colcon_core.environment:create_environment_scripts_only(msg_pub_sub_simple_node)
[9.462s] Level 1:colcon.colcon_core.environment:checking '/home/victory/Robot-Operating-System/cpp_ws/install/msg_pub_sub_simple_node' for CMake module files
[9.462s] Level 1:colcon.colcon_core.environment:checking '/home/victory/Robot-Operating-System/cpp_ws/install/msg_pub_sub_simple_node' for CMake config files
[9.462s] Level 1:colcon.colcon_core.shell:create_environment_hook('msg_pub_sub_simple_node', 'cmake_prefix_path')
[9.463s] INFO:colcon.colcon_core.shell:Creating environment hook '/home/victory/Robot-Operating-System/cpp_ws/install/msg_pub_sub_simple_node/share/msg_pub_sub_simple_node/hook/cmake_prefix_path.ps1'
[9.463s] INFO:colcon.colcon_core.shell:Creating environment descriptor '/home/victory/Robot-Operating-System/cpp_ws/install/msg_pub_sub_simple_node/share/msg_pub_sub_simple_node/hook/cmake_prefix_path.dsv'
[9.463s] INFO:colcon.colcon_core.shell:Creating environment hook '/home/victory/Robot-Operating-System/cpp_ws/install/msg_pub_sub_simple_node/share/msg_pub_sub_simple_node/hook/cmake_prefix_path.sh'
[9.464s] Level 1:colcon.colcon_core.environment:checking '/home/victory/Robot-Operating-System/cpp_ws/install/msg_pub_sub_simple_node/lib'
[9.464s] Level 1:colcon.colcon_core.environment:checking '/home/victory/Robot-Operating-System/cpp_ws/install/msg_pub_sub_simple_node/bin'
[9.464s] Level 1:colcon.colcon_core.environment:checking '/home/victory/Robot-Operating-System/cpp_ws/install/msg_pub_sub_simple_node/lib/pkgconfig/msg_pub_sub_simple_node.pc'
[9.465s] Level 1:colcon.colcon_core.environment:checking '/home/victory/Robot-Operating-System/cpp_ws/install/msg_pub_sub_simple_node/lib/python3.10/site-packages'
[9.465s] Level 1:colcon.colcon_core.environment:checking '/home/victory/Robot-Operating-System/cpp_ws/install/msg_pub_sub_simple_node/bin'
[9.465s] INFO:colcon.colcon_core.shell:Creating package script '/home/victory/Robot-Operating-System/cpp_ws/install/msg_pub_sub_simple_node/share/msg_pub_sub_simple_node/package.ps1'
[9.466s] INFO:colcon.colcon_core.shell:Creating package descriptor '/home/victory/Robot-Operating-System/cpp_ws/install/msg_pub_sub_simple_node/share/msg_pub_sub_simple_node/package.dsv'
[9.466s] INFO:colcon.colcon_core.shell:Creating package script '/home/victory/Robot-Operating-System/cpp_ws/install/msg_pub_sub_simple_node/share/msg_pub_sub_simple_node/package.sh'
[9.467s] INFO:colcon.colcon_core.shell:Creating package script '/home/victory/Robot-Operating-System/cpp_ws/install/msg_pub_sub_simple_node/share/msg_pub_sub_simple_node/package.bash'
[9.467s] INFO:colcon.colcon_core.shell:Creating package script '/home/victory/Robot-Operating-System/cpp_ws/install/msg_pub_sub_simple_node/share/msg_pub_sub_simple_node/package.zsh'
[9.468s] Level 1:colcon.colcon_core.environment:create_file_with_runtime_dependencies(/home/victory/Robot-Operating-System/cpp_ws/install/msg_pub_sub_simple_node/share/colcon-core/packages/msg_pub_sub_simple_node)
[9.469s] DEBUG:colcon.colcon_parallel_executor.executor.parallel:closing loop
[9.469s] DEBUG:colcon.colcon_parallel_executor.executor.parallel:loop closed
[9.469s] DEBUG:colcon.colcon_parallel_executor.executor.parallel:run_until_complete finished with '0'
[9.470s] DEBUG:colcon.colcon_core.event_reactor:joining thread
[9.689s] INFO:colcon.colcon_core.plugin_system:Skipping extension 'colcon_notification.desktop_notification.notify_send': Could not find 'notify-send'
[9.689s] INFO:colcon.colcon_core.plugin_system:Skipping extension 'colcon_notification.desktop_notification.terminal_notifier': Not used on non-Darwin systems
[9.690s] INFO:colcon.colcon_core.plugin_system:Skipping extension 'colcon_notification.desktop_notification.win32': Not used on non-Windows systems
[9.690s] INFO:colcon.colcon_notification.desktop_notification:Sending desktop notification using 'notify2'
[9.690s] DEBUG:colcon.colcon_notification.desktop_notification.notify2:Failed to initialize notify2: org.freedesktop.DBus.Error.FileNotFound: Failed to connect to socket /run/user/1000/bus: No such file or directory
[9.690s] DEBUG:colcon.colcon_core.event_reactor:joined thread
[9.691s] INFO:colcon.colcon_core.shell:Creating prefix script '/home/victory/Robot-Operating-System/cpp_ws/install/local_setup.ps1'
[9.692s] INFO:colcon.colcon_core.shell:Creating prefix util module '/home/victory/Robot-Operating-System/cpp_ws/install/_local_setup_util_ps1.py'
[9.694s] INFO:colcon.colcon_core.shell:Creating prefix chain script '/home/victory/Robot-Operating-System/cpp_ws/install/setup.ps1'
[9.695s] INFO:colcon.colcon_core.shell:Creating prefix script '/home/victory/Robot-Operating-System/cpp_ws/install/local_setup.sh'
[9.696s] INFO:colcon.colcon_core.shell:Creating prefix util module '/home/victory/Robot-Operating-System/cpp_ws/install/_local_setup_util_sh.py'
[9.696s] INFO:colcon.colcon_core.shell:Creating prefix chain script '/home/victory/Robot-Operating-System/cpp_ws/install/setup.sh'
[9.697s] INFO:colcon.colcon_core.shell:Creating prefix script '/home/victory/Robot-Operating-System/cpp_ws/install/local_setup.bash'
[9.698s] INFO:colcon.colcon_core.shell:Creating prefix chain script '/home/victory/Robot-Operating-System/cpp_ws/install/setup.bash'
[9.700s] INFO:colcon.colcon_core.shell:Creating prefix script '/home/victory/Robot-Operating-System/cpp_ws/install/local_setup.zsh'
[9.702s] INFO:colcon.colcon_core.shell:Creating prefix chain script '/home/victory/Robot-Operating-System/cpp_ws/install/setup.zsh'
