[0.056s] Invoking command in '/home/victory/Robot-Operating-System/cpp_ws/build/cpp_parameters': CMAKE_PREFIX_PATH=${CMAKE_PREFIX_PATH}:/home/victory/Robot-Operating-System/python_ws/install/python_package_that_uses_parameters_and_launch_files:/home/victory/Robot-Operating-System/python_ws/install/positio_encoder_decoder_python_package:/home/victory/Robot-Operating-System/python_ws/install/package_with_configurable_nodes:/home/victory/Robot-Operating-System/python_ws/install/package_that_uses_package_with_interfaces:/home/victory/Robot-Operating-System/python_ws/install/motor_distance_sensor_package:/opt/ros/humble /home/linuxbrew/.linuxbrew/bin/cmake --build /home/victory/Robot-Operating-System/cpp_ws/build/cpp_parameters -- -j4 -l4
[0.150s] [100%] Built target minimal_param_node
[0.176s] Invoked command in '/home/victory/Robot-Operating-System/cpp_ws/build/cpp_parameters' returned '0': CMAKE_PREFIX_PATH=${CMAKE_PREFIX_PATH}:/home/victory/Robot-Operating-System/python_ws/install/python_package_that_uses_parameters_and_launch_files:/home/victory/Robot-Operating-System/python_ws/install/positio_encoder_decoder_python_package:/home/victory/Robot-Operating-System/python_ws/install/package_with_configurable_nodes:/home/victory/Robot-Operating-System/python_ws/install/package_that_uses_package_with_interfaces:/home/victory/Robot-Operating-System/python_ws/install/motor_distance_sensor_package:/opt/ros/humble /home/linuxbrew/.linuxbrew/bin/cmake --build /home/victory/Robot-Operating-System/cpp_ws/build/cpp_parameters -- -j4 -l4
[0.254s] Invoking command in '/home/victory/Robot-Operating-System/cpp_ws/build/cpp_parameters': CMAKE_PREFIX_PATH=${CMAKE_PREFIX_PATH}:/home/victory/Robot-Operating-System/python_ws/install/python_package_that_uses_parameters_and_launch_files:/home/victory/Robot-Operating-System/python_ws/install/positio_encoder_decoder_python_package:/home/victory/Robot-Operating-System/python_ws/install/package_with_configurable_nodes:/home/victory/Robot-Operating-System/python_ws/install/package_that_uses_package_with_interfaces:/home/victory/Robot-Operating-System/python_ws/install/motor_distance_sensor_package:/opt/ros/humble /home/linuxbrew/.linuxbrew/bin/cmake --install /home/victory/Robot-Operating-System/cpp_ws/build/cpp_parameters
[0.263s] -- Install configuration: ""
[0.266s] -- Up-to-date: /home/victory/Robot-Operating-System/cpp_ws/install/cpp_parameters/lib/cpp_parameters/minimal_param_node
[0.267s] -- Up-to-date: /home/victory/Robot-Operating-System/cpp_ws/install/cpp_parameters/share/ament_index/resource_index/package_run_dependencies/cpp_parameters
[0.268s] -- Up-to-date: /home/victory/Robot-Operating-System/cpp_ws/install/cpp_parameters/share/ament_index/resource_index/parent_prefix_path/cpp_parameters
[0.268s] -- Up-to-date: /home/victory/Robot-Operating-System/cpp_ws/install/cpp_parameters/share/cpp_parameters/environment/ament_prefix_path.sh
[0.268s] -- Up-to-date: /home/victory/Robot-Operating-System/cpp_ws/install/cpp_parameters/share/cpp_parameters/environment/ament_prefix_path.dsv
[0.270s] -- Up-to-date: /home/victory/Robot-Operating-System/cpp_ws/install/cpp_parameters/share/cpp_parameters/environment/path.sh
[0.271s] -- Up-to-date: /home/victory/Robot-Operating-System/cpp_ws/install/cpp_parameters/share/cpp_parameters/environment/path.dsv
[0.291s] -- Up-to-date: /home/victory/Robot-Operating-System/cpp_ws/install/cpp_parameters/share/cpp_parameters/local_setup.bash
[0.292s] -- Up-to-date: /home/victory/Robot-Operating-System/cpp_ws/install/cpp_parameters/share/cpp_parameters/local_setup.sh
[0.293s] -- Up-to-date: /home/victory/Robot-Operating-System/cpp_ws/install/cpp_parameters/share/cpp_parameters/local_setup.zsh
[0.294s] -- Up-to-date: /home/victory/Robot-Operating-System/cpp_ws/install/cpp_parameters/share/cpp_parameters/local_setup.dsv
[0.296s] -- Installing: /home/victory/Robot-Operating-System/cpp_ws/install/cpp_parameters/share/cpp_parameters/package.dsv
[0.296s] -- Up-to-date: /home/victory/Robot-Operating-System/cpp_ws/install/cpp_parameters/share/ament_index/resource_index/packages/cpp_parameters
[0.297s] -- Up-to-date: /home/victory/Robot-Operating-System/cpp_ws/install/cpp_parameters/share/cpp_parameters/cmake/cpp_parametersConfig.cmake
[0.298s] -- Up-to-date: /home/victory/Robot-Operating-System/cpp_ws/install/cpp_parameters/share/cpp_parameters/cmake/cpp_parametersConfig-version.cmake
[0.300s] -- Up-to-date: /home/victory/Robot-Operating-System/cpp_ws/install/cpp_parameters/share/cpp_parameters/package.xml
[0.333s] Invoked command in '/home/victory/Robot-Operating-System/cpp_ws/build/cpp_parameters' returned '0': CMAKE_PREFIX_PATH=${CMAKE_PREFIX_PATH}:/home/victory/Robot-Operating-System/python_ws/install/python_package_that_uses_parameters_and_launch_files:/home/victory/Robot-Operating-System/python_ws/install/positio_encoder_decoder_python_package:/home/victory/Robot-Operating-System/python_ws/install/package_with_configurable_nodes:/home/victory/Robot-Operating-System/python_ws/install/package_that_uses_package_with_interfaces:/home/victory/Robot-Operating-System/python_ws/install/motor_distance_sensor_package:/opt/ros/humble /home/linuxbrew/.linuxbrew/bin/cmake --install /home/victory/Robot-Operating-System/cpp_ws/build/cpp_parameters
