[1.440s] Invoking command in '/home/victory/RoboNish/test_1_ros2_ws/python_package_that_uses_the_messages': PYTHONPATH=/home/victory/RoboNish/test_1_ros2_ws/build/python_package_that_uses_the_messages/prefix_override:/usr/lib/python3/dist-packages/colcon_core/task/python/colcon_distutils_commands:/home/victory/RoboNish/test_1_ros2_ws/install/python_package_that_uses_the_messages/lib/python3.10/site-packages:${PYTHONPATH} /usr/bin/python3 -W ignore:setup.py install is deprecated setup.py egg_info --egg-base ../build/python_package_that_uses_the_messages build --build-base /home/victory/RoboNish/test_1_ros2_ws/build/python_package_that_uses_the_messages/build install --record /home/victory/RoboNish/test_1_ros2_ws/build/python_package_that_uses_the_messages/install.log --single-version-externally-managed install_data
[1.764s] running egg_info
[1.765s] writing ../build/python_package_that_uses_the_messages/python_package_that_uses_the_messages.egg-info/PKG-INFO
[1.766s] writing dependency_links to ../build/python_package_that_uses_the_messages/python_package_that_uses_the_messages.egg-info/dependency_links.txt
[1.766s] writing entry points to ../build/python_package_that_uses_the_messages/python_package_that_uses_the_messages.egg-info/entry_points.txt
[1.766s] writing requirements to ../build/python_package_that_uses_the_messages/python_package_that_uses_the_messages.egg-info/requires.txt
[1.767s] writing top-level names to ../build/python_package_that_uses_the_messages/python_package_that_uses_the_messages.egg-info/top_level.txt
[1.769s] reading manifest file '../build/python_package_that_uses_the_messages/python_package_that_uses_the_messages.egg-info/SOURCES.txt'
[1.771s] writing manifest file '../build/python_package_that_uses_the_messages/python_package_that_uses_the_messages.egg-info/SOURCES.txt'
[1.771s] running build
[1.771s] running build_py
[1.771s] running install
[1.772s] running install_lib
[1.774s] running install_data
[1.774s] running install_egg_info
[1.777s] removing '/home/victory/RoboNish/test_1_ros2_ws/install/python_package_that_uses_the_messages/lib/python3.10/site-packages/python_package_that_uses_the_messages-0.0.0-py3.10.egg-info' (and everything under it)
[1.777s] Copying ../build/python_package_that_uses_the_messages/python_package_that_uses_the_messages.egg-info to /home/victory/RoboNish/test_1_ros2_ws/install/python_package_that_uses_the_messages/lib/python3.10/site-packages/python_package_that_uses_the_messages-0.0.0-py3.10.egg-info
[1.779s] running install_scripts
[1.807s] Installing amazing_quote_publisher script to /home/victory/RoboNish/test_1_ros2_ws/install/python_package_that_uses_the_messages/lib/python_package_that_uses_the_messages
[1.808s] Installing amazing_quote_subscriber script to /home/victory/RoboNish/test_1_ros2_ws/install/python_package_that_uses_the_messages/lib/python_package_that_uses_the_messages
[1.808s] writing list of installed files to '/home/victory/RoboNish/test_1_ros2_ws/build/python_package_that_uses_the_messages/install.log'
[1.843s] Invoked command in '/home/victory/RoboNish/test_1_ros2_ws/python_package_that_uses_the_messages' returned '0': PYTHONPATH=/home/victory/RoboNish/test_1_ros2_ws/build/python_package_that_uses_the_messages/prefix_override:/usr/lib/python3/dist-packages/colcon_core/task/python/colcon_distutils_commands:/home/victory/RoboNish/test_1_ros2_ws/install/python_package_that_uses_the_messages/lib/python3.10/site-packages:${PYTHONPATH} /usr/bin/python3 -W ignore:setup.py install is deprecated setup.py egg_info --egg-base ../build/python_package_that_uses_the_messages build --build-base /home/victory/RoboNish/test_1_ros2_ws/build/python_package_that_uses_the_messages/build install --record /home/victory/RoboNish/test_1_ros2_ws/build/python_package_that_uses_the_messages/install.log --single-version-externally-managed install_data
