-- Found ament_cmake: 1.3.10 (/opt/ros/humble/share/ament_cmake/cmake)
-- Found action_msgs: 1.2.1 (/opt/ros/humble/share/action_msgs/cmake)
-- Found rosidl_generator_c: 3.1.5 (/opt/ros/humble/share/rosidl_generator_c/cmake)
-- Found rosidl_adapter: 3.1.5 (/opt/ros/humble/share/rosidl_adapter/cmake)
-- Found rosidl_generator_cpp: 3.1.5 (/opt/ros/humble/share/rosidl_generator_cpp/cmake)
-- Using all available rosidl_typesupport_c: rosidl_typesupport_fastrtps_c;rosidl_typesupport_introspection_c
-- Using all available rosidl_typesupport_cpp: rosidl_typesupport_fastrtps_cpp;rosidl_typesupport_introspection_cpp
-- Found rosidl_default_generators: 1.2.0 (/opt/ros/humble/share/rosidl_default_generators/cmake)
-- Found ament_cmake_ros: 0.10.0 (/opt/ros/humble/share/ament_cmake_ros/cmake)
-- Using all available rosidl_typesupport_c: rosidl_typesupport_fastrtps_c;rosidl_typesupport_introspection_c
-- Using all available rosidl_typesupport_cpp: rosidl_typesupport_fastrtps_cpp;rosidl_typesupport_introspection_cpp
-- Found PythonInterp: /usr/bin/python3 (found suitable version "3.10.12", minimum required is "3.6")
-- Found python_cmake_module: 0.10.0 (/opt/ros/humble/share/python_cmake_module/cmake)
-- Found PythonLibs: /usr/lib/x86_64-linux-gnu/libpython3.10.so (found suitable version "3.10.12", minimum required is "3.5")
-- Using PYTHON_EXECUTABLE: /usr/bin/python3
-- Using PYTHON_INCLUDE_DIRS: /usr/include/python3.10
-- Using PYTHON_LIBRARIES: /usr/lib/x86_64-linux-gnu/libpython3.10.so
-- Found PythonExtra: .so
-- Found ament_lint_auto: 0.12.11 (/opt/ros/humble/share/ament_lint_auto/cmake)
-- Added test 'lint_cmake' to check CMake code style
-- Added test 'xmllint' to check XML markup files
-- Configuring done (7.0s)
-- Generating done (0.1s)
-- Build files have been written to: /home/victory/Robot-Operating-System/python_ws/build/package_with_action_interface
[  3%] [34m[1mGenerating C code for ROS interfaces[0m
[  6%] [34m[1mGenerating C++ code for ROS interfaces[0m
[  6%] Built target ament_cmake_python_copy_package_with_action_interface
running egg_info
creating package_with_action_interface.egg-info
writing package_with_action_interface.egg-info/PKG-INFO
writing dependency_links to package_with_action_interface.egg-info/dependency_links.txt
writing top-level names to package_with_action_interface.egg-info/top_level.txt
writing manifest file 'package_with_action_interface.egg-info/SOURCES.txt'
reading manifest file 'package_with_action_interface.egg-info/SOURCES.txt'
writing manifest file 'package_with_action_interface.egg-info/SOURCES.txt'
[  6%] Built target ament_cmake_python_build_package_with_action_interface_egg
[  6%] Built target package_with_action_interface__cpp
[  9%] [34m[1mGenerating C++ type support dispatch for ROS interfaces[0m
[ 12%] [34m[1mGenerating C++ type support for eProsima Fast-RTPS[0m
[ 16%] [34m[1mGenerating C++ introspection for ROS interfaces[0m
[ 19%] [32mBuilding C object CMakeFiles/package_with_action_interface__rosidl_generator_c.dir/rosidl_generator_c/package_with_action_interface/action/detail/fibonacci__functions.c.o[0m
[ 22%] [32mBuilding CXX object CMakeFiles/package_with_action_interface__rosidl_typesupport_cpp.dir/rosidl_typesupport_cpp/package_with_action_interface/action/fibonacci__type_support.cpp.o[0m
[ 25%] [32mBuilding CXX object CMakeFiles/package_with_action_interface__rosidl_typesupport_introspection_cpp.dir/rosidl_typesupport_introspection_cpp/package_with_action_interface/action/detail/fibonacci__type_support.cpp.o[0m
[ 29%] [32mBuilding CXX object CMakeFiles/package_with_action_interface__rosidl_typesupport_fastrtps_cpp.dir/rosidl_typesupport_fastrtps_cpp/package_with_action_interface/action/detail/dds_fastrtps/fibonacci__type_support.cpp.o[0m
[ 32%] [32m[1mLinking C shared library libpackage_with_action_interface__rosidl_generator_c.so[0m
[ 32%] Built target package_with_action_interface__rosidl_generator_c
[ 35%] [34m[1mGenerating C type support for eProsima Fast-RTPS[0m
[ 38%] [32mBuilding CXX object CMakeFiles/package_with_action_interface__rosidl_typesupport_fastrtps_c.dir/rosidl_typesupport_fastrtps_c/package_with_action_interface/action/detail/fibonacci__type_support_c.cpp.o[0m
[ 41%] [32m[1mLinking CXX shared library libpackage_with_action_interface__rosidl_typesupport_cpp.so[0m
[ 45%] [32m[1mLinking CXX shared library libpackage_with_action_interface__rosidl_typesupport_fastrtps_c.so[0m
[ 45%] Built target package_with_action_interface__rosidl_typesupport_cpp
[ 48%] [32m[1mLinking CXX shared library libpackage_with_action_interface__rosidl_typesupport_introspection_cpp.so[0m
[ 51%] [34m[1mGenerating C introspection for ROS interfaces[0m
[ 54%] [32m[1mLinking CXX shared library libpackage_with_action_interface__rosidl_typesupport_fastrtps_cpp.so[0m
[ 54%] Built target package_with_action_interface__rosidl_typesupport_fastrtps_c
[ 58%] [34m[1mGenerating C type support dispatch for ROS interfaces[0m
[ 58%] Built target package_with_action_interface__rosidl_typesupport_introspection_cpp
[ 58%] Built target package_with_action_interface__rosidl_typesupport_fastrtps_cpp
[ 61%] [32mBuilding CXX object CMakeFiles/package_with_action_interface__rosidl_typesupport_c.dir/rosidl_typesupport_c/package_with_action_interface/action/fibonacci__type_support.cpp.o[0m
[ 64%] [32mBuilding C object CMakeFiles/package_with_action_interface__rosidl_typesupport_introspection_c.dir/rosidl_typesupport_introspection_c/package_with_action_interface/action/detail/fibonacci__type_support.c.o[0m
[ 67%] [32m[1mLinking CXX shared library libpackage_with_action_interface__rosidl_typesupport_c.so[0m
[ 70%] [32m[1mLinking C shared library libpackage_with_action_interface__rosidl_typesupport_introspection_c.so[0m
[ 70%] Built target package_with_action_interface__rosidl_typesupport_c
[ 70%] Built target package_with_action_interface__rosidl_typesupport_introspection_c
[ 70%] Built target package_with_action_interface
[ 74%] [34m[1mGenerating Python code for ROS interfaces[0m
[ 74%] Built target package_with_action_interface__py
[ 77%] [32mBuilding C object CMakeFiles/package_with_action_interface__rosidl_generator_py.dir/rosidl_generator_py/package_with_action_interface/action/_fibonacci_s.c.o[0m
[ 80%] [32m[1mLinking C shared library rosidl_generator_py/package_with_action_interface/libpackage_with_action_interface__rosidl_generator_py.so[0m
[ 80%] Built target package_with_action_interface__rosidl_generator_py
[ 83%] [32mBuilding C object CMakeFiles/package_with_action_interface__rosidl_typesupport_fastrtps_c__pyext.dir/rosidl_generator_py/package_with_action_interface/_package_with_action_interface_s.ep.rosidl_typesupport_fastrtps_c.c.o[0m
[ 87%] [32mBuilding C object CMakeFiles/package_with_action_interface__rosidl_typesupport_introspection_c__pyext.dir/rosidl_generator_py/package_with_action_interface/_package_with_action_interface_s.ep.rosidl_typesupport_introspection_c.c.o[0m
[ 90%] [32mBuilding C object CMakeFiles/package_with_action_interface__rosidl_typesupport_c__pyext.dir/rosidl_generator_py/package_with_action_interface/_package_with_action_interface_s.ep.rosidl_typesupport_c.c.o[0m
[ 93%] [32m[1mLinking C shared library rosidl_generator_py/package_with_action_interface/package_with_action_interface_s__rosidl_typesupport_c.cpython-310-x86_64-linux-gnu.so[0m
[ 96%] [32m[1mLinking C shared library rosidl_generator_py/package_with_action_interface/package_with_action_interface_s__rosidl_typesupport_fastrtps_c.cpython-310-x86_64-linux-gnu.so[0m
[100%] [32m[1mLinking C shared library rosidl_generator_py/package_with_action_interface/package_with_action_interface_s__rosidl_typesupport_introspection_c.cpython-310-x86_64-linux-gnu.so[0m
[100%] Built target package_with_action_interface__rosidl_typesupport_c__pyext
[100%] Built target package_with_action_interface__rosidl_typesupport_fastrtps_c__pyext
[100%] Built target package_with_action_interface__rosidl_typesupport_introspection_c__pyext
-- Install configuration: ""
-- Installing: /home/victory/Robot-Operating-System/python_ws/install/package_with_action_interface/share/ament_index/resource_index/rosidl_interfaces/package_with_action_interface
-- Installing: /home/victory/Robot-Operating-System/python_ws/install/package_with_action_interface/include/package_with_action_interface/package_with_action_interface
-- Installing: /home/victory/Robot-Operating-System/python_ws/install/package_with_action_interface/include/package_with_action_interface/package_with_action_interface/action
-- Installing: /home/victory/Robot-Operating-System/python_ws/install/package_with_action_interface/include/package_with_action_interface/package_with_action_interface/action/detail
-- Installing: /home/victory/Robot-Operating-System/python_ws/install/package_with_action_interface/include/package_with_action_interface/package_with_action_interface/action/detail/fibonacci__struct.h
-- Installing: /home/victory/Robot-Operating-System/python_ws/install/package_with_action_interface/include/package_with_action_interface/package_with_action_interface/action/detail/fibonacci__functions.h
-- Installing: /home/victory/Robot-Operating-System/python_ws/install/package_with_action_interface/include/package_with_action_interface/package_with_action_interface/action/detail/fibonacci__functions.c
-- Installing: /home/victory/Robot-Operating-System/python_ws/install/package_with_action_interface/include/package_with_action_interface/package_with_action_interface/action/detail/fibonacci__type_support.h
-- Installing: /home/victory/Robot-Operating-System/python_ws/install/package_with_action_interface/include/package_with_action_interface/package_with_action_interface/action/fibonacci.h
-- Installing: /home/victory/Robot-Operating-System/python_ws/install/package_with_action_interface/include/package_with_action_interface/package_with_action_interface/msg
-- Installing: /home/victory/Robot-Operating-System/python_ws/install/package_with_action_interface/include/package_with_action_interface/package_with_action_interface/msg/rosidl_generator_c__visibility_control.h
-- Installing: /home/victory/Robot-Operating-System/python_ws/install/package_with_action_interface/share/package_with_action_interface/environment/library_path.sh
-- Installing: /home/victory/Robot-Operating-System/python_ws/install/package_with_action_interface/share/package_with_action_interface/environment/library_path.dsv
-- Installing: /home/victory/Robot-Operating-System/python_ws/install/package_with_action_interface/lib/libpackage_with_action_interface__rosidl_generator_c.so
-- Set non-toolchain portion of runtime path of "/home/victory/Robot-Operating-System/python_ws/install/package_with_action_interface/lib/libpackage_with_action_interface__rosidl_generator_c.so" to ""
-- Up-to-date: /home/victory/Robot-Operating-System/python_ws/install/package_with_action_interface/include/package_with_action_interface/package_with_action_interface
-- Up-to-date: /home/victory/Robot-Operating-System/python_ws/install/package_with_action_interface/include/package_with_action_interface/package_with_action_interface/action
-- Up-to-date: /home/victory/Robot-Operating-System/python_ws/install/package_with_action_interface/include/package_with_action_interface/package_with_action_interface/action/detail
-- Installing: /home/victory/Robot-Operating-System/python_ws/install/package_with_action_interface/include/package_with_action_interface/package_with_action_interface/action/detail/fibonacci__rosidl_typesupport_fastrtps_c.h
-- Up-to-date: /home/victory/Robot-Operating-System/python_ws/install/package_with_action_interface/include/package_with_action_interface/package_with_action_interface/msg
-- Installing: /home/victory/Robot-Operating-System/python_ws/install/package_with_action_interface/include/package_with_action_interface/package_with_action_interface/msg/rosidl_typesupport_fastrtps_c__visibility_control.h
-- Installing: /home/victory/Robot-Operating-System/python_ws/install/package_with_action_interface/lib/libpackage_with_action_interface__rosidl_typesupport_fastrtps_c.so
-- Set non-toolchain portion of runtime path of "/home/victory/Robot-Operating-System/python_ws/install/package_with_action_interface/lib/libpackage_with_action_interface__rosidl_typesupport_fastrtps_c.so" to ""
-- Up-to-date: /home/victory/Robot-Operating-System/python_ws/install/package_with_action_interface/include/package_with_action_interface/package_with_action_interface
-- Up-to-date: /home/victory/Robot-Operating-System/python_ws/install/package_with_action_interface/include/package_with_action_interface/package_with_action_interface/action
-- Up-to-date: /home/victory/Robot-Operating-System/python_ws/install/package_with_action_interface/include/package_with_action_interface/package_with_action_interface/action/detail
-- Installing: /home/victory/Robot-Operating-System/python_ws/install/package_with_action_interface/include/package_with_action_interface/package_with_action_interface/action/detail/fibonacci__traits.hpp
-- Installing: /home/victory/Robot-Operating-System/python_ws/install/package_with_action_interface/include/package_with_action_interface/package_with_action_interface/action/detail/fibonacci__struct.hpp
-- Installing: /home/victory/Robot-Operating-System/python_ws/install/package_with_action_interface/include/package_with_action_interface/package_with_action_interface/action/detail/fibonacci__builder.hpp
-- Installing: /home/victory/Robot-Operating-System/python_ws/install/package_with_action_interface/include/package_with_action_interface/package_with_action_interface/action/fibonacci.hpp
-- Up-to-date: /home/victory/Robot-Operating-System/python_ws/install/package_with_action_interface/include/package_with_action_interface/package_with_action_interface
-- Up-to-date: /home/victory/Robot-Operating-System/python_ws/install/package_with_action_interface/include/package_with_action_interface/package_with_action_interface/action
-- Up-to-date: /home/victory/Robot-Operating-System/python_ws/install/package_with_action_interface/include/package_with_action_interface/package_with_action_interface/action/detail
-- Installing: /home/victory/Robot-Operating-System/python_ws/install/package_with_action_interface/include/package_with_action_interface/package_with_action_interface/action/detail/dds_fastrtps
-- Installing: /home/victory/Robot-Operating-System/python_ws/install/package_with_action_interface/include/package_with_action_interface/package_with_action_interface/action/detail/fibonacci__rosidl_typesupport_fastrtps_cpp.hpp
-- Up-to-date: /home/victory/Robot-Operating-System/python_ws/install/package_with_action_interface/include/package_with_action_interface/package_with_action_interface/msg
-- Installing: /home/victory/Robot-Operating-System/python_ws/install/package_with_action_interface/include/package_with_action_interface/package_with_action_interface/msg/rosidl_typesupport_fastrtps_cpp__visibility_control.h
-- Installing: /home/victory/Robot-Operating-System/python_ws/install/package_with_action_interface/lib/libpackage_with_action_interface__rosidl_typesupport_fastrtps_cpp.so
-- Set non-toolchain portion of runtime path of "/home/victory/Robot-Operating-System/python_ws/install/package_with_action_interface/lib/libpackage_with_action_interface__rosidl_typesupport_fastrtps_cpp.so" to ""
-- Up-to-date: /home/victory/Robot-Operating-System/python_ws/install/package_with_action_interface/include/package_with_action_interface/package_with_action_interface
-- Up-to-date: /home/victory/Robot-Operating-System/python_ws/install/package_with_action_interface/include/package_with_action_interface/package_with_action_interface/action
-- Up-to-date: /home/victory/Robot-Operating-System/python_ws/install/package_with_action_interface/include/package_with_action_interface/package_with_action_interface/action/detail
-- Installing: /home/victory/Robot-Operating-System/python_ws/install/package_with_action_interface/include/package_with_action_interface/package_with_action_interface/action/detail/fibonacci__type_support.c
-- Installing: /home/victory/Robot-Operating-System/python_ws/install/package_with_action_interface/include/package_with_action_interface/package_with_action_interface/action/detail/fibonacci__rosidl_typesupport_introspection_c.h
-- Up-to-date: /home/victory/Robot-Operating-System/python_ws/install/package_with_action_interface/include/package_with_action_interface/package_with_action_interface/msg
-- Installing: /home/victory/Robot-Operating-System/python_ws/install/package_with_action_interface/include/package_with_action_interface/package_with_action_interface/msg/rosidl_typesupport_introspection_c__visibility_control.h
-- Installing: /home/victory/Robot-Operating-System/python_ws/install/package_with_action_interface/lib/libpackage_with_action_interface__rosidl_typesupport_introspection_c.so
-- Set non-toolchain portion of runtime path of "/home/victory/Robot-Operating-System/python_ws/install/package_with_action_interface/lib/libpackage_with_action_interface__rosidl_typesupport_introspection_c.so" to ""
-- Installing: /home/victory/Robot-Operating-System/python_ws/install/package_with_action_interface/lib/libpackage_with_action_interface__rosidl_typesupport_c.so
-- Set non-toolchain portion of runtime path of "/home/victory/Robot-Operating-System/python_ws/install/package_with_action_interface/lib/libpackage_with_action_interface__rosidl_typesupport_c.so" to ""
-- Up-to-date: /home/victory/Robot-Operating-System/python_ws/install/package_with_action_interface/include/package_with_action_interface/package_with_action_interface
-- Up-to-date: /home/victory/Robot-Operating-System/python_ws/install/package_with_action_interface/include/package_with_action_interface/package_with_action_interface/action
-- Up-to-date: /home/victory/Robot-Operating-System/python_ws/install/package_with_action_interface/include/package_with_action_interface/package_with_action_interface/action/detail
-- Installing: /home/victory/Robot-Operating-System/python_ws/install/package_with_action_interface/include/package_with_action_interface/package_with_action_interface/action/detail/fibonacci__rosidl_typesupport_introspection_cpp.hpp
-- Installing: /home/victory/Robot-Operating-System/python_ws/install/package_with_action_interface/include/package_with_action_interface/package_with_action_interface/action/detail/fibonacci__type_support.cpp
-- Installing: /home/victory/Robot-Operating-System/python_ws/install/package_with_action_interface/lib/libpackage_with_action_interface__rosidl_typesupport_introspection_cpp.so
-- Set non-toolchain portion of runtime path of "/home/victory/Robot-Operating-System/python_ws/install/package_with_action_interface/lib/libpackage_with_action_interface__rosidl_typesupport_introspection_cpp.so" to ""
-- Installing: /home/victory/Robot-Operating-System/python_ws/install/package_with_action_interface/lib/libpackage_with_action_interface__rosidl_typesupport_cpp.so
-- Set non-toolchain portion of runtime path of "/home/victory/Robot-Operating-System/python_ws/install/package_with_action_interface/lib/libpackage_with_action_interface__rosidl_typesupport_cpp.so" to ""
-- Installing: /home/victory/Robot-Operating-System/python_ws/install/package_with_action_interface/share/package_with_action_interface/environment/pythonpath.sh
-- Installing: /home/victory/Robot-Operating-System/python_ws/install/package_with_action_interface/share/package_with_action_interface/environment/pythonpath.dsv
-- Installing: /home/victory/Robot-Operating-System/python_ws/install/package_with_action_interface/local/lib/python3.10/dist-packages/package_with_action_interface-0.0.0-py3.10.egg-info
-- Installing: /home/victory/Robot-Operating-System/python_ws/install/package_with_action_interface/local/lib/python3.10/dist-packages/package_with_action_interface-0.0.0-py3.10.egg-info/PKG-INFO
-- Installing: /home/victory/Robot-Operating-System/python_ws/install/package_with_action_interface/local/lib/python3.10/dist-packages/package_with_action_interface-0.0.0-py3.10.egg-info/SOURCES.txt
-- Installing: /home/victory/Robot-Operating-System/python_ws/install/package_with_action_interface/local/lib/python3.10/dist-packages/package_with_action_interface-0.0.0-py3.10.egg-info/dependency_links.txt
-- Installing: /home/victory/Robot-Operating-System/python_ws/install/package_with_action_interface/local/lib/python3.10/dist-packages/package_with_action_interface-0.0.0-py3.10.egg-info/top_level.txt
-- Installing: /home/victory/Robot-Operating-System/python_ws/install/package_with_action_interface/local/lib/python3.10/dist-packages/package_with_action_interface
-- Installing: /home/victory/Robot-Operating-System/python_ws/install/package_with_action_interface/local/lib/python3.10/dist-packages/package_with_action_interface/__init__.py
-- Installing: /home/victory/Robot-Operating-System/python_ws/install/package_with_action_interface/local/lib/python3.10/dist-packages/package_with_action_interface/package_with_action_interface_s__rosidl_typesupport_fastrtps_c.cpython-310-x86_64-linux-gnu.so
-- Installing: /home/victory/Robot-Operating-System/python_ws/install/package_with_action_interface/local/lib/python3.10/dist-packages/package_with_action_interface/action
-- Installing: /home/victory/Robot-Operating-System/python_ws/install/package_with_action_interface/local/lib/python3.10/dist-packages/package_with_action_interface/action/__init__.py
-- Installing: /home/victory/Robot-Operating-System/python_ws/install/package_with_action_interface/local/lib/python3.10/dist-packages/package_with_action_interface/action/_fibonacci_s.c
-- Installing: /home/victory/Robot-Operating-System/python_ws/install/package_with_action_interface/local/lib/python3.10/dist-packages/package_with_action_interface/action/_fibonacci.py
-- Installing: /home/victory/Robot-Operating-System/python_ws/install/package_with_action_interface/local/lib/python3.10/dist-packages/package_with_action_interface/libpackage_with_action_interface__rosidl_generator_py.so
-- Installing: /home/victory/Robot-Operating-System/python_ws/install/package_with_action_interface/local/lib/python3.10/dist-packages/package_with_action_interface/_package_with_action_interface_s.ep.rosidl_typesupport_c.c
-- Installing: /home/victory/Robot-Operating-System/python_ws/install/package_with_action_interface/local/lib/python3.10/dist-packages/package_with_action_interface/_package_with_action_interface_s.ep.rosidl_typesupport_fastrtps_c.c
-- Installing: /home/victory/Robot-Operating-System/python_ws/install/package_with_action_interface/local/lib/python3.10/dist-packages/package_with_action_interface/package_with_action_interface_s__rosidl_typesupport_c.cpython-310-x86_64-linux-gnu.so
-- Installing: /home/victory/Robot-Operating-System/python_ws/install/package_with_action_interface/local/lib/python3.10/dist-packages/package_with_action_interface/package_with_action_interface_s__rosidl_typesupport_introspection_c.cpython-310-x86_64-linux-gnu.so
-- Installing: /home/victory/Robot-Operating-System/python_ws/install/package_with_action_interface/local/lib/python3.10/dist-packages/package_with_action_interface/_package_with_action_interface_s.ep.rosidl_typesupport_introspection_c.c
Listing '/home/victory/Robot-Operating-System/python_ws/install/package_with_action_interface/local/lib/python3.10/dist-packages/package_with_action_interface'...
Compiling '/home/victory/Robot-Operating-System/python_ws/install/package_with_action_interface/local/lib/python3.10/dist-packages/package_with_action_interface/__init__.py'...
Listing '/home/victory/Robot-Operating-System/python_ws/install/package_with_action_interface/local/lib/python3.10/dist-packages/package_with_action_interface/action'...
Compiling '/home/victory/Robot-Operating-System/python_ws/install/package_with_action_interface/local/lib/python3.10/dist-packages/package_with_action_interface/action/__init__.py'...
Compiling '/home/victory/Robot-Operating-System/python_ws/install/package_with_action_interface/local/lib/python3.10/dist-packages/package_with_action_interface/action/_fibonacci.py'...
-- Installing: /home/victory/Robot-Operating-System/python_ws/install/package_with_action_interface/local/lib/python3.10/dist-packages/package_with_action_interface/package_with_action_interface_s__rosidl_typesupport_fastrtps_c.cpython-310-x86_64-linux-gnu.so
-- Set non-toolchain portion of runtime path of "/home/victory/Robot-Operating-System/python_ws/install/package_with_action_interface/local/lib/python3.10/dist-packages/package_with_action_interface/package_with_action_interface_s__rosidl_typesupport_fastrtps_c.cpython-310-x86_64-linux-gnu.so" to ""
-- Installing: /home/victory/Robot-Operating-System/python_ws/install/package_with_action_interface/local/lib/python3.10/dist-packages/package_with_action_interface/package_with_action_interface_s__rosidl_typesupport_introspection_c.cpython-310-x86_64-linux-gnu.so
-- Set non-toolchain portion of runtime path of "/home/victory/Robot-Operating-System/python_ws/install/package_with_action_interface/local/lib/python3.10/dist-packages/package_with_action_interface/package_with_action_interface_s__rosidl_typesupport_introspection_c.cpython-310-x86_64-linux-gnu.so" to ""
-- Installing: /home/victory/Robot-Operating-System/python_ws/install/package_with_action_interface/local/lib/python3.10/dist-packages/package_with_action_interface/package_with_action_interface_s__rosidl_typesupport_c.cpython-310-x86_64-linux-gnu.so
-- Set non-toolchain portion of runtime path of "/home/victory/Robot-Operating-System/python_ws/install/package_with_action_interface/local/lib/python3.10/dist-packages/package_with_action_interface/package_with_action_interface_s__rosidl_typesupport_c.cpython-310-x86_64-linux-gnu.so" to ""
-- Installing: /home/victory/Robot-Operating-System/python_ws/install/package_with_action_interface/lib/libpackage_with_action_interface__rosidl_generator_py.so
-- Set non-toolchain portion of runtime path of "/home/victory/Robot-Operating-System/python_ws/install/package_with_action_interface/lib/libpackage_with_action_interface__rosidl_generator_py.so" to ""
-- Installing: /home/victory/Robot-Operating-System/python_ws/install/package_with_action_interface/share/package_with_action_interface/action/Fibonacci.idl
-- Installing: /home/victory/Robot-Operating-System/python_ws/install/package_with_action_interface/share/package_with_action_interface/action/Fibonacci.action
-- Installing: /home/victory/Robot-Operating-System/python_ws/install/package_with_action_interface/share/ament_index/resource_index/package_run_dependencies/package_with_action_interface
-- Installing: /home/victory/Robot-Operating-System/python_ws/install/package_with_action_interface/share/ament_index/resource_index/parent_prefix_path/package_with_action_interface
-- Installing: /home/victory/Robot-Operating-System/python_ws/install/package_with_action_interface/share/package_with_action_interface/environment/ament_prefix_path.sh
-- Installing: /home/victory/Robot-Operating-System/python_ws/install/package_with_action_interface/share/package_with_action_interface/environment/ament_prefix_path.dsv
-- Installing: /home/victory/Robot-Operating-System/python_ws/install/package_with_action_interface/share/package_with_action_interface/environment/path.sh
-- Installing: /home/victory/Robot-Operating-System/python_ws/install/package_with_action_interface/share/package_with_action_interface/environment/path.dsv
-- Installing: /home/victory/Robot-Operating-System/python_ws/install/package_with_action_interface/share/package_with_action_interface/local_setup.bash
-- Installing: /home/victory/Robot-Operating-System/python_ws/install/package_with_action_interface/share/package_with_action_interface/local_setup.sh
-- Installing: /home/victory/Robot-Operating-System/python_ws/install/package_with_action_interface/share/package_with_action_interface/local_setup.zsh
-- Installing: /home/victory/Robot-Operating-System/python_ws/install/package_with_action_interface/share/package_with_action_interface/local_setup.dsv
-- Installing: /home/victory/Robot-Operating-System/python_ws/install/package_with_action_interface/share/package_with_action_interface/package.dsv
-- Installing: /home/victory/Robot-Operating-System/python_ws/install/package_with_action_interface/share/ament_index/resource_index/packages/package_with_action_interface
-- Installing: /home/victory/Robot-Operating-System/python_ws/install/package_with_action_interface/share/package_with_action_interface/cmake/export_package_with_action_interface__rosidl_generator_cExport.cmake
-- Installing: /home/victory/Robot-Operating-System/python_ws/install/package_with_action_interface/share/package_with_action_interface/cmake/export_package_with_action_interface__rosidl_generator_cExport-noconfig.cmake
-- Installing: /home/victory/Robot-Operating-System/python_ws/install/package_with_action_interface/share/package_with_action_interface/cmake/export_package_with_action_interface__rosidl_typesupport_fastrtps_cExport.cmake
-- Installing: /home/victory/Robot-Operating-System/python_ws/install/package_with_action_interface/share/package_with_action_interface/cmake/export_package_with_action_interface__rosidl_typesupport_fastrtps_cExport-noconfig.cmake
-- Installing: /home/victory/Robot-Operating-System/python_ws/install/package_with_action_interface/share/package_with_action_interface/cmake/export_package_with_action_interface__rosidl_generator_cppExport.cmake
-- Installing: /home/victory/Robot-Operating-System/python_ws/install/package_with_action_interface/share/package_with_action_interface/cmake/export_package_with_action_interface__rosidl_typesupport_fastrtps_cppExport.cmake
-- Installing: /home/victory/Robot-Operating-System/python_ws/install/package_with_action_interface/share/package_with_action_interface/cmake/export_package_with_action_interface__rosidl_typesupport_fastrtps_cppExport-noconfig.cmake
-- Installing: /home/victory/Robot-Operating-System/python_ws/install/package_with_action_interface/share/package_with_action_interface/cmake/package_with_action_interface__rosidl_typesupport_introspection_cExport.cmake
-- Installing: /home/victory/Robot-Operating-System/python_ws/install/package_with_action_interface/share/package_with_action_interface/cmake/package_with_action_interface__rosidl_typesupport_introspection_cExport-noconfig.cmake
-- Installing: /home/victory/Robot-Operating-System/python_ws/install/package_with_action_interface/share/package_with_action_interface/cmake/package_with_action_interface__rosidl_typesupport_cExport.cmake
-- Installing: /home/victory/Robot-Operating-System/python_ws/install/package_with_action_interface/share/package_with_action_interface/cmake/package_with_action_interface__rosidl_typesupport_cExport-noconfig.cmake
-- Installing: /home/victory/Robot-Operating-System/python_ws/install/package_with_action_interface/share/package_with_action_interface/cmake/package_with_action_interface__rosidl_typesupport_introspection_cppExport.cmake
-- Installing: /home/victory/Robot-Operating-System/python_ws/install/package_with_action_interface/share/package_with_action_interface/cmake/package_with_action_interface__rosidl_typesupport_introspection_cppExport-noconfig.cmake
-- Installing: /home/victory/Robot-Operating-System/python_ws/install/package_with_action_interface/share/package_with_action_interface/cmake/package_with_action_interface__rosidl_typesupport_cppExport.cmake
-- Installing: /home/victory/Robot-Operating-System/python_ws/install/package_with_action_interface/share/package_with_action_interface/cmake/package_with_action_interface__rosidl_typesupport_cppExport-noconfig.cmake
-- Installing: /home/victory/Robot-Operating-System/python_ws/install/package_with_action_interface/share/package_with_action_interface/cmake/export_package_with_action_interface__rosidl_generator_pyExport.cmake
-- Installing: /home/victory/Robot-Operating-System/python_ws/install/package_with_action_interface/share/package_with_action_interface/cmake/export_package_with_action_interface__rosidl_generator_pyExport-noconfig.cmake
-- Installing: /home/victory/Robot-Operating-System/python_ws/install/package_with_action_interface/share/package_with_action_interface/cmake/rosidl_cmake-extras.cmake
-- Installing: /home/victory/Robot-Operating-System/python_ws/install/package_with_action_interface/share/package_with_action_interface/cmake/ament_cmake_export_dependencies-extras.cmake
-- Installing: /home/victory/Robot-Operating-System/python_ws/install/package_with_action_interface/share/package_with_action_interface/cmake/ament_cmake_export_include_directories-extras.cmake
-- Installing: /home/victory/Robot-Operating-System/python_ws/install/package_with_action_interface/share/package_with_action_interface/cmake/ament_cmake_export_libraries-extras.cmake
-- Installing: /home/victory/Robot-Operating-System/python_ws/install/package_with_action_interface/share/package_with_action_interface/cmake/ament_cmake_export_targets-extras.cmake
-- Installing: /home/victory/Robot-Operating-System/python_ws/install/package_with_action_interface/share/package_with_action_interface/cmake/rosidl_cmake_export_typesupport_targets-extras.cmake
-- Installing: /home/victory/Robot-Operating-System/python_ws/install/package_with_action_interface/share/package_with_action_interface/cmake/rosidl_cmake_export_typesupport_libraries-extras.cmake
-- Installing: /home/victory/Robot-Operating-System/python_ws/install/package_with_action_interface/share/package_with_action_interface/cmake/package_with_action_interfaceConfig.cmake
-- Installing: /home/victory/Robot-Operating-System/python_ws/install/package_with_action_interface/share/package_with_action_interface/cmake/package_with_action_interfaceConfig-version.cmake
-- Installing: /home/victory/Robot-Operating-System/python_ws/install/package_with_action_interface/share/package_with_action_interface/package.xml
