[0.018s] Invoking command in '/home/victory/Robot-Operating-System/python_ws/build/package_with_action_interface': CMAKE_PREFIX_PATH=/opt/ros/humble /home/linuxbrew/.linuxbrew/bin/cmake /home/victory/Robot-Operating-System/python_ws/src/package_with_action_interface -DCMAKE_INSTALL_PREFIX=/home/victory/Robot-Operating-System/python_ws/install/package_with_action_interface
[0.033s] -- Found ament_cmake: 1.3.10 (/opt/ros/humble/share/ament_cmake/cmake)
[0.295s] -- Found action_msgs: 1.2.1 (/opt/ros/humble/share/action_msgs/cmake)
[0.615s] -- Found rosidl_generator_c: 3.1.5 (/opt/ros/humble/share/rosidl_generator_c/cmake)
[0.619s] -- Found rosidl_adapter: 3.1.5 (/opt/ros/humble/share/rosidl_adapter/cmake)
[0.627s] -- Found rosidl_generator_cpp: 3.1.5 (/opt/ros/humble/share/rosidl_generator_cpp/cmake)
[0.642s] -- Using all available rosidl_typesupport_c: rosidl_typesupport_fastrtps_c;rosidl_typesupport_introspection_c
[0.660s] -- Using all available rosidl_typesupport_cpp: rosidl_typesupport_fastrtps_cpp;rosidl_typesupport_introspection_cpp
[0.715s] -- Found rosidl_default_generators: 1.2.0 (/opt/ros/humble/share/rosidl_default_generators/cmake)
[1.455s] -- Found ament_cmake_ros: 0.10.0 (/opt/ros/humble/share/ament_cmake_ros/cmake)
[2.681s] -- Using all available rosidl_typesupport_c: rosidl_typesupport_fastrtps_c;rosidl_typesupport_introspection_c
[3.087s] -- Using all available rosidl_typesupport_cpp: rosidl_typesupport_fastrtps_cpp;rosidl_typesupport_introspection_cpp
[3.104s] [33mCMake Warning (dev) at /opt/ros/humble/share/rosidl_generator_py/cmake/rosidl_generator_py_generate_interfaces.cmake:20 (find_package):
[3.104s]   Policy CMP0148 is not set: The FindPythonInterp and FindPythonLibs modules
[3.104s]   are removed.  Run "cmake --help-policy CMP0148" for policy details.  Use
[3.104s]   the cmake_policy command to set the policy and suppress this warning.
[3.105s] 
[3.105s] Call Stack (most recent call first):
[3.105s]   /opt/ros/humble/share/ament_cmake_core/cmake/core/ament_execute_extensions.cmake:48 (include)
[3.105s]   /opt/ros/humble/share/rosidl_cmake/cmake/rosidl_generate_interfaces.cmake:286 (ament_execute_extensions)
[3.105s]   CMakeLists.txt:14 (rosidl_generate_interfaces)
[3.106s] This warning is for project developers.  Use -Wno-dev to suppress it.
[3.106s] [0m
[3.857s] -- Found PythonInterp: /usr/bin/python3 (found suitable version "3.10.12", minimum required is "3.6")
[3.869s] -- Found python_cmake_module: 0.10.0 (/opt/ros/humble/share/python_cmake_module/cmake)
[3.872s] [33mCMake Warning (dev) at /opt/ros/humble/share/python_cmake_module/cmake/Modules/FindPythonExtra.cmake:52 (find_package):
[3.872s]   Policy CMP0148 is not set: The FindPythonInterp and FindPythonLibs modules
[3.872s]   are removed.  Run "cmake --help-policy CMP0148" for policy details.  Use
[3.872s]   the cmake_policy command to set the policy and suppress this warning.
[3.873s] 
[3.873s] Call Stack (most recent call first):
[3.873s]   /opt/ros/humble/share/rosidl_generator_py/cmake/rosidl_generator_py_generate_interfaces.cmake:23 (find_package)
[3.873s]   /opt/ros/humble/share/ament_cmake_core/cmake/core/ament_execute_extensions.cmake:48 (include)
[3.874s]   /opt/ros/humble/share/rosidl_cmake/cmake/rosidl_generate_interfaces.cmake:286 (ament_execute_extensions)
[3.874s]   CMakeLists.txt:14 (rosidl_generate_interfaces)
[3.874s] This warning is for project developers.  Use -Wno-dev to suppress it.
[3.874s] [0m
[3.915s] [33mCMake Warning (dev) at /opt/ros/humble/share/python_cmake_module/cmake/Modules/FindPythonExtra.cmake:140 (find_package):
[3.915s]   Policy CMP0148 is not set: The FindPythonInterp and FindPythonLibs modules
[3.915s]   are removed.  Run "cmake --help-policy CMP0148" for policy details.  Use
[3.915s]   the cmake_policy command to set the policy and suppress this warning.
[3.915s] 
[3.915s] Call Stack (most recent call first):
[3.915s]   /opt/ros/humble/share/rosidl_generator_py/cmake/rosidl_generator_py_generate_interfaces.cmake:23 (find_package)
[3.915s]   /opt/ros/humble/share/ament_cmake_core/cmake/core/ament_execute_extensions.cmake:48 (include)
[3.915s]   /opt/ros/humble/share/rosidl_cmake/cmake/rosidl_generate_interfaces.cmake:286 (ament_execute_extensions)
[3.915s]   CMakeLists.txt:14 (rosidl_generate_interfaces)
[3.915s] This warning is for project developers.  Use -Wno-dev to suppress it.
[3.915s] [0m
[6.072s] -- Found PythonLibs: /usr/lib/x86_64-linux-gnu/libpython3.10.so (found suitable version "3.10.12", minimum required is "3.5")
[6.073s] -- Using PYTHON_EXECUTABLE: /usr/bin/python3
[6.074s] -- Using PYTHON_INCLUDE_DIRS: /usr/include/python3.10
[6.075s] -- Using PYTHON_LIBRARIES: /usr/lib/x86_64-linux-gnu/libpython3.10.so
[6.119s] -- Found PythonExtra: .so
[6.676s] -- Found ament_lint_auto: 0.12.11 (/opt/ros/humble/share/ament_lint_auto/cmake)
[6.973s] -- Added test 'lint_cmake' to check CMake code style
[6.999s] -- Added test 'xmllint' to check XML markup files
[7.033s] -- Configuring done (7.0s)
[7.203s] -- Generating done (0.1s)
[7.209s] -- Build files have been written to: /home/victory/Robot-Operating-System/python_ws/build/package_with_action_interface
[7.222s] Invoked command in '/home/victory/Robot-Operating-System/python_ws/build/package_with_action_interface' returned '0': CMAKE_PREFIX_PATH=/opt/ros/humble /home/linuxbrew/.linuxbrew/bin/cmake /home/victory/Robot-Operating-System/python_ws/src/package_with_action_interface -DCMAKE_INSTALL_PREFIX=/home/victory/Robot-Operating-System/python_ws/install/package_with_action_interface
[7.227s] Invoking command in '/home/victory/Robot-Operating-System/python_ws/build/package_with_action_interface': CMAKE_PREFIX_PATH=/opt/ros/humble /home/linuxbrew/.linuxbrew/bin/cmake --build /home/victory/Robot-Operating-System/python_ws/build/package_with_action_interface -- -j4 -l4
[7.259s] [  3%] [34m[1mGenerating C code for ROS interfaces[0m
[7.267s] [  6%] [34m[1mGenerating C++ code for ROS interfaces[0m
[7.275s] [  6%] Built target ament_cmake_python_copy_package_with_action_interface
[7.683s] running egg_info
[7.684s] creating package_with_action_interface.egg-info
[7.685s] writing package_with_action_interface.egg-info/PKG-INFO
[7.685s] writing dependency_links to package_with_action_interface.egg-info/dependency_links.txt
[7.686s] writing top-level names to package_with_action_interface.egg-info/top_level.txt
[7.686s] writing manifest file 'package_with_action_interface.egg-info/SOURCES.txt'
[7.691s] reading manifest file 'package_with_action_interface.egg-info/SOURCES.txt'
[7.692s] writing manifest file 'package_with_action_interface.egg-info/SOURCES.txt'
[7.737s] [  6%] Built target ament_cmake_python_build_package_with_action_interface_egg
[8.018s] [  6%] Built target package_with_action_interface__cpp
[8.028s] [  9%] [34m[1mGenerating C++ type support dispatch for ROS interfaces[0m
[8.028s] [ 12%] [34m[1mGenerating C++ type support for eProsima Fast-RTPS[0m
[8.029s] [ 16%] [34m[1mGenerating C++ introspection for ROS interfaces[0m
[8.158s] [ 19%] [32mBuilding C object CMakeFiles/package_with_action_interface__rosidl_generator_c.dir/rosidl_generator_c/package_with_action_interface/action/detail/fibonacci__functions.c.o[0m
[8.639s] [ 22%] [32mBuilding CXX object CMakeFiles/package_with_action_interface__rosidl_typesupport_cpp.dir/rosidl_typesupport_cpp/package_with_action_interface/action/fibonacci__type_support.cpp.o[0m
[8.672s] [ 25%] [32mBuilding CXX object CMakeFiles/package_with_action_interface__rosidl_typesupport_introspection_cpp.dir/rosidl_typesupport_introspection_cpp/package_with_action_interface/action/detail/fibonacci__type_support.cpp.o[0m
[8.798s] [ 29%] [32mBuilding CXX object CMakeFiles/package_with_action_interface__rosidl_typesupport_fastrtps_cpp.dir/rosidl_typesupport_fastrtps_cpp/package_with_action_interface/action/detail/dds_fastrtps/fibonacci__type_support.cpp.o[0m
[9.647s] [ 32%] [32m[1mLinking C shared library libpackage_with_action_interface__rosidl_generator_c.so[0m
[10.099s] [ 32%] Built target package_with_action_interface__rosidl_generator_c
[10.110s] [ 35%] [34m[1mGenerating C type support for eProsima Fast-RTPS[0m
[10.719s] [ 38%] [32mBuilding CXX object CMakeFiles/package_with_action_interface__rosidl_typesupport_fastrtps_c.dir/rosidl_typesupport_fastrtps_c/package_with_action_interface/action/detail/fibonacci__type_support_c.cpp.o[0m
[11.948s] [ 41%] [32m[1mLinking CXX shared library libpackage_with_action_interface__rosidl_typesupport_cpp.so[0m
[12.002s] [ 45%] [32m[1mLinking CXX shared library libpackage_with_action_interface__rosidl_typesupport_fastrtps_c.so[0m
[12.316s] [ 45%] Built target package_with_action_interface__rosidl_typesupport_cpp
[12.320s] [ 48%] [32m[1mLinking CXX shared library libpackage_with_action_interface__rosidl_typesupport_introspection_cpp.so[0m
[12.326s] [ 51%] [34m[1mGenerating C introspection for ROS interfaces[0m
[12.422s] [ 54%] [32m[1mLinking CXX shared library libpackage_with_action_interface__rosidl_typesupport_fastrtps_cpp.so[0m
[12.518s] [ 54%] Built target package_with_action_interface__rosidl_typesupport_fastrtps_c
[12.531s] [ 58%] [34m[1mGenerating C type support dispatch for ROS interfaces[0m
[12.798s] [ 58%] Built target package_with_action_interface__rosidl_typesupport_introspection_cpp
[12.834s] [ 58%] Built target package_with_action_interface__rosidl_typesupport_fastrtps_cpp
[13.075s] [ 61%] [32mBuilding CXX object CMakeFiles/package_with_action_interface__rosidl_typesupport_c.dir/rosidl_typesupport_c/package_with_action_interface/action/fibonacci__type_support.cpp.o[0m
[13.147s] [ 64%] [32mBuilding C object CMakeFiles/package_with_action_interface__rosidl_typesupport_introspection_c.dir/rosidl_typesupport_introspection_c/package_with_action_interface/action/detail/fibonacci__type_support.c.o[0m
[13.202s] [ 67%] [32m[1mLinking CXX shared library libpackage_with_action_interface__rosidl_typesupport_c.so[0m
[13.301s] [ 70%] [32m[1mLinking C shared library libpackage_with_action_interface__rosidl_typesupport_introspection_c.so[0m
[13.429s] [ 70%] Built target package_with_action_interface__rosidl_typesupport_c
[13.487s] [ 70%] Built target package_with_action_interface__rosidl_typesupport_introspection_c
[13.502s] [ 70%] Built target package_with_action_interface
[13.518s] [ 74%] [34m[1mGenerating Python code for ROS interfaces[0m
[14.804s] [ 74%] Built target package_with_action_interface__py
[14.825s] [ 77%] [32mBuilding C object CMakeFiles/package_with_action_interface__rosidl_generator_py.dir/rosidl_generator_py/package_with_action_interface/action/_fibonacci_s.c.o[0m
[15.879s] [ 80%] [32m[1mLinking C shared library rosidl_generator_py/package_with_action_interface/libpackage_with_action_interface__rosidl_generator_py.so[0m
[16.375s] [ 80%] Built target package_with_action_interface__rosidl_generator_py
[16.395s] [ 83%] [32mBuilding C object CMakeFiles/package_with_action_interface__rosidl_typesupport_fastrtps_c__pyext.dir/rosidl_generator_py/package_with_action_interface/_package_with_action_interface_s.ep.rosidl_typesupport_fastrtps_c.c.o[0m
[16.395s] [ 87%] [32mBuilding C object CMakeFiles/package_with_action_interface__rosidl_typesupport_introspection_c__pyext.dir/rosidl_generator_py/package_with_action_interface/_package_with_action_interface_s.ep.rosidl_typesupport_introspection_c.c.o[0m
[16.397s] [ 90%] [32mBuilding C object CMakeFiles/package_with_action_interface__rosidl_typesupport_c__pyext.dir/rosidl_generator_py/package_with_action_interface/_package_with_action_interface_s.ep.rosidl_typesupport_c.c.o[0m
[16.625s] [ 93%] [32m[1mLinking C shared library rosidl_generator_py/package_with_action_interface/package_with_action_interface_s__rosidl_typesupport_c.cpython-310-x86_64-linux-gnu.so[0m
[16.664s] [ 96%] [32m[1mLinking C shared library rosidl_generator_py/package_with_action_interface/package_with_action_interface_s__rosidl_typesupport_fastrtps_c.cpython-310-x86_64-linux-gnu.so[0m
[16.670s] [100%] [32m[1mLinking C shared library rosidl_generator_py/package_with_action_interface/package_with_action_interface_s__rosidl_typesupport_introspection_c.cpython-310-x86_64-linux-gnu.so[0m
[16.843s] [100%] Built target package_with_action_interface__rosidl_typesupport_c__pyext
[16.845s] [100%] Built target package_with_action_interface__rosidl_typesupport_fastrtps_c__pyext
[16.852s] [100%] Built target package_with_action_interface__rosidl_typesupport_introspection_c__pyext
[16.861s] Invoked command in '/home/victory/Robot-Operating-System/python_ws/build/package_with_action_interface' returned '0': CMAKE_PREFIX_PATH=/opt/ros/humble /home/linuxbrew/.linuxbrew/bin/cmake --build /home/victory/Robot-Operating-System/python_ws/build/package_with_action_interface -- -j4 -l4
[16.955s] Invoking command in '/home/victory/Robot-Operating-System/python_ws/build/package_with_action_interface': CMAKE_PREFIX_PATH=/opt/ros/humble /home/linuxbrew/.linuxbrew/bin/cmake --install /home/victory/Robot-Operating-System/python_ws/build/package_with_action_interface
[16.962s] -- Install configuration: ""
[16.977s] -- Installing: /home/victory/Robot-Operating-System/python_ws/install/package_with_action_interface/share/ament_index/resource_index/rosidl_interfaces/package_with_action_interface
[16.978s] -- Installing: /home/victory/Robot-Operating-System/python_ws/install/package_with_action_interface/include/package_with_action_interface/package_with_action_interface
[16.980s] -- Installing: /home/victory/Robot-Operating-System/python_ws/install/package_with_action_interface/include/package_with_action_interface/package_with_action_interface/action
[16.981s] -- Installing: /home/victory/Robot-Operating-System/python_ws/install/package_with_action_interface/include/package_with_action_interface/package_with_action_interface/action/detail
[16.982s] -- Installing: /home/victory/Robot-Operating-System/python_ws/install/package_with_action_interface/include/package_with_action_interface/package_with_action_interface/action/detail/fibonacci__struct.h
[16.982s] -- Installing: /home/victory/Robot-Operating-System/python_ws/install/package_with_action_interface/include/package_with_action_interface/package_with_action_interface/action/detail/fibonacci__functions.h
[16.983s] -- Installing: /home/victory/Robot-Operating-System/python_ws/install/package_with_action_interface/include/package_with_action_interface/package_with_action_interface/action/detail/fibonacci__functions.c
[16.984s] -- Installing: /home/victory/Robot-Operating-System/python_ws/install/package_with_action_interface/include/package_with_action_interface/package_with_action_interface/action/detail/fibonacci__type_support.h
[16.986s] -- Installing: /home/victory/Robot-Operating-System/python_ws/install/package_with_action_interface/include/package_with_action_interface/package_with_action_interface/action/fibonacci.h
[16.987s] -- Installing: /home/victory/Robot-Operating-System/python_ws/install/package_with_action_interface/include/package_with_action_interface/package_with_action_interface/msg
[16.987s] -- Installing: /home/victory/Robot-Operating-System/python_ws/install/package_with_action_interface/include/package_with_action_interface/package_with_action_interface/msg/rosidl_generator_c__visibility_control.h
[16.989s] -- Installing: /home/victory/Robot-Operating-System/python_ws/install/package_with_action_interface/share/package_with_action_interface/environment/library_path.sh
[16.989s] -- Installing: /home/victory/Robot-Operating-System/python_ws/install/package_with_action_interface/share/package_with_action_interface/environment/library_path.dsv
[16.992s] -- Installing: /home/victory/Robot-Operating-System/python_ws/install/package_with_action_interface/lib/libpackage_with_action_interface__rosidl_generator_c.so
[16.995s] -- Set non-toolchain portion of runtime path of "/home/victory/Robot-Operating-System/python_ws/install/package_with_action_interface/lib/libpackage_with_action_interface__rosidl_generator_c.so" to ""
[16.996s] -- Up-to-date: /home/victory/Robot-Operating-System/python_ws/install/package_with_action_interface/include/package_with_action_interface/package_with_action_interface
[16.997s] -- Up-to-date: /home/victory/Robot-Operating-System/python_ws/install/package_with_action_interface/include/package_with_action_interface/package_with_action_interface/action
[16.998s] -- Up-to-date: /home/victory/Robot-Operating-System/python_ws/install/package_with_action_interface/include/package_with_action_interface/package_with_action_interface/action/detail
[16.999s] -- Installing: /home/victory/Robot-Operating-System/python_ws/install/package_with_action_interface/include/package_with_action_interface/package_with_action_interface/action/detail/fibonacci__rosidl_typesupport_fastrtps_c.h
[16.999s] -- Up-to-date: /home/victory/Robot-Operating-System/python_ws/install/package_with_action_interface/include/package_with_action_interface/package_with_action_interface/msg
[17.000s] -- Installing: /home/victory/Robot-Operating-System/python_ws/install/package_with_action_interface/include/package_with_action_interface/package_with_action_interface/msg/rosidl_typesupport_fastrtps_c__visibility_control.h
[17.000s] -- Installing: /home/victory/Robot-Operating-System/python_ws/install/package_with_action_interface/lib/libpackage_with_action_interface__rosidl_typesupport_fastrtps_c.so
[17.002s] -- Set non-toolchain portion of runtime path of "/home/victory/Robot-Operating-System/python_ws/install/package_with_action_interface/lib/libpackage_with_action_interface__rosidl_typesupport_fastrtps_c.so" to ""
[17.003s] -- Up-to-date: /home/victory/Robot-Operating-System/python_ws/install/package_with_action_interface/include/package_with_action_interface/package_with_action_interface
[17.004s] -- Up-to-date: /home/victory/Robot-Operating-System/python_ws/install/package_with_action_interface/include/package_with_action_interface/package_with_action_interface/action
[17.004s] -- Up-to-date: /home/victory/Robot-Operating-System/python_ws/install/package_with_action_interface/include/package_with_action_interface/package_with_action_interface/action/detail
[17.005s] -- Installing: /home/victory/Robot-Operating-System/python_ws/install/package_with_action_interface/include/package_with_action_interface/package_with_action_interface/action/detail/fibonacci__traits.hpp
[17.006s] -- Installing: /home/victory/Robot-Operating-System/python_ws/install/package_with_action_interface/include/package_with_action_interface/package_with_action_interface/action/detail/fibonacci__struct.hpp
[17.007s] -- Installing: /home/victory/Robot-Operating-System/python_ws/install/package_with_action_interface/include/package_with_action_interface/package_with_action_interface/action/detail/fibonacci__builder.hpp
[17.008s] -- Installing: /home/victory/Robot-Operating-System/python_ws/install/package_with_action_interface/include/package_with_action_interface/package_with_action_interface/action/fibonacci.hpp
[17.009s] -- Up-to-date: /home/victory/Robot-Operating-System/python_ws/install/package_with_action_interface/include/package_with_action_interface/package_with_action_interface
[17.010s] -- Up-to-date: /home/victory/Robot-Operating-System/python_ws/install/package_with_action_interface/include/package_with_action_interface/package_with_action_interface/action
[17.011s] -- Up-to-date: /home/victory/Robot-Operating-System/python_ws/install/package_with_action_interface/include/package_with_action_interface/package_with_action_interface/action/detail
[17.012s] -- Installing: /home/victory/Robot-Operating-System/python_ws/install/package_with_action_interface/include/package_with_action_interface/package_with_action_interface/action/detail/dds_fastrtps
[17.012s] -- Installing: /home/victory/Robot-Operating-System/python_ws/install/package_with_action_interface/include/package_with_action_interface/package_with_action_interface/action/detail/fibonacci__rosidl_typesupport_fastrtps_cpp.hpp
[17.013s] -- Up-to-date: /home/victory/Robot-Operating-System/python_ws/install/package_with_action_interface/include/package_with_action_interface/package_with_action_interface/msg
[17.013s] -- Installing: /home/victory/Robot-Operating-System/python_ws/install/package_with_action_interface/include/package_with_action_interface/package_with_action_interface/msg/rosidl_typesupport_fastrtps_cpp__visibility_control.h
[17.015s] -- Installing: /home/victory/Robot-Operating-System/python_ws/install/package_with_action_interface/lib/libpackage_with_action_interface__rosidl_typesupport_fastrtps_cpp.so
[17.017s] -- Set non-toolchain portion of runtime path of "/home/victory/Robot-Operating-System/python_ws/install/package_with_action_interface/lib/libpackage_with_action_interface__rosidl_typesupport_fastrtps_cpp.so" to ""
[17.018s] -- Up-to-date: /home/victory/Robot-Operating-System/python_ws/install/package_with_action_interface/include/package_with_action_interface/package_with_action_interface
[17.019s] -- Up-to-date: /home/victory/Robot-Operating-System/python_ws/install/package_with_action_interface/include/package_with_action_interface/package_with_action_interface/action
[17.019s] -- Up-to-date: /home/victory/Robot-Operating-System/python_ws/install/package_with_action_interface/include/package_with_action_interface/package_with_action_interface/action/detail
[17.020s] -- Installing: /home/victory/Robot-Operating-System/python_ws/install/package_with_action_interface/include/package_with_action_interface/package_with_action_interface/action/detail/fibonacci__type_support.c
[17.022s] -- Installing: /home/victory/Robot-Operating-System/python_ws/install/package_with_action_interface/include/package_with_action_interface/package_with_action_interface/action/detail/fibonacci__rosidl_typesupport_introspection_c.h
[17.023s] -- Up-to-date: /home/victory/Robot-Operating-System/python_ws/install/package_with_action_interface/include/package_with_action_interface/package_with_action_interface/msg
[17.024s] -- Installing: /home/victory/Robot-Operating-System/python_ws/install/package_with_action_interface/include/package_with_action_interface/package_with_action_interface/msg/rosidl_typesupport_introspection_c__visibility_control.h
[17.024s] -- Installing: /home/victory/Robot-Operating-System/python_ws/install/package_with_action_interface/lib/libpackage_with_action_interface__rosidl_typesupport_introspection_c.so
[17.025s] -- Set non-toolchain portion of runtime path of "/home/victory/Robot-Operating-System/python_ws/install/package_with_action_interface/lib/libpackage_with_action_interface__rosidl_typesupport_introspection_c.so" to ""
[17.025s] -- Installing: /home/victory/Robot-Operating-System/python_ws/install/package_with_action_interface/lib/libpackage_with_action_interface__rosidl_typesupport_c.so
[17.027s] -- Set non-toolchain portion of runtime path of "/home/victory/Robot-Operating-System/python_ws/install/package_with_action_interface/lib/libpackage_with_action_interface__rosidl_typesupport_c.so" to ""
[17.028s] -- Up-to-date: /home/victory/Robot-Operating-System/python_ws/install/package_with_action_interface/include/package_with_action_interface/package_with_action_interface
[17.030s] -- Up-to-date: /home/victory/Robot-Operating-System/python_ws/install/package_with_action_interface/include/package_with_action_interface/package_with_action_interface/action
[17.031s] -- Up-to-date: /home/victory/Robot-Operating-System/python_ws/install/package_with_action_interface/include/package_with_action_interface/package_with_action_interface/action/detail
[17.032s] -- Installing: /home/victory/Robot-Operating-System/python_ws/install/package_with_action_interface/include/package_with_action_interface/package_with_action_interface/action/detail/fibonacci__rosidl_typesupport_introspection_cpp.hpp
[17.033s] -- Installing: /home/victory/Robot-Operating-System/python_ws/install/package_with_action_interface/include/package_with_action_interface/package_with_action_interface/action/detail/fibonacci__type_support.cpp
[17.033s] -- Installing: /home/victory/Robot-Operating-System/python_ws/install/package_with_action_interface/lib/libpackage_with_action_interface__rosidl_typesupport_introspection_cpp.so
[17.035s] -- Set non-toolchain portion of runtime path of "/home/victory/Robot-Operating-System/python_ws/install/package_with_action_interface/lib/libpackage_with_action_interface__rosidl_typesupport_introspection_cpp.so" to ""
[17.035s] -- Installing: /home/victory/Robot-Operating-System/python_ws/install/package_with_action_interface/lib/libpackage_with_action_interface__rosidl_typesupport_cpp.so
[17.037s] -- Set non-toolchain portion of runtime path of "/home/victory/Robot-Operating-System/python_ws/install/package_with_action_interface/lib/libpackage_with_action_interface__rosidl_typesupport_cpp.so" to ""
[17.039s] -- Installing: /home/victory/Robot-Operating-System/python_ws/install/package_with_action_interface/share/package_with_action_interface/environment/pythonpath.sh
[17.039s] -- Installing: /home/victory/Robot-Operating-System/python_ws/install/package_with_action_interface/share/package_with_action_interface/environment/pythonpath.dsv
[17.040s] -- Installing: /home/victory/Robot-Operating-System/python_ws/install/package_with_action_interface/local/lib/python3.10/dist-packages/package_with_action_interface-0.0.0-py3.10.egg-info
[17.044s] -- Installing: /home/victory/Robot-Operating-System/python_ws/install/package_with_action_interface/local/lib/python3.10/dist-packages/package_with_action_interface-0.0.0-py3.10.egg-info/PKG-INFO
[17.045s] -- Installing: /home/victory/Robot-Operating-System/python_ws/install/package_with_action_interface/local/lib/python3.10/dist-packages/package_with_action_interface-0.0.0-py3.10.egg-info/SOURCES.txt
[17.046s] -- Installing: /home/victory/Robot-Operating-System/python_ws/install/package_with_action_interface/local/lib/python3.10/dist-packages/package_with_action_interface-0.0.0-py3.10.egg-info/dependency_links.txt
[17.047s] -- Installing: /home/victory/Robot-Operating-System/python_ws/install/package_with_action_interface/local/lib/python3.10/dist-packages/package_with_action_interface-0.0.0-py3.10.egg-info/top_level.txt
[17.048s] -- Installing: /home/victory/Robot-Operating-System/python_ws/install/package_with_action_interface/local/lib/python3.10/dist-packages/package_with_action_interface
[17.048s] -- Installing: /home/victory/Robot-Operating-System/python_ws/install/package_with_action_interface/local/lib/python3.10/dist-packages/package_with_action_interface/__init__.py
[17.049s] -- Installing: /home/victory/Robot-Operating-System/python_ws/install/package_with_action_interface/local/lib/python3.10/dist-packages/package_with_action_interface/package_with_action_interface_s__rosidl_typesupport_fastrtps_c.cpython-310-x86_64-linux-gnu.so
[17.051s] -- Installing: /home/victory/Robot-Operating-System/python_ws/install/package_with_action_interface/local/lib/python3.10/dist-packages/package_with_action_interface/action
[17.053s] -- Installing: /home/victory/Robot-Operating-System/python_ws/install/package_with_action_interface/local/lib/python3.10/dist-packages/package_with_action_interface/action/__init__.py
[17.053s] -- Installing: /home/victory/Robot-Operating-System/python_ws/install/package_with_action_interface/local/lib/python3.10/dist-packages/package_with_action_interface/action/_fibonacci_s.c
[17.054s] -- Installing: /home/victory/Robot-Operating-System/python_ws/install/package_with_action_interface/local/lib/python3.10/dist-packages/package_with_action_interface/action/_fibonacci.py
[17.054s] -- Installing: /home/victory/Robot-Operating-System/python_ws/install/package_with_action_interface/local/lib/python3.10/dist-packages/package_with_action_interface/libpackage_with_action_interface__rosidl_generator_py.so
[17.055s] -- Installing: /home/victory/Robot-Operating-System/python_ws/install/package_with_action_interface/local/lib/python3.10/dist-packages/package_with_action_interface/_package_with_action_interface_s.ep.rosidl_typesupport_c.c
[17.055s] -- Installing: /home/victory/Robot-Operating-System/python_ws/install/package_with_action_interface/local/lib/python3.10/dist-packages/package_with_action_interface/_package_with_action_interface_s.ep.rosidl_typesupport_fastrtps_c.c
[17.056s] -- Installing: /home/victory/Robot-Operating-System/python_ws/install/package_with_action_interface/local/lib/python3.10/dist-packages/package_with_action_interface/package_with_action_interface_s__rosidl_typesupport_c.cpython-310-x86_64-linux-gnu.so
[17.057s] -- Installing: /home/victory/Robot-Operating-System/python_ws/install/package_with_action_interface/local/lib/python3.10/dist-packages/package_with_action_interface/package_with_action_interface_s__rosidl_typesupport_introspection_c.cpython-310-x86_64-linux-gnu.so
[17.058s] -- Installing: /home/victory/Robot-Operating-System/python_ws/install/package_with_action_interface/local/lib/python3.10/dist-packages/package_with_action_interface/_package_with_action_interface_s.ep.rosidl_typesupport_introspection_c.c
[17.205s] Listing '/home/victory/Robot-Operating-System/python_ws/install/package_with_action_interface/local/lib/python3.10/dist-packages/package_with_action_interface'...
[17.205s] Compiling '/home/victory/Robot-Operating-System/python_ws/install/package_with_action_interface/local/lib/python3.10/dist-packages/package_with_action_interface/__init__.py'...
[17.205s] Listing '/home/victory/Robot-Operating-System/python_ws/install/package_with_action_interface/local/lib/python3.10/dist-packages/package_with_action_interface/action'...
[17.205s] Compiling '/home/victory/Robot-Operating-System/python_ws/install/package_with_action_interface/local/lib/python3.10/dist-packages/package_with_action_interface/action/__init__.py'...
[17.205s] Compiling '/home/victory/Robot-Operating-System/python_ws/install/package_with_action_interface/local/lib/python3.10/dist-packages/package_with_action_interface/action/_fibonacci.py'...
[17.218s] -- Installing: /home/victory/Robot-Operating-System/python_ws/install/package_with_action_interface/local/lib/python3.10/dist-packages/package_with_action_interface/package_with_action_interface_s__rosidl_typesupport_fastrtps_c.cpython-310-x86_64-linux-gnu.so
[17.219s] -- Set non-toolchain portion of runtime path of "/home/victory/Robot-Operating-System/python_ws/install/package_with_action_interface/local/lib/python3.10/dist-packages/package_with_action_interface/package_with_action_interface_s__rosidl_typesupport_fastrtps_c.cpython-310-x86_64-linux-gnu.so" to ""
[17.220s] -- Installing: /home/victory/Robot-Operating-System/python_ws/install/package_with_action_interface/local/lib/python3.10/dist-packages/package_with_action_interface/package_with_action_interface_s__rosidl_typesupport_introspection_c.cpython-310-x86_64-linux-gnu.so
[17.222s] -- Set non-toolchain portion of runtime path of "/home/victory/Robot-Operating-System/python_ws/install/package_with_action_interface/local/lib/python3.10/dist-packages/package_with_action_interface/package_with_action_interface_s__rosidl_typesupport_introspection_c.cpython-310-x86_64-linux-gnu.so" to ""
[17.223s] -- Installing: /home/victory/Robot-Operating-System/python_ws/install/package_with_action_interface/local/lib/python3.10/dist-packages/package_with_action_interface/package_with_action_interface_s__rosidl_typesupport_c.cpython-310-x86_64-linux-gnu.so
[17.224s] -- Set non-toolchain portion of runtime path of "/home/victory/Robot-Operating-System/python_ws/install/package_with_action_interface/local/lib/python3.10/dist-packages/package_with_action_interface/package_with_action_interface_s__rosidl_typesupport_c.cpython-310-x86_64-linux-gnu.so" to ""
[17.225s] -- Installing: /home/victory/Robot-Operating-System/python_ws/install/package_with_action_interface/lib/libpackage_with_action_interface__rosidl_generator_py.so
[17.226s] -- Set non-toolchain portion of runtime path of "/home/victory/Robot-Operating-System/python_ws/install/package_with_action_interface/lib/libpackage_with_action_interface__rosidl_generator_py.so" to ""
[17.227s] -- Installing: /home/victory/Robot-Operating-System/python_ws/install/package_with_action_interface/share/package_with_action_interface/action/Fibonacci.idl
[17.228s] -- Installing: /home/victory/Robot-Operating-System/python_ws/install/package_with_action_interface/share/package_with_action_interface/action/Fibonacci.action
[17.229s] -- Installing: /home/victory/Robot-Operating-System/python_ws/install/package_with_action_interface/share/ament_index/resource_index/package_run_dependencies/package_with_action_interface
[17.230s] -- Installing: /home/victory/Robot-Operating-System/python_ws/install/package_with_action_interface/share/ament_index/resource_index/parent_prefix_path/package_with_action_interface
[17.231s] -- Installing: /home/victory/Robot-Operating-System/python_ws/install/package_with_action_interface/share/package_with_action_interface/environment/ament_prefix_path.sh
[17.232s] -- Installing: /home/victory/Robot-Operating-System/python_ws/install/package_with_action_interface/share/package_with_action_interface/environment/ament_prefix_path.dsv
[17.233s] -- Installing: /home/victory/Robot-Operating-System/python_ws/install/package_with_action_interface/share/package_with_action_interface/environment/path.sh
[17.233s] -- Installing: /home/victory/Robot-Operating-System/python_ws/install/package_with_action_interface/share/package_with_action_interface/environment/path.dsv
[17.234s] -- Installing: /home/victory/Robot-Operating-System/python_ws/install/package_with_action_interface/share/package_with_action_interface/local_setup.bash
[17.234s] -- Installing: /home/victory/Robot-Operating-System/python_ws/install/package_with_action_interface/share/package_with_action_interface/local_setup.sh
[17.235s] -- Installing: /home/victory/Robot-Operating-System/python_ws/install/package_with_action_interface/share/package_with_action_interface/local_setup.zsh
[17.235s] -- Installing: /home/victory/Robot-Operating-System/python_ws/install/package_with_action_interface/share/package_with_action_interface/local_setup.dsv
[17.235s] -- Installing: /home/victory/Robot-Operating-System/python_ws/install/package_with_action_interface/share/package_with_action_interface/package.dsv
[17.235s] -- Installing: /home/victory/Robot-Operating-System/python_ws/install/package_with_action_interface/share/ament_index/resource_index/packages/package_with_action_interface
[17.236s] -- Installing: /home/victory/Robot-Operating-System/python_ws/install/package_with_action_interface/share/package_with_action_interface/cmake/export_package_with_action_interface__rosidl_generator_cExport.cmake
[17.237s] -- Installing: /home/victory/Robot-Operating-System/python_ws/install/package_with_action_interface/share/package_with_action_interface/cmake/export_package_with_action_interface__rosidl_generator_cExport-noconfig.cmake
[17.237s] -- Installing: /home/victory/Robot-Operating-System/python_ws/install/package_with_action_interface/share/package_with_action_interface/cmake/export_package_with_action_interface__rosidl_typesupport_fastrtps_cExport.cmake
[17.238s] -- Installing: /home/victory/Robot-Operating-System/python_ws/install/package_with_action_interface/share/package_with_action_interface/cmake/export_package_with_action_interface__rosidl_typesupport_fastrtps_cExport-noconfig.cmake
[17.238s] -- Installing: /home/victory/Robot-Operating-System/python_ws/install/package_with_action_interface/share/package_with_action_interface/cmake/export_package_with_action_interface__rosidl_generator_cppExport.cmake
[17.239s] -- Installing: /home/victory/Robot-Operating-System/python_ws/install/package_with_action_interface/share/package_with_action_interface/cmake/export_package_with_action_interface__rosidl_typesupport_fastrtps_cppExport.cmake
[17.239s] -- Installing: /home/victory/Robot-Operating-System/python_ws/install/package_with_action_interface/share/package_with_action_interface/cmake/export_package_with_action_interface__rosidl_typesupport_fastrtps_cppExport-noconfig.cmake
[17.239s] -- Installing: /home/victory/Robot-Operating-System/python_ws/install/package_with_action_interface/share/package_with_action_interface/cmake/package_with_action_interface__rosidl_typesupport_introspection_cExport.cmake
[17.240s] -- Installing: /home/victory/Robot-Operating-System/python_ws/install/package_with_action_interface/share/package_with_action_interface/cmake/package_with_action_interface__rosidl_typesupport_introspection_cExport-noconfig.cmake
[17.240s] -- Installing: /home/victory/Robot-Operating-System/python_ws/install/package_with_action_interface/share/package_with_action_interface/cmake/package_with_action_interface__rosidl_typesupport_cExport.cmake
[17.240s] -- Installing: /home/victory/Robot-Operating-System/python_ws/install/package_with_action_interface/share/package_with_action_interface/cmake/package_with_action_interface__rosidl_typesupport_cExport-noconfig.cmake
[17.241s] -- Installing: /home/victory/Robot-Operating-System/python_ws/install/package_with_action_interface/share/package_with_action_interface/cmake/package_with_action_interface__rosidl_typesupport_introspection_cppExport.cmake
[17.241s] -- Installing: /home/victory/Robot-Operating-System/python_ws/install/package_with_action_interface/share/package_with_action_interface/cmake/package_with_action_interface__rosidl_typesupport_introspection_cppExport-noconfig.cmake
[17.241s] -- Installing: /home/victory/Robot-Operating-System/python_ws/install/package_with_action_interface/share/package_with_action_interface/cmake/package_with_action_interface__rosidl_typesupport_cppExport.cmake
[17.242s] -- Installing: /home/victory/Robot-Operating-System/python_ws/install/package_with_action_interface/share/package_with_action_interface/cmake/package_with_action_interface__rosidl_typesupport_cppExport-noconfig.cmake
[17.242s] -- Installing: /home/victory/Robot-Operating-System/python_ws/install/package_with_action_interface/share/package_with_action_interface/cmake/export_package_with_action_interface__rosidl_generator_pyExport.cmake
[17.243s] -- Installing: /home/victory/Robot-Operating-System/python_ws/install/package_with_action_interface/share/package_with_action_interface/cmake/export_package_with_action_interface__rosidl_generator_pyExport-noconfig.cmake
[17.243s] -- Installing: /home/victory/Robot-Operating-System/python_ws/install/package_with_action_interface/share/package_with_action_interface/cmake/rosidl_cmake-extras.cmake
[17.243s] -- Installing: /home/victory/Robot-Operating-System/python_ws/install/package_with_action_interface/share/package_with_action_interface/cmake/ament_cmake_export_dependencies-extras.cmake
[17.244s] -- Installing: /home/victory/Robot-Operating-System/python_ws/install/package_with_action_interface/share/package_with_action_interface/cmake/ament_cmake_export_include_directories-extras.cmake
[17.244s] -- Installing: /home/victory/Robot-Operating-System/python_ws/install/package_with_action_interface/share/package_with_action_interface/cmake/ament_cmake_export_libraries-extras.cmake
[17.244s] -- Installing: /home/victory/Robot-Operating-System/python_ws/install/package_with_action_interface/share/package_with_action_interface/cmake/ament_cmake_export_targets-extras.cmake
[17.245s] -- Installing: /home/victory/Robot-Operating-System/python_ws/install/package_with_action_interface/share/package_with_action_interface/cmake/rosidl_cmake_export_typesupport_targets-extras.cmake
[17.245s] -- Installing: /home/victory/Robot-Operating-System/python_ws/install/package_with_action_interface/share/package_with_action_interface/cmake/rosidl_cmake_export_typesupport_libraries-extras.cmake
[17.245s] -- Installing: /home/victory/Robot-Operating-System/python_ws/install/package_with_action_interface/share/package_with_action_interface/cmake/package_with_action_interfaceConfig.cmake
[17.245s] -- Installing: /home/victory/Robot-Operating-System/python_ws/install/package_with_action_interface/share/package_with_action_interface/cmake/package_with_action_interfaceConfig-version.cmake
[17.245s] -- Installing: /home/victory/Robot-Operating-System/python_ws/install/package_with_action_interface/share/package_with_action_interface/package.xml
[17.247s] Invoked command in '/home/victory/Robot-Operating-System/python_ws/build/package_with_action_interface' returned '0': CMAKE_PREFIX_PATH=/opt/ros/humble /home/linuxbrew/.linuxbrew/bin/cmake --install /home/victory/Robot-Operating-System/python_ws/build/package_with_action_interface
