[0.017s] Invoking command in '/home/victory/Robot-Operating-System/python_ws/build/package_with_action_interface': CMAKE_PREFIX_PATH=/opt/ros/humble /home/linuxbrew/.linuxbrew/bin/cmake /home/victory/Robot-Operating-System/python_ws/src/package_with_action_interface -DCMAKE_INSTALL_PREFIX=/home/victory/Robot-Operating-System/python_ws/install/package_with_action_interface
[1.935s] -- The C compiler identification is GNU 11.4.0
[6.357s] -- The CXX compiler identification is GNU 11.4.0
[8.841s] -- Detecting C compiler ABI info
[9.584s] -- Detecting C compiler ABI info - done
[9.604s] -- Check for working C compiler: /usr/bin/cc - skipped
[9.606s] -- Detecting C compile features
[9.660s] -- Detecting C compile features - done
[9.684s] -- Detecting CXX compiler ABI info
[10.295s] -- Detecting CXX compiler ABI info - done
[10.317s] -- Check for working CXX compiler: /usr/bin/c++ - skipped
[10.318s] -- Detecting CXX compile features
[10.319s] -- Detecting CXX compile features - done
[10.471s] -- Found ament_cmake: 1.3.10 (/opt/ros/humble/share/ament_cmake/cmake)
[10.690s] -- Found Python3: /usr/bin/python3 (found version "3.10.12") found components: Interpreter
[10.912s] -- Found action_msgs: 1.2.1 (/opt/ros/humble/share/action_msgs/cmake)
[11.739s] -- Found rosidl_generator_c: 3.1.5 (/opt/ros/humble/share/rosidl_generator_c/cmake)
[11.762s] -- Found rosidl_adapter: 3.1.5 (/opt/ros/humble/share/rosidl_adapter/cmake)
[11.778s] -- Found rosidl_generator_cpp: 3.1.5 (/opt/ros/humble/share/rosidl_generator_cpp/cmake)
[11.937s] -- Using all available rosidl_typesupport_c: rosidl_typesupport_fastrtps_c;rosidl_typesupport_introspection_c
[12.019s] -- Using all available rosidl_typesupport_cpp: rosidl_typesupport_fastrtps_cpp;rosidl_typesupport_introspection_cpp
[12.248s] -- Found rosidl_default_generators: 1.2.0 (/opt/ros/humble/share/rosidl_default_generators/cmake)
[12.306s] [31mCMake Error at /opt/ros/humble/share/rosidl_cmake/cmake/rosidl_generate_interfaces.cmake:93 (message):
[12.307s]   rosidl_generate_interfaces() the passed file 'action/Fibonacci.action'
[12.308s]   doesn't exist relative to the CMAKE_CURRENT_SOURCE_DIR
[12.308s]   '/home/victory/Robot-Operating-System/python_ws/src/package_with_action_interface'
[12.308s] Call Stack (most recent call first):
[12.309s]   CMakeLists.txt:14 (rosidl_generate_interfaces)
[12.309s] 
[12.309s] [0m
[12.310s] -- Configuring incomplete, errors occurred!
[12.323s] Invoked command in '/home/victory/Robot-Operating-System/python_ws/build/package_with_action_interface' returned '1': CMAKE_PREFIX_PATH=/opt/ros/humble /home/linuxbrew/.linuxbrew/bin/cmake /home/victory/Robot-Operating-System/python_ws/src/package_with_action_interface -DCMAKE_INSTALL_PREFIX=/home/victory/Robot-Operating-System/python_ws/install/package_with_action_interface
