[0.044s] Invoking command in '/home/victory/Robot-Operating-System/python_ws/build/package_with_interfaces': CMAKE_PREFIX_PATH=/opt/ros/humble /home/linuxbrew/.linuxbrew/bin/cmake --build /home/victory/Robot-Operating-System/python_ws/build/package_with_interfaces -- -j4 -l4
[0.634s] [  2%] Built target package_with_interfaces__cpp
[0.634s] [ 12%] Built target package_with_interfaces__rosidl_generator_c
[0.635s] [ 12%] Built target ament_cmake_python_copy_package_with_interfaces
[0.636s] [ 23%] Built target package_with_interfaces__rosidl_typesupport_cpp
[0.636s] [ 33%] Built target package_with_interfaces__rosidl_typesupport_introspection_cpp
[0.636s] [ 43%] Built target package_with_interfaces__rosidl_typesupport_fastrtps_cpp
[0.638s] [ 53%] Built target package_with_interfaces__rosidl_typesupport_introspection_c
[0.639s] [ 64%] Built target package_with_interfaces__rosidl_typesupport_c
[0.639s] [ 74%] Built target package_with_interfaces__rosidl_typesupport_fastrtps_c
[0.639s] [ 74%] Built target package_with_interfaces
[0.639s] [ 76%] Built target package_with_interfaces__py
[0.639s] [ 84%] Built target package_with_interfaces__rosidl_generator_py
[0.640s] [ 89%] Built target package_with_interfaces__rosidl_typesupport_fastrtps_c__pyext
[0.640s] [ 94%] Built target package_with_interfaces__rosidl_typesupport_introspection_c__pyext
[0.640s] [100%] Built target package_with_interfaces__rosidl_typesupport_c__pyext
[0.650s] running egg_info
[0.652s] writing package_with_interfaces.egg-info/PKG-INFO
[0.652s] writing dependency_links to package_with_interfaces.egg-info/dependency_links.txt
[0.653s] writing top-level names to package_with_interfaces.egg-info/top_level.txt
[0.657s] reading manifest file 'package_with_interfaces.egg-info/SOURCES.txt'
[0.659s] writing manifest file 'package_with_interfaces.egg-info/SOURCES.txt'
[0.713s] [100%] Built target ament_cmake_python_build_package_with_interfaces_egg
[1.075s] Invoked command in '/home/victory/Robot-Operating-System/python_ws/build/package_with_interfaces' returned '0': CMAKE_PREFIX_PATH=/opt/ros/humble /home/linuxbrew/.linuxbrew/bin/cmake --build /home/victory/Robot-Operating-System/python_ws/build/package_with_interfaces -- -j4 -l4
[1.276s] Invoking command in '/home/victory/Robot-Operating-System/python_ws/build/package_with_interfaces': CMAKE_PREFIX_PATH=/opt/ros/humble /home/linuxbrew/.linuxbrew/bin/cmake --install /home/victory/Robot-Operating-System/python_ws/build/package_with_interfaces
[1.283s] -- Install configuration: ""
[1.283s] -- Up-to-date: /home/victory/Robot-Operating-System/python_ws/install/package_with_interfaces/share/ament_index/resource_index/rosidl_interfaces/package_with_interfaces
[1.283s] -- Up-to-date: /home/victory/Robot-Operating-System/python_ws/install/package_with_interfaces/include/package_with_interfaces/package_with_interfaces
[1.284s] -- Up-to-date: /home/victory/Robot-Operating-System/python_ws/install/package_with_interfaces/include/package_with_interfaces/package_with_interfaces/msg
[1.284s] -- Up-to-date: /home/victory/Robot-Operating-System/python_ws/install/package_with_interfaces/include/package_with_interfaces/package_with_interfaces/msg/detail
[1.284s] -- Up-to-date: /home/victory/Robot-Operating-System/python_ws/install/package_with_interfaces/include/package_with_interfaces/package_with_interfaces/msg/detail/amazing_quote__functions.c
[1.284s] -- Up-to-date: /home/victory/Robot-Operating-System/python_ws/install/package_with_interfaces/include/package_with_interfaces/package_with_interfaces/msg/detail/amazing_quote__struct.h
[1.284s] -- Up-to-date: /home/victory/Robot-Operating-System/python_ws/install/package_with_interfaces/include/package_with_interfaces/package_with_interfaces/msg/detail/amazing_quote__type_support.h
[1.284s] -- Up-to-date: /home/victory/Robot-Operating-System/python_ws/install/package_with_interfaces/include/package_with_interfaces/package_with_interfaces/msg/detail/amazing_quote__functions.h
[1.285s] -- Up-to-date: /home/victory/Robot-Operating-System/python_ws/install/package_with_interfaces/include/package_with_interfaces/package_with_interfaces/msg/rosidl_generator_c__visibility_control.h
[1.285s] -- Up-to-date: /home/victory/Robot-Operating-System/python_ws/install/package_with_interfaces/include/package_with_interfaces/package_with_interfaces/msg/amazing_quote.h
[1.285s] -- Up-to-date: /home/victory/Robot-Operating-System/python_ws/install/package_with_interfaces/include/package_with_interfaces/package_with_interfaces/srv
[1.286s] -- Up-to-date: /home/victory/Robot-Operating-System/python_ws/install/package_with_interfaces/include/package_with_interfaces/package_with_interfaces/srv/detail
[1.286s] -- Up-to-date: /home/victory/Robot-Operating-System/python_ws/install/package_with_interfaces/include/package_with_interfaces/package_with_interfaces/srv/detail/what_is_the_point__functions.c
[1.286s] -- Up-to-date: /home/victory/Robot-Operating-System/python_ws/install/package_with_interfaces/include/package_with_interfaces/package_with_interfaces/srv/detail/what_is_the_point__struct.h
[1.286s] -- Up-to-date: /home/victory/Robot-Operating-System/python_ws/install/package_with_interfaces/include/package_with_interfaces/package_with_interfaces/srv/detail/what_is_the_point__type_support.h
[1.286s] -- Up-to-date: /home/victory/Robot-Operating-System/python_ws/install/package_with_interfaces/include/package_with_interfaces/package_with_interfaces/srv/detail/what_is_the_point__functions.h
[1.287s] -- Up-to-date: /home/victory/Robot-Operating-System/python_ws/install/package_with_interfaces/include/package_with_interfaces/package_with_interfaces/srv/what_is_the_point.h
[1.287s] -- Up-to-date: /home/victory/Robot-Operating-System/python_ws/install/package_with_interfaces/share/package_with_interfaces/environment/library_path.sh
[1.287s] -- Up-to-date: /home/victory/Robot-Operating-System/python_ws/install/package_with_interfaces/share/package_with_interfaces/environment/library_path.dsv
[1.287s] -- Up-to-date: /home/victory/Robot-Operating-System/python_ws/install/package_with_interfaces/lib/libpackage_with_interfaces__rosidl_generator_c.so
[1.287s] -- Up-to-date: /home/victory/Robot-Operating-System/python_ws/install/package_with_interfaces/include/package_with_interfaces/package_with_interfaces
[1.288s] -- Up-to-date: /home/victory/Robot-Operating-System/python_ws/install/package_with_interfaces/include/package_with_interfaces/package_with_interfaces/msg
[1.288s] -- Up-to-date: /home/victory/Robot-Operating-System/python_ws/install/package_with_interfaces/include/package_with_interfaces/package_with_interfaces/msg/detail
[1.288s] -- Up-to-date: /home/victory/Robot-Operating-System/python_ws/install/package_with_interfaces/include/package_with_interfaces/package_with_interfaces/msg/detail/amazing_quote__rosidl_typesupport_fastrtps_c.h
[1.288s] -- Up-to-date: /home/victory/Robot-Operating-System/python_ws/install/package_with_interfaces/include/package_with_interfaces/package_with_interfaces/msg/rosidl_typesupport_fastrtps_c__visibility_control.h
[1.288s] -- Up-to-date: /home/victory/Robot-Operating-System/python_ws/install/package_with_interfaces/include/package_with_interfaces/package_with_interfaces/srv
[1.289s] -- Up-to-date: /home/victory/Robot-Operating-System/python_ws/install/package_with_interfaces/include/package_with_interfaces/package_with_interfaces/srv/detail
[1.289s] -- Up-to-date: /home/victory/Robot-Operating-System/python_ws/install/package_with_interfaces/include/package_with_interfaces/package_with_interfaces/srv/detail/what_is_the_point__rosidl_typesupport_fastrtps_c.h
[1.290s] -- Up-to-date: /home/victory/Robot-Operating-System/python_ws/install/package_with_interfaces/lib/libpackage_with_interfaces__rosidl_typesupport_fastrtps_c.so
[1.292s] -- Up-to-date: /home/victory/Robot-Operating-System/python_ws/install/package_with_interfaces/include/package_with_interfaces/package_with_interfaces
[1.292s] -- Up-to-date: /home/victory/Robot-Operating-System/python_ws/install/package_with_interfaces/include/package_with_interfaces/package_with_interfaces/msg
[1.292s] -- Up-to-date: /home/victory/Robot-Operating-System/python_ws/install/package_with_interfaces/include/package_with_interfaces/package_with_interfaces/msg/detail
[1.293s] -- Up-to-date: /home/victory/Robot-Operating-System/python_ws/install/package_with_interfaces/include/package_with_interfaces/package_with_interfaces/msg/detail/amazing_quote__struct.hpp
[1.293s] -- Up-to-date: /home/victory/Robot-Operating-System/python_ws/install/package_with_interfaces/include/package_with_interfaces/package_with_interfaces/msg/detail/amazing_quote__traits.hpp
[1.293s] -- Up-to-date: /home/victory/Robot-Operating-System/python_ws/install/package_with_interfaces/include/package_with_interfaces/package_with_interfaces/msg/detail/amazing_quote__builder.hpp
[1.294s] -- Up-to-date: /home/victory/Robot-Operating-System/python_ws/install/package_with_interfaces/include/package_with_interfaces/package_with_interfaces/msg/amazing_quote.hpp
[1.294s] -- Up-to-date: /home/victory/Robot-Operating-System/python_ws/install/package_with_interfaces/include/package_with_interfaces/package_with_interfaces/srv
[1.294s] -- Up-to-date: /home/victory/Robot-Operating-System/python_ws/install/package_with_interfaces/include/package_with_interfaces/package_with_interfaces/srv/detail
[1.294s] -- Up-to-date: /home/victory/Robot-Operating-System/python_ws/install/package_with_interfaces/include/package_with_interfaces/package_with_interfaces/srv/detail/what_is_the_point__struct.hpp
[1.294s] -- Up-to-date: /home/victory/Robot-Operating-System/python_ws/install/package_with_interfaces/include/package_with_interfaces/package_with_interfaces/srv/detail/what_is_the_point__builder.hpp
[1.294s] -- Up-to-date: /home/victory/Robot-Operating-System/python_ws/install/package_with_interfaces/include/package_with_interfaces/package_with_interfaces/srv/detail/what_is_the_point__traits.hpp
[1.295s] -- Up-to-date: /home/victory/Robot-Operating-System/python_ws/install/package_with_interfaces/include/package_with_interfaces/package_with_interfaces/srv/what_is_the_point.hpp
[1.295s] -- Up-to-date: /home/victory/Robot-Operating-System/python_ws/install/package_with_interfaces/include/package_with_interfaces/package_with_interfaces
[1.295s] -- Up-to-date: /home/victory/Robot-Operating-System/python_ws/install/package_with_interfaces/include/package_with_interfaces/package_with_interfaces/msg
[1.295s] -- Up-to-date: /home/victory/Robot-Operating-System/python_ws/install/package_with_interfaces/include/package_with_interfaces/package_with_interfaces/msg/detail
[1.295s] -- Up-to-date: /home/victory/Robot-Operating-System/python_ws/install/package_with_interfaces/include/package_with_interfaces/package_with_interfaces/msg/detail/dds_fastrtps
[1.295s] -- Up-to-date: /home/victory/Robot-Operating-System/python_ws/install/package_with_interfaces/include/package_with_interfaces/package_with_interfaces/msg/detail/amazing_quote__rosidl_typesupport_fastrtps_cpp.hpp
[1.295s] -- Up-to-date: /home/victory/Robot-Operating-System/python_ws/install/package_with_interfaces/include/package_with_interfaces/package_with_interfaces/msg/rosidl_typesupport_fastrtps_cpp__visibility_control.h
[1.296s] -- Up-to-date: /home/victory/Robot-Operating-System/python_ws/install/package_with_interfaces/include/package_with_interfaces/package_with_interfaces/srv
[1.296s] -- Up-to-date: /home/victory/Robot-Operating-System/python_ws/install/package_with_interfaces/include/package_with_interfaces/package_with_interfaces/srv/detail
[1.296s] -- Up-to-date: /home/victory/Robot-Operating-System/python_ws/install/package_with_interfaces/include/package_with_interfaces/package_with_interfaces/srv/detail/dds_fastrtps
[1.296s] -- Up-to-date: /home/victory/Robot-Operating-System/python_ws/install/package_with_interfaces/include/package_with_interfaces/package_with_interfaces/srv/detail/what_is_the_point__rosidl_typesupport_fastrtps_cpp.hpp
[1.297s] -- Up-to-date: /home/victory/Robot-Operating-System/python_ws/install/package_with_interfaces/lib/libpackage_with_interfaces__rosidl_typesupport_fastrtps_cpp.so
[1.297s] -- Up-to-date: /home/victory/Robot-Operating-System/python_ws/install/package_with_interfaces/include/package_with_interfaces/package_with_interfaces
[1.297s] -- Up-to-date: /home/victory/Robot-Operating-System/python_ws/install/package_with_interfaces/include/package_with_interfaces/package_with_interfaces/msg
[1.297s] -- Up-to-date: /home/victory/Robot-Operating-System/python_ws/install/package_with_interfaces/include/package_with_interfaces/package_with_interfaces/msg/rosidl_typesupport_introspection_c__visibility_control.h
[1.297s] -- Up-to-date: /home/victory/Robot-Operating-System/python_ws/install/package_with_interfaces/include/package_with_interfaces/package_with_interfaces/msg/detail
[1.297s] -- Up-to-date: /home/victory/Robot-Operating-System/python_ws/install/package_with_interfaces/include/package_with_interfaces/package_with_interfaces/msg/detail/amazing_quote__rosidl_typesupport_introspection_c.h
[1.297s] -- Up-to-date: /home/victory/Robot-Operating-System/python_ws/install/package_with_interfaces/include/package_with_interfaces/package_with_interfaces/msg/detail/amazing_quote__type_support.c
[1.298s] -- Up-to-date: /home/victory/Robot-Operating-System/python_ws/install/package_with_interfaces/include/package_with_interfaces/package_with_interfaces/srv
[1.298s] -- Up-to-date: /home/victory/Robot-Operating-System/python_ws/install/package_with_interfaces/include/package_with_interfaces/package_with_interfaces/srv/detail
[1.298s] -- Up-to-date: /home/victory/Robot-Operating-System/python_ws/install/package_with_interfaces/include/package_with_interfaces/package_with_interfaces/srv/detail/what_is_the_point__type_support.c
[1.298s] -- Up-to-date: /home/victory/Robot-Operating-System/python_ws/install/package_with_interfaces/include/package_with_interfaces/package_with_interfaces/srv/detail/what_is_the_point__rosidl_typesupport_introspection_c.h
[1.298s] -- Up-to-date: /home/victory/Robot-Operating-System/python_ws/install/package_with_interfaces/lib/libpackage_with_interfaces__rosidl_typesupport_introspection_c.so
[1.298s] -- Up-to-date: /home/victory/Robot-Operating-System/python_ws/install/package_with_interfaces/lib/libpackage_with_interfaces__rosidl_typesupport_c.so
[1.299s] -- Up-to-date: /home/victory/Robot-Operating-System/python_ws/install/package_with_interfaces/include/package_with_interfaces/package_with_interfaces
[1.299s] -- Up-to-date: /home/victory/Robot-Operating-System/python_ws/install/package_with_interfaces/include/package_with_interfaces/package_with_interfaces/msg
[1.299s] -- Up-to-date: /home/victory/Robot-Operating-System/python_ws/install/package_with_interfaces/include/package_with_interfaces/package_with_interfaces/msg/detail
[1.299s] -- Up-to-date: /home/victory/Robot-Operating-System/python_ws/install/package_with_interfaces/include/package_with_interfaces/package_with_interfaces/msg/detail/amazing_quote__rosidl_typesupport_introspection_cpp.hpp
[1.299s] -- Up-to-date: /home/victory/Robot-Operating-System/python_ws/install/package_with_interfaces/include/package_with_interfaces/package_with_interfaces/msg/detail/amazing_quote__type_support.cpp
[1.299s] -- Up-to-date: /home/victory/Robot-Operating-System/python_ws/install/package_with_interfaces/include/package_with_interfaces/package_with_interfaces/srv
[1.299s] -- Up-to-date: /home/victory/Robot-Operating-System/python_ws/install/package_with_interfaces/include/package_with_interfaces/package_with_interfaces/srv/detail
[1.300s] -- Up-to-date: /home/victory/Robot-Operating-System/python_ws/install/package_with_interfaces/include/package_with_interfaces/package_with_interfaces/srv/detail/what_is_the_point__rosidl_typesupport_introspection_cpp.hpp
[1.300s] -- Up-to-date: /home/victory/Robot-Operating-System/python_ws/install/package_with_interfaces/include/package_with_interfaces/package_with_interfaces/srv/detail/what_is_the_point__type_support.cpp
[1.300s] -- Up-to-date: /home/victory/Robot-Operating-System/python_ws/install/package_with_interfaces/lib/libpackage_with_interfaces__rosidl_typesupport_introspection_cpp.so
[1.300s] -- Up-to-date: /home/victory/Robot-Operating-System/python_ws/install/package_with_interfaces/lib/libpackage_with_interfaces__rosidl_typesupport_cpp.so
[1.301s] -- Up-to-date: /home/victory/Robot-Operating-System/python_ws/install/package_with_interfaces/share/package_with_interfaces/environment/pythonpath.sh
[1.301s] -- Up-to-date: /home/victory/Robot-Operating-System/python_ws/install/package_with_interfaces/share/package_with_interfaces/environment/pythonpath.dsv
[1.301s] -- Up-to-date: /home/victory/Robot-Operating-System/python_ws/install/package_with_interfaces/local/lib/python3.10/dist-packages/package_with_interfaces-0.0.0-py3.10.egg-info
[1.301s] -- Installing: /home/victory/Robot-Operating-System/python_ws/install/package_with_interfaces/local/lib/python3.10/dist-packages/package_with_interfaces-0.0.0-py3.10.egg-info/PKG-INFO
[1.302s] -- Installing: /home/victory/Robot-Operating-System/python_ws/install/package_with_interfaces/local/lib/python3.10/dist-packages/package_with_interfaces-0.0.0-py3.10.egg-info/SOURCES.txt
[1.302s] -- Installing: /home/victory/Robot-Operating-System/python_ws/install/package_with_interfaces/local/lib/python3.10/dist-packages/package_with_interfaces-0.0.0-py3.10.egg-info/dependency_links.txt
[1.304s] -- Installing: /home/victory/Robot-Operating-System/python_ws/install/package_with_interfaces/local/lib/python3.10/dist-packages/package_with_interfaces-0.0.0-py3.10.egg-info/top_level.txt
[1.304s] -- Up-to-date: /home/victory/Robot-Operating-System/python_ws/install/package_with_interfaces/local/lib/python3.10/dist-packages/package_with_interfaces
[1.304s] -- Up-to-date: /home/victory/Robot-Operating-System/python_ws/install/package_with_interfaces/local/lib/python3.10/dist-packages/package_with_interfaces/__init__.py
[1.304s] -- Up-to-date: /home/victory/Robot-Operating-System/python_ws/install/package_with_interfaces/local/lib/python3.10/dist-packages/package_with_interfaces/libpackage_with_interfaces__rosidl_generator_py.so
[1.304s] -- Up-to-date: /home/victory/Robot-Operating-System/python_ws/install/package_with_interfaces/local/lib/python3.10/dist-packages/package_with_interfaces/_package_with_interfaces_s.ep.rosidl_typesupport_fastrtps_c.c
[1.304s] -- Up-to-date: /home/victory/Robot-Operating-System/python_ws/install/package_with_interfaces/local/lib/python3.10/dist-packages/package_with_interfaces/package_with_interfaces_s__rosidl_typesupport_introspection_c.cpython-310-x86_64-linux-gnu.so
[1.305s] -- Up-to-date: /home/victory/Robot-Operating-System/python_ws/install/package_with_interfaces/local/lib/python3.10/dist-packages/package_with_interfaces/msg
[1.305s] -- Up-to-date: /home/victory/Robot-Operating-System/python_ws/install/package_with_interfaces/local/lib/python3.10/dist-packages/package_with_interfaces/msg/__init__.py
[1.305s] -- Up-to-date: /home/victory/Robot-Operating-System/python_ws/install/package_with_interfaces/local/lib/python3.10/dist-packages/package_with_interfaces/msg/_amazing_quote.py
[1.305s] -- Up-to-date: /home/victory/Robot-Operating-System/python_ws/install/package_with_interfaces/local/lib/python3.10/dist-packages/package_with_interfaces/msg/_amazing_quote_s.c
[1.305s] -- Up-to-date: /home/victory/Robot-Operating-System/python_ws/install/package_with_interfaces/local/lib/python3.10/dist-packages/package_with_interfaces/package_with_interfaces_s__rosidl_typesupport_fastrtps_c.cpython-310-x86_64-linux-gnu.so
[1.305s] -- Up-to-date: /home/victory/Robot-Operating-System/python_ws/install/package_with_interfaces/local/lib/python3.10/dist-packages/package_with_interfaces/_package_with_interfaces_s.ep.rosidl_typesupport_c.c
[1.306s] -- Up-to-date: /home/victory/Robot-Operating-System/python_ws/install/package_with_interfaces/local/lib/python3.10/dist-packages/package_with_interfaces/srv
[1.306s] -- Up-to-date: /home/victory/Robot-Operating-System/python_ws/install/package_with_interfaces/local/lib/python3.10/dist-packages/package_with_interfaces/srv/__init__.py
[1.306s] -- Up-to-date: /home/victory/Robot-Operating-System/python_ws/install/package_with_interfaces/local/lib/python3.10/dist-packages/package_with_interfaces/srv/_what_is_the_point.py
[1.306s] -- Up-to-date: /home/victory/Robot-Operating-System/python_ws/install/package_with_interfaces/local/lib/python3.10/dist-packages/package_with_interfaces/srv/_what_is_the_point_s.c
[1.306s] -- Up-to-date: /home/victory/Robot-Operating-System/python_ws/install/package_with_interfaces/local/lib/python3.10/dist-packages/package_with_interfaces/package_with_interfaces_s__rosidl_typesupport_c.cpython-310-x86_64-linux-gnu.so
[1.306s] -- Up-to-date: /home/victory/Robot-Operating-System/python_ws/install/package_with_interfaces/local/lib/python3.10/dist-packages/package_with_interfaces/_package_with_interfaces_s.ep.rosidl_typesupport_introspection_c.c
[1.365s] Listing '/home/victory/Robot-Operating-System/python_ws/install/package_with_interfaces/local/lib/python3.10/dist-packages/package_with_interfaces'...
[1.365s] Listing '/home/victory/Robot-Operating-System/python_ws/install/package_with_interfaces/local/lib/python3.10/dist-packages/package_with_interfaces/msg'...
[1.365s] Listing '/home/victory/Robot-Operating-System/python_ws/install/package_with_interfaces/local/lib/python3.10/dist-packages/package_with_interfaces/srv'...
[1.376s] -- Up-to-date: /home/victory/Robot-Operating-System/python_ws/install/package_with_interfaces/local/lib/python3.10/dist-packages/package_with_interfaces/package_with_interfaces_s__rosidl_typesupport_fastrtps_c.cpython-310-x86_64-linux-gnu.so
[1.377s] -- Up-to-date: /home/victory/Robot-Operating-System/python_ws/install/package_with_interfaces/local/lib/python3.10/dist-packages/package_with_interfaces/package_with_interfaces_s__rosidl_typesupport_introspection_c.cpython-310-x86_64-linux-gnu.so
[1.378s] -- Up-to-date: /home/victory/Robot-Operating-System/python_ws/install/package_with_interfaces/local/lib/python3.10/dist-packages/package_with_interfaces/package_with_interfaces_s__rosidl_typesupport_c.cpython-310-x86_64-linux-gnu.so
[1.379s] -- Up-to-date: /home/victory/Robot-Operating-System/python_ws/install/package_with_interfaces/lib/libpackage_with_interfaces__rosidl_generator_py.so
[1.379s] -- Up-to-date: /home/victory/Robot-Operating-System/python_ws/install/package_with_interfaces/share/package_with_interfaces/msg/AmazingQuote.idl
[1.380s] -- Up-to-date: /home/victory/Robot-Operating-System/python_ws/install/package_with_interfaces/share/package_with_interfaces/srv/WhatIsThePoint.idl
[1.380s] -- Up-to-date: /home/victory/Robot-Operating-System/python_ws/install/package_with_interfaces/share/package_with_interfaces/msg/AmazingQuote.msg
[1.381s] -- Up-to-date: /home/victory/Robot-Operating-System/python_ws/install/package_with_interfaces/share/package_with_interfaces/srv/WhatIsThePoint.srv
[1.381s] -- Up-to-date: /home/victory/Robot-Operating-System/python_ws/install/package_with_interfaces/share/package_with_interfaces/srv/WhatIsThePoint_Request.msg
[1.381s] -- Up-to-date: /home/victory/Robot-Operating-System/python_ws/install/package_with_interfaces/share/package_with_interfaces/srv/WhatIsThePoint_Response.msg
[1.381s] -- Up-to-date: /home/victory/Robot-Operating-System/python_ws/install/package_with_interfaces/share/ament_index/resource_index/package_run_dependencies/package_with_interfaces
[1.381s] -- Up-to-date: /home/victory/Robot-Operating-System/python_ws/install/package_with_interfaces/share/ament_index/resource_index/parent_prefix_path/package_with_interfaces
[1.382s] -- Up-to-date: /home/victory/Robot-Operating-System/python_ws/install/package_with_interfaces/share/package_with_interfaces/environment/ament_prefix_path.sh
[1.382s] -- Up-to-date: /home/victory/Robot-Operating-System/python_ws/install/package_with_interfaces/share/package_with_interfaces/environment/ament_prefix_path.dsv
[1.382s] -- Up-to-date: /home/victory/Robot-Operating-System/python_ws/install/package_with_interfaces/share/package_with_interfaces/environment/path.sh
[1.383s] -- Up-to-date: /home/victory/Robot-Operating-System/python_ws/install/package_with_interfaces/share/package_with_interfaces/environment/path.dsv
[1.383s] -- Up-to-date: /home/victory/Robot-Operating-System/python_ws/install/package_with_interfaces/share/package_with_interfaces/local_setup.bash
[1.383s] -- Up-to-date: /home/victory/Robot-Operating-System/python_ws/install/package_with_interfaces/share/package_with_interfaces/local_setup.sh
[1.384s] -- Up-to-date: /home/victory/Robot-Operating-System/python_ws/install/package_with_interfaces/share/package_with_interfaces/local_setup.zsh
[1.384s] -- Up-to-date: /home/victory/Robot-Operating-System/python_ws/install/package_with_interfaces/share/package_with_interfaces/local_setup.dsv
[1.384s] -- Installing: /home/victory/Robot-Operating-System/python_ws/install/package_with_interfaces/share/package_with_interfaces/package.dsv
[1.385s] -- Up-to-date: /home/victory/Robot-Operating-System/python_ws/install/package_with_interfaces/share/ament_index/resource_index/packages/package_with_interfaces
[1.385s] -- Up-to-date: /home/victory/Robot-Operating-System/python_ws/install/package_with_interfaces/share/package_with_interfaces/cmake/export_package_with_interfaces__rosidl_generator_cExport.cmake
[1.385s] -- Up-to-date: /home/victory/Robot-Operating-System/python_ws/install/package_with_interfaces/share/package_with_interfaces/cmake/export_package_with_interfaces__rosidl_generator_cExport-noconfig.cmake
[1.385s] -- Up-to-date: /home/victory/Robot-Operating-System/python_ws/install/package_with_interfaces/share/package_with_interfaces/cmake/export_package_with_interfaces__rosidl_typesupport_fastrtps_cExport.cmake
[1.386s] -- Up-to-date: /home/victory/Robot-Operating-System/python_ws/install/package_with_interfaces/share/package_with_interfaces/cmake/export_package_with_interfaces__rosidl_typesupport_fastrtps_cExport-noconfig.cmake
[1.386s] -- Up-to-date: /home/victory/Robot-Operating-System/python_ws/install/package_with_interfaces/share/package_with_interfaces/cmake/export_package_with_interfaces__rosidl_generator_cppExport.cmake
[1.386s] -- Up-to-date: /home/victory/Robot-Operating-System/python_ws/install/package_with_interfaces/share/package_with_interfaces/cmake/export_package_with_interfaces__rosidl_typesupport_fastrtps_cppExport.cmake
[1.386s] -- Up-to-date: /home/victory/Robot-Operating-System/python_ws/install/package_with_interfaces/share/package_with_interfaces/cmake/export_package_with_interfaces__rosidl_typesupport_fastrtps_cppExport-noconfig.cmake
[1.387s] -- Up-to-date: /home/victory/Robot-Operating-System/python_ws/install/package_with_interfaces/share/package_with_interfaces/cmake/package_with_interfaces__rosidl_typesupport_introspection_cExport.cmake
[1.387s] -- Up-to-date: /home/victory/Robot-Operating-System/python_ws/install/package_with_interfaces/share/package_with_interfaces/cmake/package_with_interfaces__rosidl_typesupport_introspection_cExport-noconfig.cmake
[1.387s] -- Up-to-date: /home/victory/Robot-Operating-System/python_ws/install/package_with_interfaces/share/package_with_interfaces/cmake/package_with_interfaces__rosidl_typesupport_cExport.cmake
[1.387s] -- Up-to-date: /home/victory/Robot-Operating-System/python_ws/install/package_with_interfaces/share/package_with_interfaces/cmake/package_with_interfaces__rosidl_typesupport_cExport-noconfig.cmake
[1.387s] -- Up-to-date: /home/victory/Robot-Operating-System/python_ws/install/package_with_interfaces/share/package_with_interfaces/cmake/package_with_interfaces__rosidl_typesupport_introspection_cppExport.cmake
[1.388s] -- Up-to-date: /home/victory/Robot-Operating-System/python_ws/install/package_with_interfaces/share/package_with_interfaces/cmake/package_with_interfaces__rosidl_typesupport_introspection_cppExport-noconfig.cmake
[1.388s] -- Up-to-date: /home/victory/Robot-Operating-System/python_ws/install/package_with_interfaces/share/package_with_interfaces/cmake/package_with_interfaces__rosidl_typesupport_cppExport.cmake
[1.389s] -- Up-to-date: /home/victory/Robot-Operating-System/python_ws/install/package_with_interfaces/share/package_with_interfaces/cmake/package_with_interfaces__rosidl_typesupport_cppExport-noconfig.cmake
[1.389s] -- Up-to-date: /home/victory/Robot-Operating-System/python_ws/install/package_with_interfaces/share/package_with_interfaces/cmake/export_package_with_interfaces__rosidl_generator_pyExport.cmake
[1.390s] -- Up-to-date: /home/victory/Robot-Operating-System/python_ws/install/package_with_interfaces/share/package_with_interfaces/cmake/export_package_with_interfaces__rosidl_generator_pyExport-noconfig.cmake
[1.390s] -- Up-to-date: /home/victory/Robot-Operating-System/python_ws/install/package_with_interfaces/share/package_with_interfaces/cmake/rosidl_cmake-extras.cmake
[1.391s] -- Up-to-date: /home/victory/Robot-Operating-System/python_ws/install/package_with_interfaces/share/package_with_interfaces/cmake/ament_cmake_export_dependencies-extras.cmake
[1.391s] -- Up-to-date: /home/victory/Robot-Operating-System/python_ws/install/package_with_interfaces/share/package_with_interfaces/cmake/ament_cmake_export_include_directories-extras.cmake
[1.391s] -- Up-to-date: /home/victory/Robot-Operating-System/python_ws/install/package_with_interfaces/share/package_with_interfaces/cmake/ament_cmake_export_libraries-extras.cmake
[1.392s] -- Up-to-date: /home/victory/Robot-Operating-System/python_ws/install/package_with_interfaces/share/package_with_interfaces/cmake/ament_cmake_export_targets-extras.cmake
[1.392s] -- Up-to-date: /home/victory/Robot-Operating-System/python_ws/install/package_with_interfaces/share/package_with_interfaces/cmake/rosidl_cmake_export_typesupport_targets-extras.cmake
[1.392s] -- Up-to-date: /home/victory/Robot-Operating-System/python_ws/install/package_with_interfaces/share/package_with_interfaces/cmake/rosidl_cmake_export_typesupport_libraries-extras.cmake
[1.393s] -- Up-to-date: /home/victory/Robot-Operating-System/python_ws/install/package_with_interfaces/share/package_with_interfaces/cmake/package_with_interfacesConfig.cmake
[1.393s] -- Up-to-date: /home/victory/Robot-Operating-System/python_ws/install/package_with_interfaces/share/package_with_interfaces/cmake/package_with_interfacesConfig-version.cmake
[1.395s] -- Up-to-date: /home/victory/Robot-Operating-System/python_ws/install/package_with_interfaces/share/package_with_interfaces/package.xml
[1.396s] Invoked command in '/home/victory/Robot-Operating-System/python_ws/build/package_with_interfaces' returned '0': CMAKE_PREFIX_PATH=/opt/ros/humble /home/linuxbrew/.linuxbrew/bin/cmake --install /home/victory/Robot-Operating-System/python_ws/build/package_with_interfaces
