[1.318s] Invoking command in '/home/victory/Robot-Operating-System/test_2_ros2_ws/src/motor_distance_sensor_package': PYTHONPATH=/home/victory/Robot-Operating-System/test_2_ros2_ws/build/motor_distance_sensor_package/prefix_override:/usr/lib/python3/dist-packages/colcon_core/task/python/colcon_distutils_commands:/home/victory/Robot-Operating-System/test_2_ros2_ws/install/motor_distance_sensor_package/lib/python3.10/site-packages:${PYTHONPATH} /usr/bin/python3 -W ignore:setup.py install is deprecated setup.py egg_info --egg-base ../../build/motor_distance_sensor_package build --build-base /home/victory/Robot-Operating-System/test_2_ros2_ws/build/motor_distance_sensor_package/build install --record /home/victory/Robot-Operating-System/test_2_ros2_ws/build/motor_distance_sensor_package/install.log --single-version-externally-managed install_data
[1.760s] running egg_info
[1.763s] writing ../../build/motor_distance_sensor_package/motor_distance_sensor_package.egg-info/PKG-INFO
[1.764s] writing dependency_links to ../../build/motor_distance_sensor_package/motor_distance_sensor_package.egg-info/dependency_links.txt
[1.765s] writing entry points to ../../build/motor_distance_sensor_package/motor_distance_sensor_package.egg-info/entry_points.txt
[1.765s] writing requirements to ../../build/motor_distance_sensor_package/motor_distance_sensor_package.egg-info/requires.txt
[1.765s] writing top-level names to ../../build/motor_distance_sensor_package/motor_distance_sensor_package.egg-info/top_level.txt
[1.769s] reading manifest file '../../build/motor_distance_sensor_package/motor_distance_sensor_package.egg-info/SOURCES.txt'
[1.772s] writing manifest file '../../build/motor_distance_sensor_package/motor_distance_sensor_package.egg-info/SOURCES.txt'
[1.772s] running build
[1.773s] running build_py
[1.773s] copying motor_distance_sensor_package/distance_sensor_node.py -> /home/victory/Robot-Operating-System/test_2_ros2_ws/build/motor_distance_sensor_package/build/lib/motor_distance_sensor_package
[1.774s] copying motor_distance_sensor_package/motor_control_node.py -> /home/victory/Robot-Operating-System/test_2_ros2_ws/build/motor_distance_sensor_package/build/lib/motor_distance_sensor_package
[1.774s] running install
[1.775s] running install_lib
[1.777s] copying /home/victory/Robot-Operating-System/test_2_ros2_ws/build/motor_distance_sensor_package/build/lib/motor_distance_sensor_package/distance_sensor_node.py -> /home/victory/Robot-Operating-System/test_2_ros2_ws/install/motor_distance_sensor_package/lib/python3.10/site-packages/motor_distance_sensor_package
[1.777s] copying /home/victory/Robot-Operating-System/test_2_ros2_ws/build/motor_distance_sensor_package/build/lib/motor_distance_sensor_package/motor_control_node.py -> /home/victory/Robot-Operating-System/test_2_ros2_ws/install/motor_distance_sensor_package/lib/python3.10/site-packages/motor_distance_sensor_package
[1.778s] byte-compiling /home/victory/Robot-Operating-System/test_2_ros2_ws/install/motor_distance_sensor_package/lib/python3.10/site-packages/motor_distance_sensor_package/distance_sensor_node.py to distance_sensor_node.cpython-310.pyc
[1.780s] byte-compiling /home/victory/Robot-Operating-System/test_2_ros2_ws/install/motor_distance_sensor_package/lib/python3.10/site-packages/motor_distance_sensor_package/motor_control_node.py to motor_control_node.cpython-310.pyc
[1.781s] running install_data
[1.781s] running install_egg_info
[1.784s] removing '/home/victory/Robot-Operating-System/test_2_ros2_ws/install/motor_distance_sensor_package/lib/python3.10/site-packages/motor_distance_sensor_package-0.0.0-py3.10.egg-info' (and everything under it)
[1.785s] Copying ../../build/motor_distance_sensor_package/motor_distance_sensor_package.egg-info to /home/victory/Robot-Operating-System/test_2_ros2_ws/install/motor_distance_sensor_package/lib/python3.10/site-packages/motor_distance_sensor_package-0.0.0-py3.10.egg-info
[1.786s] running install_scripts
[1.823s] Installing distance_sensor_node script to /home/victory/Robot-Operating-System/test_2_ros2_ws/install/motor_distance_sensor_package/lib/motor_distance_sensor_package
[1.823s] Installing motor_control_node script to /home/victory/Robot-Operating-System/test_2_ros2_ws/install/motor_distance_sensor_package/lib/motor_distance_sensor_package
[1.824s] writing list of installed files to '/home/victory/Robot-Operating-System/test_2_ros2_ws/build/motor_distance_sensor_package/install.log'
[1.889s] Invoked command in '/home/victory/Robot-Operating-System/test_2_ros2_ws/src/motor_distance_sensor_package' returned '0': PYTHONPATH=/home/victory/Robot-Operating-System/test_2_ros2_ws/build/motor_distance_sensor_package/prefix_override:/usr/lib/python3/dist-packages/colcon_core/task/python/colcon_distutils_commands:/home/victory/Robot-Operating-System/test_2_ros2_ws/install/motor_distance_sensor_package/lib/python3.10/site-packages:${PYTHONPATH} /usr/bin/python3 -W ignore:setup.py install is deprecated setup.py egg_info --egg-base ../../build/motor_distance_sensor_package build --build-base /home/victory/Robot-Operating-System/test_2_ros2_ws/build/motor_distance_sensor_package/build install --record /home/victory/Robot-Operating-System/test_2_ros2_ws/build/motor_distance_sensor_package/install.log --single-version-externally-managed install_data
