[2.167s] Invoking command in '/home/victory/Robot-Operating-System/python_ws/src/positio_encoder_decoder_python_package': PYTHONPATH=/home/victory/Robot-Operating-System/python_ws/build/positio_encoder_decoder_python_package/prefix_override:/usr/lib/python3/dist-packages/colcon_core/task/python/colcon_distutils_commands:/home/victory/Robot-Operating-System/python_ws/install/positio_encoder_decoder_python_package/lib/python3.10/site-packages:${PYTHONPATH} /usr/bin/python3 -W ignore:setup.py install is deprecated setup.py egg_info --egg-base ../../build/positio_encoder_decoder_python_package build --build-base /home/victory/Robot-Operating-System/python_ws/build/positio_encoder_decoder_python_package/build install --record /home/victory/Robot-Operating-System/python_ws/build/positio_encoder_decoder_python_package/install.log --single-version-externally-managed install_data
[2.917s] running egg_info
[2.920s] writing ../../build/positio_encoder_decoder_python_package/positio_encoder_decoder_python_package.egg-info/PKG-INFO
[2.931s] writing dependency_links to ../../build/positio_encoder_decoder_python_package/positio_encoder_decoder_python_package.egg-info/dependency_links.txt
[2.931s] writing entry points to ../../build/positio_encoder_decoder_python_package/positio_encoder_decoder_python_package.egg-info/entry_points.txt
[2.932s] writing requirements to ../../build/positio_encoder_decoder_python_package/positio_encoder_decoder_python_package.egg-info/requires.txt
[2.932s] writing top-level names to ../../build/positio_encoder_decoder_python_package/positio_encoder_decoder_python_package.egg-info/top_level.txt
[2.936s] reading manifest file '../../build/positio_encoder_decoder_python_package/positio_encoder_decoder_python_package.egg-info/SOURCES.txt'
[2.965s] writing manifest file '../../build/positio_encoder_decoder_python_package/positio_encoder_decoder_python_package.egg-info/SOURCES.txt'
[2.966s] running build
[2.966s] running build_py
[2.987s] running install
[2.988s] running install_lib
[3.005s] running install_data
[3.021s] running install_egg_info
[3.026s] removing '/home/victory/Robot-Operating-System/python_ws/install/positio_encoder_decoder_python_package/lib/python3.10/site-packages/positio_encoder_decoder_python_package-0.0.0-py3.10.egg-info' (and everything under it)
[3.028s] Copying ../../build/positio_encoder_decoder_python_package/positio_encoder_decoder_python_package.egg-info to /home/victory/Robot-Operating-System/python_ws/install/positio_encoder_decoder_python_package/lib/python3.10/site-packages/positio_encoder_decoder_python_package-0.0.0-py3.10.egg-info
[3.044s] running install_scripts
[3.082s] Installing position_decoder_node script to /home/victory/Robot-Operating-System/python_ws/install/positio_encoder_decoder_python_package/lib/positio_encoder_decoder_python_package
[3.083s] Installing position_encoder_node script to /home/victory/Robot-Operating-System/python_ws/install/positio_encoder_decoder_python_package/lib/positio_encoder_decoder_python_package
[3.084s] writing list of installed files to '/home/victory/Robot-Operating-System/python_ws/build/positio_encoder_decoder_python_package/install.log'
[3.801s] Invoked command in '/home/victory/Robot-Operating-System/python_ws/src/positio_encoder_decoder_python_package' returned '0': PYTHONPATH=/home/victory/Robot-Operating-System/python_ws/build/positio_encoder_decoder_python_package/prefix_override:/usr/lib/python3/dist-packages/colcon_core/task/python/colcon_distutils_commands:/home/victory/Robot-Operating-System/python_ws/install/positio_encoder_decoder_python_package/lib/python3.10/site-packages:${PYTHONPATH} /usr/bin/python3 -W ignore:setup.py install is deprecated setup.py egg_info --egg-base ../../build/positio_encoder_decoder_python_package build --build-base /home/victory/Robot-Operating-System/python_ws/build/positio_encoder_decoder_python_package/build install --record /home/victory/Robot-Operating-System/python_ws/build/positio_encoder_decoder_python_package/install.log --single-version-externally-managed install_data
