-- Found ament_cmake: 1.3.10 (/opt/ros/humble/share/ament_cmake/cmake)
-- Found rclcpp: 16.0.10 (/opt/ros/humble/share/rclcpp/cmake)
-- Found rosidl_generator_c: 3.1.5 (/opt/ros/humble/share/rosidl_generator_c/cmake)
-- Found rosidl_adapter: 3.1.5 (/opt/ros/humble/share/rosidl_adapter/cmake)
-- Found rosidl_generator_cpp: 3.1.5 (/opt/ros/humble/share/rosidl_generator_cpp/cmake)
-- Using all available rosidl_typesupport_c: rosidl_typesupport_fastrtps_c;rosidl_typesupport_introspection_c
-- Using all available rosidl_typesupport_cpp: rosidl_typesupport_fastrtps_cpp;rosidl_typesupport_introspection_cpp
-- Found rmw_implementation_cmake: 6.1.2 (/opt/ros/humble/share/rmw_implementation_cmake/cmake)
-- Found rmw_fastrtps_cpp: 6.2.7 (/opt/ros/humble/share/rmw_fastrtps_cpp/cmake)
-- Using RMW implementation 'rmw_fastrtps_cpp' as default
-- Found example_interfaces: 0.9.3 (/opt/ros/humble/share/example_interfaces/cmake)
-- Found ament_lint_auto: 0.12.11 (/opt/ros/humble/share/ament_lint_auto/cmake)
-- Added test 'cppcheck' to perform static code analysis on C / C++ code
-- Configured cppcheck include dirs: $<BUILD_INTERFACE:/home/victory/Robot-Operating-System/cpp_ws/src/srv_client/include>
-- Configured cppcheck exclude dirs and/or files: 
-- Added test 'lint_cmake' to check CMake code style
-- Added test 'uncrustify' to check C / C++ code style
-- Configured uncrustify additional arguments: 
-- Added test 'xmllint' to check XML markup files
-- Configuring done (9.1s)
-- Generating done (0.1s)
-- Build files have been written to: /home/victory/Robot-Operating-System/cpp_ws/build/srv_client
[ 25%] [32mBuilding CXX object CMakeFiles/demo_request_client.dir/src/demo_request_client.cpp.o[0m
[ 75%] Built target demo_service_client
[100%] [32m[1mLinking CXX executable demo_request_client[0m
[100%] Built target demo_request_client
-- Install configuration: ""
-- Up-to-date: /home/victory/Robot-Operating-System/cpp_ws/install/srv_client/lib/srv_client/demo_service_client
-- Up-to-date: /home/victory/Robot-Operating-System/cpp_ws/install/srv_client/share/ament_index/resource_index/package_run_dependencies/srv_client
-- Up-to-date: /home/victory/Robot-Operating-System/cpp_ws/install/srv_client/share/ament_index/resource_index/parent_prefix_path/srv_client
-- Up-to-date: /home/victory/Robot-Operating-System/cpp_ws/install/srv_client/share/srv_client/environment/ament_prefix_path.sh
-- Installing: /home/victory/Robot-Operating-System/cpp_ws/install/srv_client/share/srv_client/environment/ament_prefix_path.dsv
-- Up-to-date: /home/victory/Robot-Operating-System/cpp_ws/install/srv_client/share/srv_client/environment/path.sh
-- Installing: /home/victory/Robot-Operating-System/cpp_ws/install/srv_client/share/srv_client/environment/path.dsv
-- Up-to-date: /home/victory/Robot-Operating-System/cpp_ws/install/srv_client/share/srv_client/local_setup.bash
-- Up-to-date: /home/victory/Robot-Operating-System/cpp_ws/install/srv_client/share/srv_client/local_setup.sh
-- Up-to-date: /home/victory/Robot-Operating-System/cpp_ws/install/srv_client/share/srv_client/local_setup.zsh
-- Installing: /home/victory/Robot-Operating-System/cpp_ws/install/srv_client/share/srv_client/local_setup.dsv
-- Installing: /home/victory/Robot-Operating-System/cpp_ws/install/srv_client/share/srv_client/package.dsv
-- Up-to-date: /home/victory/Robot-Operating-System/cpp_ws/install/srv_client/share/ament_index/resource_index/packages/srv_client
-- Up-to-date: /home/victory/Robot-Operating-System/cpp_ws/install/srv_client/share/srv_client/cmake/srv_clientConfig.cmake
-- Up-to-date: /home/victory/Robot-Operating-System/cpp_ws/install/srv_client/share/srv_client/cmake/srv_clientConfig-version.cmake
-- Up-to-date: /home/victory/Robot-Operating-System/cpp_ws/install/srv_client/share/srv_client/package.xml
