[0.685s] DEBUG:colcon:Command line arguments: ['/usr/bin/colcon', 'build']
[0.686s] DEBUG:colcon:Parsed command line arguments: Namespace(log_base=None, log_level=None, verb_name='build', build_base='build', install_base='install', merge_install=False, symlink_install=False, test_result_base=None, continue_on_error=False, executor='parallel', parallel_workers=4, event_handlers=None, ignore_user_meta=False, metas=['./colcon.meta'], base_paths=['.'], packages_ignore=None, packages_ignore_regex=None, paths=None, packages_up_to=None, packages_up_to_regex=None, packages_above=None, packages_above_and_dependencies=None, packages_above_depth=None, packages_select_by_dep=None, packages_skip_by_dep=None, packages_skip_up_to=None, packages_select_build_failed=False, packages_skip_build_finished=False, packages_select_test_failures=False, packages_skip_test_passed=False, packages_select=None, packages_skip=None, packages_select_regex=None, packages_skip_regex=None, packages_start=None, packages_end=None, allow_overriding=[], cmake_args=None, cmake_target=None, cmake_target_skip_unavailable=False, cmake_clean_cache=False, cmake_clean_first=False, cmake_force_configure=False, ament_cmake_args=None, catkin_cmake_args=None, catkin_skip_building_tests=False, mixin_files=None, mixin=None, verb_parser=<colcon_mixin.mixin.mixin_argument.MixinArgumentDecorator object at 0x7fec11dca440>, verb_extension=<colcon_core.verb.build.BuildVerb object at 0x7fec11dc93f0>, main=<bound method BuildVerb.main of <colcon_core.verb.build.BuildVerb object at 0x7fec11dc93f0>>, mixin_verb=('build',))
[1.016s] Level 1:colcon.colcon_core.package_discovery:discover_packages(colcon_meta) check parameters
[1.016s] Level 1:colcon.colcon_core.package_discovery:discover_packages(recursive) check parameters
[1.016s] Level 1:colcon.colcon_core.package_discovery:discover_packages(ignore) check parameters
[1.016s] Level 1:colcon.colcon_core.package_discovery:discover_packages(path) check parameters
[1.016s] Level 1:colcon.colcon_core.package_discovery:discover_packages(colcon_meta) discover
[1.016s] Level 1:colcon.colcon_core.package_discovery:discover_packages(recursive) discover
[1.017s] INFO:colcon.colcon_core.package_discovery:Crawling recursively for packages in '/home/victory/Robot-Operating-System/python_ws'
[1.017s] Level 1:colcon.colcon_core.package_identification:_identify(.) by extensions ['ignore', 'ignore_ament_install']
[1.017s] Level 1:colcon.colcon_core.package_identification:_identify(.) by extension 'ignore'
[1.017s] Level 1:colcon.colcon_core.package_identification:_identify(.) by extension 'ignore_ament_install'
[1.017s] Level 1:colcon.colcon_core.package_identification:_identify(.) by extensions ['colcon_pkg']
[1.017s] Level 1:colcon.colcon_core.package_identification:_identify(.) by extension 'colcon_pkg'
[1.017s] Level 1:colcon.colcon_core.package_identification:_identify(.) by extensions ['colcon_meta']
[1.017s] Level 1:colcon.colcon_core.package_identification:_identify(.) by extension 'colcon_meta'
[1.017s] Level 1:colcon.colcon_core.package_identification:_identify(.) by extensions ['ros']
[1.017s] Level 1:colcon.colcon_core.package_identification:_identify(.) by extension 'ros'
[1.033s] Level 1:colcon.colcon_core.package_identification:_identify(.) by extensions ['cmake', 'python']
[1.033s] Level 1:colcon.colcon_core.package_identification:_identify(.) by extension 'cmake'
[1.033s] Level 1:colcon.colcon_core.package_identification:_identify(.) by extension 'python'
[1.033s] Level 1:colcon.colcon_core.package_identification:_identify(.) by extensions ['python_setup_py']
[1.033s] Level 1:colcon.colcon_core.package_identification:_identify(.) by extension 'python_setup_py'
[1.033s] Level 1:colcon.colcon_core.package_identification:_identify(build) by extensions ['ignore', 'ignore_ament_install']
[1.033s] Level 1:colcon.colcon_core.package_identification:_identify(build) by extension 'ignore'
[1.034s] Level 1:colcon.colcon_core.package_identification:_identify(build) ignored
[1.034s] Level 1:colcon.colcon_core.package_identification:_identify(install) by extensions ['ignore', 'ignore_ament_install']
[1.034s] Level 1:colcon.colcon_core.package_identification:_identify(install) by extension 'ignore'
[1.034s] Level 1:colcon.colcon_core.package_identification:_identify(install) ignored
[1.034s] Level 1:colcon.colcon_core.package_identification:_identify(log) by extensions ['ignore', 'ignore_ament_install']
[1.034s] Level 1:colcon.colcon_core.package_identification:_identify(log) by extension 'ignore'
[1.034s] Level 1:colcon.colcon_core.package_identification:_identify(log) ignored
[1.034s] Level 1:colcon.colcon_core.package_identification:_identify(src) by extensions ['ignore', 'ignore_ament_install']
[1.034s] Level 1:colcon.colcon_core.package_identification:_identify(src) by extension 'ignore'
[1.035s] Level 1:colcon.colcon_core.package_identification:_identify(src) by extension 'ignore_ament_install'
[1.035s] Level 1:colcon.colcon_core.package_identification:_identify(src) by extensions ['colcon_pkg']
[1.035s] Level 1:colcon.colcon_core.package_identification:_identify(src) by extension 'colcon_pkg'
[1.035s] Level 1:colcon.colcon_core.package_identification:_identify(src) by extensions ['colcon_meta']
[1.035s] Level 1:colcon.colcon_core.package_identification:_identify(src) by extension 'colcon_meta'
[1.035s] Level 1:colcon.colcon_core.package_identification:_identify(src) by extensions ['ros']
[1.035s] Level 1:colcon.colcon_core.package_identification:_identify(src) by extension 'ros'
[1.035s] Level 1:colcon.colcon_core.package_identification:_identify(src) by extensions ['cmake', 'python']
[1.035s] Level 1:colcon.colcon_core.package_identification:_identify(src) by extension 'cmake'
[1.035s] Level 1:colcon.colcon_core.package_identification:_identify(src) by extension 'python'
[1.035s] Level 1:colcon.colcon_core.package_identification:_identify(src) by extensions ['python_setup_py']
[1.035s] Level 1:colcon.colcon_core.package_identification:_identify(src) by extension 'python_setup_py'
[1.035s] Level 1:colcon.colcon_core.package_identification:_identify(src/motor_distance_sensor_package) by extensions ['ignore', 'ignore_ament_install']
[1.035s] Level 1:colcon.colcon_core.package_identification:_identify(src/motor_distance_sensor_package) by extension 'ignore'
[1.035s] Level 1:colcon.colcon_core.package_identification:_identify(src/motor_distance_sensor_package) by extension 'ignore_ament_install'
[1.036s] Level 1:colcon.colcon_core.package_identification:_identify(src/motor_distance_sensor_package) by extensions ['colcon_pkg']
[1.036s] Level 1:colcon.colcon_core.package_identification:_identify(src/motor_distance_sensor_package) by extension 'colcon_pkg'
[1.036s] Level 1:colcon.colcon_core.package_identification:_identify(src/motor_distance_sensor_package) by extensions ['colcon_meta']
[1.036s] Level 1:colcon.colcon_core.package_identification:_identify(src/motor_distance_sensor_package) by extension 'colcon_meta'
[1.036s] Level 1:colcon.colcon_core.package_identification:_identify(src/motor_distance_sensor_package) by extensions ['ros']
[1.036s] Level 1:colcon.colcon_core.package_identification:_identify(src/motor_distance_sensor_package) by extension 'ros'
[1.039s] DEBUG:colcon.colcon_core.package_identification:Package 'src/motor_distance_sensor_package' with type 'ros.ament_python' and name 'motor_distance_sensor_package'
[1.039s] Level 1:colcon.colcon_core.package_identification:_identify(src/package_that_uses_package_with_interfaces) by extensions ['ignore', 'ignore_ament_install']
[1.039s] Level 1:colcon.colcon_core.package_identification:_identify(src/package_that_uses_package_with_interfaces) by extension 'ignore'
[1.039s] Level 1:colcon.colcon_core.package_identification:_identify(src/package_that_uses_package_with_interfaces) by extension 'ignore_ament_install'
[1.039s] Level 1:colcon.colcon_core.package_identification:_identify(src/package_that_uses_package_with_interfaces) by extensions ['colcon_pkg']
[1.039s] Level 1:colcon.colcon_core.package_identification:_identify(src/package_that_uses_package_with_interfaces) by extension 'colcon_pkg'
[1.039s] Level 1:colcon.colcon_core.package_identification:_identify(src/package_that_uses_package_with_interfaces) by extensions ['colcon_meta']
[1.039s] Level 1:colcon.colcon_core.package_identification:_identify(src/package_that_uses_package_with_interfaces) by extension 'colcon_meta'
[1.039s] Level 1:colcon.colcon_core.package_identification:_identify(src/package_that_uses_package_with_interfaces) by extensions ['ros']
[1.040s] Level 1:colcon.colcon_core.package_identification:_identify(src/package_that_uses_package_with_interfaces) by extension 'ros'
[1.040s] DEBUG:colcon.colcon_core.package_identification:Package 'src/package_that_uses_package_with_interfaces' with type 'ros.ament_python' and name 'package_that_uses_package_with_interfaces'
[1.040s] Level 1:colcon.colcon_core.package_identification:_identify(src/package_with_configurable_nodes) by extensions ['ignore', 'ignore_ament_install']
[1.041s] Level 1:colcon.colcon_core.package_identification:_identify(src/package_with_configurable_nodes) by extension 'ignore'
[1.041s] Level 1:colcon.colcon_core.package_identification:_identify(src/package_with_configurable_nodes) by extension 'ignore_ament_install'
[1.041s] Level 1:colcon.colcon_core.package_identification:_identify(src/package_with_configurable_nodes) by extensions ['colcon_pkg']
[1.041s] Level 1:colcon.colcon_core.package_identification:_identify(src/package_with_configurable_nodes) by extension 'colcon_pkg'
[1.041s] Level 1:colcon.colcon_core.package_identification:_identify(src/package_with_configurable_nodes) by extensions ['colcon_meta']
[1.041s] Level 1:colcon.colcon_core.package_identification:_identify(src/package_with_configurable_nodes) by extension 'colcon_meta'
[1.041s] Level 1:colcon.colcon_core.package_identification:_identify(src/package_with_configurable_nodes) by extensions ['ros']
[1.041s] Level 1:colcon.colcon_core.package_identification:_identify(src/package_with_configurable_nodes) by extension 'ros'
[1.042s] DEBUG:colcon.colcon_core.package_identification:Package 'src/package_with_configurable_nodes' with type 'ros.ament_python' and name 'package_with_configurable_nodes'
[1.042s] Level 1:colcon.colcon_core.package_identification:_identify(src/package_with_interfaces) by extensions ['ignore', 'ignore_ament_install']
[1.042s] Level 1:colcon.colcon_core.package_identification:_identify(src/package_with_interfaces) by extension 'ignore'
[1.042s] Level 1:colcon.colcon_core.package_identification:_identify(src/package_with_interfaces) by extension 'ignore_ament_install'
[1.043s] Level 1:colcon.colcon_core.package_identification:_identify(src/package_with_interfaces) by extensions ['colcon_pkg']
[1.043s] Level 1:colcon.colcon_core.package_identification:_identify(src/package_with_interfaces) by extension 'colcon_pkg'
[1.043s] Level 1:colcon.colcon_core.package_identification:_identify(src/package_with_interfaces) by extensions ['colcon_meta']
[1.043s] Level 1:colcon.colcon_core.package_identification:_identify(src/package_with_interfaces) by extension 'colcon_meta'
[1.043s] Level 1:colcon.colcon_core.package_identification:_identify(src/package_with_interfaces) by extensions ['ros']
[1.043s] Level 1:colcon.colcon_core.package_identification:_identify(src/package_with_interfaces) by extension 'ros'
[1.044s] DEBUG:colcon.colcon_core.package_identification:Package 'src/package_with_interfaces' with type 'ros.ament_cmake' and name 'package_with_interfaces'
[1.044s] Level 1:colcon.colcon_core.package_identification:_identify(src/positio_encoder_decoder_python_package) by extensions ['ignore', 'ignore_ament_install']
[1.044s] Level 1:colcon.colcon_core.package_identification:_identify(src/positio_encoder_decoder_python_package) by extension 'ignore'
[1.044s] Level 1:colcon.colcon_core.package_identification:_identify(src/positio_encoder_decoder_python_package) by extension 'ignore_ament_install'
[1.044s] Level 1:colcon.colcon_core.package_identification:_identify(src/positio_encoder_decoder_python_package) by extensions ['colcon_pkg']
[1.044s] Level 1:colcon.colcon_core.package_identification:_identify(src/positio_encoder_decoder_python_package) by extension 'colcon_pkg'
[1.044s] Level 1:colcon.colcon_core.package_identification:_identify(src/positio_encoder_decoder_python_package) by extensions ['colcon_meta']
[1.044s] Level 1:colcon.colcon_core.package_identification:_identify(src/positio_encoder_decoder_python_package) by extension 'colcon_meta'
[1.044s] Level 1:colcon.colcon_core.package_identification:_identify(src/positio_encoder_decoder_python_package) by extensions ['ros']
[1.044s] Level 1:colcon.colcon_core.package_identification:_identify(src/positio_encoder_decoder_python_package) by extension 'ros'
[1.045s] DEBUG:colcon.colcon_core.package_identification:Package 'src/positio_encoder_decoder_python_package' with type 'ros.ament_python' and name 'positio_encoder_decoder_python_package'
[1.045s] Level 1:colcon.colcon_core.package_identification:_identify(src/python_package_that_uses_parameters_and_launch_files) by extensions ['ignore', 'ignore_ament_install']
[1.045s] Level 1:colcon.colcon_core.package_identification:_identify(src/python_package_that_uses_parameters_and_launch_files) by extension 'ignore'
[1.045s] Level 1:colcon.colcon_core.package_identification:_identify(src/python_package_that_uses_parameters_and_launch_files) by extension 'ignore_ament_install'
[1.045s] Level 1:colcon.colcon_core.package_identification:_identify(src/python_package_that_uses_parameters_and_launch_files) by extensions ['colcon_pkg']
[1.045s] Level 1:colcon.colcon_core.package_identification:_identify(src/python_package_that_uses_parameters_and_launch_files) by extension 'colcon_pkg'
[1.045s] Level 1:colcon.colcon_core.package_identification:_identify(src/python_package_that_uses_parameters_and_launch_files) by extensions ['colcon_meta']
[1.045s] Level 1:colcon.colcon_core.package_identification:_identify(src/python_package_that_uses_parameters_and_launch_files) by extension 'colcon_meta'
[1.046s] Level 1:colcon.colcon_core.package_identification:_identify(src/python_package_that_uses_parameters_and_launch_files) by extensions ['ros']
[1.046s] Level 1:colcon.colcon_core.package_identification:_identify(src/python_package_that_uses_parameters_and_launch_files) by extension 'ros'
[1.046s] DEBUG:colcon.colcon_core.package_identification:Package 'src/python_package_that_uses_parameters_and_launch_files' with type 'ros.ament_python' and name 'python_package_that_uses_parameters_and_launch_files'
[1.046s] Level 1:colcon.colcon_core.package_discovery:discover_packages(recursive) using defaults
[1.047s] Level 1:colcon.colcon_core.package_discovery:discover_packages(ignore) discover
[1.047s] Level 1:colcon.colcon_core.package_discovery:discover_packages(ignore) using defaults
[1.047s] Level 1:colcon.colcon_core.package_discovery:discover_packages(path) discover
[1.047s] Level 1:colcon.colcon_core.package_discovery:discover_packages(path) using defaults
[1.084s] Level 1:colcon.colcon_core.package_discovery:discover_packages(prefix_path) check parameters
[1.084s] Level 1:colcon.colcon_core.package_discovery:discover_packages(prefix_path) discover
[1.089s] DEBUG:colcon.colcon_installed_package_information.package_discovery:Found 6 installed packages in /home/victory/Robot-Operating-System/python_ws/install
[1.092s] DEBUG:colcon.colcon_installed_package_information.package_discovery:Found 293 installed packages in /opt/ros/humble
[1.097s] Level 1:colcon.colcon_core.package_discovery:discover_packages(prefix_path) using defaults
[1.188s] Level 5:colcon.colcon_core.verb:set package 'motor_distance_sensor_package' build argument 'cmake_args' from command line to 'None'
[1.188s] Level 5:colcon.colcon_core.verb:set package 'motor_distance_sensor_package' build argument 'cmake_target' from command line to 'None'
[1.188s] Level 5:colcon.colcon_core.verb:set package 'motor_distance_sensor_package' build argument 'cmake_target_skip_unavailable' from command line to 'False'
[1.188s] Level 5:colcon.colcon_core.verb:set package 'motor_distance_sensor_package' build argument 'cmake_clean_cache' from command line to 'False'
[1.188s] Level 5:colcon.colcon_core.verb:set package 'motor_distance_sensor_package' build argument 'cmake_clean_first' from command line to 'False'
[1.188s] Level 5:colcon.colcon_core.verb:set package 'motor_distance_sensor_package' build argument 'cmake_force_configure' from command line to 'False'
[1.188s] Level 5:colcon.colcon_core.verb:set package 'motor_distance_sensor_package' build argument 'ament_cmake_args' from command line to 'None'
[1.188s] Level 5:colcon.colcon_core.verb:set package 'motor_distance_sensor_package' build argument 'catkin_cmake_args' from command line to 'None'
[1.188s] Level 5:colcon.colcon_core.verb:set package 'motor_distance_sensor_package' build argument 'catkin_skip_building_tests' from command line to 'False'
[1.188s] DEBUG:colcon.colcon_core.verb:Building package 'motor_distance_sensor_package' with the following arguments: {'ament_cmake_args': None, 'build_base': '/home/victory/Robot-Operating-System/python_ws/build/motor_distance_sensor_package', 'catkin_cmake_args': None, 'catkin_skip_building_tests': False, 'cmake_args': None, 'cmake_clean_cache': False, 'cmake_clean_first': False, 'cmake_force_configure': False, 'cmake_target': None, 'cmake_target_skip_unavailable': False, 'install_base': '/home/victory/Robot-Operating-System/python_ws/install/motor_distance_sensor_package', 'merge_install': False, 'path': '/home/victory/Robot-Operating-System/python_ws/src/motor_distance_sensor_package', 'symlink_install': False, 'test_result_base': None}
[1.188s] Level 5:colcon.colcon_core.verb:set package 'package_with_interfaces' build argument 'cmake_args' from command line to 'None'
[1.188s] Level 5:colcon.colcon_core.verb:set package 'package_with_interfaces' build argument 'cmake_target' from command line to 'None'
[1.189s] Level 5:colcon.colcon_core.verb:set package 'package_with_interfaces' build argument 'cmake_target_skip_unavailable' from command line to 'False'
[1.189s] Level 5:colcon.colcon_core.verb:set package 'package_with_interfaces' build argument 'cmake_clean_cache' from command line to 'False'
[1.189s] Level 5:colcon.colcon_core.verb:set package 'package_with_interfaces' build argument 'cmake_clean_first' from command line to 'False'
[1.189s] Level 5:colcon.colcon_core.verb:set package 'package_with_interfaces' build argument 'cmake_force_configure' from command line to 'False'
[1.189s] Level 5:colcon.colcon_core.verb:set package 'package_with_interfaces' build argument 'ament_cmake_args' from command line to 'None'
[1.189s] Level 5:colcon.colcon_core.verb:set package 'package_with_interfaces' build argument 'catkin_cmake_args' from command line to 'None'
[1.189s] Level 5:colcon.colcon_core.verb:set package 'package_with_interfaces' build argument 'catkin_skip_building_tests' from command line to 'False'
[1.189s] DEBUG:colcon.colcon_core.verb:Building package 'package_with_interfaces' with the following arguments: {'ament_cmake_args': None, 'build_base': '/home/victory/Robot-Operating-System/python_ws/build/package_with_interfaces', 'catkin_cmake_args': None, 'catkin_skip_building_tests': False, 'cmake_args': None, 'cmake_clean_cache': False, 'cmake_clean_first': False, 'cmake_force_configure': False, 'cmake_target': None, 'cmake_target_skip_unavailable': False, 'install_base': '/home/victory/Robot-Operating-System/python_ws/install/package_with_interfaces', 'merge_install': False, 'path': '/home/victory/Robot-Operating-System/python_ws/src/package_with_interfaces', 'symlink_install': False, 'test_result_base': None}
[1.189s] Level 5:colcon.colcon_core.verb:set package 'positio_encoder_decoder_python_package' build argument 'cmake_args' from command line to 'None'
[1.189s] Level 5:colcon.colcon_core.verb:set package 'positio_encoder_decoder_python_package' build argument 'cmake_target' from command line to 'None'
[1.189s] Level 5:colcon.colcon_core.verb:set package 'positio_encoder_decoder_python_package' build argument 'cmake_target_skip_unavailable' from command line to 'False'
[1.189s] Level 5:colcon.colcon_core.verb:set package 'positio_encoder_decoder_python_package' build argument 'cmake_clean_cache' from command line to 'False'
[1.189s] Level 5:colcon.colcon_core.verb:set package 'positio_encoder_decoder_python_package' build argument 'cmake_clean_first' from command line to 'False'
[1.189s] Level 5:colcon.colcon_core.verb:set package 'positio_encoder_decoder_python_package' build argument 'cmake_force_configure' from command line to 'False'
[1.189s] Level 5:colcon.colcon_core.verb:set package 'positio_encoder_decoder_python_package' build argument 'ament_cmake_args' from command line to 'None'
[1.189s] Level 5:colcon.colcon_core.verb:set package 'positio_encoder_decoder_python_package' build argument 'catkin_cmake_args' from command line to 'None'
[1.189s] Level 5:colcon.colcon_core.verb:set package 'positio_encoder_decoder_python_package' build argument 'catkin_skip_building_tests' from command line to 'False'
[1.190s] DEBUG:colcon.colcon_core.verb:Building package 'positio_encoder_decoder_python_package' with the following arguments: {'ament_cmake_args': None, 'build_base': '/home/victory/Robot-Operating-System/python_ws/build/positio_encoder_decoder_python_package', 'catkin_cmake_args': None, 'catkin_skip_building_tests': False, 'cmake_args': None, 'cmake_clean_cache': False, 'cmake_clean_first': False, 'cmake_force_configure': False, 'cmake_target': None, 'cmake_target_skip_unavailable': False, 'install_base': '/home/victory/Robot-Operating-System/python_ws/install/positio_encoder_decoder_python_package', 'merge_install': False, 'path': '/home/victory/Robot-Operating-System/python_ws/src/positio_encoder_decoder_python_package', 'symlink_install': False, 'test_result_base': None}
[1.190s] Level 5:colcon.colcon_core.verb:set package 'package_that_uses_package_with_interfaces' build argument 'cmake_args' from command line to 'None'
[1.190s] Level 5:colcon.colcon_core.verb:set package 'package_that_uses_package_with_interfaces' build argument 'cmake_target' from command line to 'None'
[1.190s] Level 5:colcon.colcon_core.verb:set package 'package_that_uses_package_with_interfaces' build argument 'cmake_target_skip_unavailable' from command line to 'False'
[1.190s] Level 5:colcon.colcon_core.verb:set package 'package_that_uses_package_with_interfaces' build argument 'cmake_clean_cache' from command line to 'False'
[1.190s] Level 5:colcon.colcon_core.verb:set package 'package_that_uses_package_with_interfaces' build argument 'cmake_clean_first' from command line to 'False'
[1.190s] Level 5:colcon.colcon_core.verb:set package 'package_that_uses_package_with_interfaces' build argument 'cmake_force_configure' from command line to 'False'
[1.190s] Level 5:colcon.colcon_core.verb:set package 'package_that_uses_package_with_interfaces' build argument 'ament_cmake_args' from command line to 'None'
[1.190s] Level 5:colcon.colcon_core.verb:set package 'package_that_uses_package_with_interfaces' build argument 'catkin_cmake_args' from command line to 'None'
[1.190s] Level 5:colcon.colcon_core.verb:set package 'package_that_uses_package_with_interfaces' build argument 'catkin_skip_building_tests' from command line to 'False'
[1.190s] DEBUG:colcon.colcon_core.verb:Building package 'package_that_uses_package_with_interfaces' with the following arguments: {'ament_cmake_args': None, 'build_base': '/home/victory/Robot-Operating-System/python_ws/build/package_that_uses_package_with_interfaces', 'catkin_cmake_args': None, 'catkin_skip_building_tests': False, 'cmake_args': None, 'cmake_clean_cache': False, 'cmake_clean_first': False, 'cmake_force_configure': False, 'cmake_target': None, 'cmake_target_skip_unavailable': False, 'install_base': '/home/victory/Robot-Operating-System/python_ws/install/package_that_uses_package_with_interfaces', 'merge_install': False, 'path': '/home/victory/Robot-Operating-System/python_ws/src/package_that_uses_package_with_interfaces', 'symlink_install': False, 'test_result_base': None}
[1.191s] Level 5:colcon.colcon_core.verb:set package 'package_with_configurable_nodes' build argument 'cmake_args' from command line to 'None'
[1.191s] Level 5:colcon.colcon_core.verb:set package 'package_with_configurable_nodes' build argument 'cmake_target' from command line to 'None'
[1.191s] Level 5:colcon.colcon_core.verb:set package 'package_with_configurable_nodes' build argument 'cmake_target_skip_unavailable' from command line to 'False'
[1.191s] Level 5:colcon.colcon_core.verb:set package 'package_with_configurable_nodes' build argument 'cmake_clean_cache' from command line to 'False'
[1.191s] Level 5:colcon.colcon_core.verb:set package 'package_with_configurable_nodes' build argument 'cmake_clean_first' from command line to 'False'
[1.191s] Level 5:colcon.colcon_core.verb:set package 'package_with_configurable_nodes' build argument 'cmake_force_configure' from command line to 'False'
[1.191s] Level 5:colcon.colcon_core.verb:set package 'package_with_configurable_nodes' build argument 'ament_cmake_args' from command line to 'None'
[1.191s] Level 5:colcon.colcon_core.verb:set package 'package_with_configurable_nodes' build argument 'catkin_cmake_args' from command line to 'None'
[1.191s] Level 5:colcon.colcon_core.verb:set package 'package_with_configurable_nodes' build argument 'catkin_skip_building_tests' from command line to 'False'
[1.191s] DEBUG:colcon.colcon_core.verb:Building package 'package_with_configurable_nodes' with the following arguments: {'ament_cmake_args': None, 'build_base': '/home/victory/Robot-Operating-System/python_ws/build/package_with_configurable_nodes', 'catkin_cmake_args': None, 'catkin_skip_building_tests': False, 'cmake_args': None, 'cmake_clean_cache': False, 'cmake_clean_first': False, 'cmake_force_configure': False, 'cmake_target': None, 'cmake_target_skip_unavailable': False, 'install_base': '/home/victory/Robot-Operating-System/python_ws/install/package_with_configurable_nodes', 'merge_install': False, 'path': '/home/victory/Robot-Operating-System/python_ws/src/package_with_configurable_nodes', 'symlink_install': False, 'test_result_base': None}
[1.192s] Level 5:colcon.colcon_core.verb:set package 'python_package_that_uses_parameters_and_launch_files' build argument 'cmake_args' from command line to 'None'
[1.192s] Level 5:colcon.colcon_core.verb:set package 'python_package_that_uses_parameters_and_launch_files' build argument 'cmake_target' from command line to 'None'
[1.192s] Level 5:colcon.colcon_core.verb:set package 'python_package_that_uses_parameters_and_launch_files' build argument 'cmake_target_skip_unavailable' from command line to 'False'
[1.192s] Level 5:colcon.colcon_core.verb:set package 'python_package_that_uses_parameters_and_launch_files' build argument 'cmake_clean_cache' from command line to 'False'
[1.192s] Level 5:colcon.colcon_core.verb:set package 'python_package_that_uses_parameters_and_launch_files' build argument 'cmake_clean_first' from command line to 'False'
[1.192s] Level 5:colcon.colcon_core.verb:set package 'python_package_that_uses_parameters_and_launch_files' build argument 'cmake_force_configure' from command line to 'False'
[1.192s] Level 5:colcon.colcon_core.verb:set package 'python_package_that_uses_parameters_and_launch_files' build argument 'ament_cmake_args' from command line to 'None'
[1.192s] Level 5:colcon.colcon_core.verb:set package 'python_package_that_uses_parameters_and_launch_files' build argument 'catkin_cmake_args' from command line to 'None'
[1.192s] Level 5:colcon.colcon_core.verb:set package 'python_package_that_uses_parameters_and_launch_files' build argument 'catkin_skip_building_tests' from command line to 'False'
[1.192s] DEBUG:colcon.colcon_core.verb:Building package 'python_package_that_uses_parameters_and_launch_files' with the following arguments: {'ament_cmake_args': None, 'build_base': '/home/victory/Robot-Operating-System/python_ws/build/python_package_that_uses_parameters_and_launch_files', 'catkin_cmake_args': None, 'catkin_skip_building_tests': False, 'cmake_args': None, 'cmake_clean_cache': False, 'cmake_clean_first': False, 'cmake_force_configure': False, 'cmake_target': None, 'cmake_target_skip_unavailable': False, 'install_base': '/home/victory/Robot-Operating-System/python_ws/install/python_package_that_uses_parameters_and_launch_files', 'merge_install': False, 'path': '/home/victory/Robot-Operating-System/python_ws/src/python_package_that_uses_parameters_and_launch_files', 'symlink_install': False, 'test_result_base': None}
[1.192s] INFO:colcon.colcon_core.executor:Executing jobs using 'parallel' executor
[1.194s] DEBUG:colcon.colcon_parallel_executor.executor.parallel:run_until_complete
[1.194s] INFO:colcon.colcon_ros.task.ament_cmake.build:Building ROS package in '/home/victory/Robot-Operating-System/python_ws/src/package_with_interfaces' with build type 'ament_cmake'
[1.194s] INFO:colcon.colcon_cmake.task.cmake.build:Building CMake package in '/home/victory/Robot-Operating-System/python_ws/src/package_with_interfaces'
[1.199s] INFO:colcon.colcon_core.plugin_system:Skipping extension 'colcon_core.shell.bat': Not used on non-Windows systems
[1.200s] INFO:colcon.colcon_core.shell:Skip shell extension 'powershell' for command environment: Not usable outside of PowerShell
[1.200s] DEBUG:colcon.colcon_core.shell:Skip shell extension 'dsv' for command environment
[1.205s] INFO:colcon.colcon_ros.task.ament_python.build:Building ROS package in '/home/victory/Robot-Operating-System/python_ws/src/motor_distance_sensor_package' with build type 'ament_python'
[1.205s] Level 1:colcon.colcon_core.shell:create_environment_hook('motor_distance_sensor_package', 'ament_prefix_path')
[1.206s] INFO:colcon.colcon_core.shell:Creating environment hook '/home/victory/Robot-Operating-System/python_ws/install/motor_distance_sensor_package/share/motor_distance_sensor_package/hook/ament_prefix_path.ps1'
[1.208s] INFO:colcon.colcon_core.shell:Creating environment descriptor '/home/victory/Robot-Operating-System/python_ws/install/motor_distance_sensor_package/share/motor_distance_sensor_package/hook/ament_prefix_path.dsv'
[1.209s] INFO:colcon.colcon_core.shell:Creating environment hook '/home/victory/Robot-Operating-System/python_ws/install/motor_distance_sensor_package/share/motor_distance_sensor_package/hook/ament_prefix_path.sh'
[1.210s] INFO:colcon.colcon_core.shell:Skip shell extension 'powershell' for command environment: Not usable outside of PowerShell
[1.210s] DEBUG:colcon.colcon_core.shell:Skip shell extension 'dsv' for command environment
[1.216s] INFO:colcon.colcon_ros.task.ament_python.build:Building ROS package in '/home/victory/Robot-Operating-System/python_ws/src/positio_encoder_decoder_python_package' with build type 'ament_python'
[1.219s] Level 1:colcon.colcon_core.shell:create_environment_hook('positio_encoder_decoder_python_package', 'ament_prefix_path')
[1.220s] INFO:colcon.colcon_core.shell:Creating environment hook '/home/victory/Robot-Operating-System/python_ws/install/positio_encoder_decoder_python_package/share/positio_encoder_decoder_python_package/hook/ament_prefix_path.ps1'
[1.221s] INFO:colcon.colcon_core.shell:Creating environment descriptor '/home/victory/Robot-Operating-System/python_ws/install/positio_encoder_decoder_python_package/share/positio_encoder_decoder_python_package/hook/ament_prefix_path.dsv'
[1.222s] INFO:colcon.colcon_core.shell:Creating environment hook '/home/victory/Robot-Operating-System/python_ws/install/positio_encoder_decoder_python_package/share/positio_encoder_decoder_python_package/hook/ament_prefix_path.sh'
[1.223s] INFO:colcon.colcon_core.shell:Skip shell extension 'powershell' for command environment: Not usable outside of PowerShell
[1.224s] DEBUG:colcon.colcon_core.shell:Skip shell extension 'dsv' for command environment
[1.245s] DEBUG:colcon.colcon_core.event_handler.log_command:Invoking command in '/home/victory/Robot-Operating-System/python_ws/build/package_with_interfaces': CMAKE_PREFIX_PATH=${CMAKE_PREFIX_PATH}:/home/victory/Robot-Operating-System/python_ws/install/python_package_that_uses_parameters_and_launch_files:/home/victory/Robot-Operating-System/python_ws/install/positio_encoder_decoder_python_package:/home/victory/Robot-Operating-System/python_ws/install/package_with_configurable_nodes:/home/victory/Robot-Operating-System/python_ws/install/package_that_uses_package_with_interfaces:/home/victory/Robot-Operating-System/python_ws/install/motor_distance_sensor_package:/opt/ros/humble /home/linuxbrew/.linuxbrew/bin/cmake --build /home/victory/Robot-Operating-System/python_ws/build/package_with_interfaces -- -j4 -l4
[1.752s] INFO:colcon.colcon_core.task.python.build:Building Python package in '/home/victory/Robot-Operating-System/python_ws/src/motor_distance_sensor_package'
[1.753s] INFO:colcon.colcon_core.shell:Skip shell extension 'powershell' for command environment: Not usable outside of PowerShell
[1.753s] DEBUG:colcon.colcon_core.shell:Skip shell extension 'dsv' for command environment
[2.155s] INFO:colcon.colcon_core.task.python.build:Building Python package in '/home/victory/Robot-Operating-System/python_ws/src/positio_encoder_decoder_python_package'
[2.156s] INFO:colcon.colcon_core.shell:Skip shell extension 'powershell' for command environment: Not usable outside of PowerShell
[2.156s] DEBUG:colcon.colcon_core.shell:Skip shell extension 'dsv' for command environment
[2.166s] DEBUG:colcon.colcon_core.event_handler.log_command:Invoked command in '/home/victory/Robot-Operating-System/python_ws/build/package_with_interfaces' returned '0': CMAKE_PREFIX_PATH=${CMAKE_PREFIX_PATH}:/home/victory/Robot-Operating-System/python_ws/install/python_package_that_uses_parameters_and_launch_files:/home/victory/Robot-Operating-System/python_ws/install/positio_encoder_decoder_python_package:/home/victory/Robot-Operating-System/python_ws/install/package_with_configurable_nodes:/home/victory/Robot-Operating-System/python_ws/install/package_that_uses_package_with_interfaces:/home/victory/Robot-Operating-System/python_ws/install/motor_distance_sensor_package:/opt/ros/humble /home/linuxbrew/.linuxbrew/bin/cmake --build /home/victory/Robot-Operating-System/python_ws/build/package_with_interfaces -- -j4 -l4
[2.379s] DEBUG:colcon.colcon_core.event_handler.log_command:Invoking command in '/home/victory/Robot-Operating-System/python_ws/build/package_with_interfaces': CMAKE_PREFIX_PATH=${CMAKE_PREFIX_PATH}:/home/victory/Robot-Operating-System/python_ws/install/python_package_that_uses_parameters_and_launch_files:/home/victory/Robot-Operating-System/python_ws/install/positio_encoder_decoder_python_package:/home/victory/Robot-Operating-System/python_ws/install/package_with_configurable_nodes:/home/victory/Robot-Operating-System/python_ws/install/package_that_uses_package_with_interfaces:/home/victory/Robot-Operating-System/python_ws/install/motor_distance_sensor_package:/opt/ros/humble /home/linuxbrew/.linuxbrew/bin/cmake --install /home/victory/Robot-Operating-System/python_ws/build/package_with_interfaces
[2.485s] Level 1:colcon.colcon_core.environment:create_environment_scripts_only(package_with_interfaces)
[2.493s] DEBUG:colcon.colcon_core.event_handler.log_command:Invoked command in '/home/victory/Robot-Operating-System/python_ws/build/package_with_interfaces' returned '0': CMAKE_PREFIX_PATH=${CMAKE_PREFIX_PATH}:/home/victory/Robot-Operating-System/python_ws/install/python_package_that_uses_parameters_and_launch_files:/home/victory/Robot-Operating-System/python_ws/install/positio_encoder_decoder_python_package:/home/victory/Robot-Operating-System/python_ws/install/package_with_configurable_nodes:/home/victory/Robot-Operating-System/python_ws/install/package_that_uses_package_with_interfaces:/home/victory/Robot-Operating-System/python_ws/install/motor_distance_sensor_package:/opt/ros/humble /home/linuxbrew/.linuxbrew/bin/cmake --install /home/victory/Robot-Operating-System/python_ws/build/package_with_interfaces
[2.497s] Level 1:colcon.colcon_core.environment:checking '/home/victory/Robot-Operating-System/python_ws/install/package_with_interfaces' for CMake module files
[2.500s] Level 1:colcon.colcon_core.environment:checking '/home/victory/Robot-Operating-System/python_ws/install/package_with_interfaces' for CMake config files
[2.501s] Level 1:colcon.colcon_core.shell:create_environment_hook('package_with_interfaces', 'cmake_prefix_path')
[2.502s] INFO:colcon.colcon_core.shell:Creating environment hook '/home/victory/Robot-Operating-System/python_ws/install/package_with_interfaces/share/package_with_interfaces/hook/cmake_prefix_path.ps1'
[2.503s] INFO:colcon.colcon_core.shell:Creating environment descriptor '/home/victory/Robot-Operating-System/python_ws/install/package_with_interfaces/share/package_with_interfaces/hook/cmake_prefix_path.dsv'
[2.503s] INFO:colcon.colcon_core.shell:Creating environment hook '/home/victory/Robot-Operating-System/python_ws/install/package_with_interfaces/share/package_with_interfaces/hook/cmake_prefix_path.sh'
[2.505s] Level 1:colcon.colcon_core.environment:checking '/home/victory/Robot-Operating-System/python_ws/install/package_with_interfaces/lib'
[2.505s] Level 1:colcon.colcon_core.shell:create_environment_hook('package_with_interfaces', 'ld_library_path_lib')
[2.506s] INFO:colcon.colcon_core.shell:Creating environment hook '/home/victory/Robot-Operating-System/python_ws/install/package_with_interfaces/share/package_with_interfaces/hook/ld_library_path_lib.ps1'
[2.506s] INFO:colcon.colcon_core.shell:Creating environment descriptor '/home/victory/Robot-Operating-System/python_ws/install/package_with_interfaces/share/package_with_interfaces/hook/ld_library_path_lib.dsv'
[2.507s] INFO:colcon.colcon_core.shell:Creating environment hook '/home/victory/Robot-Operating-System/python_ws/install/package_with_interfaces/share/package_with_interfaces/hook/ld_library_path_lib.sh'
[2.508s] Level 1:colcon.colcon_core.environment:checking '/home/victory/Robot-Operating-System/python_ws/install/package_with_interfaces/bin'
[2.508s] Level 1:colcon.colcon_core.environment:checking '/home/victory/Robot-Operating-System/python_ws/install/package_with_interfaces/lib/pkgconfig/package_with_interfaces.pc'
[2.509s] Level 1:colcon.colcon_core.environment:checking '/home/victory/Robot-Operating-System/python_ws/install/package_with_interfaces/lib/python3.10/site-packages'
[2.510s] Level 1:colcon.colcon_core.environment:checking '/home/victory/Robot-Operating-System/python_ws/install/package_with_interfaces/bin'
[2.511s] INFO:colcon.colcon_core.shell:Creating package script '/home/victory/Robot-Operating-System/python_ws/install/package_with_interfaces/share/package_with_interfaces/package.ps1'
[2.513s] INFO:colcon.colcon_core.shell:Creating package descriptor '/home/victory/Robot-Operating-System/python_ws/install/package_with_interfaces/share/package_with_interfaces/package.dsv'
[2.514s] INFO:colcon.colcon_core.shell:Creating package script '/home/victory/Robot-Operating-System/python_ws/install/package_with_interfaces/share/package_with_interfaces/package.sh'
[2.516s] INFO:colcon.colcon_core.shell:Creating package script '/home/victory/Robot-Operating-System/python_ws/install/package_with_interfaces/share/package_with_interfaces/package.bash'
[2.518s] INFO:colcon.colcon_core.shell:Creating package script '/home/victory/Robot-Operating-System/python_ws/install/package_with_interfaces/share/package_with_interfaces/package.zsh'
[2.520s] Level 1:colcon.colcon_core.environment:create_file_with_runtime_dependencies(/home/victory/Robot-Operating-System/python_ws/install/package_with_interfaces/share/colcon-core/packages/package_with_interfaces)
[2.679s] Level 1:colcon.colcon_core.environment:create_environment_scripts_only(package_with_interfaces)
[2.680s] Level 1:colcon.colcon_core.environment:checking '/home/victory/Robot-Operating-System/python_ws/install/package_with_interfaces' for CMake module files
[2.681s] Level 1:colcon.colcon_core.environment:checking '/home/victory/Robot-Operating-System/python_ws/install/package_with_interfaces' for CMake config files
[2.682s] Level 1:colcon.colcon_core.shell:create_environment_hook('package_with_interfaces', 'cmake_prefix_path')
[2.683s] INFO:colcon.colcon_core.shell:Creating environment hook '/home/victory/Robot-Operating-System/python_ws/install/package_with_interfaces/share/package_with_interfaces/hook/cmake_prefix_path.ps1'
[2.683s] INFO:colcon.colcon_core.shell:Creating environment descriptor '/home/victory/Robot-Operating-System/python_ws/install/package_with_interfaces/share/package_with_interfaces/hook/cmake_prefix_path.dsv'
[2.684s] INFO:colcon.colcon_core.shell:Creating environment hook '/home/victory/Robot-Operating-System/python_ws/install/package_with_interfaces/share/package_with_interfaces/hook/cmake_prefix_path.sh'
[2.685s] Level 1:colcon.colcon_core.environment:checking '/home/victory/Robot-Operating-System/python_ws/install/package_with_interfaces/lib'
[2.685s] Level 1:colcon.colcon_core.shell:create_environment_hook('package_with_interfaces', 'ld_library_path_lib')
[2.686s] INFO:colcon.colcon_core.shell:Creating environment hook '/home/victory/Robot-Operating-System/python_ws/install/package_with_interfaces/share/package_with_interfaces/hook/ld_library_path_lib.ps1'
[2.687s] INFO:colcon.colcon_core.shell:Creating environment descriptor '/home/victory/Robot-Operating-System/python_ws/install/package_with_interfaces/share/package_with_interfaces/hook/ld_library_path_lib.dsv'
[2.688s] INFO:colcon.colcon_core.shell:Creating environment hook '/home/victory/Robot-Operating-System/python_ws/install/package_with_interfaces/share/package_with_interfaces/hook/ld_library_path_lib.sh'
[2.689s] Level 1:colcon.colcon_core.environment:checking '/home/victory/Robot-Operating-System/python_ws/install/package_with_interfaces/bin'
[2.689s] Level 1:colcon.colcon_core.environment:checking '/home/victory/Robot-Operating-System/python_ws/install/package_with_interfaces/lib/pkgconfig/package_with_interfaces.pc'
[2.690s] Level 1:colcon.colcon_core.environment:checking '/home/victory/Robot-Operating-System/python_ws/install/package_with_interfaces/lib/python3.10/site-packages'
[2.690s] Level 1:colcon.colcon_core.environment:checking '/home/victory/Robot-Operating-System/python_ws/install/package_with_interfaces/bin'
[2.691s] INFO:colcon.colcon_core.shell:Creating package script '/home/victory/Robot-Operating-System/python_ws/install/package_with_interfaces/share/package_with_interfaces/package.ps1'
[2.692s] INFO:colcon.colcon_core.shell:Creating package descriptor '/home/victory/Robot-Operating-System/python_ws/install/package_with_interfaces/share/package_with_interfaces/package.dsv'
[2.694s] INFO:colcon.colcon_core.shell:Creating package script '/home/victory/Robot-Operating-System/python_ws/install/package_with_interfaces/share/package_with_interfaces/package.sh'
[2.695s] INFO:colcon.colcon_core.shell:Creating package script '/home/victory/Robot-Operating-System/python_ws/install/package_with_interfaces/share/package_with_interfaces/package.bash'
[2.696s] INFO:colcon.colcon_core.shell:Creating package script '/home/victory/Robot-Operating-System/python_ws/install/package_with_interfaces/share/package_with_interfaces/package.zsh'
[2.697s] Level 1:colcon.colcon_core.environment:create_file_with_runtime_dependencies(/home/victory/Robot-Operating-System/python_ws/install/package_with_interfaces/share/colcon-core/packages/package_with_interfaces)
[2.698s] INFO:colcon.colcon_ros.task.ament_python.build:Building ROS package in '/home/victory/Robot-Operating-System/python_ws/src/package_that_uses_package_with_interfaces' with build type 'ament_python'
[2.698s] Level 1:colcon.colcon_core.shell:create_environment_hook('package_that_uses_package_with_interfaces', 'ament_prefix_path')
[2.699s] INFO:colcon.colcon_core.shell:Creating environment hook '/home/victory/Robot-Operating-System/python_ws/install/package_that_uses_package_with_interfaces/share/package_that_uses_package_with_interfaces/hook/ament_prefix_path.ps1'
[2.701s] INFO:colcon.colcon_core.shell:Creating environment descriptor '/home/victory/Robot-Operating-System/python_ws/install/package_that_uses_package_with_interfaces/share/package_that_uses_package_with_interfaces/hook/ament_prefix_path.dsv'
[2.702s] INFO:colcon.colcon_core.shell:Creating environment hook '/home/victory/Robot-Operating-System/python_ws/install/package_that_uses_package_with_interfaces/share/package_that_uses_package_with_interfaces/hook/ament_prefix_path.sh'
[2.703s] INFO:colcon.colcon_core.shell:Skip shell extension 'powershell' for command environment: Not usable outside of PowerShell
[2.703s] DEBUG:colcon.colcon_core.shell:Skip shell extension 'dsv' for command environment
[2.715s] INFO:colcon.colcon_ros.task.ament_python.build:Building ROS package in '/home/victory/Robot-Operating-System/python_ws/src/package_with_configurable_nodes' with build type 'ament_python'
[2.715s] Level 1:colcon.colcon_core.shell:create_environment_hook('package_with_configurable_nodes', 'ament_prefix_path')
[2.716s] INFO:colcon.colcon_core.shell:Creating environment hook '/home/victory/Robot-Operating-System/python_ws/install/package_with_configurable_nodes/share/package_with_configurable_nodes/hook/ament_prefix_path.ps1'
[2.717s] INFO:colcon.colcon_core.shell:Creating environment descriptor '/home/victory/Robot-Operating-System/python_ws/install/package_with_configurable_nodes/share/package_with_configurable_nodes/hook/ament_prefix_path.dsv'
[2.718s] INFO:colcon.colcon_core.shell:Creating environment hook '/home/victory/Robot-Operating-System/python_ws/install/package_with_configurable_nodes/share/package_with_configurable_nodes/hook/ament_prefix_path.sh'
[2.723s] INFO:colcon.colcon_core.shell:Skip shell extension 'powershell' for command environment: Not usable outside of PowerShell
[2.726s] DEBUG:colcon.colcon_core.shell:Skip shell extension 'dsv' for command environment
[3.683s] INFO:colcon.colcon_core.task.python.build:Building Python package in '/home/victory/Robot-Operating-System/python_ws/src/package_that_uses_package_with_interfaces'
[3.683s] INFO:colcon.colcon_core.shell:Skip shell extension 'powershell' for command environment: Not usable outside of PowerShell
[3.683s] DEBUG:colcon.colcon_core.shell:Skip shell extension 'dsv' for command environment
[4.228s] INFO:colcon.colcon_core.task.python.build:Building Python package in '/home/victory/Robot-Operating-System/python_ws/src/package_with_configurable_nodes'
[4.228s] INFO:colcon.colcon_core.shell:Skip shell extension 'powershell' for command environment: Not usable outside of PowerShell
[4.228s] DEBUG:colcon.colcon_core.shell:Skip shell extension 'dsv' for command environment
[4.246s] DEBUG:colcon.colcon_core.event_handler.log_command:Invoking command in '/home/victory/Robot-Operating-System/python_ws/src/motor_distance_sensor_package': PYTHONPATH=/home/victory/Robot-Operating-System/python_ws/build/motor_distance_sensor_package/prefix_override:/usr/lib/python3/dist-packages/colcon_core/task/python/colcon_distutils_commands:/home/victory/Robot-Operating-System/python_ws/install/motor_distance_sensor_package/lib/python3.10/site-packages:${PYTHONPATH} /usr/bin/python3 -W ignore:setup.py install is deprecated setup.py egg_info --egg-base ../../build/motor_distance_sensor_package build --build-base /home/victory/Robot-Operating-System/python_ws/build/motor_distance_sensor_package/build install --record /home/victory/Robot-Operating-System/python_ws/build/motor_distance_sensor_package/install.log --single-version-externally-managed install_data
[4.248s] DEBUG:colcon.colcon_core.event_handler.log_command:Invoking command in '/home/victory/Robot-Operating-System/python_ws/src/positio_encoder_decoder_python_package': PYTHONPATH=/home/victory/Robot-Operating-System/python_ws/build/positio_encoder_decoder_python_package/prefix_override:/usr/lib/python3/dist-packages/colcon_core/task/python/colcon_distutils_commands:/home/victory/Robot-Operating-System/python_ws/install/positio_encoder_decoder_python_package/lib/python3.10/site-packages:${PYTHONPATH} /usr/bin/python3 -W ignore:setup.py install is deprecated setup.py egg_info --egg-base ../../build/positio_encoder_decoder_python_package build --build-base /home/victory/Robot-Operating-System/python_ws/build/positio_encoder_decoder_python_package/build install --record /home/victory/Robot-Operating-System/python_ws/build/positio_encoder_decoder_python_package/install.log --single-version-externally-managed install_data
[5.252s] Level 1:colcon.colcon_core.environment:checking '/home/victory/Robot-Operating-System/python_ws/install/positio_encoder_decoder_python_package' for CMake module files
[5.253s] Level 1:colcon.colcon_core.environment:checking '/home/victory/Robot-Operating-System/python_ws/install/positio_encoder_decoder_python_package' for CMake config files
[5.254s] Level 1:colcon.colcon_core.environment:checking '/home/victory/Robot-Operating-System/python_ws/install/positio_encoder_decoder_python_package/lib'
[5.255s] Level 1:colcon.colcon_core.environment:checking '/home/victory/Robot-Operating-System/python_ws/install/positio_encoder_decoder_python_package/bin'
[5.255s] Level 1:colcon.colcon_core.environment:checking '/home/victory/Robot-Operating-System/python_ws/install/positio_encoder_decoder_python_package/lib/pkgconfig/positio_encoder_decoder_python_package.pc'
[5.256s] Level 1:colcon.colcon_core.environment:checking '/home/victory/Robot-Operating-System/python_ws/install/positio_encoder_decoder_python_package/lib/python3.10/site-packages'
[5.256s] Level 1:colcon.colcon_core.shell:create_environment_hook('positio_encoder_decoder_python_package', 'pythonpath')
[5.257s] INFO:colcon.colcon_core.shell:Creating environment hook '/home/victory/Robot-Operating-System/python_ws/install/positio_encoder_decoder_python_package/share/positio_encoder_decoder_python_package/hook/pythonpath.ps1'
[5.260s] INFO:colcon.colcon_core.shell:Creating environment descriptor '/home/victory/Robot-Operating-System/python_ws/install/positio_encoder_decoder_python_package/share/positio_encoder_decoder_python_package/hook/pythonpath.dsv'
[5.261s] INFO:colcon.colcon_core.shell:Creating environment hook '/home/victory/Robot-Operating-System/python_ws/install/positio_encoder_decoder_python_package/share/positio_encoder_decoder_python_package/hook/pythonpath.sh'
[5.263s] DEBUG:colcon.colcon_core.event_handler.log_command:Invoked command in '/home/victory/Robot-Operating-System/python_ws/src/positio_encoder_decoder_python_package' returned '0': PYTHONPATH=/home/victory/Robot-Operating-System/python_ws/build/positio_encoder_decoder_python_package/prefix_override:/usr/lib/python3/dist-packages/colcon_core/task/python/colcon_distutils_commands:/home/victory/Robot-Operating-System/python_ws/install/positio_encoder_decoder_python_package/lib/python3.10/site-packages:${PYTHONPATH} /usr/bin/python3 -W ignore:setup.py install is deprecated setup.py egg_info --egg-base ../../build/positio_encoder_decoder_python_package build --build-base /home/victory/Robot-Operating-System/python_ws/build/positio_encoder_decoder_python_package/build install --record /home/victory/Robot-Operating-System/python_ws/build/positio_encoder_decoder_python_package/install.log --single-version-externally-managed install_data
[5.265s] Level 1:colcon.colcon_core.environment:checking '/home/victory/Robot-Operating-System/python_ws/install/positio_encoder_decoder_python_package/bin'
[5.265s] Level 1:colcon.colcon_core.environment:create_environment_scripts_only(positio_encoder_decoder_python_package)
[5.266s] INFO:colcon.colcon_core.shell:Creating package script '/home/victory/Robot-Operating-System/python_ws/install/positio_encoder_decoder_python_package/share/positio_encoder_decoder_python_package/package.ps1'
[5.267s] INFO:colcon.colcon_core.shell:Creating package descriptor '/home/victory/Robot-Operating-System/python_ws/install/positio_encoder_decoder_python_package/share/positio_encoder_decoder_python_package/package.dsv'
[5.269s] INFO:colcon.colcon_core.shell:Creating package script '/home/victory/Robot-Operating-System/python_ws/install/positio_encoder_decoder_python_package/share/positio_encoder_decoder_python_package/package.sh'
[5.270s] INFO:colcon.colcon_core.shell:Creating package script '/home/victory/Robot-Operating-System/python_ws/install/positio_encoder_decoder_python_package/share/positio_encoder_decoder_python_package/package.bash'
[5.273s] INFO:colcon.colcon_core.shell:Creating package script '/home/victory/Robot-Operating-System/python_ws/install/positio_encoder_decoder_python_package/share/positio_encoder_decoder_python_package/package.zsh'
[5.274s] Level 1:colcon.colcon_core.environment:create_file_with_runtime_dependencies(/home/victory/Robot-Operating-System/python_ws/install/positio_encoder_decoder_python_package/share/colcon-core/packages/positio_encoder_decoder_python_package)
[5.275s] INFO:colcon.colcon_ros.task.ament_python.build:Building ROS package in '/home/victory/Robot-Operating-System/python_ws/src/python_package_that_uses_parameters_and_launch_files' with build type 'ament_python'
[5.275s] Level 1:colcon.colcon_core.shell:create_environment_hook('python_package_that_uses_parameters_and_launch_files', 'ament_prefix_path')
[5.276s] INFO:colcon.colcon_core.shell:Creating environment hook '/home/victory/Robot-Operating-System/python_ws/install/python_package_that_uses_parameters_and_launch_files/share/python_package_that_uses_parameters_and_launch_files/hook/ament_prefix_path.ps1'
[5.277s] INFO:colcon.colcon_core.shell:Creating environment descriptor '/home/victory/Robot-Operating-System/python_ws/install/python_package_that_uses_parameters_and_launch_files/share/python_package_that_uses_parameters_and_launch_files/hook/ament_prefix_path.dsv'
[5.277s] INFO:colcon.colcon_core.shell:Creating environment hook '/home/victory/Robot-Operating-System/python_ws/install/python_package_that_uses_parameters_and_launch_files/share/python_package_that_uses_parameters_and_launch_files/hook/ament_prefix_path.sh'
[5.278s] INFO:colcon.colcon_core.shell:Skip shell extension 'powershell' for command environment: Not usable outside of PowerShell
[5.278s] DEBUG:colcon.colcon_core.shell:Skip shell extension 'dsv' for command environment
[5.296s] Level 1:colcon.colcon_core.environment:checking '/home/victory/Robot-Operating-System/python_ws/install/motor_distance_sensor_package' for CMake module files
[5.298s] DEBUG:colcon.colcon_core.event_handler.log_command:Invoked command in '/home/victory/Robot-Operating-System/python_ws/src/motor_distance_sensor_package' returned '0': PYTHONPATH=/home/victory/Robot-Operating-System/python_ws/build/motor_distance_sensor_package/prefix_override:/usr/lib/python3/dist-packages/colcon_core/task/python/colcon_distutils_commands:/home/victory/Robot-Operating-System/python_ws/install/motor_distance_sensor_package/lib/python3.10/site-packages:${PYTHONPATH} /usr/bin/python3 -W ignore:setup.py install is deprecated setup.py egg_info --egg-base ../../build/motor_distance_sensor_package build --build-base /home/victory/Robot-Operating-System/python_ws/build/motor_distance_sensor_package/build install --record /home/victory/Robot-Operating-System/python_ws/build/motor_distance_sensor_package/install.log --single-version-externally-managed install_data
[5.299s] Level 1:colcon.colcon_core.environment:checking '/home/victory/Robot-Operating-System/python_ws/install/motor_distance_sensor_package' for CMake config files
[5.300s] Level 1:colcon.colcon_core.environment:checking '/home/victory/Robot-Operating-System/python_ws/install/motor_distance_sensor_package/lib'
[5.303s] Level 1:colcon.colcon_core.environment:checking '/home/victory/Robot-Operating-System/python_ws/install/motor_distance_sensor_package/bin'
[5.304s] Level 1:colcon.colcon_core.environment:checking '/home/victory/Robot-Operating-System/python_ws/install/motor_distance_sensor_package/lib/pkgconfig/motor_distance_sensor_package.pc'
[5.304s] Level 1:colcon.colcon_core.environment:checking '/home/victory/Robot-Operating-System/python_ws/install/motor_distance_sensor_package/lib/python3.10/site-packages'
[5.304s] Level 1:colcon.colcon_core.shell:create_environment_hook('motor_distance_sensor_package', 'pythonpath')
[5.305s] INFO:colcon.colcon_core.shell:Creating environment hook '/home/victory/Robot-Operating-System/python_ws/install/motor_distance_sensor_package/share/motor_distance_sensor_package/hook/pythonpath.ps1'
[5.307s] INFO:colcon.colcon_core.shell:Creating environment descriptor '/home/victory/Robot-Operating-System/python_ws/install/motor_distance_sensor_package/share/motor_distance_sensor_package/hook/pythonpath.dsv'
[5.308s] INFO:colcon.colcon_core.shell:Creating environment hook '/home/victory/Robot-Operating-System/python_ws/install/motor_distance_sensor_package/share/motor_distance_sensor_package/hook/pythonpath.sh'
[5.311s] Level 1:colcon.colcon_core.environment:checking '/home/victory/Robot-Operating-System/python_ws/install/motor_distance_sensor_package/bin'
[5.311s] Level 1:colcon.colcon_core.environment:create_environment_scripts_only(motor_distance_sensor_package)
[5.312s] INFO:colcon.colcon_core.shell:Creating package script '/home/victory/Robot-Operating-System/python_ws/install/motor_distance_sensor_package/share/motor_distance_sensor_package/package.ps1'
[5.314s] INFO:colcon.colcon_core.shell:Creating package descriptor '/home/victory/Robot-Operating-System/python_ws/install/motor_distance_sensor_package/share/motor_distance_sensor_package/package.dsv'
[5.315s] INFO:colcon.colcon_core.shell:Creating package script '/home/victory/Robot-Operating-System/python_ws/install/motor_distance_sensor_package/share/motor_distance_sensor_package/package.sh'
[5.316s] INFO:colcon.colcon_core.shell:Creating package script '/home/victory/Robot-Operating-System/python_ws/install/motor_distance_sensor_package/share/motor_distance_sensor_package/package.bash'
[5.317s] INFO:colcon.colcon_core.shell:Creating package script '/home/victory/Robot-Operating-System/python_ws/install/motor_distance_sensor_package/share/motor_distance_sensor_package/package.zsh'
[5.318s] Level 1:colcon.colcon_core.environment:create_file_with_runtime_dependencies(/home/victory/Robot-Operating-System/python_ws/install/motor_distance_sensor_package/share/colcon-core/packages/motor_distance_sensor_package)
[5.420s] DEBUG:colcon.colcon_core.event_handler.log_command:Invoking command in '/home/victory/Robot-Operating-System/python_ws/src/package_that_uses_package_with_interfaces': PYTHONPATH=/home/victory/Robot-Operating-System/python_ws/build/package_that_uses_package_with_interfaces/prefix_override:/usr/lib/python3/dist-packages/colcon_core/task/python/colcon_distutils_commands:/home/victory/Robot-Operating-System/python_ws/install/package_that_uses_package_with_interfaces/lib/python3.10/site-packages:${PYTHONPATH} /usr/bin/python3 -W ignore:setup.py install is deprecated setup.py egg_info --egg-base ../../build/package_that_uses_package_with_interfaces build --build-base /home/victory/Robot-Operating-System/python_ws/build/package_that_uses_package_with_interfaces/build install --record /home/victory/Robot-Operating-System/python_ws/build/package_that_uses_package_with_interfaces/install.log --single-version-externally-managed install_data
[6.116s] INFO:colcon.colcon_core.task.python.build:Building Python package in '/home/victory/Robot-Operating-System/python_ws/src/python_package_that_uses_parameters_and_launch_files'
[6.117s] INFO:colcon.colcon_core.shell:Skip shell extension 'powershell' for command environment: Not usable outside of PowerShell
[6.117s] DEBUG:colcon.colcon_core.shell:Skip shell extension 'dsv' for command environment
[6.131s] Level 1:colcon.colcon_core.environment:checking '/home/victory/Robot-Operating-System/python_ws/install/package_that_uses_package_with_interfaces' for CMake module files
[6.135s] Level 1:colcon.colcon_core.environment:checking '/home/victory/Robot-Operating-System/python_ws/install/package_that_uses_package_with_interfaces' for CMake config files
[6.136s] DEBUG:colcon.colcon_core.event_handler.log_command:Invoking command in '/home/victory/Robot-Operating-System/python_ws/src/package_with_configurable_nodes': PYTHONPATH=/home/victory/Robot-Operating-System/python_ws/build/package_with_configurable_nodes/prefix_override:/usr/lib/python3/dist-packages/colcon_core/task/python/colcon_distutils_commands:/home/victory/Robot-Operating-System/python_ws/install/package_with_configurable_nodes/lib/python3.10/site-packages:${PYTHONPATH} /usr/bin/python3 -W ignore:setup.py install is deprecated setup.py egg_info --egg-base ../../build/package_with_configurable_nodes build --build-base /home/victory/Robot-Operating-System/python_ws/build/package_with_configurable_nodes/build install --record /home/victory/Robot-Operating-System/python_ws/build/package_with_configurable_nodes/install.log --single-version-externally-managed install_data
[6.138s] DEBUG:colcon.colcon_core.event_handler.log_command:Invoked command in '/home/victory/Robot-Operating-System/python_ws/src/package_that_uses_package_with_interfaces' returned '0': PYTHONPATH=/home/victory/Robot-Operating-System/python_ws/build/package_that_uses_package_with_interfaces/prefix_override:/usr/lib/python3/dist-packages/colcon_core/task/python/colcon_distutils_commands:/home/victory/Robot-Operating-System/python_ws/install/package_that_uses_package_with_interfaces/lib/python3.10/site-packages:${PYTHONPATH} /usr/bin/python3 -W ignore:setup.py install is deprecated setup.py egg_info --egg-base ../../build/package_that_uses_package_with_interfaces build --build-base /home/victory/Robot-Operating-System/python_ws/build/package_that_uses_package_with_interfaces/build install --record /home/victory/Robot-Operating-System/python_ws/build/package_that_uses_package_with_interfaces/install.log --single-version-externally-managed install_data
[6.139s] Level 1:colcon.colcon_core.environment:checking '/home/victory/Robot-Operating-System/python_ws/install/package_that_uses_package_with_interfaces/lib'
[6.140s] Level 1:colcon.colcon_core.environment:checking '/home/victory/Robot-Operating-System/python_ws/install/package_that_uses_package_with_interfaces/bin'
[6.141s] Level 1:colcon.colcon_core.environment:checking '/home/victory/Robot-Operating-System/python_ws/install/package_that_uses_package_with_interfaces/lib/pkgconfig/package_that_uses_package_with_interfaces.pc'
[6.142s] Level 1:colcon.colcon_core.environment:checking '/home/victory/Robot-Operating-System/python_ws/install/package_that_uses_package_with_interfaces/lib/python3.10/site-packages'
[6.142s] Level 1:colcon.colcon_core.shell:create_environment_hook('package_that_uses_package_with_interfaces', 'pythonpath')
[6.143s] INFO:colcon.colcon_core.shell:Creating environment hook '/home/victory/Robot-Operating-System/python_ws/install/package_that_uses_package_with_interfaces/share/package_that_uses_package_with_interfaces/hook/pythonpath.ps1'
[6.144s] INFO:colcon.colcon_core.shell:Creating environment descriptor '/home/victory/Robot-Operating-System/python_ws/install/package_that_uses_package_with_interfaces/share/package_that_uses_package_with_interfaces/hook/pythonpath.dsv'
[6.145s] INFO:colcon.colcon_core.shell:Creating environment hook '/home/victory/Robot-Operating-System/python_ws/install/package_that_uses_package_with_interfaces/share/package_that_uses_package_with_interfaces/hook/pythonpath.sh'
[6.148s] Level 1:colcon.colcon_core.environment:checking '/home/victory/Robot-Operating-System/python_ws/install/package_that_uses_package_with_interfaces/bin'
[6.148s] Level 1:colcon.colcon_core.environment:create_environment_scripts_only(package_that_uses_package_with_interfaces)
[6.150s] INFO:colcon.colcon_core.shell:Creating package script '/home/victory/Robot-Operating-System/python_ws/install/package_that_uses_package_with_interfaces/share/package_that_uses_package_with_interfaces/package.ps1'
[6.152s] INFO:colcon.colcon_core.shell:Creating package descriptor '/home/victory/Robot-Operating-System/python_ws/install/package_that_uses_package_with_interfaces/share/package_that_uses_package_with_interfaces/package.dsv'
[6.153s] INFO:colcon.colcon_core.shell:Creating package script '/home/victory/Robot-Operating-System/python_ws/install/package_that_uses_package_with_interfaces/share/package_that_uses_package_with_interfaces/package.sh'
[6.155s] INFO:colcon.colcon_core.shell:Creating package script '/home/victory/Robot-Operating-System/python_ws/install/package_that_uses_package_with_interfaces/share/package_that_uses_package_with_interfaces/package.bash'
[6.156s] INFO:colcon.colcon_core.shell:Creating package script '/home/victory/Robot-Operating-System/python_ws/install/package_that_uses_package_with_interfaces/share/package_that_uses_package_with_interfaces/package.zsh'
[6.157s] Level 1:colcon.colcon_core.environment:create_file_with_runtime_dependencies(/home/victory/Robot-Operating-System/python_ws/install/package_that_uses_package_with_interfaces/share/colcon-core/packages/package_that_uses_package_with_interfaces)
[6.825s] Level 1:colcon.colcon_core.environment:checking '/home/victory/Robot-Operating-System/python_ws/install/package_with_configurable_nodes' for CMake module files
[6.827s] DEBUG:colcon.colcon_core.event_handler.log_command:Invoked command in '/home/victory/Robot-Operating-System/python_ws/src/package_with_configurable_nodes' returned '0': PYTHONPATH=/home/victory/Robot-Operating-System/python_ws/build/package_with_configurable_nodes/prefix_override:/usr/lib/python3/dist-packages/colcon_core/task/python/colcon_distutils_commands:/home/victory/Robot-Operating-System/python_ws/install/package_with_configurable_nodes/lib/python3.10/site-packages:${PYTHONPATH} /usr/bin/python3 -W ignore:setup.py install is deprecated setup.py egg_info --egg-base ../../build/package_with_configurable_nodes build --build-base /home/victory/Robot-Operating-System/python_ws/build/package_with_configurable_nodes/build install --record /home/victory/Robot-Operating-System/python_ws/build/package_with_configurable_nodes/install.log --single-version-externally-managed install_data
[6.827s] Level 1:colcon.colcon_core.environment:checking '/home/victory/Robot-Operating-System/python_ws/install/package_with_configurable_nodes' for CMake config files
[6.828s] Level 1:colcon.colcon_core.environment:checking '/home/victory/Robot-Operating-System/python_ws/install/package_with_configurable_nodes/lib'
[6.829s] Level 1:colcon.colcon_core.environment:checking '/home/victory/Robot-Operating-System/python_ws/install/package_with_configurable_nodes/bin'
[6.829s] Level 1:colcon.colcon_core.environment:checking '/home/victory/Robot-Operating-System/python_ws/install/package_with_configurable_nodes/lib/pkgconfig/package_with_configurable_nodes.pc'
[6.829s] Level 1:colcon.colcon_core.environment:checking '/home/victory/Robot-Operating-System/python_ws/install/package_with_configurable_nodes/lib/python3.10/site-packages'
[6.829s] Level 1:colcon.colcon_core.shell:create_environment_hook('package_with_configurable_nodes', 'pythonpath')
[6.829s] INFO:colcon.colcon_core.shell:Creating environment hook '/home/victory/Robot-Operating-System/python_ws/install/package_with_configurable_nodes/share/package_with_configurable_nodes/hook/pythonpath.ps1'
[6.830s] INFO:colcon.colcon_core.shell:Creating environment descriptor '/home/victory/Robot-Operating-System/python_ws/install/package_with_configurable_nodes/share/package_with_configurable_nodes/hook/pythonpath.dsv'
[6.831s] INFO:colcon.colcon_core.shell:Creating environment hook '/home/victory/Robot-Operating-System/python_ws/install/package_with_configurable_nodes/share/package_with_configurable_nodes/hook/pythonpath.sh'
[6.831s] Level 1:colcon.colcon_core.environment:checking '/home/victory/Robot-Operating-System/python_ws/install/package_with_configurable_nodes/bin'
[6.831s] Level 1:colcon.colcon_core.environment:create_environment_scripts_only(package_with_configurable_nodes)
[6.832s] INFO:colcon.colcon_core.shell:Creating package script '/home/victory/Robot-Operating-System/python_ws/install/package_with_configurable_nodes/share/package_with_configurable_nodes/package.ps1'
[6.833s] INFO:colcon.colcon_core.shell:Creating package descriptor '/home/victory/Robot-Operating-System/python_ws/install/package_with_configurable_nodes/share/package_with_configurable_nodes/package.dsv'
[6.834s] INFO:colcon.colcon_core.shell:Creating package script '/home/victory/Robot-Operating-System/python_ws/install/package_with_configurable_nodes/share/package_with_configurable_nodes/package.sh'
[6.835s] INFO:colcon.colcon_core.shell:Creating package script '/home/victory/Robot-Operating-System/python_ws/install/package_with_configurable_nodes/share/package_with_configurable_nodes/package.bash'
[6.835s] INFO:colcon.colcon_core.shell:Creating package script '/home/victory/Robot-Operating-System/python_ws/install/package_with_configurable_nodes/share/package_with_configurable_nodes/package.zsh'
[6.836s] Level 1:colcon.colcon_core.environment:create_file_with_runtime_dependencies(/home/victory/Robot-Operating-System/python_ws/install/package_with_configurable_nodes/share/colcon-core/packages/package_with_configurable_nodes)
[7.076s] DEBUG:colcon.colcon_core.event_handler.log_command:Invoking command in '/home/victory/Robot-Operating-System/python_ws/src/python_package_that_uses_parameters_and_launch_files': PYTHONPATH=/home/victory/Robot-Operating-System/python_ws/build/python_package_that_uses_parameters_and_launch_files/prefix_override:/usr/lib/python3/dist-packages/colcon_core/task/python/colcon_distutils_commands:/home/victory/Robot-Operating-System/python_ws/install/python_package_that_uses_parameters_and_launch_files/lib/python3.10/site-packages:${PYTHONPATH} /usr/bin/python3 -W ignore:setup.py install is deprecated setup.py egg_info --egg-base ../../build/python_package_that_uses_parameters_and_launch_files build --build-base /home/victory/Robot-Operating-System/python_ws/build/python_package_that_uses_parameters_and_launch_files/build install --record /home/victory/Robot-Operating-System/python_ws/build/python_package_that_uses_parameters_and_launch_files/install.log --single-version-externally-managed install_data
[7.538s] Level 1:colcon.colcon_core.environment:checking '/home/victory/Robot-Operating-System/python_ws/install/python_package_that_uses_parameters_and_launch_files' for CMake module files
[7.539s] DEBUG:colcon.colcon_core.event_handler.log_command:Invoked command in '/home/victory/Robot-Operating-System/python_ws/src/python_package_that_uses_parameters_and_launch_files' returned '0': PYTHONPATH=/home/victory/Robot-Operating-System/python_ws/build/python_package_that_uses_parameters_and_launch_files/prefix_override:/usr/lib/python3/dist-packages/colcon_core/task/python/colcon_distutils_commands:/home/victory/Robot-Operating-System/python_ws/install/python_package_that_uses_parameters_and_launch_files/lib/python3.10/site-packages:${PYTHONPATH} /usr/bin/python3 -W ignore:setup.py install is deprecated setup.py egg_info --egg-base ../../build/python_package_that_uses_parameters_and_launch_files build --build-base /home/victory/Robot-Operating-System/python_ws/build/python_package_that_uses_parameters_and_launch_files/build install --record /home/victory/Robot-Operating-System/python_ws/build/python_package_that_uses_parameters_and_launch_files/install.log --single-version-externally-managed install_data
[7.540s] Level 1:colcon.colcon_core.environment:checking '/home/victory/Robot-Operating-System/python_ws/install/python_package_that_uses_parameters_and_launch_files' for CMake config files
[7.541s] Level 1:colcon.colcon_core.environment:checking '/home/victory/Robot-Operating-System/python_ws/install/python_package_that_uses_parameters_and_launch_files/lib'
[7.541s] Level 1:colcon.colcon_core.environment:checking '/home/victory/Robot-Operating-System/python_ws/install/python_package_that_uses_parameters_and_launch_files/bin'
[7.541s] Level 1:colcon.colcon_core.environment:checking '/home/victory/Robot-Operating-System/python_ws/install/python_package_that_uses_parameters_and_launch_files/lib/pkgconfig/python_package_that_uses_parameters_and_launch_files.pc'
[7.541s] Level 1:colcon.colcon_core.environment:checking '/home/victory/Robot-Operating-System/python_ws/install/python_package_that_uses_parameters_and_launch_files/lib/python3.10/site-packages'
[7.542s] Level 1:colcon.colcon_core.shell:create_environment_hook('python_package_that_uses_parameters_and_launch_files', 'pythonpath')
[7.542s] INFO:colcon.colcon_core.shell:Creating environment hook '/home/victory/Robot-Operating-System/python_ws/install/python_package_that_uses_parameters_and_launch_files/share/python_package_that_uses_parameters_and_launch_files/hook/pythonpath.ps1'
[7.543s] INFO:colcon.colcon_core.shell:Creating environment descriptor '/home/victory/Robot-Operating-System/python_ws/install/python_package_that_uses_parameters_and_launch_files/share/python_package_that_uses_parameters_and_launch_files/hook/pythonpath.dsv'
[7.543s] INFO:colcon.colcon_core.shell:Creating environment hook '/home/victory/Robot-Operating-System/python_ws/install/python_package_that_uses_parameters_and_launch_files/share/python_package_that_uses_parameters_and_launch_files/hook/pythonpath.sh'
[7.544s] Level 1:colcon.colcon_core.environment:checking '/home/victory/Robot-Operating-System/python_ws/install/python_package_that_uses_parameters_and_launch_files/bin'
[7.544s] Level 1:colcon.colcon_core.environment:create_environment_scripts_only(python_package_that_uses_parameters_and_launch_files)
[7.545s] INFO:colcon.colcon_core.shell:Creating package script '/home/victory/Robot-Operating-System/python_ws/install/python_package_that_uses_parameters_and_launch_files/share/python_package_that_uses_parameters_and_launch_files/package.ps1'
[7.545s] INFO:colcon.colcon_core.shell:Creating package descriptor '/home/victory/Robot-Operating-System/python_ws/install/python_package_that_uses_parameters_and_launch_files/share/python_package_that_uses_parameters_and_launch_files/package.dsv'
[7.547s] INFO:colcon.colcon_core.shell:Creating package script '/home/victory/Robot-Operating-System/python_ws/install/python_package_that_uses_parameters_and_launch_files/share/python_package_that_uses_parameters_and_launch_files/package.sh'
[7.548s] INFO:colcon.colcon_core.shell:Creating package script '/home/victory/Robot-Operating-System/python_ws/install/python_package_that_uses_parameters_and_launch_files/share/python_package_that_uses_parameters_and_launch_files/package.bash'
[7.549s] INFO:colcon.colcon_core.shell:Creating package script '/home/victory/Robot-Operating-System/python_ws/install/python_package_that_uses_parameters_and_launch_files/share/python_package_that_uses_parameters_and_launch_files/package.zsh'
[7.550s] Level 1:colcon.colcon_core.environment:create_file_with_runtime_dependencies(/home/victory/Robot-Operating-System/python_ws/install/python_package_that_uses_parameters_and_launch_files/share/colcon-core/packages/python_package_that_uses_parameters_and_launch_files)
[7.551s] DEBUG:colcon.colcon_parallel_executor.executor.parallel:closing loop
[7.552s] DEBUG:colcon.colcon_parallel_executor.executor.parallel:loop closed
[7.553s] DEBUG:colcon.colcon_parallel_executor.executor.parallel:run_until_complete finished with '0'
[7.553s] DEBUG:colcon.colcon_core.event_reactor:joining thread
[7.790s] INFO:colcon.colcon_core.plugin_system:Skipping extension 'colcon_notification.desktop_notification.notify_send': Could not find 'notify-send'
[7.791s] INFO:colcon.colcon_core.plugin_system:Skipping extension 'colcon_notification.desktop_notification.terminal_notifier': Not used on non-Darwin systems
[7.791s] INFO:colcon.colcon_core.plugin_system:Skipping extension 'colcon_notification.desktop_notification.win32': Not used on non-Windows systems
[7.791s] INFO:colcon.colcon_notification.desktop_notification:Sending desktop notification using 'notify2'
[7.792s] DEBUG:colcon.colcon_notification.desktop_notification.notify2:Failed to initialize notify2: org.freedesktop.DBus.Error.FileNotFound: Failed to connect to socket /run/user/1000/bus: No such file or directory
[7.792s] DEBUG:colcon.colcon_core.event_reactor:joined thread
[7.793s] INFO:colcon.colcon_core.shell:Creating prefix script '/home/victory/Robot-Operating-System/python_ws/install/local_setup.ps1'
[7.794s] INFO:colcon.colcon_core.shell:Creating prefix util module '/home/victory/Robot-Operating-System/python_ws/install/_local_setup_util_ps1.py'
[7.796s] INFO:colcon.colcon_core.shell:Creating prefix chain script '/home/victory/Robot-Operating-System/python_ws/install/setup.ps1'
[7.799s] INFO:colcon.colcon_core.shell:Creating prefix script '/home/victory/Robot-Operating-System/python_ws/install/local_setup.sh'
[7.800s] INFO:colcon.colcon_core.shell:Creating prefix util module '/home/victory/Robot-Operating-System/python_ws/install/_local_setup_util_sh.py'
[7.801s] INFO:colcon.colcon_core.shell:Creating prefix chain script '/home/victory/Robot-Operating-System/python_ws/install/setup.sh'
[7.804s] INFO:colcon.colcon_core.shell:Creating prefix script '/home/victory/Robot-Operating-System/python_ws/install/local_setup.bash'
[7.804s] INFO:colcon.colcon_core.shell:Creating prefix chain script '/home/victory/Robot-Operating-System/python_ws/install/setup.bash'
[7.807s] INFO:colcon.colcon_core.shell:Creating prefix script '/home/victory/Robot-Operating-System/python_ws/install/local_setup.zsh'
[7.807s] INFO:colcon.colcon_core.shell:Creating prefix chain script '/home/victory/Robot-Operating-System/python_ws/install/setup.zsh'
