[3.033s] Invoking command in '/home/victory/Robot-Operating-System/test_2_ros2_ws/src/motor_distance_sensor_package': PYTHONPATH=/home/victory/Robot-Operating-System/test_2_ros2_ws/build/motor_distance_sensor_package/prefix_override:/usr/lib/python3/dist-packages/colcon_core/task/python/colcon_distutils_commands:/home/victory/Robot-Operating-System/test_2_ros2_ws/install/motor_distance_sensor_package/lib/python3.10/site-packages:${PYTHONPATH} /usr/bin/python3 -W ignore:setup.py install is deprecated setup.py egg_info --egg-base ../../build/motor_distance_sensor_package build --build-base /home/victory/Robot-Operating-System/test_2_ros2_ws/build/motor_distance_sensor_package/build install --record /home/victory/Robot-Operating-System/test_2_ros2_ws/build/motor_distance_sensor_package/install.log --single-version-externally-managed install_data
[3.501s] running egg_info
[3.503s] writing ../../build/motor_distance_sensor_package/motor_distance_sensor_package.egg-info/PKG-INFO
[3.503s] writing dependency_links to ../../build/motor_distance_sensor_package/motor_distance_sensor_package.egg-info/dependency_links.txt
[3.504s] writing entry points to ../../build/motor_distance_sensor_package/motor_distance_sensor_package.egg-info/entry_points.txt
[3.504s] writing requirements to ../../build/motor_distance_sensor_package/motor_distance_sensor_package.egg-info/requires.txt
[3.504s] writing top-level names to ../../build/motor_distance_sensor_package/motor_distance_sensor_package.egg-info/top_level.txt
[3.578s] reading manifest file '../../build/motor_distance_sensor_package/motor_distance_sensor_package.egg-info/SOURCES.txt'
[3.660s] writing manifest file '../../build/motor_distance_sensor_package/motor_distance_sensor_package.egg-info/SOURCES.txt'
[3.668s] running build
[3.670s] running build_py
[3.674s] copying motor_distance_sensor_package/distance_sensor_node.py -> /home/victory/Robot-Operating-System/test_2_ros2_ws/build/motor_distance_sensor_package/build/lib/motor_distance_sensor_package
[3.709s] copying motor_distance_sensor_package/motor_control_node.py -> /home/victory/Robot-Operating-System/test_2_ros2_ws/build/motor_distance_sensor_package/build/lib/motor_distance_sensor_package
[3.711s] running install
[3.713s] running install_lib
[3.720s] copying /home/victory/Robot-Operating-System/test_2_ros2_ws/build/motor_distance_sensor_package/build/lib/motor_distance_sensor_package/distance_sensor_node.py -> /home/victory/Robot-Operating-System/test_2_ros2_ws/install/motor_distance_sensor_package/lib/python3.10/site-packages/motor_distance_sensor_package
[3.736s] copying /home/victory/Robot-Operating-System/test_2_ros2_ws/build/motor_distance_sensor_package/build/lib/motor_distance_sensor_package/motor_control_node.py -> /home/victory/Robot-Operating-System/test_2_ros2_ws/install/motor_distance_sensor_package/lib/python3.10/site-packages/motor_distance_sensor_package
[3.737s] byte-compiling /home/victory/Robot-Operating-System/test_2_ros2_ws/install/motor_distance_sensor_package/lib/python3.10/site-packages/motor_distance_sensor_package/distance_sensor_node.py to distance_sensor_node.cpython-310.pyc
[3.772s] byte-compiling /home/victory/Robot-Operating-System/test_2_ros2_ws/install/motor_distance_sensor_package/lib/python3.10/site-packages/motor_distance_sensor_package/motor_control_node.py to motor_control_node.cpython-310.pyc
[3.776s] running install_data
[3.793s] creating /home/victory/Robot-Operating-System/test_2_ros2_ws/install/motor_distance_sensor_package/share/motor_distance_sensor_package/launch
[3.795s] copying launch/sensor_plus_controller_launch.py -> /home/victory/Robot-Operating-System/test_2_ros2_ws/install/motor_distance_sensor_package/share/motor_distance_sensor_package/launch
[3.798s] running install_egg_info
[3.814s] removing '/home/victory/Robot-Operating-System/test_2_ros2_ws/install/motor_distance_sensor_package/lib/python3.10/site-packages/motor_distance_sensor_package-0.0.0-py3.10.egg-info' (and everything under it)
[3.816s] Copying ../../build/motor_distance_sensor_package/motor_distance_sensor_package.egg-info to /home/victory/Robot-Operating-System/test_2_ros2_ws/install/motor_distance_sensor_package/lib/python3.10/site-packages/motor_distance_sensor_package-0.0.0-py3.10.egg-info
[3.849s] running install_scripts
[3.917s] Installing distance_sensor_node script to /home/victory/Robot-Operating-System/test_2_ros2_ws/install/motor_distance_sensor_package/lib/motor_distance_sensor_package
[3.917s] Installing motor_control_node script to /home/victory/Robot-Operating-System/test_2_ros2_ws/install/motor_distance_sensor_package/lib/motor_distance_sensor_package
[3.918s] writing list of installed files to '/home/victory/Robot-Operating-System/test_2_ros2_ws/build/motor_distance_sensor_package/install.log'
[4.366s] Invoked command in '/home/victory/Robot-Operating-System/test_2_ros2_ws/src/motor_distance_sensor_package' returned '0': PYTHONPATH=/home/victory/Robot-Operating-System/test_2_ros2_ws/build/motor_distance_sensor_package/prefix_override:/usr/lib/python3/dist-packages/colcon_core/task/python/colcon_distutils_commands:/home/victory/Robot-Operating-System/test_2_ros2_ws/install/motor_distance_sensor_package/lib/python3.10/site-packages:${PYTHONPATH} /usr/bin/python3 -W ignore:setup.py install is deprecated setup.py egg_info --egg-base ../../build/motor_distance_sensor_package build --build-base /home/victory/Robot-Operating-System/test_2_ros2_ws/build/motor_distance_sensor_package/build install --record /home/victory/Robot-Operating-System/test_2_ros2_ws/build/motor_distance_sensor_package/install.log --single-version-externally-managed install_data
