[4.250s] Invoking command in '/home/victory/Robot-Operating-System/python_ws/src/positio_encoder_decoder_python_package': PYTHONPATH=/home/victory/Robot-Operating-System/python_ws/build/positio_encoder_decoder_python_package/prefix_override:/usr/lib/python3/dist-packages/colcon_core/task/python/colcon_distutils_commands:/home/victory/Robot-Operating-System/python_ws/install/positio_encoder_decoder_python_package/lib/python3.10/site-packages:${PYTHONPATH} /usr/bin/python3 -W ignore:setup.py install is deprecated setup.py egg_info --egg-base ../../build/positio_encoder_decoder_python_package build --build-base /home/victory/Robot-Operating-System/python_ws/build/positio_encoder_decoder_python_package/build install --record /home/victory/Robot-Operating-System/python_ws/build/positio_encoder_decoder_python_package/install.log --single-version-externally-managed install_data
[4.777s] running egg_info
[4.778s] writing ../../build/positio_encoder_decoder_python_package/positio_encoder_decoder_python_package.egg-info/PKG-INFO
[4.817s] writing dependency_links to ../../build/positio_encoder_decoder_python_package/positio_encoder_decoder_python_package.egg-info/dependency_links.txt
[4.817s] writing entry points to ../../build/positio_encoder_decoder_python_package/positio_encoder_decoder_python_package.egg-info/entry_points.txt
[4.818s] writing requirements to ../../build/positio_encoder_decoder_python_package/positio_encoder_decoder_python_package.egg-info/requires.txt
[4.818s] writing top-level names to ../../build/positio_encoder_decoder_python_package/positio_encoder_decoder_python_package.egg-info/top_level.txt
[4.820s] reading manifest file '../../build/positio_encoder_decoder_python_package/positio_encoder_decoder_python_package.egg-info/SOURCES.txt'
[4.837s] writing manifest file '../../build/positio_encoder_decoder_python_package/positio_encoder_decoder_python_package.egg-info/SOURCES.txt'
[4.838s] running build
[4.838s] running build_py
[4.852s] running install
[4.854s] running install_lib
[4.871s] running install_data
[4.887s] running install_egg_info
[4.895s] removing '/home/victory/Robot-Operating-System/python_ws/install/positio_encoder_decoder_python_package/lib/python3.10/site-packages/positio_encoder_decoder_python_package-0.0.0-py3.10.egg-info' (and everything under it)
[4.898s] Copying ../../build/positio_encoder_decoder_python_package/positio_encoder_decoder_python_package.egg-info to /home/victory/Robot-Operating-System/python_ws/install/positio_encoder_decoder_python_package/lib/python3.10/site-packages/positio_encoder_decoder_python_package-0.0.0-py3.10.egg-info
[5.111s] running install_scripts
[5.221s] Installing position_decoder_node script to /home/victory/Robot-Operating-System/python_ws/install/positio_encoder_decoder_python_package/lib/positio_encoder_decoder_python_package
[5.222s] Installing position_encoder_node script to /home/victory/Robot-Operating-System/python_ws/install/positio_encoder_decoder_python_package/lib/positio_encoder_decoder_python_package
[5.223s] writing list of installed files to '/home/victory/Robot-Operating-System/python_ws/build/positio_encoder_decoder_python_package/install.log'
[5.277s] Invoked command in '/home/victory/Robot-Operating-System/python_ws/src/positio_encoder_decoder_python_package' returned '0': PYTHONPATH=/home/victory/Robot-Operating-System/python_ws/build/positio_encoder_decoder_python_package/prefix_override:/usr/lib/python3/dist-packages/colcon_core/task/python/colcon_distutils_commands:/home/victory/Robot-Operating-System/python_ws/install/positio_encoder_decoder_python_package/lib/python3.10/site-packages:${PYTHONPATH} /usr/bin/python3 -W ignore:setup.py install is deprecated setup.py egg_info --egg-base ../../build/positio_encoder_decoder_python_package build --build-base /home/victory/Robot-Operating-System/python_ws/build/positio_encoder_decoder_python_package/build install --record /home/victory/Robot-Operating-System/python_ws/build/positio_encoder_decoder_python_package/install.log --single-version-externally-managed install_data
