[1.608s] Invoking command in '/home/victory/Robot-Operating-System/test_2_ros2_ws/src/motor_distance_sensor_package': PYTHONPATH=/home/victory/Robot-Operating-System/test_2_ros2_ws/build/motor_distance_sensor_package/prefix_override:/usr/lib/python3/dist-packages/colcon_core/task/python/colcon_distutils_commands:/home/victory/Robot-Operating-System/test_2_ros2_ws/install/motor_distance_sensor_package/lib/python3.10/site-packages:${PYTHONPATH} /usr/bin/python3 -W ignore:setup.py install is deprecated setup.py egg_info --egg-base ../../build/motor_distance_sensor_package build --build-base /home/victory/Robot-Operating-System/test_2_ros2_ws/build/motor_distance_sensor_package/build install --record /home/victory/Robot-Operating-System/test_2_ros2_ws/build/motor_distance_sensor_package/install.log --single-version-externally-managed install_data
[1.978s] running egg_info
[1.978s] creating ../../build/motor_distance_sensor_package/motor_distance_sensor_package.egg-info
[1.979s] writing ../../build/motor_distance_sensor_package/motor_distance_sensor_package.egg-info/PKG-INFO
[1.980s] writing dependency_links to ../../build/motor_distance_sensor_package/motor_distance_sensor_package.egg-info/dependency_links.txt
[1.980s] writing entry points to ../../build/motor_distance_sensor_package/motor_distance_sensor_package.egg-info/entry_points.txt
[1.980s] writing requirements to ../../build/motor_distance_sensor_package/motor_distance_sensor_package.egg-info/requires.txt
[1.981s] writing top-level names to ../../build/motor_distance_sensor_package/motor_distance_sensor_package.egg-info/top_level.txt
[1.981s] writing manifest file '../../build/motor_distance_sensor_package/motor_distance_sensor_package.egg-info/SOURCES.txt'
[1.986s] reading manifest file '../../build/motor_distance_sensor_package/motor_distance_sensor_package.egg-info/SOURCES.txt'
[2.000s] writing manifest file '../../build/motor_distance_sensor_package/motor_distance_sensor_package.egg-info/SOURCES.txt'
[2.000s] running build
[2.001s] running build_py
[2.001s] creating /home/victory/Robot-Operating-System/test_2_ros2_ws/build/motor_distance_sensor_package/build
[2.001s] creating /home/victory/Robot-Operating-System/test_2_ros2_ws/build/motor_distance_sensor_package/build/lib
[2.002s] creating /home/victory/Robot-Operating-System/test_2_ros2_ws/build/motor_distance_sensor_package/build/lib/motor_distance_sensor_package
[2.003s] copying motor_distance_sensor_package/__init__.py -> /home/victory/Robot-Operating-System/test_2_ros2_ws/build/motor_distance_sensor_package/build/lib/motor_distance_sensor_package
[2.003s] copying motor_distance_sensor_package/distance_sensor_node.py -> /home/victory/Robot-Operating-System/test_2_ros2_ws/build/motor_distance_sensor_package/build/lib/motor_distance_sensor_package
[2.004s] running install
[2.004s] running install_lib
[2.005s] creating /home/victory/Robot-Operating-System/test_2_ros2_ws/install/motor_distance_sensor_package/lib/python3.10/site-packages/motor_distance_sensor_package
[2.006s] copying /home/victory/Robot-Operating-System/test_2_ros2_ws/build/motor_distance_sensor_package/build/lib/motor_distance_sensor_package/__init__.py -> /home/victory/Robot-Operating-System/test_2_ros2_ws/install/motor_distance_sensor_package/lib/python3.10/site-packages/motor_distance_sensor_package
[2.006s] copying /home/victory/Robot-Operating-System/test_2_ros2_ws/build/motor_distance_sensor_package/build/lib/motor_distance_sensor_package/distance_sensor_node.py -> /home/victory/Robot-Operating-System/test_2_ros2_ws/install/motor_distance_sensor_package/lib/python3.10/site-packages/motor_distance_sensor_package
[2.006s] byte-compiling /home/victory/Robot-Operating-System/test_2_ros2_ws/install/motor_distance_sensor_package/lib/python3.10/site-packages/motor_distance_sensor_package/__init__.py to __init__.cpython-310.pyc
[2.006s] byte-compiling /home/victory/Robot-Operating-System/test_2_ros2_ws/install/motor_distance_sensor_package/lib/python3.10/site-packages/motor_distance_sensor_package/distance_sensor_node.py to distance_sensor_node.cpython-310.pyc
[2.007s] running install_data
[2.007s] creating /home/victory/Robot-Operating-System/test_2_ros2_ws/install/motor_distance_sensor_package/share/ament_index
[2.007s] creating /home/victory/Robot-Operating-System/test_2_ros2_ws/install/motor_distance_sensor_package/share/ament_index/resource_index
[2.007s] creating /home/victory/Robot-Operating-System/test_2_ros2_ws/install/motor_distance_sensor_package/share/ament_index/resource_index/packages
[2.007s] copying resource/motor_distance_sensor_package -> /home/victory/Robot-Operating-System/test_2_ros2_ws/install/motor_distance_sensor_package/share/ament_index/resource_index/packages
[2.008s] copying package.xml -> /home/victory/Robot-Operating-System/test_2_ros2_ws/install/motor_distance_sensor_package/share/motor_distance_sensor_package
[2.009s] running install_egg_info
[2.012s] Copying ../../build/motor_distance_sensor_package/motor_distance_sensor_package.egg-info to /home/victory/Robot-Operating-System/test_2_ros2_ws/install/motor_distance_sensor_package/lib/python3.10/site-packages/motor_distance_sensor_package-0.0.0-py3.10.egg-info
[2.059s] running install_scripts
[2.130s] Installing distance_sensor_node script to /home/victory/Robot-Operating-System/test_2_ros2_ws/install/motor_distance_sensor_package/lib/motor_distance_sensor_package
[2.132s] writing list of installed files to '/home/victory/Robot-Operating-System/test_2_ros2_ws/build/motor_distance_sensor_package/install.log'
[2.192s] Invoked command in '/home/victory/Robot-Operating-System/test_2_ros2_ws/src/motor_distance_sensor_package' returned '0': PYTHONPATH=/home/victory/Robot-Operating-System/test_2_ros2_ws/build/motor_distance_sensor_package/prefix_override:/usr/lib/python3/dist-packages/colcon_core/task/python/colcon_distutils_commands:/home/victory/Robot-Operating-System/test_2_ros2_ws/install/motor_distance_sensor_package/lib/python3.10/site-packages:${PYTHONPATH} /usr/bin/python3 -W ignore:setup.py install is deprecated setup.py egg_info --egg-base ../../build/motor_distance_sensor_package build --build-base /home/victory/Robot-Operating-System/test_2_ros2_ws/build/motor_distance_sensor_package/build install --record /home/victory/Robot-Operating-System/test_2_ros2_ws/build/motor_distance_sensor_package/install.log --single-version-externally-managed install_data
