[7.848s] DEBUG:colcon:Command line arguments: ['/usr/bin/colcon', 'build']
[7.848s] DEBUG:colcon:Parsed command line arguments: Namespace(log_base=None, log_level=None, verb_name='build', build_base='build', install_base='install', merge_install=False, symlink_install=False, test_result_base=None, continue_on_error=False, executor='parallel', parallel_workers=4, event_handlers=None, ignore_user_meta=False, metas=['./colcon.meta'], base_paths=['.'], packages_ignore=None, packages_ignore_regex=None, paths=None, packages_up_to=None, packages_up_to_regex=None, packages_above=None, packages_above_and_dependencies=None, packages_above_depth=None, packages_select_by_dep=None, packages_skip_by_dep=None, packages_skip_up_to=None, packages_select_build_failed=False, packages_skip_build_finished=False, packages_select_test_failures=False, packages_skip_test_passed=False, packages_select=None, packages_skip=None, packages_select_regex=None, packages_skip_regex=None, packages_start=None, packages_end=None, allow_overriding=[], cmake_args=None, cmake_target=None, cmake_target_skip_unavailable=False, cmake_clean_cache=False, cmake_clean_first=False, cmake_force_configure=False, ament_cmake_args=None, catkin_cmake_args=None, catkin_skip_building_tests=False, mixin_files=None, mixin=None, verb_parser=<colcon_mixin.mixin.mixin_argument.MixinArgumentDecorator object at 0x7fb4c9359cf0>, verb_extension=<colcon_core.verb.build.BuildVerb object at 0x7fb4c9358ca0>, main=<bound method BuildVerb.main of <colcon_core.verb.build.BuildVerb object at 0x7fb4c9358ca0>>, mixin_verb=('build',))
[13.437s] Level 1:colcon.colcon_core.package_discovery:discover_packages(colcon_meta) check parameters
[13.438s] Level 1:colcon.colcon_core.package_discovery:discover_packages(recursive) check parameters
[13.439s] Level 1:colcon.colcon_core.package_discovery:discover_packages(ignore) check parameters
[13.439s] Level 1:colcon.colcon_core.package_discovery:discover_packages(path) check parameters
[13.440s] Level 1:colcon.colcon_core.package_discovery:discover_packages(colcon_meta) discover
[13.440s] Level 1:colcon.colcon_core.package_discovery:discover_packages(recursive) discover
[13.440s] INFO:colcon.colcon_core.package_discovery:Crawling recursively for packages in '/home/victory/Robot-Operating-System/python_ws'
[13.441s] Level 1:colcon.colcon_core.package_identification:_identify(.) by extensions ['ignore', 'ignore_ament_install']
[13.441s] Level 1:colcon.colcon_core.package_identification:_identify(.) by extension 'ignore'
[13.441s] Level 1:colcon.colcon_core.package_identification:_identify(.) by extension 'ignore_ament_install'
[13.442s] Level 1:colcon.colcon_core.package_identification:_identify(.) by extensions ['colcon_pkg']
[13.442s] Level 1:colcon.colcon_core.package_identification:_identify(.) by extension 'colcon_pkg'
[13.442s] Level 1:colcon.colcon_core.package_identification:_identify(.) by extensions ['colcon_meta']
[13.442s] Level 1:colcon.colcon_core.package_identification:_identify(.) by extension 'colcon_meta'
[13.442s] Level 1:colcon.colcon_core.package_identification:_identify(.) by extensions ['ros']
[13.443s] Level 1:colcon.colcon_core.package_identification:_identify(.) by extension 'ros'
[13.673s] Level 1:colcon.colcon_core.package_identification:_identify(.) by extensions ['cmake', 'python']
[13.673s] Level 1:colcon.colcon_core.package_identification:_identify(.) by extension 'cmake'
[13.673s] Level 1:colcon.colcon_core.package_identification:_identify(.) by extension 'python'
[13.673s] Level 1:colcon.colcon_core.package_identification:_identify(.) by extensions ['python_setup_py']
[13.673s] Level 1:colcon.colcon_core.package_identification:_identify(.) by extension 'python_setup_py'
[13.674s] Level 1:colcon.colcon_core.package_identification:_identify(build) by extensions ['ignore', 'ignore_ament_install']
[13.674s] Level 1:colcon.colcon_core.package_identification:_identify(build) by extension 'ignore'
[13.674s] Level 1:colcon.colcon_core.package_identification:_identify(build) ignored
[13.674s] Level 1:colcon.colcon_core.package_identification:_identify(install) by extensions ['ignore', 'ignore_ament_install']
[13.675s] Level 1:colcon.colcon_core.package_identification:_identify(install) by extension 'ignore'
[13.675s] Level 1:colcon.colcon_core.package_identification:_identify(install) ignored
[13.675s] Level 1:colcon.colcon_core.package_identification:_identify(log) by extensions ['ignore', 'ignore_ament_install']
[13.675s] Level 1:colcon.colcon_core.package_identification:_identify(log) by extension 'ignore'
[13.675s] Level 1:colcon.colcon_core.package_identification:_identify(log) ignored
[13.676s] Level 1:colcon.colcon_core.package_identification:_identify(src) by extensions ['ignore', 'ignore_ament_install']
[13.676s] Level 1:colcon.colcon_core.package_identification:_identify(src) by extension 'ignore'
[13.676s] Level 1:colcon.colcon_core.package_identification:_identify(src) by extension 'ignore_ament_install'
[13.677s] Level 1:colcon.colcon_core.package_identification:_identify(src) by extensions ['colcon_pkg']
[13.677s] Level 1:colcon.colcon_core.package_identification:_identify(src) by extension 'colcon_pkg'
[13.677s] Level 1:colcon.colcon_core.package_identification:_identify(src) by extensions ['colcon_meta']
[13.677s] Level 1:colcon.colcon_core.package_identification:_identify(src) by extension 'colcon_meta'
[13.677s] Level 1:colcon.colcon_core.package_identification:_identify(src) by extensions ['ros']
[13.677s] Level 1:colcon.colcon_core.package_identification:_identify(src) by extension 'ros'
[13.677s] Level 1:colcon.colcon_core.package_identification:_identify(src) by extensions ['cmake', 'python']
[13.678s] Level 1:colcon.colcon_core.package_identification:_identify(src) by extension 'cmake'
[13.678s] Level 1:colcon.colcon_core.package_identification:_identify(src) by extension 'python'
[13.678s] Level 1:colcon.colcon_core.package_identification:_identify(src) by extensions ['python_setup_py']
[13.678s] Level 1:colcon.colcon_core.package_identification:_identify(src) by extension 'python_setup_py'
[13.678s] Level 1:colcon.colcon_core.package_identification:_identify(src/motor_distance_sensor_package) by extensions ['ignore', 'ignore_ament_install']
[13.678s] Level 1:colcon.colcon_core.package_identification:_identify(src/motor_distance_sensor_package) by extension 'ignore'
[13.679s] Level 1:colcon.colcon_core.package_identification:_identify(src/motor_distance_sensor_package) by extension 'ignore_ament_install'
[13.679s] Level 1:colcon.colcon_core.package_identification:_identify(src/motor_distance_sensor_package) by extensions ['colcon_pkg']
[13.679s] Level 1:colcon.colcon_core.package_identification:_identify(src/motor_distance_sensor_package) by extension 'colcon_pkg'
[13.679s] Level 1:colcon.colcon_core.package_identification:_identify(src/motor_distance_sensor_package) by extensions ['colcon_meta']
[13.679s] Level 1:colcon.colcon_core.package_identification:_identify(src/motor_distance_sensor_package) by extension 'colcon_meta'
[13.679s] Level 1:colcon.colcon_core.package_identification:_identify(src/motor_distance_sensor_package) by extensions ['ros']
[13.679s] Level 1:colcon.colcon_core.package_identification:_identify(src/motor_distance_sensor_package) by extension 'ros'
[13.687s] DEBUG:colcon.colcon_core.package_identification:Package 'src/motor_distance_sensor_package' with type 'ros.ament_python' and name 'motor_distance_sensor_package'
[13.687s] Level 1:colcon.colcon_core.package_identification:_identify(src/positio_encoder_decoder_python_package) by extensions ['ignore', 'ignore_ament_install']
[13.688s] Level 1:colcon.colcon_core.package_identification:_identify(src/positio_encoder_decoder_python_package) by extension 'ignore'
[13.688s] Level 1:colcon.colcon_core.package_identification:_identify(src/positio_encoder_decoder_python_package) by extension 'ignore_ament_install'
[13.688s] Level 1:colcon.colcon_core.package_identification:_identify(src/positio_encoder_decoder_python_package) by extensions ['colcon_pkg']
[13.688s] Level 1:colcon.colcon_core.package_identification:_identify(src/positio_encoder_decoder_python_package) by extension 'colcon_pkg'
[13.688s] Level 1:colcon.colcon_core.package_identification:_identify(src/positio_encoder_decoder_python_package) by extensions ['colcon_meta']
[13.688s] Level 1:colcon.colcon_core.package_identification:_identify(src/positio_encoder_decoder_python_package) by extension 'colcon_meta'
[13.688s] Level 1:colcon.colcon_core.package_identification:_identify(src/positio_encoder_decoder_python_package) by extensions ['ros']
[13.688s] Level 1:colcon.colcon_core.package_identification:_identify(src/positio_encoder_decoder_python_package) by extension 'ros'
[13.689s] DEBUG:colcon.colcon_core.package_identification:Package 'src/positio_encoder_decoder_python_package' with type 'ros.ament_python' and name 'positio_encoder_decoder_python_package'
[13.689s] Level 1:colcon.colcon_core.package_discovery:discover_packages(recursive) using defaults
[13.689s] Level 1:colcon.colcon_core.package_discovery:discover_packages(ignore) discover
[13.690s] Level 1:colcon.colcon_core.package_discovery:discover_packages(ignore) using defaults
[13.690s] Level 1:colcon.colcon_core.package_discovery:discover_packages(path) discover
[13.690s] Level 1:colcon.colcon_core.package_discovery:discover_packages(path) using defaults
[14.357s] Level 1:colcon.colcon_core.package_discovery:discover_packages(prefix_path) check parameters
[14.358s] Level 1:colcon.colcon_core.package_discovery:discover_packages(prefix_path) discover
[14.445s] DEBUG:colcon.colcon_installed_package_information.package_discovery:Found 293 installed packages in /opt/ros/humble
[14.452s] Level 1:colcon.colcon_core.package_discovery:discover_packages(prefix_path) using defaults
[14.599s] Level 5:colcon.colcon_core.verb:set package 'motor_distance_sensor_package' build argument 'cmake_args' from command line to 'None'
[14.599s] Level 5:colcon.colcon_core.verb:set package 'motor_distance_sensor_package' build argument 'cmake_target' from command line to 'None'
[14.599s] Level 5:colcon.colcon_core.verb:set package 'motor_distance_sensor_package' build argument 'cmake_target_skip_unavailable' from command line to 'False'
[14.600s] Level 5:colcon.colcon_core.verb:set package 'motor_distance_sensor_package' build argument 'cmake_clean_cache' from command line to 'False'
[14.600s] Level 5:colcon.colcon_core.verb:set package 'motor_distance_sensor_package' build argument 'cmake_clean_first' from command line to 'False'
[14.600s] Level 5:colcon.colcon_core.verb:set package 'motor_distance_sensor_package' build argument 'cmake_force_configure' from command line to 'False'
[14.600s] Level 5:colcon.colcon_core.verb:set package 'motor_distance_sensor_package' build argument 'ament_cmake_args' from command line to 'None'
[14.600s] Level 5:colcon.colcon_core.verb:set package 'motor_distance_sensor_package' build argument 'catkin_cmake_args' from command line to 'None'
[14.600s] Level 5:colcon.colcon_core.verb:set package 'motor_distance_sensor_package' build argument 'catkin_skip_building_tests' from command line to 'False'
[14.600s] DEBUG:colcon.colcon_core.verb:Building package 'motor_distance_sensor_package' with the following arguments: {'ament_cmake_args': None, 'build_base': '/home/victory/Robot-Operating-System/python_ws/build/motor_distance_sensor_package', 'catkin_cmake_args': None, 'catkin_skip_building_tests': False, 'cmake_args': None, 'cmake_clean_cache': False, 'cmake_clean_first': False, 'cmake_force_configure': False, 'cmake_target': None, 'cmake_target_skip_unavailable': False, 'install_base': '/home/victory/Robot-Operating-System/python_ws/install/motor_distance_sensor_package', 'merge_install': False, 'path': '/home/victory/Robot-Operating-System/python_ws/src/motor_distance_sensor_package', 'symlink_install': False, 'test_result_base': None}
[14.600s] Level 5:colcon.colcon_core.verb:set package 'positio_encoder_decoder_python_package' build argument 'cmake_args' from command line to 'None'
[14.600s] Level 5:colcon.colcon_core.verb:set package 'positio_encoder_decoder_python_package' build argument 'cmake_target' from command line to 'None'
[14.600s] Level 5:colcon.colcon_core.verb:set package 'positio_encoder_decoder_python_package' build argument 'cmake_target_skip_unavailable' from command line to 'False'
[14.600s] Level 5:colcon.colcon_core.verb:set package 'positio_encoder_decoder_python_package' build argument 'cmake_clean_cache' from command line to 'False'
[14.600s] Level 5:colcon.colcon_core.verb:set package 'positio_encoder_decoder_python_package' build argument 'cmake_clean_first' from command line to 'False'
[14.600s] Level 5:colcon.colcon_core.verb:set package 'positio_encoder_decoder_python_package' build argument 'cmake_force_configure' from command line to 'False'
[14.600s] Level 5:colcon.colcon_core.verb:set package 'positio_encoder_decoder_python_package' build argument 'ament_cmake_args' from command line to 'None'
[14.600s] Level 5:colcon.colcon_core.verb:set package 'positio_encoder_decoder_python_package' build argument 'catkin_cmake_args' from command line to 'None'
[14.600s] Level 5:colcon.colcon_core.verb:set package 'positio_encoder_decoder_python_package' build argument 'catkin_skip_building_tests' from command line to 'False'
[14.601s] DEBUG:colcon.colcon_core.verb:Building package 'positio_encoder_decoder_python_package' with the following arguments: {'ament_cmake_args': None, 'build_base': '/home/victory/Robot-Operating-System/python_ws/build/positio_encoder_decoder_python_package', 'catkin_cmake_args': None, 'catkin_skip_building_tests': False, 'cmake_args': None, 'cmake_clean_cache': False, 'cmake_clean_first': False, 'cmake_force_configure': False, 'cmake_target': None, 'cmake_target_skip_unavailable': False, 'install_base': '/home/victory/Robot-Operating-System/python_ws/install/positio_encoder_decoder_python_package', 'merge_install': False, 'path': '/home/victory/Robot-Operating-System/python_ws/src/positio_encoder_decoder_python_package', 'symlink_install': False, 'test_result_base': None}
[14.601s] INFO:colcon.colcon_core.executor:Executing jobs using 'parallel' executor
[14.602s] DEBUG:colcon.colcon_parallel_executor.executor.parallel:run_until_complete
[14.603s] INFO:colcon.colcon_ros.task.ament_python.build:Building ROS package in '/home/victory/Robot-Operating-System/python_ws/src/motor_distance_sensor_package' with build type 'ament_python'
[14.603s] Level 1:colcon.colcon_core.shell:create_environment_hook('motor_distance_sensor_package', 'ament_prefix_path')
[14.745s] INFO:colcon.colcon_core.plugin_system:Skipping extension 'colcon_core.shell.bat': Not used on non-Windows systems
[14.747s] INFO:colcon.colcon_core.shell:Creating environment hook '/home/victory/Robot-Operating-System/python_ws/install/motor_distance_sensor_package/share/motor_distance_sensor_package/hook/ament_prefix_path.ps1'
[14.781s] INFO:colcon.colcon_core.shell:Creating environment descriptor '/home/victory/Robot-Operating-System/python_ws/install/motor_distance_sensor_package/share/motor_distance_sensor_package/hook/ament_prefix_path.dsv'
[14.794s] INFO:colcon.colcon_core.shell:Creating environment hook '/home/victory/Robot-Operating-System/python_ws/install/motor_distance_sensor_package/share/motor_distance_sensor_package/hook/ament_prefix_path.sh'
[14.801s] INFO:colcon.colcon_core.shell:Skip shell extension 'powershell' for command environment: Not usable outside of PowerShell
[14.801s] DEBUG:colcon.colcon_core.shell:Skip shell extension 'dsv' for command environment
[14.824s] INFO:colcon.colcon_ros.task.ament_python.build:Building ROS package in '/home/victory/Robot-Operating-System/python_ws/src/positio_encoder_decoder_python_package' with build type 'ament_python'
[14.825s] Level 1:colcon.colcon_core.shell:create_environment_hook('positio_encoder_decoder_python_package', 'ament_prefix_path')
[14.826s] INFO:colcon.colcon_core.shell:Creating environment hook '/home/victory/Robot-Operating-System/python_ws/install/positio_encoder_decoder_python_package/share/positio_encoder_decoder_python_package/hook/ament_prefix_path.ps1'
[14.830s] INFO:colcon.colcon_core.shell:Creating environment descriptor '/home/victory/Robot-Operating-System/python_ws/install/positio_encoder_decoder_python_package/share/positio_encoder_decoder_python_package/hook/ament_prefix_path.dsv'
[14.832s] INFO:colcon.colcon_core.shell:Creating environment hook '/home/victory/Robot-Operating-System/python_ws/install/positio_encoder_decoder_python_package/share/positio_encoder_decoder_python_package/hook/ament_prefix_path.sh'
[14.834s] INFO:colcon.colcon_core.shell:Skip shell extension 'powershell' for command environment: Not usable outside of PowerShell
[14.835s] DEBUG:colcon.colcon_core.shell:Skip shell extension 'dsv' for command environment
[15.222s] INFO:colcon.colcon_core.task.python.build:Building Python package in '/home/victory/Robot-Operating-System/python_ws/src/motor_distance_sensor_package'
[15.222s] INFO:colcon.colcon_core.shell:Skip shell extension 'powershell' for command environment: Not usable outside of PowerShell
[15.222s] DEBUG:colcon.colcon_core.shell:Skip shell extension 'dsv' for command environment
[15.551s] INFO:colcon.colcon_core.task.python.build:Building Python package in '/home/victory/Robot-Operating-System/python_ws/src/positio_encoder_decoder_python_package'
[15.552s] INFO:colcon.colcon_core.shell:Skip shell extension 'powershell' for command environment: Not usable outside of PowerShell
[15.552s] DEBUG:colcon.colcon_core.shell:Skip shell extension 'dsv' for command environment
[17.355s] DEBUG:colcon.colcon_core.event_handler.log_command:Invoking command in '/home/victory/Robot-Operating-System/python_ws/src/positio_encoder_decoder_python_package': PYTHONPATH=/home/victory/Robot-Operating-System/python_ws/build/positio_encoder_decoder_python_package/prefix_override:/usr/lib/python3/dist-packages/colcon_core/task/python/colcon_distutils_commands:/home/victory/Robot-Operating-System/python_ws/install/positio_encoder_decoder_python_package/lib/python3.10/site-packages:${PYTHONPATH} /usr/bin/python3 -W ignore:setup.py install is deprecated setup.py egg_info --egg-base ../../build/positio_encoder_decoder_python_package build --build-base /home/victory/Robot-Operating-System/python_ws/build/positio_encoder_decoder_python_package/build install --record /home/victory/Robot-Operating-System/python_ws/build/positio_encoder_decoder_python_package/install.log --single-version-externally-managed install_data
[17.405s] DEBUG:colcon.colcon_core.event_handler.log_command:Invoking command in '/home/victory/Robot-Operating-System/python_ws/src/motor_distance_sensor_package': PYTHONPATH=/home/victory/Robot-Operating-System/python_ws/build/motor_distance_sensor_package/prefix_override:/usr/lib/python3/dist-packages/colcon_core/task/python/colcon_distutils_commands:/home/victory/Robot-Operating-System/python_ws/install/motor_distance_sensor_package/lib/python3.10/site-packages:${PYTHONPATH} /usr/bin/python3 -W ignore:setup.py install is deprecated setup.py egg_info --egg-base ../../build/motor_distance_sensor_package build --build-base /home/victory/Robot-Operating-System/python_ws/build/motor_distance_sensor_package/build install --record /home/victory/Robot-Operating-System/python_ws/build/motor_distance_sensor_package/install.log --single-version-externally-managed install_data
[17.928s] DEBUG:colcon.colcon_core.event_handler.log_command:Invoked command in '/home/victory/Robot-Operating-System/python_ws/src/motor_distance_sensor_package' returned '0': PYTHONPATH=/home/victory/Robot-Operating-System/python_ws/build/motor_distance_sensor_package/prefix_override:/usr/lib/python3/dist-packages/colcon_core/task/python/colcon_distutils_commands:/home/victory/Robot-Operating-System/python_ws/install/motor_distance_sensor_package/lib/python3.10/site-packages:${PYTHONPATH} /usr/bin/python3 -W ignore:setup.py install is deprecated setup.py egg_info --egg-base ../../build/motor_distance_sensor_package build --build-base /home/victory/Robot-Operating-System/python_ws/build/motor_distance_sensor_package/build install --record /home/victory/Robot-Operating-System/python_ws/build/motor_distance_sensor_package/install.log --single-version-externally-managed install_data
[18.062s] Level 1:colcon.colcon_core.environment:checking '/home/victory/Robot-Operating-System/python_ws/install/motor_distance_sensor_package' for CMake module files
[18.065s] Level 1:colcon.colcon_core.environment:checking '/home/victory/Robot-Operating-System/python_ws/install/motor_distance_sensor_package' for CMake config files
[18.068s] Level 1:colcon.colcon_core.environment:checking '/home/victory/Robot-Operating-System/python_ws/install/motor_distance_sensor_package/lib'
[18.069s] Level 1:colcon.colcon_core.environment:checking '/home/victory/Robot-Operating-System/python_ws/install/motor_distance_sensor_package/bin'
[18.069s] Level 1:colcon.colcon_core.environment:checking '/home/victory/Robot-Operating-System/python_ws/install/motor_distance_sensor_package/lib/pkgconfig/motor_distance_sensor_package.pc'
[18.070s] Level 1:colcon.colcon_core.environment:checking '/home/victory/Robot-Operating-System/python_ws/install/motor_distance_sensor_package/lib/python3.10/site-packages'
[18.071s] Level 1:colcon.colcon_core.shell:create_environment_hook('motor_distance_sensor_package', 'pythonpath')
[18.072s] INFO:colcon.colcon_core.shell:Creating environment hook '/home/victory/Robot-Operating-System/python_ws/install/motor_distance_sensor_package/share/motor_distance_sensor_package/hook/pythonpath.ps1'
[18.073s] INFO:colcon.colcon_core.shell:Creating environment descriptor '/home/victory/Robot-Operating-System/python_ws/install/motor_distance_sensor_package/share/motor_distance_sensor_package/hook/pythonpath.dsv'
[18.074s] INFO:colcon.colcon_core.shell:Creating environment hook '/home/victory/Robot-Operating-System/python_ws/install/motor_distance_sensor_package/share/motor_distance_sensor_package/hook/pythonpath.sh'
[18.076s] Level 1:colcon.colcon_core.environment:checking '/home/victory/Robot-Operating-System/python_ws/install/motor_distance_sensor_package/bin'
[18.077s] Level 1:colcon.colcon_core.environment:create_environment_scripts_only(motor_distance_sensor_package)
[18.078s] INFO:colcon.colcon_core.shell:Creating package script '/home/victory/Robot-Operating-System/python_ws/install/motor_distance_sensor_package/share/motor_distance_sensor_package/package.ps1'
[18.090s] INFO:colcon.colcon_core.shell:Creating package descriptor '/home/victory/Robot-Operating-System/python_ws/install/motor_distance_sensor_package/share/motor_distance_sensor_package/package.dsv'
[18.105s] INFO:colcon.colcon_core.shell:Creating package script '/home/victory/Robot-Operating-System/python_ws/install/motor_distance_sensor_package/share/motor_distance_sensor_package/package.sh'
[18.110s] INFO:colcon.colcon_core.shell:Creating package script '/home/victory/Robot-Operating-System/python_ws/install/motor_distance_sensor_package/share/motor_distance_sensor_package/package.bash'
[18.136s] INFO:colcon.colcon_core.shell:Creating package script '/home/victory/Robot-Operating-System/python_ws/install/motor_distance_sensor_package/share/motor_distance_sensor_package/package.zsh'
[18.150s] Level 1:colcon.colcon_core.environment:create_file_with_runtime_dependencies(/home/victory/Robot-Operating-System/python_ws/install/motor_distance_sensor_package/share/colcon-core/packages/motor_distance_sensor_package)
[18.160s] Level 1:colcon.colcon_core.environment:checking '/home/victory/Robot-Operating-System/python_ws/install/positio_encoder_decoder_python_package' for CMake module files
[18.165s] DEBUG:colcon.colcon_core.event_handler.log_command:Invoked command in '/home/victory/Robot-Operating-System/python_ws/src/positio_encoder_decoder_python_package' returned '0': PYTHONPATH=/home/victory/Robot-Operating-System/python_ws/build/positio_encoder_decoder_python_package/prefix_override:/usr/lib/python3/dist-packages/colcon_core/task/python/colcon_distutils_commands:/home/victory/Robot-Operating-System/python_ws/install/positio_encoder_decoder_python_package/lib/python3.10/site-packages:${PYTHONPATH} /usr/bin/python3 -W ignore:setup.py install is deprecated setup.py egg_info --egg-base ../../build/positio_encoder_decoder_python_package build --build-base /home/victory/Robot-Operating-System/python_ws/build/positio_encoder_decoder_python_package/build install --record /home/victory/Robot-Operating-System/python_ws/build/positio_encoder_decoder_python_package/install.log --single-version-externally-managed install_data
[18.167s] Level 1:colcon.colcon_core.environment:checking '/home/victory/Robot-Operating-System/python_ws/install/positio_encoder_decoder_python_package' for CMake config files
[18.169s] Level 1:colcon.colcon_core.environment:checking '/home/victory/Robot-Operating-System/python_ws/install/positio_encoder_decoder_python_package/lib'
[18.169s] Level 1:colcon.colcon_core.environment:checking '/home/victory/Robot-Operating-System/python_ws/install/positio_encoder_decoder_python_package/bin'
[18.170s] Level 1:colcon.colcon_core.environment:checking '/home/victory/Robot-Operating-System/python_ws/install/positio_encoder_decoder_python_package/lib/pkgconfig/positio_encoder_decoder_python_package.pc'
[18.170s] Level 1:colcon.colcon_core.environment:checking '/home/victory/Robot-Operating-System/python_ws/install/positio_encoder_decoder_python_package/lib/python3.10/site-packages'
[18.171s] Level 1:colcon.colcon_core.shell:create_environment_hook('positio_encoder_decoder_python_package', 'pythonpath')
[18.172s] INFO:colcon.colcon_core.shell:Creating environment hook '/home/victory/Robot-Operating-System/python_ws/install/positio_encoder_decoder_python_package/share/positio_encoder_decoder_python_package/hook/pythonpath.ps1'
[18.173s] INFO:colcon.colcon_core.shell:Creating environment descriptor '/home/victory/Robot-Operating-System/python_ws/install/positio_encoder_decoder_python_package/share/positio_encoder_decoder_python_package/hook/pythonpath.dsv'
[18.174s] INFO:colcon.colcon_core.shell:Creating environment hook '/home/victory/Robot-Operating-System/python_ws/install/positio_encoder_decoder_python_package/share/positio_encoder_decoder_python_package/hook/pythonpath.sh'
[18.176s] Level 1:colcon.colcon_core.environment:checking '/home/victory/Robot-Operating-System/python_ws/install/positio_encoder_decoder_python_package/bin'
[18.176s] Level 1:colcon.colcon_core.environment:create_environment_scripts_only(positio_encoder_decoder_python_package)
[18.178s] INFO:colcon.colcon_core.shell:Creating package script '/home/victory/Robot-Operating-System/python_ws/install/positio_encoder_decoder_python_package/share/positio_encoder_decoder_python_package/package.ps1'
[18.181s] INFO:colcon.colcon_core.shell:Creating package descriptor '/home/victory/Robot-Operating-System/python_ws/install/positio_encoder_decoder_python_package/share/positio_encoder_decoder_python_package/package.dsv'
[18.184s] INFO:colcon.colcon_core.shell:Creating package script '/home/victory/Robot-Operating-System/python_ws/install/positio_encoder_decoder_python_package/share/positio_encoder_decoder_python_package/package.sh'
[18.185s] INFO:colcon.colcon_core.shell:Creating package script '/home/victory/Robot-Operating-System/python_ws/install/positio_encoder_decoder_python_package/share/positio_encoder_decoder_python_package/package.bash'
[18.187s] INFO:colcon.colcon_core.shell:Creating package script '/home/victory/Robot-Operating-System/python_ws/install/positio_encoder_decoder_python_package/share/positio_encoder_decoder_python_package/package.zsh'
[18.189s] Level 1:colcon.colcon_core.environment:create_file_with_runtime_dependencies(/home/victory/Robot-Operating-System/python_ws/install/positio_encoder_decoder_python_package/share/colcon-core/packages/positio_encoder_decoder_python_package)
[18.192s] DEBUG:colcon.colcon_parallel_executor.executor.parallel:closing loop
[18.194s] DEBUG:colcon.colcon_parallel_executor.executor.parallel:loop closed
[18.194s] DEBUG:colcon.colcon_parallel_executor.executor.parallel:run_until_complete finished with '0'
[18.195s] DEBUG:colcon.colcon_core.event_reactor:joining thread
[18.503s] INFO:colcon.colcon_core.plugin_system:Skipping extension 'colcon_notification.desktop_notification.notify_send': Could not find 'notify-send'
[18.504s] INFO:colcon.colcon_core.plugin_system:Skipping extension 'colcon_notification.desktop_notification.terminal_notifier': Not used on non-Darwin systems
[18.506s] INFO:colcon.colcon_core.plugin_system:Skipping extension 'colcon_notification.desktop_notification.win32': Not used on non-Windows systems
[18.506s] INFO:colcon.colcon_notification.desktop_notification:Sending desktop notification using 'notify2'
[18.507s] DEBUG:colcon.colcon_notification.desktop_notification.notify2:Failed to initialize notify2: org.freedesktop.DBus.Error.FileNotFound: Failed to connect to socket /run/user/1000/bus: No such file or directory
[18.507s] DEBUG:colcon.colcon_core.event_reactor:joined thread
[18.508s] INFO:colcon.colcon_core.shell:Creating prefix script '/home/victory/Robot-Operating-System/python_ws/install/local_setup.ps1'
[18.539s] INFO:colcon.colcon_core.shell:Creating prefix util module '/home/victory/Robot-Operating-System/python_ws/install/_local_setup_util_ps1.py'
[18.547s] INFO:colcon.colcon_core.shell:Creating prefix chain script '/home/victory/Robot-Operating-System/python_ws/install/setup.ps1'
[18.584s] INFO:colcon.colcon_core.shell:Creating prefix script '/home/victory/Robot-Operating-System/python_ws/install/local_setup.sh'
[18.589s] INFO:colcon.colcon_core.shell:Creating prefix util module '/home/victory/Robot-Operating-System/python_ws/install/_local_setup_util_sh.py'
[18.592s] INFO:colcon.colcon_core.shell:Creating prefix chain script '/home/victory/Robot-Operating-System/python_ws/install/setup.sh'
[18.597s] INFO:colcon.colcon_core.shell:Creating prefix script '/home/victory/Robot-Operating-System/python_ws/install/local_setup.bash'
[18.598s] INFO:colcon.colcon_core.shell:Creating prefix chain script '/home/victory/Robot-Operating-System/python_ws/install/setup.bash'
[18.602s] INFO:colcon.colcon_core.shell:Creating prefix script '/home/victory/Robot-Operating-System/python_ws/install/local_setup.zsh'
[18.604s] INFO:colcon.colcon_core.shell:Creating prefix chain script '/home/victory/Robot-Operating-System/python_ws/install/setup.zsh'
