[2.388s] DEBUG:colcon:Command line arguments: ['/usr/bin/colcon', 'build', '--packages-select', 'cpp_parameters']
[2.388s] DEBUG:colcon:Parsed command line arguments: Namespace(log_base=None, log_level=None, verb_name='build', build_base='build', install_base='install', merge_install=False, symlink_install=False, test_result_base=None, continue_on_error=False, executor='parallel', parallel_workers=4, event_handlers=None, ignore_user_meta=False, metas=['./colcon.meta'], base_paths=['.'], packages_ignore=None, packages_ignore_regex=None, paths=None, packages_up_to=None, packages_up_to_regex=None, packages_above=None, packages_above_and_dependencies=None, packages_above_depth=None, packages_select_by_dep=None, packages_skip_by_dep=None, packages_skip_up_to=None, packages_select_build_failed=False, packages_skip_build_finished=False, packages_select_test_failures=False, packages_skip_test_passed=False, packages_select=['cpp_parameters'], packages_skip=None, packages_select_regex=None, packages_skip_regex=None, packages_start=None, packages_end=None, allow_overriding=[], cmake_args=None, cmake_target=None, cmake_target_skip_unavailable=False, cmake_clean_cache=False, cmake_clean_first=False, cmake_force_configure=False, ament_cmake_args=None, catkin_cmake_args=None, catkin_skip_building_tests=False, mixin_files=None, mixin=None, verb_parser=<colcon_mixin.mixin.mixin_argument.MixinArgumentDecorator object at 0x7f6856c79f60>, verb_extension=<colcon_core.verb.build.BuildVerb object at 0x7f6856c78f10>, main=<bound method BuildVerb.main of <colcon_core.verb.build.BuildVerb object at 0x7f6856c78f10>>, mixin_verb=('build',))
[9.717s] Level 1:colcon.colcon_core.package_discovery:discover_packages(colcon_meta) check parameters
[9.718s] Level 1:colcon.colcon_core.package_discovery:discover_packages(recursive) check parameters
[9.718s] Level 1:colcon.colcon_core.package_discovery:discover_packages(ignore) check parameters
[9.718s] Level 1:colcon.colcon_core.package_discovery:discover_packages(path) check parameters
[9.718s] Level 1:colcon.colcon_core.package_discovery:discover_packages(colcon_meta) discover
[9.718s] Level 1:colcon.colcon_core.package_discovery:discover_packages(recursive) discover
[9.718s] INFO:colcon.colcon_core.package_discovery:Crawling recursively for packages in '/home/victory/Robot-Operating-System/cpp_ws'
[9.718s] Level 1:colcon.colcon_core.package_identification:_identify(.) by extensions ['ignore', 'ignore_ament_install']
[9.718s] Level 1:colcon.colcon_core.package_identification:_identify(.) by extension 'ignore'
[9.718s] Level 1:colcon.colcon_core.package_identification:_identify(.) by extension 'ignore_ament_install'
[9.718s] Level 1:colcon.colcon_core.package_identification:_identify(.) by extensions ['colcon_pkg']
[9.718s] Level 1:colcon.colcon_core.package_identification:_identify(.) by extension 'colcon_pkg'
[9.718s] Level 1:colcon.colcon_core.package_identification:_identify(.) by extensions ['colcon_meta']
[9.718s] Level 1:colcon.colcon_core.package_identification:_identify(.) by extension 'colcon_meta'
[9.718s] Level 1:colcon.colcon_core.package_identification:_identify(.) by extensions ['ros']
[9.718s] Level 1:colcon.colcon_core.package_identification:_identify(.) by extension 'ros'
[9.734s] Level 1:colcon.colcon_core.package_identification:_identify(.) by extensions ['cmake', 'python']
[9.734s] Level 1:colcon.colcon_core.package_identification:_identify(.) by extension 'cmake'
[9.734s] Level 1:colcon.colcon_core.package_identification:_identify(.) by extension 'python'
[9.734s] Level 1:colcon.colcon_core.package_identification:_identify(.) by extensions ['python_setup_py']
[9.734s] Level 1:colcon.colcon_core.package_identification:_identify(.) by extension 'python_setup_py'
[9.742s] Level 1:colcon.colcon_core.package_identification:_identify(build) by extensions ['ignore', 'ignore_ament_install']
[9.743s] Level 1:colcon.colcon_core.package_identification:_identify(build) by extension 'ignore'
[9.743s] Level 1:colcon.colcon_core.package_identification:_identify(build) ignored
[9.751s] Level 1:colcon.colcon_core.package_identification:_identify(install) by extensions ['ignore', 'ignore_ament_install']
[9.751s] Level 1:colcon.colcon_core.package_identification:_identify(install) by extension 'ignore'
[9.751s] Level 1:colcon.colcon_core.package_identification:_identify(install) ignored
[9.752s] Level 1:colcon.colcon_core.package_identification:_identify(log) by extensions ['ignore', 'ignore_ament_install']
[9.752s] Level 1:colcon.colcon_core.package_identification:_identify(log) by extension 'ignore'
[9.752s] Level 1:colcon.colcon_core.package_identification:_identify(log) ignored
[9.752s] Level 1:colcon.colcon_core.package_identification:_identify(src) by extensions ['ignore', 'ignore_ament_install']
[9.752s] Level 1:colcon.colcon_core.package_identification:_identify(src) by extension 'ignore'
[9.752s] Level 1:colcon.colcon_core.package_identification:_identify(src) by extension 'ignore_ament_install'
[9.752s] Level 1:colcon.colcon_core.package_identification:_identify(src) by extensions ['colcon_pkg']
[9.752s] Level 1:colcon.colcon_core.package_identification:_identify(src) by extension 'colcon_pkg'
[9.752s] Level 1:colcon.colcon_core.package_identification:_identify(src) by extensions ['colcon_meta']
[9.752s] Level 1:colcon.colcon_core.package_identification:_identify(src) by extension 'colcon_meta'
[9.752s] Level 1:colcon.colcon_core.package_identification:_identify(src) by extensions ['ros']
[9.752s] Level 1:colcon.colcon_core.package_identification:_identify(src) by extension 'ros'
[9.752s] Level 1:colcon.colcon_core.package_identification:_identify(src) by extensions ['cmake', 'python']
[9.752s] Level 1:colcon.colcon_core.package_identification:_identify(src) by extension 'cmake'
[9.752s] Level 1:colcon.colcon_core.package_identification:_identify(src) by extension 'python'
[9.753s] Level 1:colcon.colcon_core.package_identification:_identify(src) by extensions ['python_setup_py']
[9.753s] Level 1:colcon.colcon_core.package_identification:_identify(src) by extension 'python_setup_py'
[9.753s] Level 1:colcon.colcon_core.package_identification:_identify(src/cpp_parameters) by extensions ['ignore', 'ignore_ament_install']
[9.753s] Level 1:colcon.colcon_core.package_identification:_identify(src/cpp_parameters) by extension 'ignore'
[9.753s] Level 1:colcon.colcon_core.package_identification:_identify(src/cpp_parameters) by extension 'ignore_ament_install'
[9.753s] Level 1:colcon.colcon_core.package_identification:_identify(src/cpp_parameters) by extensions ['colcon_pkg']
[9.753s] Level 1:colcon.colcon_core.package_identification:_identify(src/cpp_parameters) by extension 'colcon_pkg'
[9.753s] Level 1:colcon.colcon_core.package_identification:_identify(src/cpp_parameters) by extensions ['colcon_meta']
[9.753s] Level 1:colcon.colcon_core.package_identification:_identify(src/cpp_parameters) by extension 'colcon_meta'
[9.753s] Level 1:colcon.colcon_core.package_identification:_identify(src/cpp_parameters) by extensions ['ros']
[9.753s] Level 1:colcon.colcon_core.package_identification:_identify(src/cpp_parameters) by extension 'ros'
[9.756s] DEBUG:colcon.colcon_core.package_identification:Package 'src/cpp_parameters' with type 'ros.ament_cmake' and name 'cpp_parameters'
[9.757s] Level 1:colcon.colcon_core.package_identification:_identify(src/custom_interfaces) by extensions ['ignore', 'ignore_ament_install']
[9.757s] Level 1:colcon.colcon_core.package_identification:_identify(src/custom_interfaces) by extension 'ignore'
[9.757s] Level 1:colcon.colcon_core.package_identification:_identify(src/custom_interfaces) by extension 'ignore_ament_install'
[9.757s] Level 1:colcon.colcon_core.package_identification:_identify(src/custom_interfaces) by extensions ['colcon_pkg']
[9.757s] Level 1:colcon.colcon_core.package_identification:_identify(src/custom_interfaces) by extension 'colcon_pkg'
[9.757s] Level 1:colcon.colcon_core.package_identification:_identify(src/custom_interfaces) by extensions ['colcon_meta']
[9.757s] Level 1:colcon.colcon_core.package_identification:_identify(src/custom_interfaces) by extension 'colcon_meta'
[9.757s] Level 1:colcon.colcon_core.package_identification:_identify(src/custom_interfaces) by extensions ['ros']
[9.757s] Level 1:colcon.colcon_core.package_identification:_identify(src/custom_interfaces) by extension 'ros'
[9.758s] DEBUG:colcon.colcon_core.package_identification:Package 'src/custom_interfaces' with type 'ros.ament_cmake' and name 'custom_interfaces'
[9.758s] Level 1:colcon.colcon_core.package_identification:_identify(src/msg_pub_sub_simple_node) by extensions ['ignore', 'ignore_ament_install']
[9.758s] Level 1:colcon.colcon_core.package_identification:_identify(src/msg_pub_sub_simple_node) by extension 'ignore'
[9.758s] Level 1:colcon.colcon_core.package_identification:_identify(src/msg_pub_sub_simple_node) by extension 'ignore_ament_install'
[9.758s] Level 1:colcon.colcon_core.package_identification:_identify(src/msg_pub_sub_simple_node) by extensions ['colcon_pkg']
[9.758s] Level 1:colcon.colcon_core.package_identification:_identify(src/msg_pub_sub_simple_node) by extension 'colcon_pkg'
[9.758s] Level 1:colcon.colcon_core.package_identification:_identify(src/msg_pub_sub_simple_node) by extensions ['colcon_meta']
[9.758s] Level 1:colcon.colcon_core.package_identification:_identify(src/msg_pub_sub_simple_node) by extension 'colcon_meta'
[9.759s] Level 1:colcon.colcon_core.package_identification:_identify(src/msg_pub_sub_simple_node) by extensions ['ros']
[9.759s] Level 1:colcon.colcon_core.package_identification:_identify(src/msg_pub_sub_simple_node) by extension 'ros'
[9.760s] DEBUG:colcon.colcon_core.package_identification:Package 'src/msg_pub_sub_simple_node' with type 'ros.ament_cmake' and name 'msg_pub_sub_simple_node'
[9.760s] Level 1:colcon.colcon_core.package_identification:_identify(src/srv_client) by extensions ['ignore', 'ignore_ament_install']
[9.760s] Level 1:colcon.colcon_core.package_identification:_identify(src/srv_client) by extension 'ignore'
[9.760s] Level 1:colcon.colcon_core.package_identification:_identify(src/srv_client) by extension 'ignore_ament_install'
[9.760s] Level 1:colcon.colcon_core.package_identification:_identify(src/srv_client) by extensions ['colcon_pkg']
[9.760s] Level 1:colcon.colcon_core.package_identification:_identify(src/srv_client) by extension 'colcon_pkg'
[9.760s] Level 1:colcon.colcon_core.package_identification:_identify(src/srv_client) by extensions ['colcon_meta']
[9.760s] Level 1:colcon.colcon_core.package_identification:_identify(src/srv_client) by extension 'colcon_meta'
[9.760s] Level 1:colcon.colcon_core.package_identification:_identify(src/srv_client) by extensions ['ros']
[9.760s] Level 1:colcon.colcon_core.package_identification:_identify(src/srv_client) by extension 'ros'
[9.761s] DEBUG:colcon.colcon_core.package_identification:Package 'src/srv_client' with type 'ros.ament_cmake' and name 'srv_client'
[9.761s] Level 1:colcon.colcon_core.package_discovery:discover_packages(recursive) using defaults
[9.761s] Level 1:colcon.colcon_core.package_discovery:discover_packages(ignore) discover
[9.761s] Level 1:colcon.colcon_core.package_discovery:discover_packages(ignore) using defaults
[9.761s] Level 1:colcon.colcon_core.package_discovery:discover_packages(path) discover
[9.761s] Level 1:colcon.colcon_core.package_discovery:discover_packages(path) using defaults
[10.013s] INFO:colcon.colcon_core.package_selection:Skipping not selected package 'custom_interfaces' in 'src/custom_interfaces'
[10.013s] INFO:colcon.colcon_core.package_selection:Skipping not selected package 'msg_pub_sub_simple_node' in 'src/msg_pub_sub_simple_node'
[10.013s] INFO:colcon.colcon_core.package_selection:Skipping not selected package 'srv_client' in 'src/srv_client'
[10.023s] Level 1:colcon.colcon_core.package_discovery:discover_packages(prefix_path) check parameters
[10.023s] Level 1:colcon.colcon_core.package_discovery:discover_packages(prefix_path) discover
[10.114s] DEBUG:colcon.colcon_installed_package_information.package_discovery:Found 3 installed packages in /home/victory/Robot-Operating-System/cpp_ws/install
[10.116s] DEBUG:colcon.colcon_installed_package_information.package_discovery:Found 293 installed packages in /opt/ros/humble
[10.119s] Level 1:colcon.colcon_core.package_discovery:discover_packages(prefix_path) using defaults
[12.469s] Level 5:colcon.colcon_core.verb:set package 'cpp_parameters' build argument 'cmake_args' from command line to 'None'
[12.469s] Level 5:colcon.colcon_core.verb:set package 'cpp_parameters' build argument 'cmake_target' from command line to 'None'
[12.470s] Level 5:colcon.colcon_core.verb:set package 'cpp_parameters' build argument 'cmake_target_skip_unavailable' from command line to 'False'
[12.470s] Level 5:colcon.colcon_core.verb:set package 'cpp_parameters' build argument 'cmake_clean_cache' from command line to 'False'
[12.470s] Level 5:colcon.colcon_core.verb:set package 'cpp_parameters' build argument 'cmake_clean_first' from command line to 'False'
[12.470s] Level 5:colcon.colcon_core.verb:set package 'cpp_parameters' build argument 'cmake_force_configure' from command line to 'False'
[12.470s] Level 5:colcon.colcon_core.verb:set package 'cpp_parameters' build argument 'ament_cmake_args' from command line to 'None'
[12.470s] Level 5:colcon.colcon_core.verb:set package 'cpp_parameters' build argument 'catkin_cmake_args' from command line to 'None'
[12.470s] Level 5:colcon.colcon_core.verb:set package 'cpp_parameters' build argument 'catkin_skip_building_tests' from command line to 'False'
[12.470s] DEBUG:colcon.colcon_core.verb:Building package 'cpp_parameters' with the following arguments: {'ament_cmake_args': None, 'build_base': '/home/victory/Robot-Operating-System/cpp_ws/build/cpp_parameters', 'catkin_cmake_args': None, 'catkin_skip_building_tests': False, 'cmake_args': None, 'cmake_clean_cache': False, 'cmake_clean_first': False, 'cmake_force_configure': False, 'cmake_target': None, 'cmake_target_skip_unavailable': False, 'install_base': '/home/victory/Robot-Operating-System/cpp_ws/install/cpp_parameters', 'merge_install': False, 'path': '/home/victory/Robot-Operating-System/cpp_ws/src/cpp_parameters', 'symlink_install': False, 'test_result_base': None}
[12.470s] INFO:colcon.colcon_core.executor:Executing jobs using 'parallel' executor
[12.472s] DEBUG:colcon.colcon_parallel_executor.executor.parallel:run_until_complete
[12.473s] INFO:colcon.colcon_ros.task.ament_cmake.build:Building ROS package in '/home/victory/Robot-Operating-System/cpp_ws/src/cpp_parameters' with build type 'ament_cmake'
[12.473s] INFO:colcon.colcon_cmake.task.cmake.build:Building CMake package in '/home/victory/Robot-Operating-System/cpp_ws/src/cpp_parameters'
[12.708s] INFO:colcon.colcon_core.plugin_system:Skipping extension 'colcon_core.shell.bat': Not used on non-Windows systems
[12.708s] INFO:colcon.colcon_core.shell:Skip shell extension 'powershell' for command environment: Not usable outside of PowerShell
[12.708s] DEBUG:colcon.colcon_core.shell:Skip shell extension 'dsv' for command environment
[12.765s] DEBUG:colcon.colcon_core.event_handler.log_command:Invoking command in '/home/victory/Robot-Operating-System/cpp_ws/build/cpp_parameters': CMAKE_PREFIX_PATH=${CMAKE_PREFIX_PATH}:/opt/ros/humble /home/linuxbrew/.linuxbrew/bin/cmake /home/victory/Robot-Operating-System/cpp_ws/src/cpp_parameters -DCMAKE_INSTALL_PREFIX=/home/victory/Robot-Operating-System/cpp_ws/install/cpp_parameters
[33.172s] DEBUG:colcon.colcon_core.event_handler.log_command:Invoked command in '/home/victory/Robot-Operating-System/cpp_ws/build/cpp_parameters' returned '0': CMAKE_PREFIX_PATH=${CMAKE_PREFIX_PATH}:/opt/ros/humble /home/linuxbrew/.linuxbrew/bin/cmake /home/victory/Robot-Operating-System/cpp_ws/src/cpp_parameters -DCMAKE_INSTALL_PREFIX=/home/victory/Robot-Operating-System/cpp_ws/install/cpp_parameters
[33.175s] DEBUG:colcon.colcon_core.event_handler.log_command:Invoking command in '/home/victory/Robot-Operating-System/cpp_ws/build/cpp_parameters': CMAKE_PREFIX_PATH=${CMAKE_PREFIX_PATH}:/opt/ros/humble /home/linuxbrew/.linuxbrew/bin/cmake --build /home/victory/Robot-Operating-System/cpp_ws/build/cpp_parameters -- -j4 -l4
[40.923s] DEBUG:colcon.colcon_core.event_handler.log_command:Invoked command in '/home/victory/Robot-Operating-System/cpp_ws/build/cpp_parameters' returned '2': CMAKE_PREFIX_PATH=${CMAKE_PREFIX_PATH}:/opt/ros/humble /home/linuxbrew/.linuxbrew/bin/cmake --build /home/victory/Robot-Operating-System/cpp_ws/build/cpp_parameters -- -j4 -l4
[40.957s] Level 1:colcon.colcon_core.environment:create_environment_scripts_only(cpp_parameters)
[41.099s] Level 1:colcon.colcon_core.environment:checking '/home/victory/Robot-Operating-System/cpp_ws/install/cpp_parameters' for CMake module files
[41.100s] Level 1:colcon.colcon_core.environment:checking '/home/victory/Robot-Operating-System/cpp_ws/install/cpp_parameters' for CMake config files
[41.100s] Level 1:colcon.colcon_core.environment:checking '/home/victory/Robot-Operating-System/cpp_ws/install/cpp_parameters/bin'
[41.100s] Level 1:colcon.colcon_core.environment:checking '/home/victory/Robot-Operating-System/cpp_ws/install/cpp_parameters/lib/pkgconfig/cpp_parameters.pc'
[41.101s] Level 1:colcon.colcon_core.environment:checking '/home/victory/Robot-Operating-System/cpp_ws/install/cpp_parameters/lib/python3.10/site-packages'
[41.101s] Level 1:colcon.colcon_core.environment:checking '/home/victory/Robot-Operating-System/cpp_ws/install/cpp_parameters/bin'
[41.101s] INFO:colcon.colcon_core.shell:Creating package script '/home/victory/Robot-Operating-System/cpp_ws/install/cpp_parameters/share/cpp_parameters/package.ps1'
[41.126s] INFO:colcon.colcon_core.shell:Creating package descriptor '/home/victory/Robot-Operating-System/cpp_ws/install/cpp_parameters/share/cpp_parameters/package.dsv'
[41.135s] INFO:colcon.colcon_core.shell:Creating package script '/home/victory/Robot-Operating-System/cpp_ws/install/cpp_parameters/share/cpp_parameters/package.sh'
[41.137s] INFO:colcon.colcon_core.shell:Creating package script '/home/victory/Robot-Operating-System/cpp_ws/install/cpp_parameters/share/cpp_parameters/package.bash'
[41.145s] INFO:colcon.colcon_core.shell:Creating package script '/home/victory/Robot-Operating-System/cpp_ws/install/cpp_parameters/share/cpp_parameters/package.zsh'
[41.150s] Level 1:colcon.colcon_core.environment:create_file_with_runtime_dependencies(/home/victory/Robot-Operating-System/cpp_ws/install/cpp_parameters/share/colcon-core/packages/cpp_parameters)
[41.162s] DEBUG:colcon.colcon_parallel_executor.executor.parallel:closing loop
[41.162s] DEBUG:colcon.colcon_parallel_executor.executor.parallel:loop closed
[41.162s] DEBUG:colcon.colcon_parallel_executor.executor.parallel:run_until_complete finished with '2'
[41.162s] DEBUG:colcon.colcon_core.event_reactor:joining thread
[41.402s] INFO:colcon.colcon_core.plugin_system:Skipping extension 'colcon_notification.desktop_notification.notify_send': Could not find 'notify-send'
[41.402s] INFO:colcon.colcon_core.plugin_system:Skipping extension 'colcon_notification.desktop_notification.terminal_notifier': Not used on non-Darwin systems
[41.402s] INFO:colcon.colcon_core.plugin_system:Skipping extension 'colcon_notification.desktop_notification.win32': Not used on non-Windows systems
[41.402s] INFO:colcon.colcon_notification.desktop_notification:Sending desktop notification using 'notify2'
[41.402s] DEBUG:colcon.colcon_notification.desktop_notification.notify2:Failed to initialize notify2: org.freedesktop.DBus.Error.FileNotFound: Failed to connect to socket /run/user/1000/bus: No such file or directory
[41.403s] DEBUG:colcon.colcon_core.event_reactor:joined thread
[41.403s] INFO:colcon.colcon_core.shell:Creating prefix script '/home/victory/Robot-Operating-System/cpp_ws/install/local_setup.ps1'
[41.406s] INFO:colcon.colcon_core.shell:Creating prefix util module '/home/victory/Robot-Operating-System/cpp_ws/install/_local_setup_util_ps1.py'
[41.408s] INFO:colcon.colcon_core.shell:Creating prefix chain script '/home/victory/Robot-Operating-System/cpp_ws/install/setup.ps1'
[41.411s] INFO:colcon.colcon_core.shell:Creating prefix script '/home/victory/Robot-Operating-System/cpp_ws/install/local_setup.sh'
[41.412s] INFO:colcon.colcon_core.shell:Creating prefix util module '/home/victory/Robot-Operating-System/cpp_ws/install/_local_setup_util_sh.py'
[41.413s] INFO:colcon.colcon_core.shell:Creating prefix chain script '/home/victory/Robot-Operating-System/cpp_ws/install/setup.sh'
[41.415s] INFO:colcon.colcon_core.shell:Creating prefix script '/home/victory/Robot-Operating-System/cpp_ws/install/local_setup.bash'
[41.416s] INFO:colcon.colcon_core.shell:Creating prefix chain script '/home/victory/Robot-Operating-System/cpp_ws/install/setup.bash'
[41.418s] INFO:colcon.colcon_core.shell:Creating prefix script '/home/victory/Robot-Operating-System/cpp_ws/install/local_setup.zsh'
[41.420s] INFO:colcon.colcon_core.shell:Creating prefix chain script '/home/victory/Robot-Operating-System/cpp_ws/install/setup.zsh'
