[0.457s] DEBUG:colcon:Command line arguments: ['/usr/bin/colcon', 'build']
[0.457s] DEBUG:colcon:Parsed command line arguments: Namespace(log_base=None, log_level=None, verb_name='build', build_base='build', install_base='install', merge_install=False, symlink_install=False, test_result_base=None, continue_on_error=False, executor='parallel', parallel_workers=4, event_handlers=None, ignore_user_meta=False, metas=['./colcon.meta'], base_paths=['.'], packages_ignore=None, packages_ignore_regex=None, paths=None, packages_up_to=None, packages_up_to_regex=None, packages_above=None, packages_above_and_dependencies=None, packages_above_depth=None, packages_select_by_dep=None, packages_skip_by_dep=None, packages_skip_up_to=None, packages_select_build_failed=False, packages_skip_build_finished=False, packages_select_test_failures=False, packages_skip_test_passed=False, packages_select=None, packages_skip=None, packages_select_regex=None, packages_skip_regex=None, packages_start=None, packages_end=None, allow_overriding=[], cmake_args=None, cmake_target=None, cmake_target_skip_unavailable=False, cmake_clean_cache=False, cmake_clean_first=False, cmake_force_configure=False, ament_cmake_args=None, catkin_cmake_args=None, catkin_skip_building_tests=False, mixin_files=None, mixin=None, verb_parser=<colcon_mixin.mixin.mixin_argument.MixinArgumentDecorator object at 0x7f3fc286df30>, verb_extension=<colcon_core.verb.build.BuildVerb object at 0x7f3fc286cee0>, main=<bound method BuildVerb.main of <colcon_core.verb.build.BuildVerb object at 0x7f3fc286cee0>>, mixin_verb=('build',))
[0.735s] Level 1:colcon.colcon_core.package_discovery:discover_packages(colcon_meta) check parameters
[0.735s] Level 1:colcon.colcon_core.package_discovery:discover_packages(recursive) check parameters
[0.735s] Level 1:colcon.colcon_core.package_discovery:discover_packages(ignore) check parameters
[0.735s] Level 1:colcon.colcon_core.package_discovery:discover_packages(path) check parameters
[0.735s] Level 1:colcon.colcon_core.package_discovery:discover_packages(colcon_meta) discover
[0.735s] Level 1:colcon.colcon_core.package_discovery:discover_packages(recursive) discover
[0.735s] INFO:colcon.colcon_core.package_discovery:Crawling recursively for packages in '/home/victory/Robot-Operating-System/test_2_ros2_ws'
[0.735s] Level 1:colcon.colcon_core.package_identification:_identify(.) by extensions ['ignore', 'ignore_ament_install']
[0.735s] Level 1:colcon.colcon_core.package_identification:_identify(.) by extension 'ignore'
[0.735s] Level 1:colcon.colcon_core.package_identification:_identify(.) by extension 'ignore_ament_install'
[0.736s] Level 1:colcon.colcon_core.package_identification:_identify(.) by extensions ['colcon_pkg']
[0.736s] Level 1:colcon.colcon_core.package_identification:_identify(.) by extension 'colcon_pkg'
[0.736s] Level 1:colcon.colcon_core.package_identification:_identify(.) by extensions ['colcon_meta']
[0.736s] Level 1:colcon.colcon_core.package_identification:_identify(.) by extension 'colcon_meta'
[0.736s] Level 1:colcon.colcon_core.package_identification:_identify(.) by extensions ['ros']
[0.736s] Level 1:colcon.colcon_core.package_identification:_identify(.) by extension 'ros'
[0.751s] Level 1:colcon.colcon_core.package_identification:_identify(.) by extensions ['cmake', 'python']
[0.751s] Level 1:colcon.colcon_core.package_identification:_identify(.) by extension 'cmake'
[0.752s] Level 1:colcon.colcon_core.package_identification:_identify(.) by extension 'python'
[0.752s] Level 1:colcon.colcon_core.package_identification:_identify(.) by extensions ['python_setup_py']
[0.752s] Level 1:colcon.colcon_core.package_identification:_identify(.) by extension 'python_setup_py'
[0.752s] Level 1:colcon.colcon_core.package_identification:_identify(build) by extensions ['ignore', 'ignore_ament_install']
[0.752s] Level 1:colcon.colcon_core.package_identification:_identify(build) by extension 'ignore'
[0.752s] Level 1:colcon.colcon_core.package_identification:_identify(build) ignored
[0.752s] Level 1:colcon.colcon_core.package_identification:_identify(install) by extensions ['ignore', 'ignore_ament_install']
[0.752s] Level 1:colcon.colcon_core.package_identification:_identify(install) by extension 'ignore'
[0.752s] Level 1:colcon.colcon_core.package_identification:_identify(install) ignored
[0.752s] Level 1:colcon.colcon_core.package_identification:_identify(log) by extensions ['ignore', 'ignore_ament_install']
[0.753s] Level 1:colcon.colcon_core.package_identification:_identify(log) by extension 'ignore'
[0.753s] Level 1:colcon.colcon_core.package_identification:_identify(log) ignored
[0.753s] Level 1:colcon.colcon_core.package_identification:_identify(src) by extensions ['ignore', 'ignore_ament_install']
[0.753s] Level 1:colcon.colcon_core.package_identification:_identify(src) by extension 'ignore'
[0.753s] Level 1:colcon.colcon_core.package_identification:_identify(src) by extension 'ignore_ament_install'
[0.753s] Level 1:colcon.colcon_core.package_identification:_identify(src) by extensions ['colcon_pkg']
[0.753s] Level 1:colcon.colcon_core.package_identification:_identify(src) by extension 'colcon_pkg'
[0.753s] Level 1:colcon.colcon_core.package_identification:_identify(src) by extensions ['colcon_meta']
[0.753s] Level 1:colcon.colcon_core.package_identification:_identify(src) by extension 'colcon_meta'
[0.753s] Level 1:colcon.colcon_core.package_identification:_identify(src) by extensions ['ros']
[0.753s] Level 1:colcon.colcon_core.package_identification:_identify(src) by extension 'ros'
[0.753s] Level 1:colcon.colcon_core.package_identification:_identify(src) by extensions ['cmake', 'python']
[0.753s] Level 1:colcon.colcon_core.package_identification:_identify(src) by extension 'cmake'
[0.753s] Level 1:colcon.colcon_core.package_identification:_identify(src) by extension 'python'
[0.753s] Level 1:colcon.colcon_core.package_identification:_identify(src) by extensions ['python_setup_py']
[0.753s] Level 1:colcon.colcon_core.package_identification:_identify(src) by extension 'python_setup_py'
[0.754s] Level 1:colcon.colcon_core.package_identification:_identify(src/motor_distance_sensor_package) by extensions ['ignore', 'ignore_ament_install']
[0.754s] Level 1:colcon.colcon_core.package_identification:_identify(src/motor_distance_sensor_package) by extension 'ignore'
[0.754s] Level 1:colcon.colcon_core.package_identification:_identify(src/motor_distance_sensor_package) by extension 'ignore_ament_install'
[0.754s] Level 1:colcon.colcon_core.package_identification:_identify(src/motor_distance_sensor_package) by extensions ['colcon_pkg']
[0.754s] Level 1:colcon.colcon_core.package_identification:_identify(src/motor_distance_sensor_package) by extension 'colcon_pkg'
[0.754s] Level 1:colcon.colcon_core.package_identification:_identify(src/motor_distance_sensor_package) by extensions ['colcon_meta']
[0.754s] Level 1:colcon.colcon_core.package_identification:_identify(src/motor_distance_sensor_package) by extension 'colcon_meta'
[0.754s] Level 1:colcon.colcon_core.package_identification:_identify(src/motor_distance_sensor_package) by extensions ['ros']
[0.754s] Level 1:colcon.colcon_core.package_identification:_identify(src/motor_distance_sensor_package) by extension 'ros'
[0.757s] DEBUG:colcon.colcon_core.package_identification:Package 'src/motor_distance_sensor_package' with type 'ros.ament_python' and name 'motor_distance_sensor_package'
[0.757s] Level 1:colcon.colcon_core.package_identification:_identify(src/positio_encoder_decoder_python_package) by extensions ['ignore', 'ignore_ament_install']
[0.757s] Level 1:colcon.colcon_core.package_identification:_identify(src/positio_encoder_decoder_python_package) by extension 'ignore'
[0.757s] Level 1:colcon.colcon_core.package_identification:_identify(src/positio_encoder_decoder_python_package) by extension 'ignore_ament_install'
[0.757s] Level 1:colcon.colcon_core.package_identification:_identify(src/positio_encoder_decoder_python_package) by extensions ['colcon_pkg']
[0.757s] Level 1:colcon.colcon_core.package_identification:_identify(src/positio_encoder_decoder_python_package) by extension 'colcon_pkg'
[0.757s] Level 1:colcon.colcon_core.package_identification:_identify(src/positio_encoder_decoder_python_package) by extensions ['colcon_meta']
[0.757s] Level 1:colcon.colcon_core.package_identification:_identify(src/positio_encoder_decoder_python_package) by extension 'colcon_meta'
[0.757s] Level 1:colcon.colcon_core.package_identification:_identify(src/positio_encoder_decoder_python_package) by extensions ['ros']
[0.758s] Level 1:colcon.colcon_core.package_identification:_identify(src/positio_encoder_decoder_python_package) by extension 'ros'
[0.758s] DEBUG:colcon.colcon_core.package_identification:Package 'src/positio_encoder_decoder_python_package' with type 'ros.ament_python' and name 'positio_encoder_decoder_python_package'
[0.758s] Level 1:colcon.colcon_core.package_discovery:discover_packages(recursive) using defaults
[0.758s] Level 1:colcon.colcon_core.package_discovery:discover_packages(ignore) discover
[0.758s] Level 1:colcon.colcon_core.package_discovery:discover_packages(ignore) using defaults
[0.758s] Level 1:colcon.colcon_core.package_discovery:discover_packages(path) discover
[0.758s] Level 1:colcon.colcon_core.package_discovery:discover_packages(path) using defaults
[0.783s] Level 1:colcon.colcon_core.package_discovery:discover_packages(prefix_path) check parameters
[0.783s] Level 1:colcon.colcon_core.package_discovery:discover_packages(prefix_path) discover
[0.786s] DEBUG:colcon.colcon_installed_package_information.package_discovery:Found 2 installed packages in /home/victory/Robot-Operating-System/test_2_ros2_ws/install
[0.787s] DEBUG:colcon.colcon_installed_package_information.package_discovery:Found 293 installed packages in /opt/ros/humble
[0.789s] Level 1:colcon.colcon_core.package_discovery:discover_packages(prefix_path) using defaults
[0.861s] Level 5:colcon.colcon_core.verb:set package 'motor_distance_sensor_package' build argument 'cmake_args' from command line to 'None'
[0.861s] Level 5:colcon.colcon_core.verb:set package 'motor_distance_sensor_package' build argument 'cmake_target' from command line to 'None'
[0.861s] Level 5:colcon.colcon_core.verb:set package 'motor_distance_sensor_package' build argument 'cmake_target_skip_unavailable' from command line to 'False'
[0.861s] Level 5:colcon.colcon_core.verb:set package 'motor_distance_sensor_package' build argument 'cmake_clean_cache' from command line to 'False'
[0.861s] Level 5:colcon.colcon_core.verb:set package 'motor_distance_sensor_package' build argument 'cmake_clean_first' from command line to 'False'
[0.861s] Level 5:colcon.colcon_core.verb:set package 'motor_distance_sensor_package' build argument 'cmake_force_configure' from command line to 'False'
[0.861s] Level 5:colcon.colcon_core.verb:set package 'motor_distance_sensor_package' build argument 'ament_cmake_args' from command line to 'None'
[0.861s] Level 5:colcon.colcon_core.verb:set package 'motor_distance_sensor_package' build argument 'catkin_cmake_args' from command line to 'None'
[0.862s] Level 5:colcon.colcon_core.verb:set package 'motor_distance_sensor_package' build argument 'catkin_skip_building_tests' from command line to 'False'
[0.862s] DEBUG:colcon.colcon_core.verb:Building package 'motor_distance_sensor_package' with the following arguments: {'ament_cmake_args': None, 'build_base': '/home/victory/Robot-Operating-System/test_2_ros2_ws/build/motor_distance_sensor_package', 'catkin_cmake_args': None, 'catkin_skip_building_tests': False, 'cmake_args': None, 'cmake_clean_cache': False, 'cmake_clean_first': False, 'cmake_force_configure': False, 'cmake_target': None, 'cmake_target_skip_unavailable': False, 'install_base': '/home/victory/Robot-Operating-System/test_2_ros2_ws/install/motor_distance_sensor_package', 'merge_install': False, 'path': '/home/victory/Robot-Operating-System/test_2_ros2_ws/src/motor_distance_sensor_package', 'symlink_install': False, 'test_result_base': None}
[0.862s] Level 5:colcon.colcon_core.verb:set package 'positio_encoder_decoder_python_package' build argument 'cmake_args' from command line to 'None'
[0.862s] Level 5:colcon.colcon_core.verb:set package 'positio_encoder_decoder_python_package' build argument 'cmake_target' from command line to 'None'
[0.862s] Level 5:colcon.colcon_core.verb:set package 'positio_encoder_decoder_python_package' build argument 'cmake_target_skip_unavailable' from command line to 'False'
[0.862s] Level 5:colcon.colcon_core.verb:set package 'positio_encoder_decoder_python_package' build argument 'cmake_clean_cache' from command line to 'False'
[0.862s] Level 5:colcon.colcon_core.verb:set package 'positio_encoder_decoder_python_package' build argument 'cmake_clean_first' from command line to 'False'
[0.862s] Level 5:colcon.colcon_core.verb:set package 'positio_encoder_decoder_python_package' build argument 'cmake_force_configure' from command line to 'False'
[0.862s] Level 5:colcon.colcon_core.verb:set package 'positio_encoder_decoder_python_package' build argument 'ament_cmake_args' from command line to 'None'
[0.862s] Level 5:colcon.colcon_core.verb:set package 'positio_encoder_decoder_python_package' build argument 'catkin_cmake_args' from command line to 'None'
[0.862s] Level 5:colcon.colcon_core.verb:set package 'positio_encoder_decoder_python_package' build argument 'catkin_skip_building_tests' from command line to 'False'
[0.862s] DEBUG:colcon.colcon_core.verb:Building package 'positio_encoder_decoder_python_package' with the following arguments: {'ament_cmake_args': None, 'build_base': '/home/victory/Robot-Operating-System/test_2_ros2_ws/build/positio_encoder_decoder_python_package', 'catkin_cmake_args': None, 'catkin_skip_building_tests': False, 'cmake_args': None, 'cmake_clean_cache': False, 'cmake_clean_first': False, 'cmake_force_configure': False, 'cmake_target': None, 'cmake_target_skip_unavailable': False, 'install_base': '/home/victory/Robot-Operating-System/test_2_ros2_ws/install/positio_encoder_decoder_python_package', 'merge_install': False, 'path': '/home/victory/Robot-Operating-System/test_2_ros2_ws/src/positio_encoder_decoder_python_package', 'symlink_install': False, 'test_result_base': None}
[0.863s] INFO:colcon.colcon_core.executor:Executing jobs using 'parallel' executor
[0.864s] DEBUG:colcon.colcon_parallel_executor.executor.parallel:run_until_complete
[0.865s] INFO:colcon.colcon_ros.task.ament_python.build:Building ROS package in '/home/victory/Robot-Operating-System/test_2_ros2_ws/src/motor_distance_sensor_package' with build type 'ament_python'
[0.865s] Level 1:colcon.colcon_core.shell:create_environment_hook('motor_distance_sensor_package', 'ament_prefix_path')
[0.869s] INFO:colcon.colcon_core.plugin_system:Skipping extension 'colcon_core.shell.bat': Not used on non-Windows systems
[0.870s] INFO:colcon.colcon_core.shell:Creating environment hook '/home/victory/Robot-Operating-System/test_2_ros2_ws/install/motor_distance_sensor_package/share/motor_distance_sensor_package/hook/ament_prefix_path.ps1'
[0.871s] INFO:colcon.colcon_core.shell:Creating environment descriptor '/home/victory/Robot-Operating-System/test_2_ros2_ws/install/motor_distance_sensor_package/share/motor_distance_sensor_package/hook/ament_prefix_path.dsv'
[0.872s] INFO:colcon.colcon_core.shell:Creating environment hook '/home/victory/Robot-Operating-System/test_2_ros2_ws/install/motor_distance_sensor_package/share/motor_distance_sensor_package/hook/ament_prefix_path.sh'
[0.873s] INFO:colcon.colcon_core.shell:Skip shell extension 'powershell' for command environment: Not usable outside of PowerShell
[0.873s] DEBUG:colcon.colcon_core.shell:Skip shell extension 'dsv' for command environment
[0.878s] INFO:colcon.colcon_ros.task.ament_python.build:Building ROS package in '/home/victory/Robot-Operating-System/test_2_ros2_ws/src/positio_encoder_decoder_python_package' with build type 'ament_python'
[0.879s] Level 1:colcon.colcon_core.shell:create_environment_hook('positio_encoder_decoder_python_package', 'ament_prefix_path')
[0.879s] INFO:colcon.colcon_core.shell:Creating environment hook '/home/victory/Robot-Operating-System/test_2_ros2_ws/install/positio_encoder_decoder_python_package/share/positio_encoder_decoder_python_package/hook/ament_prefix_path.ps1'
[0.881s] INFO:colcon.colcon_core.shell:Creating environment descriptor '/home/victory/Robot-Operating-System/test_2_ros2_ws/install/positio_encoder_decoder_python_package/share/positio_encoder_decoder_python_package/hook/ament_prefix_path.dsv'
[0.882s] INFO:colcon.colcon_core.shell:Creating environment hook '/home/victory/Robot-Operating-System/test_2_ros2_ws/install/positio_encoder_decoder_python_package/share/positio_encoder_decoder_python_package/hook/ament_prefix_path.sh'
[0.883s] INFO:colcon.colcon_core.shell:Skip shell extension 'powershell' for command environment: Not usable outside of PowerShell
[0.883s] DEBUG:colcon.colcon_core.shell:Skip shell extension 'dsv' for command environment
[1.387s] INFO:colcon.colcon_core.task.python.build:Building Python package in '/home/victory/Robot-Operating-System/test_2_ros2_ws/src/motor_distance_sensor_package'
[1.387s] INFO:colcon.colcon_core.shell:Skip shell extension 'powershell' for command environment: Not usable outside of PowerShell
[1.387s] DEBUG:colcon.colcon_core.shell:Skip shell extension 'dsv' for command environment
[1.802s] INFO:colcon.colcon_core.task.python.build:Building Python package in '/home/victory/Robot-Operating-System/test_2_ros2_ws/src/positio_encoder_decoder_python_package'
[1.803s] INFO:colcon.colcon_core.shell:Skip shell extension 'powershell' for command environment: Not usable outside of PowerShell
[1.803s] DEBUG:colcon.colcon_core.shell:Skip shell extension 'dsv' for command environment
[2.484s] DEBUG:colcon.colcon_core.event_handler.log_command:Invoking command in '/home/victory/Robot-Operating-System/test_2_ros2_ws/src/positio_encoder_decoder_python_package': PYTHONPATH=/home/victory/Robot-Operating-System/test_2_ros2_ws/build/positio_encoder_decoder_python_package/prefix_override:/usr/lib/python3/dist-packages/colcon_core/task/python/colcon_distutils_commands:/home/victory/Robot-Operating-System/test_2_ros2_ws/install/positio_encoder_decoder_python_package/lib/python3.10/site-packages:${PYTHONPATH} /usr/bin/python3 -W ignore:setup.py install is deprecated setup.py egg_info --egg-base ../../build/positio_encoder_decoder_python_package build --build-base /home/victory/Robot-Operating-System/test_2_ros2_ws/build/positio_encoder_decoder_python_package/build install --record /home/victory/Robot-Operating-System/test_2_ros2_ws/build/positio_encoder_decoder_python_package/install.log --single-version-externally-managed install_data
[2.487s] DEBUG:colcon.colcon_core.event_handler.log_command:Invoking command in '/home/victory/Robot-Operating-System/test_2_ros2_ws/src/motor_distance_sensor_package': PYTHONPATH=/home/victory/Robot-Operating-System/test_2_ros2_ws/build/motor_distance_sensor_package/prefix_override:/usr/lib/python3/dist-packages/colcon_core/task/python/colcon_distutils_commands:/home/victory/Robot-Operating-System/test_2_ros2_ws/install/motor_distance_sensor_package/lib/python3.10/site-packages:${PYTHONPATH} /usr/bin/python3 -W ignore:setup.py install is deprecated setup.py egg_info --egg-base ../../build/motor_distance_sensor_package build --build-base /home/victory/Robot-Operating-System/test_2_ros2_ws/build/motor_distance_sensor_package/build install --record /home/victory/Robot-Operating-System/test_2_ros2_ws/build/motor_distance_sensor_package/install.log --single-version-externally-managed install_data
[3.110s] DEBUG:colcon.colcon_core.event_handler.log_command:Invoked command in '/home/victory/Robot-Operating-System/test_2_ros2_ws/src/motor_distance_sensor_package' returned '0': PYTHONPATH=/home/victory/Robot-Operating-System/test_2_ros2_ws/build/motor_distance_sensor_package/prefix_override:/usr/lib/python3/dist-packages/colcon_core/task/python/colcon_distutils_commands:/home/victory/Robot-Operating-System/test_2_ros2_ws/install/motor_distance_sensor_package/lib/python3.10/site-packages:${PYTHONPATH} /usr/bin/python3 -W ignore:setup.py install is deprecated setup.py egg_info --egg-base ../../build/motor_distance_sensor_package build --build-base /home/victory/Robot-Operating-System/test_2_ros2_ws/build/motor_distance_sensor_package/build install --record /home/victory/Robot-Operating-System/test_2_ros2_ws/build/motor_distance_sensor_package/install.log --single-version-externally-managed install_data
[3.116s] Level 1:colcon.colcon_core.environment:checking '/home/victory/Robot-Operating-System/test_2_ros2_ws/install/motor_distance_sensor_package' for CMake module files
[3.117s] Level 1:colcon.colcon_core.environment:checking '/home/victory/Robot-Operating-System/test_2_ros2_ws/install/motor_distance_sensor_package' for CMake config files
[3.118s] Level 1:colcon.colcon_core.environment:checking '/home/victory/Robot-Operating-System/test_2_ros2_ws/install/motor_distance_sensor_package/lib'
[3.118s] Level 1:colcon.colcon_core.environment:checking '/home/victory/Robot-Operating-System/test_2_ros2_ws/install/motor_distance_sensor_package/bin'
[3.118s] Level 1:colcon.colcon_core.environment:checking '/home/victory/Robot-Operating-System/test_2_ros2_ws/install/motor_distance_sensor_package/lib/pkgconfig/motor_distance_sensor_package.pc'
[3.119s] Level 1:colcon.colcon_core.environment:checking '/home/victory/Robot-Operating-System/test_2_ros2_ws/install/motor_distance_sensor_package/lib/python3.10/site-packages'
[3.119s] Level 1:colcon.colcon_core.shell:create_environment_hook('motor_distance_sensor_package', 'pythonpath')
[3.119s] INFO:colcon.colcon_core.shell:Creating environment hook '/home/victory/Robot-Operating-System/test_2_ros2_ws/install/motor_distance_sensor_package/share/motor_distance_sensor_package/hook/pythonpath.ps1'
[3.120s] INFO:colcon.colcon_core.shell:Creating environment descriptor '/home/victory/Robot-Operating-System/test_2_ros2_ws/install/motor_distance_sensor_package/share/motor_distance_sensor_package/hook/pythonpath.dsv'
[3.121s] INFO:colcon.colcon_core.shell:Creating environment hook '/home/victory/Robot-Operating-System/test_2_ros2_ws/install/motor_distance_sensor_package/share/motor_distance_sensor_package/hook/pythonpath.sh'
[3.122s] Level 1:colcon.colcon_core.environment:checking '/home/victory/Robot-Operating-System/test_2_ros2_ws/install/motor_distance_sensor_package/bin'
[3.122s] Level 1:colcon.colcon_core.environment:create_environment_scripts_only(motor_distance_sensor_package)
[3.123s] INFO:colcon.colcon_core.shell:Creating package script '/home/victory/Robot-Operating-System/test_2_ros2_ws/install/motor_distance_sensor_package/share/motor_distance_sensor_package/package.ps1'
[3.124s] INFO:colcon.colcon_core.shell:Creating package descriptor '/home/victory/Robot-Operating-System/test_2_ros2_ws/install/motor_distance_sensor_package/share/motor_distance_sensor_package/package.dsv'
[3.124s] INFO:colcon.colcon_core.shell:Creating package script '/home/victory/Robot-Operating-System/test_2_ros2_ws/install/motor_distance_sensor_package/share/motor_distance_sensor_package/package.sh'
[3.125s] INFO:colcon.colcon_core.shell:Creating package script '/home/victory/Robot-Operating-System/test_2_ros2_ws/install/motor_distance_sensor_package/share/motor_distance_sensor_package/package.bash'
[3.126s] INFO:colcon.colcon_core.shell:Creating package script '/home/victory/Robot-Operating-System/test_2_ros2_ws/install/motor_distance_sensor_package/share/motor_distance_sensor_package/package.zsh'
[3.127s] Level 1:colcon.colcon_core.environment:create_file_with_runtime_dependencies(/home/victory/Robot-Operating-System/test_2_ros2_ws/install/motor_distance_sensor_package/share/colcon-core/packages/motor_distance_sensor_package)
[3.130s] Level 1:colcon.colcon_core.environment:checking '/home/victory/Robot-Operating-System/test_2_ros2_ws/install/positio_encoder_decoder_python_package' for CMake module files
[3.132s] DEBUG:colcon.colcon_core.event_handler.log_command:Invoked command in '/home/victory/Robot-Operating-System/test_2_ros2_ws/src/positio_encoder_decoder_python_package' returned '0': PYTHONPATH=/home/victory/Robot-Operating-System/test_2_ros2_ws/build/positio_encoder_decoder_python_package/prefix_override:/usr/lib/python3/dist-packages/colcon_core/task/python/colcon_distutils_commands:/home/victory/Robot-Operating-System/test_2_ros2_ws/install/positio_encoder_decoder_python_package/lib/python3.10/site-packages:${PYTHONPATH} /usr/bin/python3 -W ignore:setup.py install is deprecated setup.py egg_info --egg-base ../../build/positio_encoder_decoder_python_package build --build-base /home/victory/Robot-Operating-System/test_2_ros2_ws/build/positio_encoder_decoder_python_package/build install --record /home/victory/Robot-Operating-System/test_2_ros2_ws/build/positio_encoder_decoder_python_package/install.log --single-version-externally-managed install_data
[3.132s] Level 1:colcon.colcon_core.environment:checking '/home/victory/Robot-Operating-System/test_2_ros2_ws/install/positio_encoder_decoder_python_package' for CMake config files
[3.133s] Level 1:colcon.colcon_core.environment:checking '/home/victory/Robot-Operating-System/test_2_ros2_ws/install/positio_encoder_decoder_python_package/lib'
[3.133s] Level 1:colcon.colcon_core.environment:checking '/home/victory/Robot-Operating-System/test_2_ros2_ws/install/positio_encoder_decoder_python_package/bin'
[3.133s] Level 1:colcon.colcon_core.environment:checking '/home/victory/Robot-Operating-System/test_2_ros2_ws/install/positio_encoder_decoder_python_package/lib/pkgconfig/positio_encoder_decoder_python_package.pc'
[3.134s] Level 1:colcon.colcon_core.environment:checking '/home/victory/Robot-Operating-System/test_2_ros2_ws/install/positio_encoder_decoder_python_package/lib/python3.10/site-packages'
[3.134s] Level 1:colcon.colcon_core.shell:create_environment_hook('positio_encoder_decoder_python_package', 'pythonpath')
[3.134s] INFO:colcon.colcon_core.shell:Creating environment hook '/home/victory/Robot-Operating-System/test_2_ros2_ws/install/positio_encoder_decoder_python_package/share/positio_encoder_decoder_python_package/hook/pythonpath.ps1'
[3.135s] INFO:colcon.colcon_core.shell:Creating environment descriptor '/home/victory/Robot-Operating-System/test_2_ros2_ws/install/positio_encoder_decoder_python_package/share/positio_encoder_decoder_python_package/hook/pythonpath.dsv'
[3.135s] INFO:colcon.colcon_core.shell:Creating environment hook '/home/victory/Robot-Operating-System/test_2_ros2_ws/install/positio_encoder_decoder_python_package/share/positio_encoder_decoder_python_package/hook/pythonpath.sh'
[3.136s] Level 1:colcon.colcon_core.environment:checking '/home/victory/Robot-Operating-System/test_2_ros2_ws/install/positio_encoder_decoder_python_package/bin'
[3.136s] Level 1:colcon.colcon_core.environment:create_environment_scripts_only(positio_encoder_decoder_python_package)
[3.136s] INFO:colcon.colcon_core.shell:Creating package script '/home/victory/Robot-Operating-System/test_2_ros2_ws/install/positio_encoder_decoder_python_package/share/positio_encoder_decoder_python_package/package.ps1'
[3.137s] INFO:colcon.colcon_core.shell:Creating package descriptor '/home/victory/Robot-Operating-System/test_2_ros2_ws/install/positio_encoder_decoder_python_package/share/positio_encoder_decoder_python_package/package.dsv'
[3.137s] INFO:colcon.colcon_core.shell:Creating package script '/home/victory/Robot-Operating-System/test_2_ros2_ws/install/positio_encoder_decoder_python_package/share/positio_encoder_decoder_python_package/package.sh'
[3.138s] INFO:colcon.colcon_core.shell:Creating package script '/home/victory/Robot-Operating-System/test_2_ros2_ws/install/positio_encoder_decoder_python_package/share/positio_encoder_decoder_python_package/package.bash'
[3.138s] INFO:colcon.colcon_core.shell:Creating package script '/home/victory/Robot-Operating-System/test_2_ros2_ws/install/positio_encoder_decoder_python_package/share/positio_encoder_decoder_python_package/package.zsh'
[3.138s] Level 1:colcon.colcon_core.environment:create_file_with_runtime_dependencies(/home/victory/Robot-Operating-System/test_2_ros2_ws/install/positio_encoder_decoder_python_package/share/colcon-core/packages/positio_encoder_decoder_python_package)
[3.139s] DEBUG:colcon.colcon_parallel_executor.executor.parallel:closing loop
[3.141s] DEBUG:colcon.colcon_parallel_executor.executor.parallel:loop closed
[3.141s] DEBUG:colcon.colcon_parallel_executor.executor.parallel:run_until_complete finished with '0'
[3.142s] DEBUG:colcon.colcon_core.event_reactor:joining thread
[3.259s] INFO:colcon.colcon_core.plugin_system:Skipping extension 'colcon_notification.desktop_notification.notify_send': Could not find 'notify-send'
[3.259s] INFO:colcon.colcon_core.plugin_system:Skipping extension 'colcon_notification.desktop_notification.terminal_notifier': Not used on non-Darwin systems
[3.260s] INFO:colcon.colcon_core.plugin_system:Skipping extension 'colcon_notification.desktop_notification.win32': Not used on non-Windows systems
[3.260s] INFO:colcon.colcon_notification.desktop_notification:Sending desktop notification using 'notify2'
[3.262s] DEBUG:colcon.colcon_notification.desktop_notification.notify2:Failed to initialize notify2: org.freedesktop.DBus.Error.ServiceUnknown: The name org.freedesktop.Notifications was not provided by any .service files
[3.262s] DEBUG:colcon.colcon_core.event_reactor:joined thread
[3.264s] INFO:colcon.colcon_core.shell:Creating prefix script '/home/victory/Robot-Operating-System/test_2_ros2_ws/install/local_setup.ps1'
[3.269s] INFO:colcon.colcon_core.shell:Creating prefix util module '/home/victory/Robot-Operating-System/test_2_ros2_ws/install/_local_setup_util_ps1.py'
[3.273s] INFO:colcon.colcon_core.shell:Creating prefix chain script '/home/victory/Robot-Operating-System/test_2_ros2_ws/install/setup.ps1'
[3.275s] INFO:colcon.colcon_core.shell:Creating prefix script '/home/victory/Robot-Operating-System/test_2_ros2_ws/install/local_setup.sh'
[3.276s] INFO:colcon.colcon_core.shell:Creating prefix util module '/home/victory/Robot-Operating-System/test_2_ros2_ws/install/_local_setup_util_sh.py'
[3.277s] INFO:colcon.colcon_core.shell:Creating prefix chain script '/home/victory/Robot-Operating-System/test_2_ros2_ws/install/setup.sh'
[3.279s] INFO:colcon.colcon_core.shell:Creating prefix script '/home/victory/Robot-Operating-System/test_2_ros2_ws/install/local_setup.bash'
[3.280s] INFO:colcon.colcon_core.shell:Creating prefix chain script '/home/victory/Robot-Operating-System/test_2_ros2_ws/install/setup.bash'
[3.283s] INFO:colcon.colcon_core.shell:Creating prefix script '/home/victory/Robot-Operating-System/test_2_ros2_ws/install/local_setup.zsh'
[3.284s] INFO:colcon.colcon_core.shell:Creating prefix chain script '/home/victory/Robot-Operating-System/test_2_ros2_ws/install/setup.zsh'
