[3.076s] Invoking command in '/home/victory/Robot-Operating-System/python_ws/src/package_with_configurable_nodes': PYTHONPATH=/home/victory/Robot-Operating-System/python_ws/build/package_with_configurable_nodes/prefix_override:/usr/lib/python3/dist-packages/colcon_core/task/python/colcon_distutils_commands:/home/victory/Robot-Operating-System/python_ws/install/package_with_configurable_nodes/lib/python3.10/site-packages:${PYTHONPATH} /usr/bin/python3 -W ignore:setup.py install is deprecated setup.py egg_info --egg-base ../../build/package_with_configurable_nodes build --build-base /home/victory/Robot-Operating-System/python_ws/build/package_with_configurable_nodes/build install --record /home/victory/Robot-Operating-System/python_ws/build/package_with_configurable_nodes/install.log --single-version-externally-managed install_data
[3.641s] running egg_info
[3.643s] writing ../../build/package_with_configurable_nodes/package_with_configurable_nodes.egg-info/PKG-INFO
[3.644s] writing dependency_links to ../../build/package_with_configurable_nodes/package_with_configurable_nodes.egg-info/dependency_links.txt
[3.644s] writing entry points to ../../build/package_with_configurable_nodes/package_with_configurable_nodes.egg-info/entry_points.txt
[3.645s] writing requirements to ../../build/package_with_configurable_nodes/package_with_configurable_nodes.egg-info/requires.txt
[3.645s] writing top-level names to ../../build/package_with_configurable_nodes/package_with_configurable_nodes.egg-info/top_level.txt
[3.649s] reading manifest file '../../build/package_with_configurable_nodes/package_with_configurable_nodes.egg-info/SOURCES.txt'
[3.652s] writing manifest file '../../build/package_with_configurable_nodes/package_with_configurable_nodes.egg-info/SOURCES.txt'
[3.652s] running build
[3.652s] running build_py
[3.653s] copying package_with_configurable_nodes/configurable_quote_publisher_node.py -> /home/victory/Robot-Operating-System/python_ws/build/package_with_configurable_nodes/build/lib/package_with_configurable_nodes
[3.653s] running install
[3.654s] running install_lib
[3.656s] copying /home/victory/Robot-Operating-System/python_ws/build/package_with_configurable_nodes/build/lib/package_with_configurable_nodes/configurable_quote_publisher_node.py -> /home/victory/Robot-Operating-System/python_ws/install/package_with_configurable_nodes/lib/python3.10/site-packages/package_with_configurable_nodes
[3.658s] byte-compiling /home/victory/Robot-Operating-System/python_ws/install/package_with_configurable_nodes/lib/python3.10/site-packages/package_with_configurable_nodes/configurable_quote_publisher_node.py to configurable_quote_publisher_node.cpython-310.pyc
[3.659s] running install_data
[3.660s] copying launch/configurable_node_launch.py -> /home/victory/Robot-Operating-System/python_ws/install/package_with_configurable_nodes/share/package_with_configurable_nodes/launch
[3.660s] running install_egg_info
[3.664s] removing '/home/victory/Robot-Operating-System/python_ws/install/package_with_configurable_nodes/lib/python3.10/site-packages/package_with_configurable_nodes-0.0.0-py3.10.egg-info' (and everything under it)
[3.664s] Copying ../../build/package_with_configurable_nodes/package_with_configurable_nodes.egg-info to /home/victory/Robot-Operating-System/python_ws/install/package_with_configurable_nodes/lib/python3.10/site-packages/package_with_configurable_nodes-0.0.0-py3.10.egg-info
[3.667s] running install_scripts
[3.714s] Installing configurable_amazing_quote_publisher_node script to /home/victory/Robot-Operating-System/python_ws/install/package_with_configurable_nodes/lib/package_with_configurable_nodes
[3.715s] writing list of installed files to '/home/victory/Robot-Operating-System/python_ws/build/package_with_configurable_nodes/install.log'
[3.818s] Invoked command in '/home/victory/Robot-Operating-System/python_ws/src/package_with_configurable_nodes' returned '0': PYTHONPATH=/home/victory/Robot-Operating-System/python_ws/build/package_with_configurable_nodes/prefix_override:/usr/lib/python3/dist-packages/colcon_core/task/python/colcon_distutils_commands:/home/victory/Robot-Operating-System/python_ws/install/package_with_configurable_nodes/lib/python3.10/site-packages:${PYTHONPATH} /usr/bin/python3 -W ignore:setup.py install is deprecated setup.py egg_info --egg-base ../../build/package_with_configurable_nodes build --build-base /home/victory/Robot-Operating-System/python_ws/build/package_with_configurable_nodes/build install --record /home/victory/Robot-Operating-System/python_ws/build/package_with_configurable_nodes/install.log --single-version-externally-managed install_data
