[3.041s] Invoking command in '/home/victory/Robot-Operating-System/python_ws/src/motor_distance_sensor_package': PYTHONPATH=/home/victory/Robot-Operating-System/python_ws/build/motor_distance_sensor_package/prefix_override:/usr/lib/python3/dist-packages/colcon_core/task/python/colcon_distutils_commands:/home/victory/Robot-Operating-System/python_ws/install/motor_distance_sensor_package/lib/python3.10/site-packages:${PYTHONPATH} /usr/bin/python3 -W ignore:setup.py install is deprecated setup.py egg_info --egg-base ../../build/motor_distance_sensor_package build --build-base /home/victory/Robot-Operating-System/python_ws/build/motor_distance_sensor_package/build install --record /home/victory/Robot-Operating-System/python_ws/build/motor_distance_sensor_package/install.log --single-version-externally-managed install_data
[3.858s] running egg_info
[3.864s] writing ../../build/motor_distance_sensor_package/motor_distance_sensor_package.egg-info/PKG-INFO
[3.865s] writing dependency_links to ../../build/motor_distance_sensor_package/motor_distance_sensor_package.egg-info/dependency_links.txt
[3.866s] writing entry points to ../../build/motor_distance_sensor_package/motor_distance_sensor_package.egg-info/entry_points.txt
[3.867s] writing requirements to ../../build/motor_distance_sensor_package/motor_distance_sensor_package.egg-info/requires.txt
[3.868s] writing top-level names to ../../build/motor_distance_sensor_package/motor_distance_sensor_package.egg-info/top_level.txt
[3.877s] reading manifest file '../../build/motor_distance_sensor_package/motor_distance_sensor_package.egg-info/SOURCES.txt'
[3.879s] writing manifest file '../../build/motor_distance_sensor_package/motor_distance_sensor_package.egg-info/SOURCES.txt'
[3.880s] running build
[3.880s] running build_py
[3.886s] running install
[3.887s] running install_lib
[3.894s] running install_data
[3.895s] running install_egg_info
[3.902s] removing '/home/victory/Robot-Operating-System/python_ws/install/motor_distance_sensor_package/lib/python3.10/site-packages/motor_distance_sensor_package-0.0.0-py3.10.egg-info' (and everything under it)
[3.902s] Copying ../../build/motor_distance_sensor_package/motor_distance_sensor_package.egg-info to /home/victory/Robot-Operating-System/python_ws/install/motor_distance_sensor_package/lib/python3.10/site-packages/motor_distance_sensor_package-0.0.0-py3.10.egg-info
[3.904s] running install_scripts
[3.970s] Installing distance_sensor_node script to /home/victory/Robot-Operating-System/python_ws/install/motor_distance_sensor_package/lib/motor_distance_sensor_package
[3.970s] Installing motor_control_node script to /home/victory/Robot-Operating-System/python_ws/install/motor_distance_sensor_package/lib/motor_distance_sensor_package
[3.971s] writing list of installed files to '/home/victory/Robot-Operating-System/python_ws/build/motor_distance_sensor_package/install.log'
[4.093s] Invoked command in '/home/victory/Robot-Operating-System/python_ws/src/motor_distance_sensor_package' returned '0': PYTHONPATH=/home/victory/Robot-Operating-System/python_ws/build/motor_distance_sensor_package/prefix_override:/usr/lib/python3/dist-packages/colcon_core/task/python/colcon_distutils_commands:/home/victory/Robot-Operating-System/python_ws/install/motor_distance_sensor_package/lib/python3.10/site-packages:${PYTHONPATH} /usr/bin/python3 -W ignore:setup.py install is deprecated setup.py egg_info --egg-base ../../build/motor_distance_sensor_package build --build-base /home/victory/Robot-Operating-System/python_ws/build/motor_distance_sensor_package/build install --record /home/victory/Robot-Operating-System/python_ws/build/motor_distance_sensor_package/install.log --single-version-externally-managed install_data
