running egg_info
creating ../build/python_package_that_uses_the_messages/python_package_that_uses_the_messages.egg-info
writing ../build/python_package_that_uses_the_messages/python_package_that_uses_the_messages.egg-info/PKG-INFO
writing dependency_links to ../build/python_package_that_uses_the_messages/python_package_that_uses_the_messages.egg-info/dependency_links.txt
writing entry points to ../build/python_package_that_uses_the_messages/python_package_that_uses_the_messages.egg-info/entry_points.txt
writing requirements to ../build/python_package_that_uses_the_messages/python_package_that_uses_the_messages.egg-info/requires.txt
writing top-level names to ../build/python_package_that_uses_the_messages/python_package_that_uses_the_messages.egg-info/top_level.txt
writing manifest file '../build/python_package_that_uses_the_messages/python_package_that_uses_the_messages.egg-info/SOURCES.txt'
reading manifest file '../build/python_package_that_uses_the_messages/python_package_that_uses_the_messages.egg-info/SOURCES.txt'
writing manifest file '../build/python_package_that_uses_the_messages/python_package_that_uses_the_messages.egg-info/SOURCES.txt'
running build
running build_py
creating /home/victory/RoboNish/test_1_ros2_ws/build/python_package_that_uses_the_messages/build
creating /home/victory/RoboNish/test_1_ros2_ws/build/python_package_that_uses_the_messages/build/lib
creating /home/victory/RoboNish/test_1_ros2_ws/build/python_package_that_uses_the_messages/build/lib/python_package_that_uses_the_messages
copying python_package_that_uses_the_messages/__init__.py -> /home/victory/RoboNish/test_1_ros2_ws/build/python_package_that_uses_the_messages/build/lib/python_package_that_uses_the_messages
copying python_package_that_uses_the_messages/amazing_quote_publisher_node.py -> /home/victory/RoboNish/test_1_ros2_ws/build/python_package_that_uses_the_messages/build/lib/python_package_that_uses_the_messages
copying python_package_that_uses_the_messages/amazing_quote_subscriber_node.py -> /home/victory/RoboNish/test_1_ros2_ws/build/python_package_that_uses_the_messages/build/lib/python_package_that_uses_the_messages
running install
running install_lib
creating /home/victory/RoboNish/test_1_ros2_ws/install/python_package_that_uses_the_messages/lib/python3.10/site-packages/python_package_that_uses_the_messages
copying /home/victory/RoboNish/test_1_ros2_ws/build/python_package_that_uses_the_messages/build/lib/python_package_that_uses_the_messages/__init__.py -> /home/victory/RoboNish/test_1_ros2_ws/install/python_package_that_uses_the_messages/lib/python3.10/site-packages/python_package_that_uses_the_messages
copying /home/victory/RoboNish/test_1_ros2_ws/build/python_package_that_uses_the_messages/build/lib/python_package_that_uses_the_messages/amazing_quote_publisher_node.py -> /home/victory/RoboNish/test_1_ros2_ws/install/python_package_that_uses_the_messages/lib/python3.10/site-packages/python_package_that_uses_the_messages
copying /home/victory/RoboNish/test_1_ros2_ws/build/python_package_that_uses_the_messages/build/lib/python_package_that_uses_the_messages/amazing_quote_subscriber_node.py -> /home/victory/RoboNish/test_1_ros2_ws/install/python_package_that_uses_the_messages/lib/python3.10/site-packages/python_package_that_uses_the_messages
byte-compiling /home/victory/RoboNish/test_1_ros2_ws/install/python_package_that_uses_the_messages/lib/python3.10/site-packages/python_package_that_uses_the_messages/__init__.py to __init__.cpython-310.pyc
byte-compiling /home/victory/RoboNish/test_1_ros2_ws/install/python_package_that_uses_the_messages/lib/python3.10/site-packages/python_package_that_uses_the_messages/amazing_quote_publisher_node.py to amazing_quote_publisher_node.cpython-310.pyc
byte-compiling /home/victory/RoboNish/test_1_ros2_ws/install/python_package_that_uses_the_messages/lib/python3.10/site-packages/python_package_that_uses_the_messages/amazing_quote_subscriber_node.py to amazing_quote_subscriber_node.cpython-310.pyc
running install_data
creating /home/victory/RoboNish/test_1_ros2_ws/install/python_package_that_uses_the_messages/share/ament_index
creating /home/victory/RoboNish/test_1_ros2_ws/install/python_package_that_uses_the_messages/share/ament_index/resource_index
creating /home/victory/RoboNish/test_1_ros2_ws/install/python_package_that_uses_the_messages/share/ament_index/resource_index/packages
copying resource/python_package_that_uses_the_messages -> /home/victory/RoboNish/test_1_ros2_ws/install/python_package_that_uses_the_messages/share/ament_index/resource_index/packages
copying package.xml -> /home/victory/RoboNish/test_1_ros2_ws/install/python_package_that_uses_the_messages/share/python_package_that_uses_the_messages
running install_egg_info
Copying ../build/python_package_that_uses_the_messages/python_package_that_uses_the_messages.egg-info to /home/victory/RoboNish/test_1_ros2_ws/install/python_package_that_uses_the_messages/lib/python3.10/site-packages/python_package_that_uses_the_messages-0.0.0-py3.10.egg-info
running install_scripts
Installing amazing_quote_publisher script to /home/victory/RoboNish/test_1_ros2_ws/install/python_package_that_uses_the_messages/lib/python_package_that_uses_the_messages
Installing amazing_quote_subscriber script to /home/victory/RoboNish/test_1_ros2_ws/install/python_package_that_uses_the_messages/lib/python_package_that_uses_the_messages
writing list of installed files to '/home/victory/RoboNish/test_1_ros2_ws/build/python_package_that_uses_the_messages/install.log'
