[1.431s] Invoking command in '/home/victory/RoboNish/test_1_ros2_ws/python_package_that_uses_the_messages': PYTHONPATH=/home/victory/RoboNish/test_1_ros2_ws/build/python_package_that_uses_the_messages/prefix_override:/usr/lib/python3/dist-packages/colcon_core/task/python/colcon_distutils_commands:/home/victory/RoboNish/test_1_ros2_ws/install/python_package_that_uses_the_messages/lib/python3.10/site-packages:${PYTHONPATH} /usr/bin/python3 -W ignore:setup.py install is deprecated setup.py egg_info --egg-base ../build/python_package_that_uses_the_messages build --build-base /home/victory/RoboNish/test_1_ros2_ws/build/python_package_that_uses_the_messages/build install --record /home/victory/RoboNish/test_1_ros2_ws/build/python_package_that_uses_the_messages/install.log --single-version-externally-managed install_data
[1.743s] running egg_info
[1.744s] creating ../build/python_package_that_uses_the_messages/python_package_that_uses_the_messages.egg-info
[1.745s] writing ../build/python_package_that_uses_the_messages/python_package_that_uses_the_messages.egg-info/PKG-INFO
[1.745s] writing dependency_links to ../build/python_package_that_uses_the_messages/python_package_that_uses_the_messages.egg-info/dependency_links.txt
[1.745s] writing entry points to ../build/python_package_that_uses_the_messages/python_package_that_uses_the_messages.egg-info/entry_points.txt
[1.746s] writing requirements to ../build/python_package_that_uses_the_messages/python_package_that_uses_the_messages.egg-info/requires.txt
[1.746s] writing top-level names to ../build/python_package_that_uses_the_messages/python_package_that_uses_the_messages.egg-info/top_level.txt
[1.746s] writing manifest file '../build/python_package_that_uses_the_messages/python_package_that_uses_the_messages.egg-info/SOURCES.txt'
[1.748s] reading manifest file '../build/python_package_that_uses_the_messages/python_package_that_uses_the_messages.egg-info/SOURCES.txt'
[1.749s] writing manifest file '../build/python_package_that_uses_the_messages/python_package_that_uses_the_messages.egg-info/SOURCES.txt'
[1.750s] running build
[1.750s] running build_py
[1.750s] creating /home/victory/RoboNish/test_1_ros2_ws/build/python_package_that_uses_the_messages/build
[1.750s] creating /home/victory/RoboNish/test_1_ros2_ws/build/python_package_that_uses_the_messages/build/lib
[1.751s] creating /home/victory/RoboNish/test_1_ros2_ws/build/python_package_that_uses_the_messages/build/lib/python_package_that_uses_the_messages
[1.751s] copying python_package_that_uses_the_messages/__init__.py -> /home/victory/RoboNish/test_1_ros2_ws/build/python_package_that_uses_the_messages/build/lib/python_package_that_uses_the_messages
[1.751s] copying python_package_that_uses_the_messages/amazing_quote_publisher_node.py -> /home/victory/RoboNish/test_1_ros2_ws/build/python_package_that_uses_the_messages/build/lib/python_package_that_uses_the_messages
[1.752s] copying python_package_that_uses_the_messages/amazing_quote_subscriber_node.py -> /home/victory/RoboNish/test_1_ros2_ws/build/python_package_that_uses_the_messages/build/lib/python_package_that_uses_the_messages
[1.752s] running install
[1.752s] running install_lib
[1.753s] creating /home/victory/RoboNish/test_1_ros2_ws/install/python_package_that_uses_the_messages/lib/python3.10/site-packages/python_package_that_uses_the_messages
[1.754s] copying /home/victory/RoboNish/test_1_ros2_ws/build/python_package_that_uses_the_messages/build/lib/python_package_that_uses_the_messages/__init__.py -> /home/victory/RoboNish/test_1_ros2_ws/install/python_package_that_uses_the_messages/lib/python3.10/site-packages/python_package_that_uses_the_messages
[1.754s] copying /home/victory/RoboNish/test_1_ros2_ws/build/python_package_that_uses_the_messages/build/lib/python_package_that_uses_the_messages/amazing_quote_publisher_node.py -> /home/victory/RoboNish/test_1_ros2_ws/install/python_package_that_uses_the_messages/lib/python3.10/site-packages/python_package_that_uses_the_messages
[1.755s] copying /home/victory/RoboNish/test_1_ros2_ws/build/python_package_that_uses_the_messages/build/lib/python_package_that_uses_the_messages/amazing_quote_subscriber_node.py -> /home/victory/RoboNish/test_1_ros2_ws/install/python_package_that_uses_the_messages/lib/python3.10/site-packages/python_package_that_uses_the_messages
[1.756s] byte-compiling /home/victory/RoboNish/test_1_ros2_ws/install/python_package_that_uses_the_messages/lib/python3.10/site-packages/python_package_that_uses_the_messages/__init__.py to __init__.cpython-310.pyc
[1.757s] byte-compiling /home/victory/RoboNish/test_1_ros2_ws/install/python_package_that_uses_the_messages/lib/python3.10/site-packages/python_package_that_uses_the_messages/amazing_quote_publisher_node.py to amazing_quote_publisher_node.cpython-310.pyc
[1.757s] byte-compiling /home/victory/RoboNish/test_1_ros2_ws/install/python_package_that_uses_the_messages/lib/python3.10/site-packages/python_package_that_uses_the_messages/amazing_quote_subscriber_node.py to amazing_quote_subscriber_node.cpython-310.pyc
[1.758s] running install_data
[1.759s] creating /home/victory/RoboNish/test_1_ros2_ws/install/python_package_that_uses_the_messages/share/ament_index
[1.759s] creating /home/victory/RoboNish/test_1_ros2_ws/install/python_package_that_uses_the_messages/share/ament_index/resource_index
[1.760s] creating /home/victory/RoboNish/test_1_ros2_ws/install/python_package_that_uses_the_messages/share/ament_index/resource_index/packages
[1.760s] copying resource/python_package_that_uses_the_messages -> /home/victory/RoboNish/test_1_ros2_ws/install/python_package_that_uses_the_messages/share/ament_index/resource_index/packages
[1.761s] copying package.xml -> /home/victory/RoboNish/test_1_ros2_ws/install/python_package_that_uses_the_messages/share/python_package_that_uses_the_messages
[1.761s] running install_egg_info
[1.764s] Copying ../build/python_package_that_uses_the_messages/python_package_that_uses_the_messages.egg-info to /home/victory/RoboNish/test_1_ros2_ws/install/python_package_that_uses_the_messages/lib/python3.10/site-packages/python_package_that_uses_the_messages-0.0.0-py3.10.egg-info
[1.766s] running install_scripts
[1.793s] Installing amazing_quote_publisher script to /home/victory/RoboNish/test_1_ros2_ws/install/python_package_that_uses_the_messages/lib/python_package_that_uses_the_messages
[1.793s] Installing amazing_quote_subscriber script to /home/victory/RoboNish/test_1_ros2_ws/install/python_package_that_uses_the_messages/lib/python_package_that_uses_the_messages
[1.794s] writing list of installed files to '/home/victory/RoboNish/test_1_ros2_ws/build/python_package_that_uses_the_messages/install.log'
[1.830s] Invoked command in '/home/victory/RoboNish/test_1_ros2_ws/python_package_that_uses_the_messages' returned '0': PYTHONPATH=/home/victory/RoboNish/test_1_ros2_ws/build/python_package_that_uses_the_messages/prefix_override:/usr/lib/python3/dist-packages/colcon_core/task/python/colcon_distutils_commands:/home/victory/RoboNish/test_1_ros2_ws/install/python_package_that_uses_the_messages/lib/python3.10/site-packages:${PYTHONPATH} /usr/bin/python3 -W ignore:setup.py install is deprecated setup.py egg_info --egg-base ../build/python_package_that_uses_the_messages build --build-base /home/victory/RoboNish/test_1_ros2_ws/build/python_package_that_uses_the_messages/build install --record /home/victory/RoboNish/test_1_ros2_ws/build/python_package_that_uses_the_messages/install.log --single-version-externally-managed install_data
