[2.057s] Invoking command in '/home/victory/Robot-Operating-System/python_ws/src/python_package_that_uses_parameters_and_launch_files': PYTHONPATH=/home/victory/Robot-Operating-System/python_ws/build/python_package_that_uses_parameters_and_launch_files/prefix_override:/usr/lib/python3/dist-packages/colcon_core/task/python/colcon_distutils_commands:/home/victory/Robot-Operating-System/python_ws/install/python_package_that_uses_parameters_and_launch_files/lib/python3.10/site-packages:${PYTHONPATH} /usr/bin/python3 -W ignore:setup.py install is deprecated setup.py egg_info --egg-base ../../build/python_package_that_uses_parameters_and_launch_files build --build-base /home/victory/Robot-Operating-System/python_ws/build/python_package_that_uses_parameters_and_launch_files/build install --record /home/victory/Robot-Operating-System/python_ws/build/python_package_that_uses_parameters_and_launch_files/install.log --single-version-externally-managed install_data
[2.563s] running egg_info
[2.564s] writing ../../build/python_package_that_uses_parameters_and_launch_files/python_package_that_uses_parameters_and_launch_files.egg-info/PKG-INFO
[2.565s] writing dependency_links to ../../build/python_package_that_uses_parameters_and_launch_files/python_package_that_uses_parameters_and_launch_files.egg-info/dependency_links.txt
[2.566s] writing entry points to ../../build/python_package_that_uses_parameters_and_launch_files/python_package_that_uses_parameters_and_launch_files.egg-info/entry_points.txt
[2.567s] writing requirements to ../../build/python_package_that_uses_parameters_and_launch_files/python_package_that_uses_parameters_and_launch_files.egg-info/requires.txt
[2.567s] writing top-level names to ../../build/python_package_that_uses_parameters_and_launch_files/python_package_that_uses_parameters_and_launch_files.egg-info/top_level.txt
[2.570s] reading manifest file '../../build/python_package_that_uses_parameters_and_launch_files/python_package_that_uses_parameters_and_launch_files.egg-info/SOURCES.txt'
[2.572s] writing manifest file '../../build/python_package_that_uses_parameters_and_launch_files/python_package_that_uses_parameters_and_launch_files.egg-info/SOURCES.txt'
[2.572s] running build
[2.572s] running build_py
[2.573s] running install
[2.573s] running install_lib
[2.576s] running install_data
[2.576s] running install_egg_info
[2.579s] removing '/home/victory/Robot-Operating-System/python_ws/install/python_package_that_uses_parameters_and_launch_files/lib/python3.10/site-packages/python_package_that_uses_parameters_and_launch_files-0.0.0-py3.10.egg-info' (and everything under it)
[2.579s] Copying ../../build/python_package_that_uses_parameters_and_launch_files/python_package_that_uses_parameters_and_launch_files.egg-info to /home/victory/Robot-Operating-System/python_ws/install/python_package_that_uses_parameters_and_launch_files/lib/python3.10/site-packages/python_package_that_uses_parameters_and_launch_files-0.0.0-py3.10.egg-info
[2.581s] running install_scripts
[2.609s] Installing configured_node script to /home/victory/Robot-Operating-System/python_ws/install/python_package_that_uses_parameters_and_launch_files/lib/python_package_that_uses_parameters_and_launch_files
[2.610s] writing list of installed files to '/home/victory/Robot-Operating-System/python_ws/build/python_package_that_uses_parameters_and_launch_files/install.log'
[2.657s] Invoked command in '/home/victory/Robot-Operating-System/python_ws/src/python_package_that_uses_parameters_and_launch_files' returned '0': PYTHONPATH=/home/victory/Robot-Operating-System/python_ws/build/python_package_that_uses_parameters_and_launch_files/prefix_override:/usr/lib/python3/dist-packages/colcon_core/task/python/colcon_distutils_commands:/home/victory/Robot-Operating-System/python_ws/install/python_package_that_uses_parameters_and_launch_files/lib/python3.10/site-packages:${PYTHONPATH} /usr/bin/python3 -W ignore:setup.py install is deprecated setup.py egg_info --egg-base ../../build/python_package_that_uses_parameters_and_launch_files build --build-base /home/victory/Robot-Operating-System/python_ws/build/python_package_that_uses_parameters_and_launch_files/build install --record /home/victory/Robot-Operating-System/python_ws/build/python_package_that_uses_parameters_and_launch_files/install.log --single-version-externally-managed install_data
