[1.317s] Invoking command in '/home/victory/Robot-Operating-System/test_2_ros2_ws/src/motor_distance_sensor_package': PYTHONPATH=/home/victory/Robot-Operating-System/test_2_ros2_ws/build/motor_distance_sensor_package/prefix_override:/usr/lib/python3/dist-packages/colcon_core/task/python/colcon_distutils_commands:/home/victory/Robot-Operating-System/test_2_ros2_ws/install/motor_distance_sensor_package/lib/python3.10/site-packages:${PYTHONPATH} /usr/bin/python3 -W ignore:setup.py install is deprecated setup.py egg_info --egg-base ../../build/motor_distance_sensor_package build --build-base /home/victory/Robot-Operating-System/test_2_ros2_ws/build/motor_distance_sensor_package/build install --record /home/victory/Robot-Operating-System/test_2_ros2_ws/build/motor_distance_sensor_package/install.log --single-version-externally-managed install_data
[1.687s] running egg_info
[1.689s] writing ../../build/motor_distance_sensor_package/motor_distance_sensor_package.egg-info/PKG-INFO
[1.689s] writing dependency_links to ../../build/motor_distance_sensor_package/motor_distance_sensor_package.egg-info/dependency_links.txt
[1.690s] writing entry points to ../../build/motor_distance_sensor_package/motor_distance_sensor_package.egg-info/entry_points.txt
[1.690s] writing requirements to ../../build/motor_distance_sensor_package/motor_distance_sensor_package.egg-info/requires.txt
[1.691s] writing top-level names to ../../build/motor_distance_sensor_package/motor_distance_sensor_package.egg-info/top_level.txt
[1.695s] reading manifest file '../../build/motor_distance_sensor_package/motor_distance_sensor_package.egg-info/SOURCES.txt'
[1.697s] writing manifest file '../../build/motor_distance_sensor_package/motor_distance_sensor_package.egg-info/SOURCES.txt'
[1.697s] running build
[1.697s] running build_py
[1.698s] running install
[1.699s] running install_lib
[1.702s] running install_data
[1.702s] running install_egg_info
[1.706s] removing '/home/victory/Robot-Operating-System/test_2_ros2_ws/install/motor_distance_sensor_package/lib/python3.10/site-packages/motor_distance_sensor_package-0.0.0-py3.10.egg-info' (and everything under it)
[1.707s] Copying ../../build/motor_distance_sensor_package/motor_distance_sensor_package.egg-info to /home/victory/Robot-Operating-System/test_2_ros2_ws/install/motor_distance_sensor_package/lib/python3.10/site-packages/motor_distance_sensor_package-0.0.0-py3.10.egg-info
[1.709s] running install_scripts
[1.739s] Installing distance_sensor_node script to /home/victory/Robot-Operating-System/test_2_ros2_ws/install/motor_distance_sensor_package/lib/motor_distance_sensor_package
[1.740s] Installing motor_control_node script to /home/victory/Robot-Operating-System/test_2_ros2_ws/install/motor_distance_sensor_package/lib/motor_distance_sensor_package
[1.741s] writing list of installed files to '/home/victory/Robot-Operating-System/test_2_ros2_ws/build/motor_distance_sensor_package/install.log'
[1.802s] Invoked command in '/home/victory/Robot-Operating-System/test_2_ros2_ws/src/motor_distance_sensor_package' returned '0': PYTHONPATH=/home/victory/Robot-Operating-System/test_2_ros2_ws/build/motor_distance_sensor_package/prefix_override:/usr/lib/python3/dist-packages/colcon_core/task/python/colcon_distutils_commands:/home/victory/Robot-Operating-System/test_2_ros2_ws/install/motor_distance_sensor_package/lib/python3.10/site-packages:${PYTHONPATH} /usr/bin/python3 -W ignore:setup.py install is deprecated setup.py egg_info --egg-base ../../build/motor_distance_sensor_package build --build-base /home/victory/Robot-Operating-System/test_2_ros2_ws/build/motor_distance_sensor_package/build install --record /home/victory/Robot-Operating-System/test_2_ros2_ws/build/motor_distance_sensor_package/install.log --single-version-externally-managed install_data
