[0.020s] Invoking command in '/home/victory/Robot-Operating-System/cpp_ws/build/msg_pub_sub_simple_node': CMAKE_PREFIX_PATH=/opt/ros/humble /home/linuxbrew/.linuxbrew/bin/cmake --build /home/victory/Robot-Operating-System/cpp_ws/build/msg_pub_sub_simple_node -- -j4 -l4
[0.083s] [ 50%] [32mBuilding CXX object CMakeFiles/greetings_node.dir/src/greetings_node.cpp.o[0m
[7.228s] [100%] [32m[1mLinking CXX executable greetings_node[0m
[8.457s] [100%] Built target greetings_node
[8.465s] Invoked command in '/home/victory/Robot-Operating-System/cpp_ws/build/msg_pub_sub_simple_node' returned '0': CMAKE_PREFIX_PATH=/opt/ros/humble /home/linuxbrew/.linuxbrew/bin/cmake --build /home/victory/Robot-Operating-System/cpp_ws/build/msg_pub_sub_simple_node -- -j4 -l4
[8.501s] Invoking command in '/home/victory/Robot-Operating-System/cpp_ws/build/msg_pub_sub_simple_node': CMAKE_PREFIX_PATH=/opt/ros/humble /home/linuxbrew/.linuxbrew/bin/cmake --install /home/victory/Robot-Operating-System/cpp_ws/build/msg_pub_sub_simple_node
[8.508s] -- Install configuration: ""
[8.509s] -- Installing: /home/victory/Robot-Operating-System/cpp_ws/install/msg_pub_sub_simple_node/lib/msg_pub_sub_simple_node/greetings_node
[8.512s] -- Set non-toolchain portion of runtime path of "/home/victory/Robot-Operating-System/cpp_ws/install/msg_pub_sub_simple_node/lib/msg_pub_sub_simple_node/greetings_node" to ""
[8.512s] -- Installing: /home/victory/Robot-Operating-System/cpp_ws/install/msg_pub_sub_simple_node/share/ament_index/resource_index/package_run_dependencies/msg_pub_sub_simple_node
[8.512s] -- Up-to-date: /home/victory/Robot-Operating-System/cpp_ws/install/msg_pub_sub_simple_node/share/ament_index/resource_index/parent_prefix_path/msg_pub_sub_simple_node
[8.513s] -- Up-to-date: /home/victory/Robot-Operating-System/cpp_ws/install/msg_pub_sub_simple_node/share/msg_pub_sub_simple_node/environment/ament_prefix_path.sh
[8.513s] -- Installing: /home/victory/Robot-Operating-System/cpp_ws/install/msg_pub_sub_simple_node/share/msg_pub_sub_simple_node/environment/ament_prefix_path.dsv
[8.513s] -- Up-to-date: /home/victory/Robot-Operating-System/cpp_ws/install/msg_pub_sub_simple_node/share/msg_pub_sub_simple_node/environment/path.sh
[8.514s] -- Installing: /home/victory/Robot-Operating-System/cpp_ws/install/msg_pub_sub_simple_node/share/msg_pub_sub_simple_node/environment/path.dsv
[8.514s] -- Up-to-date: /home/victory/Robot-Operating-System/cpp_ws/install/msg_pub_sub_simple_node/share/msg_pub_sub_simple_node/local_setup.bash
[8.514s] -- Up-to-date: /home/victory/Robot-Operating-System/cpp_ws/install/msg_pub_sub_simple_node/share/msg_pub_sub_simple_node/local_setup.sh
[8.515s] -- Up-to-date: /home/victory/Robot-Operating-System/cpp_ws/install/msg_pub_sub_simple_node/share/msg_pub_sub_simple_node/local_setup.zsh
[8.515s] -- Installing: /home/victory/Robot-Operating-System/cpp_ws/install/msg_pub_sub_simple_node/share/msg_pub_sub_simple_node/local_setup.dsv
[8.515s] -- Installing: /home/victory/Robot-Operating-System/cpp_ws/install/msg_pub_sub_simple_node/share/msg_pub_sub_simple_node/package.dsv
[8.516s] -- Up-to-date: /home/victory/Robot-Operating-System/cpp_ws/install/msg_pub_sub_simple_node/share/ament_index/resource_index/packages/msg_pub_sub_simple_node
[8.516s] -- Up-to-date: /home/victory/Robot-Operating-System/cpp_ws/install/msg_pub_sub_simple_node/share/msg_pub_sub_simple_node/cmake/msg_pub_sub_simple_nodeConfig.cmake
[8.516s] -- Up-to-date: /home/victory/Robot-Operating-System/cpp_ws/install/msg_pub_sub_simple_node/share/msg_pub_sub_simple_node/cmake/msg_pub_sub_simple_nodeConfig-version.cmake
[8.516s] -- Installing: /home/victory/Robot-Operating-System/cpp_ws/install/msg_pub_sub_simple_node/share/msg_pub_sub_simple_node/package.xml
[8.518s] Invoked command in '/home/victory/Robot-Operating-System/cpp_ws/build/msg_pub_sub_simple_node' returned '0': CMAKE_PREFIX_PATH=/opt/ros/humble /home/linuxbrew/.linuxbrew/bin/cmake --install /home/victory/Robot-Operating-System/cpp_ws/build/msg_pub_sub_simple_node
