running egg_info
writing ../../build/package_that_uses_package_with_interfaces/package_that_uses_package_with_interfaces.egg-info/PKG-INFO
writing dependency_links to ../../build/package_that_uses_package_with_interfaces/package_that_uses_package_with_interfaces.egg-info/dependency_links.txt
writing entry points to ../../build/package_that_uses_package_with_interfaces/package_that_uses_package_with_interfaces.egg-info/entry_points.txt
writing requirements to ../../build/package_that_uses_package_with_interfaces/package_that_uses_package_with_interfaces.egg-info/requires.txt
writing top-level names to ../../build/package_that_uses_package_with_interfaces/package_that_uses_package_with_interfaces.egg-info/top_level.txt
reading manifest file '../../build/package_that_uses_package_with_interfaces/package_that_uses_package_with_interfaces.egg-info/SOURCES.txt'
writing manifest file '../../build/package_that_uses_package_with_interfaces/package_that_uses_package_with_interfaces.egg-info/SOURCES.txt'
running build
running build_py
copying package_that_uses_package_with_interfaces/service_server_node.py -> /home/victory/Robot-Operating-System/python_ws/build/package_that_uses_package_with_interfaces/build/lib/package_that_uses_package_with_interfaces
running install
running install_lib
copying /home/victory/Robot-Operating-System/python_ws/build/package_that_uses_package_with_interfaces/build/lib/package_that_uses_package_with_interfaces/service_server_node.py -> /home/victory/Robot-Operating-System/python_ws/install/package_that_uses_package_with_interfaces/lib/python3.10/site-packages/package_that_uses_package_with_interfaces
byte-compiling /home/victory/Robot-Operating-System/python_ws/install/package_that_uses_package_with_interfaces/lib/python3.10/site-packages/package_that_uses_package_with_interfaces/service_server_node.py to service_server_node.cpython-310.pyc
running install_data
running install_egg_info
removing '/home/victory/Robot-Operating-System/python_ws/install/package_that_uses_package_with_interfaces/lib/python3.10/site-packages/package_that_uses_package_with_interfaces-0.0.0-py3.10.egg-info' (and everything under it)
Copying ../../build/package_that_uses_package_with_interfaces/package_that_uses_package_with_interfaces.egg-info to /home/victory/Robot-Operating-System/python_ws/install/package_that_uses_package_with_interfaces/lib/python3.10/site-packages/package_that_uses_package_with_interfaces-0.0.0-py3.10.egg-info
running install_scripts
Installing amazing_quote_publisher_node script to /home/victory/Robot-Operating-System/python_ws/install/package_that_uses_package_with_interfaces/lib/package_that_uses_package_with_interfaces
Installing amazing_quote_subscription_node script to /home/victory/Robot-Operating-System/python_ws/install/package_that_uses_package_with_interfaces/lib/package_that_uses_package_with_interfaces
Installing service_client_node script to /home/victory/Robot-Operating-System/python_ws/install/package_that_uses_package_with_interfaces/lib/package_that_uses_package_with_interfaces
Installing service_server_node script to /home/victory/Robot-Operating-System/python_ws/install/package_that_uses_package_with_interfaces/lib/package_that_uses_package_with_interfaces
writing list of installed files to '/home/victory/Robot-Operating-System/python_ws/build/package_that_uses_package_with_interfaces/install.log'
