[0.063s] Invoking command in '/home/victory/Robot-Operating-System/cpp_ws/build/custom_interfaces': CMAKE_PREFIX_PATH=${CMAKE_PREFIX_PATH}:/opt/ros/humble /home/linuxbrew/.linuxbrew/bin/cmake --build /home/victory/Robot-Operating-System/cpp_ws/build/custom_interfaces -- -j4 -l4
[0.071s] -- Found ament_cmake: 1.3.10 (/opt/ros/humble/share/ament_cmake/cmake)
[0.394s] -- Found rosidl_default_generators: 1.2.0 (/opt/ros/humble/share/rosidl_default_generators/cmake)
[0.397s] -- Using all available rosidl_typesupport_c: rosidl_typesupport_fastrtps_c;rosidl_typesupport_introspection_c
[0.403s] -- Found rosidl_adapter: 3.1.5 (/opt/ros/humble/share/rosidl_adapter/cmake)
[0.777s] -- Using all available rosidl_typesupport_cpp: rosidl_typesupport_fastrtps_cpp;rosidl_typesupport_introspection_cpp
[1.182s] -- Found rclcpp: 16.0.10 (/opt/ros/humble/share/rclcpp/cmake)
[2.416s] -- Found rmw_implementation_cmake: 6.1.2 (/opt/ros/humble/share/rmw_implementation_cmake/cmake)
[2.483s] -- Found rmw_fastrtps_cpp: 6.2.7 (/opt/ros/humble/share/rmw_fastrtps_cpp/cmake)
[6.242s] -- Found OpenSSL: /usr/lib/x86_64-linux-gnu/libcrypto.so (found version "3.0.2")
[8.930s] -- Found FastRTPS: /opt/ros/humble/include
[14.129s] -- Using RMW implementation 'rmw_fastrtps_cpp' as default
[14.366s] -- Performing Test CMAKE_HAVE_LIBC_PTHREAD
[16.338s] -- Performing Test CMAKE_HAVE_LIBC_PTHREAD - Success
[16.340s] -- Found Threads: TRUE
[17.572s] -- Found ament_cmake_ros: 0.10.0 (/opt/ros/humble/share/ament_cmake_ros/cmake)
[18.359s] -- Using all available rosidl_typesupport_c: rosidl_typesupport_fastrtps_c;rosidl_typesupport_introspection_c
[19.211s] -- Using all available rosidl_typesupport_cpp: rosidl_typesupport_fastrtps_cpp;rosidl_typesupport_introspection_cpp
[19.229s] [33mCMake Warning (dev) at /opt/ros/humble/share/rosidl_generator_py/cmake/rosidl_generator_py_generate_interfaces.cmake:20 (find_package):
[19.229s]   Policy CMP0148 is not set: The FindPythonInterp and FindPythonLibs modules
[19.229s]   are removed.  Run "cmake --help-policy CMP0148" for policy details.  Use
[19.229s]   the cmake_policy command to set the policy and suppress this warning.
[19.229s] 
[19.229s] Call Stack (most recent call first):
[19.229s]   /opt/ros/humble/share/ament_cmake_core/cmake/core/ament_execute_extensions.cmake:48 (include)
[19.230s]   /opt/ros/humble/share/rosidl_cmake/cmake/rosidl_generate_interfaces.cmake:286 (ament_execute_extensions)
[19.230s]   CMakeLists.txt:24 (rosidl_generate_interfaces)
[19.230s] This warning is for project developers.  Use -Wno-dev to suppress it.
[19.230s] [0m
[19.278s] -- Found python_cmake_module: 0.10.0 (/opt/ros/humble/share/python_cmake_module/cmake)
[19.280s] [33mCMake Warning (dev) at /opt/ros/humble/share/python_cmake_module/cmake/Modules/FindPythonExtra.cmake:52 (find_package):
[19.280s]   Policy CMP0148 is not set: The FindPythonInterp and FindPythonLibs modules
[19.280s]   are removed.  Run "cmake --help-policy CMP0148" for policy details.  Use
[19.281s]   the cmake_policy command to set the policy and suppress this warning.
[19.281s] 
[19.281s] Call Stack (most recent call first):
[19.281s]   /opt/ros/humble/share/rosidl_generator_py/cmake/rosidl_generator_py_generate_interfaces.cmake:23 (find_package)
[19.281s]   /opt/ros/humble/share/ament_cmake_core/cmake/core/ament_execute_extensions.cmake:48 (include)
[19.281s]   /opt/ros/humble/share/rosidl_cmake/cmake/rosidl_generate_interfaces.cmake:286 (ament_execute_extensions)
[19.281s]   CMakeLists.txt:24 (rosidl_generate_interfaces)
[19.281s] This warning is for project developers.  Use -Wno-dev to suppress it.
[19.281s] [0m
[19.310s] [33mCMake Warning (dev) at /opt/ros/humble/share/python_cmake_module/cmake/Modules/FindPythonExtra.cmake:140 (find_package):
[19.310s]   Policy CMP0148 is not set: The FindPythonInterp and FindPythonLibs modules
[19.310s]   are removed.  Run "cmake --help-policy CMP0148" for policy details.  Use
[19.310s]   the cmake_policy command to set the policy and suppress this warning.
[19.310s] 
[19.311s] Call Stack (most recent call first):
[19.311s]   /opt/ros/humble/share/rosidl_generator_py/cmake/rosidl_generator_py_generate_interfaces.cmake:23 (find_package)
[19.311s]   /opt/ros/humble/share/ament_cmake_core/cmake/core/ament_execute_extensions.cmake:48 (include)
[19.311s]   /opt/ros/humble/share/rosidl_cmake/cmake/rosidl_generate_interfaces.cmake:286 (ament_execute_extensions)
[19.311s]   CMakeLists.txt:24 (rosidl_generate_interfaces)
[19.311s] This warning is for project developers.  Use -Wno-dev to suppress it.
[19.311s] [0m
[19.349s] -- Using PYTHON_EXECUTABLE: /usr/bin/python3
[19.349s] -- Using PYTHON_INCLUDE_DIRS: /usr/include/python3.10
[19.349s] -- Using PYTHON_LIBRARIES: /usr/lib/x86_64-linux-gnu/libpython3.10.so
[19.416s] -- Found ament_lint_auto: 0.12.11 (/opt/ros/humble/share/ament_lint_auto/cmake)
[19.753s] -- Added test 'cppcheck' to perform static code analysis on C / C++ code
[19.754s] -- Configured cppcheck include dirs: 
[19.755s] -- Configured cppcheck exclude dirs and/or files: 
[19.789s] -- Added test 'lint_cmake' to check CMake code style
[19.802s] -- Added test 'uncrustify' to check C / C++ code style
[19.802s] -- Configured uncrustify additional arguments: 
[19.827s] -- Added test 'xmllint' to check XML markup files
[19.877s] -- Configuring done (19.8s)
[20.495s] -- Generating done (0.5s)
[20.511s] -- Build files have been written to: /home/victory/Robot-Operating-System/cpp_ws/build/custom_interfaces
[20.574s] [  9%] Built target custom_interfaces__rosidl_generator_c
[20.578s] [ 12%] Built target custom_interfaces__cpp
[20.604s] [ 21%] Built target custom_interfaces__rosidl_typesupport_introspection_c
[20.604s] [ 30%] Built target custom_interfaces__rosidl_typesupport_c
[20.606s] [ 39%] Built target custom_interfaces__rosidl_typesupport_fastrtps_c
[20.626s] [ 39%] Built target ament_cmake_python_copy_custom_interfaces
[20.638s] [ 48%] Built target custom_interfaces__rosidl_typesupport_introspection_cpp
[20.642s] [ 57%] Built target custom_interfaces__rosidl_typesupport_fastrtps_cpp
[20.642s] [ 66%] Built target custom_interfaces__rosidl_typesupport_cpp
[20.666s] [ 69%] [32mBuilding CXX object CMakeFiles/publish_address_book.dir/src/publish_address_book.cpp.o[0m
[20.694s] [ 69%] Built target custom_interfaces
[20.717s] [ 72%] Built target custom_interfaces__py
[20.757s] [ 78%] Built target custom_interfaces__rosidl_generator_py
[20.786s] [ 84%] Built target custom_interfaces__rosidl_typesupport_introspection_c__pyext
[20.788s] [ 90%] Built target custom_interfaces__rosidl_typesupport_fastrtps_c__pyext
[20.812s] [ 96%] Built target custom_interfaces__rosidl_typesupport_c__pyext
[21.254s] running egg_info
[21.256s] writing custom_interfaces.egg-info/PKG-INFO
[21.256s] writing dependency_links to custom_interfaces.egg-info/dependency_links.txt
[21.257s] writing top-level names to custom_interfaces.egg-info/top_level.txt
[21.288s] reading manifest file 'custom_interfaces.egg-info/SOURCES.txt'
[21.307s] writing manifest file 'custom_interfaces.egg-info/SOURCES.txt'
[21.377s] [ 96%] Built target ament_cmake_python_build_custom_interfaces_egg
[35.395s] [100%] [32m[1mLinking CXX executable publish_address_book[0m
[36.909s] [100%] Built target publish_address_book
[36.930s] Invoked command in '/home/victory/Robot-Operating-System/cpp_ws/build/custom_interfaces' returned '0': CMAKE_PREFIX_PATH=${CMAKE_PREFIX_PATH}:/opt/ros/humble /home/linuxbrew/.linuxbrew/bin/cmake --build /home/victory/Robot-Operating-System/cpp_ws/build/custom_interfaces -- -j4 -l4
[37.120s] Invoking command in '/home/victory/Robot-Operating-System/cpp_ws/build/custom_interfaces': CMAKE_PREFIX_PATH=${CMAKE_PREFIX_PATH}:/opt/ros/humble /home/linuxbrew/.linuxbrew/bin/cmake --install /home/victory/Robot-Operating-System/cpp_ws/build/custom_interfaces
[37.137s] -- Install configuration: ""
[37.162s] -- Installing: /home/victory/Robot-Operating-System/cpp_ws/install/custom_interfaces/lib/custom_interfaces/publish_address_book
[37.165s] -- Set non-toolchain portion of runtime path of "/home/victory/Robot-Operating-System/cpp_ws/install/custom_interfaces/lib/custom_interfaces/publish_address_book" to ""
[37.165s] -- Up-to-date: /home/victory/Robot-Operating-System/cpp_ws/install/custom_interfaces/share/ament_index/resource_index/rosidl_interfaces/custom_interfaces
[37.166s] -- Up-to-date: /home/victory/Robot-Operating-System/cpp_ws/install/custom_interfaces/include/custom_interfaces/custom_interfaces
[37.203s] -- Up-to-date: /home/victory/Robot-Operating-System/cpp_ws/install/custom_interfaces/include/custom_interfaces/custom_interfaces/msg
[37.204s] -- Up-to-date: /home/victory/Robot-Operating-System/cpp_ws/install/custom_interfaces/include/custom_interfaces/custom_interfaces/msg/detail
[37.222s] -- Up-to-date: /home/victory/Robot-Operating-System/cpp_ws/install/custom_interfaces/include/custom_interfaces/custom_interfaces/msg/detail/address_book__functions.c
[37.223s] -- Up-to-date: /home/victory/Robot-Operating-System/cpp_ws/install/custom_interfaces/include/custom_interfaces/custom_interfaces/msg/detail/address_book__type_support.h
[37.223s] -- Up-to-date: /home/victory/Robot-Operating-System/cpp_ws/install/custom_interfaces/include/custom_interfaces/custom_interfaces/msg/detail/address_book__struct.h
[37.223s] -- Up-to-date: /home/victory/Robot-Operating-System/cpp_ws/install/custom_interfaces/include/custom_interfaces/custom_interfaces/msg/detail/address_book__functions.h
[37.223s] -- Up-to-date: /home/victory/Robot-Operating-System/cpp_ws/install/custom_interfaces/include/custom_interfaces/custom_interfaces/msg/address_book.h
[37.223s] -- Up-to-date: /home/victory/Robot-Operating-System/cpp_ws/install/custom_interfaces/include/custom_interfaces/custom_interfaces/msg/rosidl_generator_c__visibility_control.h
[37.223s] -- Up-to-date: /home/victory/Robot-Operating-System/cpp_ws/install/custom_interfaces/share/custom_interfaces/environment/library_path.sh
[37.223s] -- Installing: /home/victory/Robot-Operating-System/cpp_ws/install/custom_interfaces/share/custom_interfaces/environment/library_path.dsv
[37.248s] -- Up-to-date: /home/victory/Robot-Operating-System/cpp_ws/install/custom_interfaces/lib/libcustom_interfaces__rosidl_generator_c.so
[37.248s] -- Up-to-date: /home/victory/Robot-Operating-System/cpp_ws/install/custom_interfaces/include/custom_interfaces/custom_interfaces
[37.258s] -- Up-to-date: /home/victory/Robot-Operating-System/cpp_ws/install/custom_interfaces/include/custom_interfaces/custom_interfaces/msg
[37.258s] -- Up-to-date: /home/victory/Robot-Operating-System/cpp_ws/install/custom_interfaces/include/custom_interfaces/custom_interfaces/msg/detail
[37.259s] -- Up-to-date: /home/victory/Robot-Operating-System/cpp_ws/install/custom_interfaces/include/custom_interfaces/custom_interfaces/msg/detail/address_book__rosidl_typesupport_fastrtps_c.h
[37.259s] -- Up-to-date: /home/victory/Robot-Operating-System/cpp_ws/install/custom_interfaces/include/custom_interfaces/custom_interfaces/msg/rosidl_typesupport_fastrtps_c__visibility_control.h
[37.261s] -- Up-to-date: /home/victory/Robot-Operating-System/cpp_ws/install/custom_interfaces/lib/libcustom_interfaces__rosidl_typesupport_fastrtps_c.so
[37.261s] -- Up-to-date: /home/victory/Robot-Operating-System/cpp_ws/install/custom_interfaces/include/custom_interfaces/custom_interfaces
[37.266s] -- Up-to-date: /home/victory/Robot-Operating-System/cpp_ws/install/custom_interfaces/include/custom_interfaces/custom_interfaces/msg
[37.267s] -- Up-to-date: /home/victory/Robot-Operating-System/cpp_ws/install/custom_interfaces/include/custom_interfaces/custom_interfaces/msg/rosidl_typesupport_introspection_c__visibility_control.h
[37.267s] -- Up-to-date: /home/victory/Robot-Operating-System/cpp_ws/install/custom_interfaces/include/custom_interfaces/custom_interfaces/msg/detail
[37.267s] -- Up-to-date: /home/victory/Robot-Operating-System/cpp_ws/install/custom_interfaces/include/custom_interfaces/custom_interfaces/msg/detail/address_book__type_support.c
[37.267s] -- Up-to-date: /home/victory/Robot-Operating-System/cpp_ws/install/custom_interfaces/include/custom_interfaces/custom_interfaces/msg/detail/address_book__rosidl_typesupport_introspection_c.h
[37.269s] -- Up-to-date: /home/victory/Robot-Operating-System/cpp_ws/install/custom_interfaces/lib/libcustom_interfaces__rosidl_typesupport_introspection_c.so
[37.270s] -- Up-to-date: /home/victory/Robot-Operating-System/cpp_ws/install/custom_interfaces/lib/libcustom_interfaces__rosidl_typesupport_c.so
[37.270s] -- Up-to-date: /home/victory/Robot-Operating-System/cpp_ws/install/custom_interfaces/include/custom_interfaces/custom_interfaces
[37.286s] -- Up-to-date: /home/victory/Robot-Operating-System/cpp_ws/install/custom_interfaces/include/custom_interfaces/custom_interfaces/msg
[37.286s] -- Up-to-date: /home/victory/Robot-Operating-System/cpp_ws/install/custom_interfaces/include/custom_interfaces/custom_interfaces/msg/detail
[37.286s] -- Up-to-date: /home/victory/Robot-Operating-System/cpp_ws/install/custom_interfaces/include/custom_interfaces/custom_interfaces/msg/detail/address_book__traits.hpp
[37.286s] -- Up-to-date: /home/victory/Robot-Operating-System/cpp_ws/install/custom_interfaces/include/custom_interfaces/custom_interfaces/msg/detail/address_book__builder.hpp
[37.286s] -- Up-to-date: /home/victory/Robot-Operating-System/cpp_ws/install/custom_interfaces/include/custom_interfaces/custom_interfaces/msg/detail/address_book__struct.hpp
[37.286s] -- Up-to-date: /home/victory/Robot-Operating-System/cpp_ws/install/custom_interfaces/include/custom_interfaces/custom_interfaces/msg/address_book.hpp
[37.286s] -- Up-to-date: /home/victory/Robot-Operating-System/cpp_ws/install/custom_interfaces/include/custom_interfaces/custom_interfaces
[37.292s] -- Up-to-date: /home/victory/Robot-Operating-System/cpp_ws/install/custom_interfaces/include/custom_interfaces/custom_interfaces/msg
[37.292s] -- Up-to-date: /home/victory/Robot-Operating-System/cpp_ws/install/custom_interfaces/include/custom_interfaces/custom_interfaces/msg/detail
[37.307s] -- Up-to-date: /home/victory/Robot-Operating-System/cpp_ws/install/custom_interfaces/include/custom_interfaces/custom_interfaces/msg/detail/dds_fastrtps
[37.307s] -- Up-to-date: /home/victory/Robot-Operating-System/cpp_ws/install/custom_interfaces/include/custom_interfaces/custom_interfaces/msg/detail/address_book__rosidl_typesupport_fastrtps_cpp.hpp
[37.307s] -- Up-to-date: /home/victory/Robot-Operating-System/cpp_ws/install/custom_interfaces/include/custom_interfaces/custom_interfaces/msg/rosidl_typesupport_fastrtps_cpp__visibility_control.h
[37.309s] -- Up-to-date: /home/victory/Robot-Operating-System/cpp_ws/install/custom_interfaces/lib/libcustom_interfaces__rosidl_typesupport_fastrtps_cpp.so
[37.310s] -- Up-to-date: /home/victory/Robot-Operating-System/cpp_ws/install/custom_interfaces/include/custom_interfaces/custom_interfaces
[37.311s] -- Up-to-date: /home/victory/Robot-Operating-System/cpp_ws/install/custom_interfaces/include/custom_interfaces/custom_interfaces/msg
[37.325s] -- Up-to-date: /home/victory/Robot-Operating-System/cpp_ws/install/custom_interfaces/include/custom_interfaces/custom_interfaces/msg/detail
[37.325s] -- Up-to-date: /home/victory/Robot-Operating-System/cpp_ws/install/custom_interfaces/include/custom_interfaces/custom_interfaces/msg/detail/address_book__rosidl_typesupport_introspection_cpp.hpp
[37.325s] -- Up-to-date: /home/victory/Robot-Operating-System/cpp_ws/install/custom_interfaces/include/custom_interfaces/custom_interfaces/msg/detail/address_book__type_support.cpp
[37.328s] -- Up-to-date: /home/victory/Robot-Operating-System/cpp_ws/install/custom_interfaces/lib/libcustom_interfaces__rosidl_typesupport_introspection_cpp.so
[37.331s] -- Up-to-date: /home/victory/Robot-Operating-System/cpp_ws/install/custom_interfaces/lib/libcustom_interfaces__rosidl_typesupport_cpp.so
[37.331s] -- Up-to-date: /home/victory/Robot-Operating-System/cpp_ws/install/custom_interfaces/share/custom_interfaces/environment/pythonpath.sh
[37.332s] -- Installing: /home/victory/Robot-Operating-System/cpp_ws/install/custom_interfaces/share/custom_interfaces/environment/pythonpath.dsv
[37.332s] -- Up-to-date: /home/victory/Robot-Operating-System/cpp_ws/install/custom_interfaces/local/lib/python3.10/dist-packages/custom_interfaces-0.0.0-py3.10.egg-info
[37.333s] -- Installing: /home/victory/Robot-Operating-System/cpp_ws/install/custom_interfaces/local/lib/python3.10/dist-packages/custom_interfaces-0.0.0-py3.10.egg-info/PKG-INFO
[37.333s] -- Installing: /home/victory/Robot-Operating-System/cpp_ws/install/custom_interfaces/local/lib/python3.10/dist-packages/custom_interfaces-0.0.0-py3.10.egg-info/SOURCES.txt
[37.333s] -- Installing: /home/victory/Robot-Operating-System/cpp_ws/install/custom_interfaces/local/lib/python3.10/dist-packages/custom_interfaces-0.0.0-py3.10.egg-info/dependency_links.txt
[37.333s] -- Installing: /home/victory/Robot-Operating-System/cpp_ws/install/custom_interfaces/local/lib/python3.10/dist-packages/custom_interfaces-0.0.0-py3.10.egg-info/top_level.txt
[37.333s] -- Up-to-date: /home/victory/Robot-Operating-System/cpp_ws/install/custom_interfaces/local/lib/python3.10/dist-packages/custom_interfaces
[37.334s] -- Installing: /home/victory/Robot-Operating-System/cpp_ws/install/custom_interfaces/local/lib/python3.10/dist-packages/custom_interfaces/__init__.py
[37.346s] -- Up-to-date: /home/victory/Robot-Operating-System/cpp_ws/install/custom_interfaces/local/lib/python3.10/dist-packages/custom_interfaces/_custom_interfaces_s.ep.rosidl_typesupport_introspection_c.c
[37.346s] -- Up-to-date: /home/victory/Robot-Operating-System/cpp_ws/install/custom_interfaces/local/lib/python3.10/dist-packages/custom_interfaces/msg
[37.346s] -- Up-to-date: /home/victory/Robot-Operating-System/cpp_ws/install/custom_interfaces/local/lib/python3.10/dist-packages/custom_interfaces/msg/__init__.py
[37.347s] -- Up-to-date: /home/victory/Robot-Operating-System/cpp_ws/install/custom_interfaces/local/lib/python3.10/dist-packages/custom_interfaces/msg/_address_book.py
[37.347s] -- Up-to-date: /home/victory/Robot-Operating-System/cpp_ws/install/custom_interfaces/local/lib/python3.10/dist-packages/custom_interfaces/msg/_address_book_s.c
[37.347s] -- Up-to-date: /home/victory/Robot-Operating-System/cpp_ws/install/custom_interfaces/local/lib/python3.10/dist-packages/custom_interfaces/custom_interfaces_s__rosidl_typesupport_c.cpython-310-x86_64-linux-gnu.so
[37.347s] -- Up-to-date: /home/victory/Robot-Operating-System/cpp_ws/install/custom_interfaces/local/lib/python3.10/dist-packages/custom_interfaces/custom_interfaces_s__rosidl_typesupport_fastrtps_c.cpython-310-x86_64-linux-gnu.so
[37.348s] -- Up-to-date: /home/victory/Robot-Operating-System/cpp_ws/install/custom_interfaces/local/lib/python3.10/dist-packages/custom_interfaces/_custom_interfaces_s.ep.rosidl_typesupport_fastrtps_c.c
[37.348s] -- Up-to-date: /home/victory/Robot-Operating-System/cpp_ws/install/custom_interfaces/local/lib/python3.10/dist-packages/custom_interfaces/custom_interfaces_s__rosidl_typesupport_introspection_c.cpython-310-x86_64-linux-gnu.so
[37.348s] -- Up-to-date: /home/victory/Robot-Operating-System/cpp_ws/install/custom_interfaces/local/lib/python3.10/dist-packages/custom_interfaces/libcustom_interfaces__rosidl_generator_py.so
[37.348s] -- Up-to-date: /home/victory/Robot-Operating-System/cpp_ws/install/custom_interfaces/local/lib/python3.10/dist-packages/custom_interfaces/_custom_interfaces_s.ep.rosidl_typesupport_c.c
[37.670s] Listing '/home/victory/Robot-Operating-System/cpp_ws/install/custom_interfaces/local/lib/python3.10/dist-packages/custom_interfaces'...
[37.670s] Compiling '/home/victory/Robot-Operating-System/cpp_ws/install/custom_interfaces/local/lib/python3.10/dist-packages/custom_interfaces/__init__.py'...
[37.670s] Listing '/home/victory/Robot-Operating-System/cpp_ws/install/custom_interfaces/local/lib/python3.10/dist-packages/custom_interfaces/msg'...
[37.678s] -- Up-to-date: /home/victory/Robot-Operating-System/cpp_ws/install/custom_interfaces/local/lib/python3.10/dist-packages/custom_interfaces/custom_interfaces_s__rosidl_typesupport_fastrtps_c.cpython-310-x86_64-linux-gnu.so
[37.696s] -- Up-to-date: /home/victory/Robot-Operating-System/cpp_ws/install/custom_interfaces/local/lib/python3.10/dist-packages/custom_interfaces/custom_interfaces_s__rosidl_typesupport_introspection_c.cpython-310-x86_64-linux-gnu.so
[37.699s] -- Up-to-date: /home/victory/Robot-Operating-System/cpp_ws/install/custom_interfaces/local/lib/python3.10/dist-packages/custom_interfaces/custom_interfaces_s__rosidl_typesupport_c.cpython-310-x86_64-linux-gnu.so
[37.702s] -- Up-to-date: /home/victory/Robot-Operating-System/cpp_ws/install/custom_interfaces/lib/libcustom_interfaces__rosidl_generator_py.so
[37.703s] -- Up-to-date: /home/victory/Robot-Operating-System/cpp_ws/install/custom_interfaces/share/custom_interfaces/msg/AddressBook.idl
[37.703s] -- Up-to-date: /home/victory/Robot-Operating-System/cpp_ws/install/custom_interfaces/share/custom_interfaces/msg/AddressBook.msg
[37.703s] -- Up-to-date: /home/victory/Robot-Operating-System/cpp_ws/install/custom_interfaces/share/ament_index/resource_index/package_run_dependencies/custom_interfaces
[37.704s] -- Installing: /home/victory/Robot-Operating-System/cpp_ws/install/custom_interfaces/share/ament_index/resource_index/parent_prefix_path/custom_interfaces
[37.715s] -- Up-to-date: /home/victory/Robot-Operating-System/cpp_ws/install/custom_interfaces/share/custom_interfaces/environment/ament_prefix_path.sh
[37.716s] -- Installing: /home/victory/Robot-Operating-System/cpp_ws/install/custom_interfaces/share/custom_interfaces/environment/ament_prefix_path.dsv
[37.716s] -- Up-to-date: /home/victory/Robot-Operating-System/cpp_ws/install/custom_interfaces/share/custom_interfaces/environment/path.sh
[37.717s] -- Installing: /home/victory/Robot-Operating-System/cpp_ws/install/custom_interfaces/share/custom_interfaces/environment/path.dsv
[37.717s] -- Up-to-date: /home/victory/Robot-Operating-System/cpp_ws/install/custom_interfaces/share/custom_interfaces/local_setup.bash
[37.717s] -- Up-to-date: /home/victory/Robot-Operating-System/cpp_ws/install/custom_interfaces/share/custom_interfaces/local_setup.sh
[37.718s] -- Up-to-date: /home/victory/Robot-Operating-System/cpp_ws/install/custom_interfaces/share/custom_interfaces/local_setup.zsh
[37.718s] -- Installing: /home/victory/Robot-Operating-System/cpp_ws/install/custom_interfaces/share/custom_interfaces/local_setup.dsv
[37.718s] -- Installing: /home/victory/Robot-Operating-System/cpp_ws/install/custom_interfaces/share/custom_interfaces/package.dsv
[37.718s] -- Up-to-date: /home/victory/Robot-Operating-System/cpp_ws/install/custom_interfaces/share/ament_index/resource_index/packages/custom_interfaces
[37.719s] -- Up-to-date: /home/victory/Robot-Operating-System/cpp_ws/install/custom_interfaces/share/custom_interfaces/cmake/export_custom_interfaces__rosidl_generator_cExport.cmake
[37.719s] -- Up-to-date: /home/victory/Robot-Operating-System/cpp_ws/install/custom_interfaces/share/custom_interfaces/cmake/export_custom_interfaces__rosidl_generator_cExport-noconfig.cmake
[37.719s] -- Up-to-date: /home/victory/Robot-Operating-System/cpp_ws/install/custom_interfaces/share/custom_interfaces/cmake/export_custom_interfaces__rosidl_typesupport_fastrtps_cExport.cmake
[37.720s] -- Up-to-date: /home/victory/Robot-Operating-System/cpp_ws/install/custom_interfaces/share/custom_interfaces/cmake/export_custom_interfaces__rosidl_typesupport_fastrtps_cExport-noconfig.cmake
[37.721s] -- Up-to-date: /home/victory/Robot-Operating-System/cpp_ws/install/custom_interfaces/share/custom_interfaces/cmake/custom_interfaces__rosidl_typesupport_introspection_cExport.cmake
[37.721s] -- Up-to-date: /home/victory/Robot-Operating-System/cpp_ws/install/custom_interfaces/share/custom_interfaces/cmake/custom_interfaces__rosidl_typesupport_introspection_cExport-noconfig.cmake
[37.722s] -- Up-to-date: /home/victory/Robot-Operating-System/cpp_ws/install/custom_interfaces/share/custom_interfaces/cmake/custom_interfaces__rosidl_typesupport_cExport.cmake
[37.722s] -- Up-to-date: /home/victory/Robot-Operating-System/cpp_ws/install/custom_interfaces/share/custom_interfaces/cmake/custom_interfaces__rosidl_typesupport_cExport-noconfig.cmake
[37.723s] -- Up-to-date: /home/victory/Robot-Operating-System/cpp_ws/install/custom_interfaces/share/custom_interfaces/cmake/export_custom_interfaces__rosidl_generator_cppExport.cmake
[37.724s] -- Up-to-date: /home/victory/Robot-Operating-System/cpp_ws/install/custom_interfaces/share/custom_interfaces/cmake/export_custom_interfaces__rosidl_typesupport_fastrtps_cppExport.cmake
[37.724s] -- Up-to-date: /home/victory/Robot-Operating-System/cpp_ws/install/custom_interfaces/share/custom_interfaces/cmake/export_custom_interfaces__rosidl_typesupport_fastrtps_cppExport-noconfig.cmake
[37.725s] -- Up-to-date: /home/victory/Robot-Operating-System/cpp_ws/install/custom_interfaces/share/custom_interfaces/cmake/custom_interfaces__rosidl_typesupport_introspection_cppExport.cmake
[37.725s] -- Up-to-date: /home/victory/Robot-Operating-System/cpp_ws/install/custom_interfaces/share/custom_interfaces/cmake/custom_interfaces__rosidl_typesupport_introspection_cppExport-noconfig.cmake
[37.727s] -- Up-to-date: /home/victory/Robot-Operating-System/cpp_ws/install/custom_interfaces/share/custom_interfaces/cmake/custom_interfaces__rosidl_typesupport_cppExport.cmake
[37.728s] -- Up-to-date: /home/victory/Robot-Operating-System/cpp_ws/install/custom_interfaces/share/custom_interfaces/cmake/custom_interfaces__rosidl_typesupport_cppExport-noconfig.cmake
[37.728s] -- Up-to-date: /home/victory/Robot-Operating-System/cpp_ws/install/custom_interfaces/share/custom_interfaces/cmake/export_custom_interfaces__rosidl_generator_pyExport.cmake
[37.728s] -- Up-to-date: /home/victory/Robot-Operating-System/cpp_ws/install/custom_interfaces/share/custom_interfaces/cmake/export_custom_interfaces__rosidl_generator_pyExport-noconfig.cmake
[37.729s] -- Up-to-date: /home/victory/Robot-Operating-System/cpp_ws/install/custom_interfaces/share/custom_interfaces/cmake/rosidl_cmake-extras.cmake
[37.729s] -- Up-to-date: /home/victory/Robot-Operating-System/cpp_ws/install/custom_interfaces/share/custom_interfaces/cmake/ament_cmake_export_include_directories-extras.cmake
[37.729s] -- Up-to-date: /home/victory/Robot-Operating-System/cpp_ws/install/custom_interfaces/share/custom_interfaces/cmake/ament_cmake_export_libraries-extras.cmake
[37.730s] -- Up-to-date: /home/victory/Robot-Operating-System/cpp_ws/install/custom_interfaces/share/custom_interfaces/cmake/ament_cmake_export_targets-extras.cmake
[37.730s] -- Up-to-date: /home/victory/Robot-Operating-System/cpp_ws/install/custom_interfaces/share/custom_interfaces/cmake/rosidl_cmake_export_typesupport_targets-extras.cmake
[37.730s] -- Up-to-date: /home/victory/Robot-Operating-System/cpp_ws/install/custom_interfaces/share/custom_interfaces/cmake/ament_cmake_export_dependencies-extras.cmake
[37.730s] -- Up-to-date: /home/victory/Robot-Operating-System/cpp_ws/install/custom_interfaces/share/custom_interfaces/cmake/rosidl_cmake_export_typesupport_libraries-extras.cmake
[37.730s] -- Up-to-date: /home/victory/Robot-Operating-System/cpp_ws/install/custom_interfaces/share/custom_interfaces/cmake/custom_interfacesConfig.cmake
[37.730s] -- Up-to-date: /home/victory/Robot-Operating-System/cpp_ws/install/custom_interfaces/share/custom_interfaces/cmake/custom_interfacesConfig-version.cmake
[37.730s] -- Up-to-date: /home/victory/Robot-Operating-System/cpp_ws/install/custom_interfaces/share/custom_interfaces/package.xml
[37.735s] Invoked command in '/home/victory/Robot-Operating-System/cpp_ws/build/custom_interfaces' returned '0': CMAKE_PREFIX_PATH=${CMAKE_PREFIX_PATH}:/opt/ros/humble /home/linuxbrew/.linuxbrew/bin/cmake --install /home/victory/Robot-Operating-System/cpp_ws/build/custom_interfaces
