[ 50%] Built target demo_request_client
[100%] Built target demo_service_client
-- Install configuration: ""
-- Up-to-date: /home/victory/Robot-Operating-System/cpp_ws/install/srv_client/lib/srv_client/demo_service_client
-- Up-to-date: /home/victory/Robot-Operating-System/cpp_ws/install/srv_client/lib/srv_client/demo_request_client
-- Up-to-date: /home/victory/Robot-Operating-System/cpp_ws/install/srv_client/share/ament_index/resource_index/package_run_dependencies/srv_client
-- Up-to-date: /home/victory/Robot-Operating-System/cpp_ws/install/srv_client/share/ament_index/resource_index/parent_prefix_path/srv_client
-- Up-to-date: /home/victory/Robot-Operating-System/cpp_ws/install/srv_client/share/srv_client/environment/ament_prefix_path.sh
-- Up-to-date: /home/victory/Robot-Operating-System/cpp_ws/install/srv_client/share/srv_client/environment/ament_prefix_path.dsv
-- Up-to-date: /home/victory/Robot-Operating-System/cpp_ws/install/srv_client/share/srv_client/environment/path.sh
-- Up-to-date: /home/victory/Robot-Operating-System/cpp_ws/install/srv_client/share/srv_client/environment/path.dsv
-- Up-to-date: /home/victory/Robot-Operating-System/cpp_ws/install/srv_client/share/srv_client/local_setup.bash
-- Up-to-date: /home/victory/Robot-Operating-System/cpp_ws/install/srv_client/share/srv_client/local_setup.sh
-- Up-to-date: /home/victory/Robot-Operating-System/cpp_ws/install/srv_client/share/srv_client/local_setup.zsh
-- Up-to-date: /home/victory/Robot-Operating-System/cpp_ws/install/srv_client/share/srv_client/local_setup.dsv
-- Installing: /home/victory/Robot-Operating-System/cpp_ws/install/srv_client/share/srv_client/package.dsv
-- Up-to-date: /home/victory/Robot-Operating-System/cpp_ws/install/srv_client/share/ament_index/resource_index/packages/srv_client
-- Up-to-date: /home/victory/Robot-Operating-System/cpp_ws/install/srv_client/share/srv_client/cmake/srv_clientConfig.cmake
-- Up-to-date: /home/victory/Robot-Operating-System/cpp_ws/install/srv_client/share/srv_client/cmake/srv_clientConfig-version.cmake
-- Up-to-date: /home/victory/Robot-Operating-System/cpp_ws/install/srv_client/share/srv_client/package.xml
