[0.384s] Invoking command in '/home/victory/Robot-Operating-System/python_ws/build/package_with_interfaces': CMAKE_PREFIX_PATH=/opt/ros/humble /home/linuxbrew/.linuxbrew/bin/cmake --build /home/victory/Robot-Operating-System/python_ws/build/package_with_interfaces -- -j4 -l4
[3.274s] -- Found ament_cmake: 1.3.10 (/opt/ros/humble/share/ament_cmake/cmake)
[4.460s] -- Found geometry_msgs: 4.2.4 (/opt/ros/humble/share/geometry_msgs/cmake)
[6.206s] -- Found rosidl_generator_c: 3.1.5 (/opt/ros/humble/share/rosidl_generator_c/cmake)
[6.260s] -- Found rosidl_adapter: 3.1.5 (/opt/ros/humble/share/rosidl_adapter/cmake)
[6.342s] -- Found rosidl_generator_cpp: 3.1.5 (/opt/ros/humble/share/rosidl_generator_cpp/cmake)
[6.466s] -- Using all available rosidl_typesupport_c: rosidl_typesupport_fastrtps_c;rosidl_typesupport_introspection_c
[6.606s] -- Using all available rosidl_typesupport_cpp: rosidl_typesupport_fastrtps_cpp;rosidl_typesupport_introspection_cpp
[6.895s] -- Found rosidl_default_generators: 1.2.0 (/opt/ros/humble/share/rosidl_default_generators/cmake)
[7.843s] [31mCMake Error at /opt/ros/humble/share/rosidl_adapter/cmake/rosidl_adapt_interfaces.cmake:59 (message):
[7.843s]   execute_process(/usr/bin/python3 -m rosidl_adapter --package-name
[7.843s]   package_with_interfaces --arguments-file
[7.844s]   /home/victory/Robot-Operating-System/python_ws/build/package_with_interfaces/rosidl_adapter__arguments__package_with_interfaces.json
[7.844s]   --output-dir
[7.845s]   /home/victory/Robot-Operating-System/python_ws/build/package_with_interfaces/rosidl_adapter/package_with_interfaces
[7.845s]   --output-file
[7.846s]   /home/victory/Robot-Operating-System/python_ws/build/package_with_interfaces/rosidl_adapter/package_with_interfaces.idls)
[7.846s]   returned error code 1:
[7.847s] 
[7.847s]   Traceback (most recent call last):
[7.847s] 
[7.848s]     File "/usr/lib/python3.10/runpy.py", line 196, in _run_module_as_main
[7.848s]       return _run_code(code, main_globals, None,
[7.848s]     File "/usr/lib/python3.10/runpy.py", line 86, in _run_code
[7.848s]       exec(code, run_globals)
[7.848s]     File "/opt/ros/humble/local/lib/python3.10/dist-packages/rosidl_adapter/__main__.py", line 19, in <module>
[7.849s]       sys.exit(main())
[7.849s]     File "/opt/ros/humble/local/lib/python3.10/dist-packages/rosidl_adapter/main.py", line 53, in main
[7.849s]       abs_idl_file = convert_to_idl(
[7.849s]     File "/opt/ros/humble/local/lib/python3.10/dist-packages/rosidl_adapter/__init__.py", line 29, in convert_to_idl
[7.849s]       return convert_action_to_idl(
[7.850s]     File "/opt/ros/humble/local/lib/python3.10/dist-packages/rosidl_adapter/action/__init__.py", line 28, in convert_action_to_idl
[7.850s]       action = parse_action_string(package_name, input_file.stem, content)
[7.850s]     File "/opt/ros/humble/local/lib/python3.10/dist-packages/rosidl_adapter/parser.py", line 902, in parse_action_string
[7.850s]       goal_message = parse_message_string(
[7.850s]     File "/opt/ros/humble/local/lib/python3.10/dist-packages/rosidl_adapter/parser.py", line 544, in parse_message_string
[7.851s]       msg = MessageSpecification(pkg_name, msg_name, fields, constants)
[7.851s]     File "/opt/ros/humble/local/lib/python3.10/dist-packages/rosidl_adapter/parser.py", line 388, in __init__
[7.852s]       self.base_type = BaseType(
[7.852s]     File "/opt/ros/humble/local/lib/python3.10/dist-packages/rosidl_adapter/parser.py", line 205, in __init__
[7.852s]       raise InvalidResourceName(
[7.853s] 
[7.853s]   rosidl_adapter.parser.InvalidResourceName: 'fibonacci_Goal' is an invalid
[7.853s]   message name.  It should have the pattern '^[A-Z][A-Za-z0-9]*$'
[7.853s] 
[7.853s] Call Stack (most recent call first):
[7.853s]   /opt/ros/humble/share/rosidl_cmake/cmake/rosidl_generate_interfaces.cmake:130 (rosidl_adapt_interfaces)
[7.853s]   CMakeLists.txt:28 (rosidl_generate_interfaces)
[7.854s] 
[7.854s] [0m
[7.854s] -- Configuring incomplete, errors occurred!
[7.900s] gmake: *** [Makefile:963: cmake_check_build_system] Error 1
[7.906s] Invoked command in '/home/victory/Robot-Operating-System/python_ws/build/package_with_interfaces' returned '2': CMAKE_PREFIX_PATH=/opt/ros/humble /home/linuxbrew/.linuxbrew/bin/cmake --build /home/victory/Robot-Operating-System/python_ws/build/package_with_interfaces -- -j4 -l4
