[0.033s] Invoking command in '/home/victory/Robot-Operating-System/cpp_ws/build/msg_pub_sub_simple_node': CMAKE_PREFIX_PATH=/opt/ros/humble /home/linuxbrew/.linuxbrew/bin/cmake --build /home/victory/Robot-Operating-System/cpp_ws/build/msg_pub_sub_simple_node -- -j4 -l4
[0.088s] -- Found ament_cmake: 1.3.10 (/opt/ros/humble/share/ament_cmake/cmake)
[0.363s] -- Found ament_lint_auto: 0.12.11 (/opt/ros/humble/share/ament_lint_auto/cmake)
[0.464s] -- Added test 'cppcheck' to perform static code analysis on C / C++ code
[0.464s] -- Configured cppcheck include dirs: $<BUILD_INTERFACE:/home/victory/Robot-Operating-System/cpp_ws/src/msg_pub_sub_simple_node/include>
[0.464s] -- Configured cppcheck exclude dirs and/or files: 
[0.465s] -- Added test 'lint_cmake' to check CMake code style
[0.467s] -- Added test 'uncrustify' to check C / C++ code style
[0.467s] -- Configured uncrustify additional arguments: 
[0.468s] -- Added test 'xmllint' to check XML markup files
[0.470s] -- Configuring done (0.4s)
[0.487s] -- Generating done (0.0s)
[0.490s] -- Build files have been written to: /home/victory/Robot-Operating-System/cpp_ws/build/msg_pub_sub_simple_node
[0.521s] [ 50%] [32mBuilding CXX object CMakeFiles/greetings_node.dir/src/greetings_node.cpp.o[0m
[1.803s] [01m[K/home/victory/Robot-Operating-System/cpp_ws/src/msg_pub_sub_simple_node/src/greetings_node.cpp:13:10:[m[K [01;31m[Kfatal error: [m[Krclcpp/rclcpp.hpp: No such file or directory
[1.803s]    13 | #include [01;31m[K"rclcpp/rclcpp.hpp"[m[K
[1.804s]       |          [01;31m[K^~~~~~~~~~~~~~~~~~~[m[K
[1.805s] compilation terminated.
[1.811s] gmake[2]: *** [CMakeFiles/greetings_node.dir/build.make:76: CMakeFiles/greetings_node.dir/src/greetings_node.cpp.o] Error 1
[1.813s] gmake[1]: *** [CMakeFiles/Makefile2:137: CMakeFiles/greetings_node.dir/all] Error 2
[1.814s] gmake: *** [Makefile:146: all] Error 2
[1.822s] Invoked command in '/home/victory/Robot-Operating-System/cpp_ws/build/msg_pub_sub_simple_node' returned '2': CMAKE_PREFIX_PATH=/opt/ros/humble /home/linuxbrew/.linuxbrew/bin/cmake --build /home/victory/Robot-Operating-System/cpp_ws/build/msg_pub_sub_simple_node -- -j4 -l4
