running egg_info
creating ../../build/package_that_uses_package_with_interfaces/package_that_uses_package_with_interfaces.egg-info
writing ../../build/package_that_uses_package_with_interfaces/package_that_uses_package_with_interfaces.egg-info/PKG-INFO
writing dependency_links to ../../build/package_that_uses_package_with_interfaces/package_that_uses_package_with_interfaces.egg-info/dependency_links.txt
writing entry points to ../../build/package_that_uses_package_with_interfaces/package_that_uses_package_with_interfaces.egg-info/entry_points.txt
writing requirements to ../../build/package_that_uses_package_with_interfaces/package_that_uses_package_with_interfaces.egg-info/requires.txt
writing top-level names to ../../build/package_that_uses_package_with_interfaces/package_that_uses_package_with_interfaces.egg-info/top_level.txt
writing manifest file '../../build/package_that_uses_package_with_interfaces/package_that_uses_package_with_interfaces.egg-info/SOURCES.txt'
reading manifest file '../../build/package_that_uses_package_with_interfaces/package_that_uses_package_with_interfaces.egg-info/SOURCES.txt'
writing manifest file '../../build/package_that_uses_package_with_interfaces/package_that_uses_package_with_interfaces.egg-info/SOURCES.txt'
running build
running build_py
creating /home/victory/Robot-Operating-System/python_ws/build/package_that_uses_package_with_interfaces/build
creating /home/victory/Robot-Operating-System/python_ws/build/package_that_uses_package_with_interfaces/build/lib
creating /home/victory/Robot-Operating-System/python_ws/build/package_that_uses_package_with_interfaces/build/lib/package_that_uses_package_with_interfaces
copying package_that_uses_package_with_interfaces/__init__.py -> /home/victory/Robot-Operating-System/python_ws/build/package_that_uses_package_with_interfaces/build/lib/package_that_uses_package_with_interfaces
copying package_that_uses_package_with_interfaces/amazing_quote_subsciption_node.py -> /home/victory/Robot-Operating-System/python_ws/build/package_that_uses_package_with_interfaces/build/lib/package_that_uses_package_with_interfaces
copying package_that_uses_package_with_interfaces/amazing_quote_publisher_node.py -> /home/victory/Robot-Operating-System/python_ws/build/package_that_uses_package_with_interfaces/build/lib/package_that_uses_package_with_interfaces
running install
running install_lib
creating /home/victory/Robot-Operating-System/python_ws/install/package_that_uses_package_with_interfaces/lib/python3.10/site-packages/package_that_uses_package_with_interfaces
copying /home/victory/Robot-Operating-System/python_ws/build/package_that_uses_package_with_interfaces/build/lib/package_that_uses_package_with_interfaces/__init__.py -> /home/victory/Robot-Operating-System/python_ws/install/package_that_uses_package_with_interfaces/lib/python3.10/site-packages/package_that_uses_package_with_interfaces
copying /home/victory/Robot-Operating-System/python_ws/build/package_that_uses_package_with_interfaces/build/lib/package_that_uses_package_with_interfaces/amazing_quote_subsciption_node.py -> /home/victory/Robot-Operating-System/python_ws/install/package_that_uses_package_with_interfaces/lib/python3.10/site-packages/package_that_uses_package_with_interfaces
copying /home/victory/Robot-Operating-System/python_ws/build/package_that_uses_package_with_interfaces/build/lib/package_that_uses_package_with_interfaces/amazing_quote_publisher_node.py -> /home/victory/Robot-Operating-System/python_ws/install/package_that_uses_package_with_interfaces/lib/python3.10/site-packages/package_that_uses_package_with_interfaces
byte-compiling /home/victory/Robot-Operating-System/python_ws/install/package_that_uses_package_with_interfaces/lib/python3.10/site-packages/package_that_uses_package_with_interfaces/__init__.py to __init__.cpython-310.pyc
byte-compiling /home/victory/Robot-Operating-System/python_ws/install/package_that_uses_package_with_interfaces/lib/python3.10/site-packages/package_that_uses_package_with_interfaces/amazing_quote_subsciption_node.py to amazing_quote_subsciption_node.cpython-310.pyc
byte-compiling /home/victory/Robot-Operating-System/python_ws/install/package_that_uses_package_with_interfaces/lib/python3.10/site-packages/package_that_uses_package_with_interfaces/amazing_quote_publisher_node.py to amazing_quote_publisher_node.cpython-310.pyc
running install_data
creating /home/victory/Robot-Operating-System/python_ws/install/package_that_uses_package_with_interfaces/share/ament_index
creating /home/victory/Robot-Operating-System/python_ws/install/package_that_uses_package_with_interfaces/share/ament_index/resource_index
creating /home/victory/Robot-Operating-System/python_ws/install/package_that_uses_package_with_interfaces/share/ament_index/resource_index/packages
copying resource/package_that_uses_package_with_interfaces -> /home/victory/Robot-Operating-System/python_ws/install/package_that_uses_package_with_interfaces/share/ament_index/resource_index/packages
copying package.xml -> /home/victory/Robot-Operating-System/python_ws/install/package_that_uses_package_with_interfaces/share/package_that_uses_package_with_interfaces
running install_egg_info
Copying ../../build/package_that_uses_package_with_interfaces/package_that_uses_package_with_interfaces.egg-info to /home/victory/Robot-Operating-System/python_ws/install/package_that_uses_package_with_interfaces/lib/python3.10/site-packages/package_that_uses_package_with_interfaces-0.0.0-py3.10.egg-info
running install_scripts
Installing amazing_quote_publisher_node script to /home/victory/Robot-Operating-System/python_ws/install/package_that_uses_package_with_interfaces/lib/package_that_uses_package_with_interfaces
Installing amazing_quote_subscription_node script to /home/victory/Robot-Operating-System/python_ws/install/package_that_uses_package_with_interfaces/lib/package_that_uses_package_with_interfaces
writing list of installed files to '/home/victory/Robot-Operating-System/python_ws/build/package_that_uses_package_with_interfaces/install.log'
