[0.287s] DEBUG:colcon:Command line arguments: ['/usr/bin/colcon', 'build']
[0.287s] DEBUG:colcon:Parsed command line arguments: Namespace(log_base=None, log_level=None, verb_name='build', build_base='build', install_base='install', merge_install=False, symlink_install=False, test_result_base=None, continue_on_error=False, executor='parallel', parallel_workers=4, event_handlers=None, ignore_user_meta=False, metas=['./colcon.meta'], base_paths=['.'], packages_ignore=None, packages_ignore_regex=None, paths=None, packages_up_to=None, packages_up_to_regex=None, packages_above=None, packages_above_and_dependencies=None, packages_above_depth=None, packages_select_by_dep=None, packages_skip_by_dep=None, packages_skip_up_to=None, packages_select_build_failed=False, packages_skip_build_finished=False, packages_select_test_failures=False, packages_skip_test_passed=False, packages_select=None, packages_skip=None, packages_select_regex=None, packages_skip_regex=None, packages_start=None, packages_end=None, allow_overriding=[], cmake_args=None, cmake_target=None, cmake_target_skip_unavailable=False, cmake_clean_cache=False, cmake_clean_first=False, cmake_force_configure=False, ament_cmake_args=None, catkin_cmake_args=None, catkin_skip_building_tests=False, mixin_files=None, mixin=None, verb_parser=<colcon_mixin.mixin.mixin_argument.MixinArgumentDecorator object at 0x7fa216c31cf0>, verb_extension=<colcon_core.verb.build.BuildVerb object at 0x7fa216c30ca0>, main=<bound method BuildVerb.main of <colcon_core.verb.build.BuildVerb object at 0x7fa216c30ca0>>, mixin_verb=('build',))
[0.479s] Level 1:colcon.colcon_core.package_discovery:discover_packages(colcon_meta) check parameters
[0.479s] Level 1:colcon.colcon_core.package_discovery:discover_packages(recursive) check parameters
[0.479s] Level 1:colcon.colcon_core.package_discovery:discover_packages(ignore) check parameters
[0.479s] Level 1:colcon.colcon_core.package_discovery:discover_packages(path) check parameters
[0.479s] Level 1:colcon.colcon_core.package_discovery:discover_packages(colcon_meta) discover
[0.479s] Level 1:colcon.colcon_core.package_discovery:discover_packages(recursive) discover
[0.479s] INFO:colcon.colcon_core.package_discovery:Crawling recursively for packages in '/home/victory/Robot-Operating-System/cpp_ws'
[0.480s] Level 1:colcon.colcon_core.package_identification:_identify(.) by extensions ['ignore', 'ignore_ament_install']
[0.480s] Level 1:colcon.colcon_core.package_identification:_identify(.) by extension 'ignore'
[0.480s] Level 1:colcon.colcon_core.package_identification:_identify(.) by extension 'ignore_ament_install'
[0.480s] Level 1:colcon.colcon_core.package_identification:_identify(.) by extensions ['colcon_pkg']
[0.480s] Level 1:colcon.colcon_core.package_identification:_identify(.) by extension 'colcon_pkg'
[0.480s] Level 1:colcon.colcon_core.package_identification:_identify(.) by extensions ['colcon_meta']
[0.480s] Level 1:colcon.colcon_core.package_identification:_identify(.) by extension 'colcon_meta'
[0.480s] Level 1:colcon.colcon_core.package_identification:_identify(.) by extensions ['ros']
[0.480s] Level 1:colcon.colcon_core.package_identification:_identify(.) by extension 'ros'
[0.495s] Level 1:colcon.colcon_core.package_identification:_identify(.) by extensions ['cmake', 'python']
[0.495s] Level 1:colcon.colcon_core.package_identification:_identify(.) by extension 'cmake'
[0.495s] Level 1:colcon.colcon_core.package_identification:_identify(.) by extension 'python'
[0.495s] Level 1:colcon.colcon_core.package_identification:_identify(.) by extensions ['python_setup_py']
[0.495s] Level 1:colcon.colcon_core.package_identification:_identify(.) by extension 'python_setup_py'
[0.495s] Level 1:colcon.colcon_core.package_identification:_identify(build) by extensions ['ignore', 'ignore_ament_install']
[0.495s] Level 1:colcon.colcon_core.package_identification:_identify(build) by extension 'ignore'
[0.495s] Level 1:colcon.colcon_core.package_identification:_identify(build) ignored
[0.495s] Level 1:colcon.colcon_core.package_identification:_identify(install) by extensions ['ignore', 'ignore_ament_install']
[0.496s] Level 1:colcon.colcon_core.package_identification:_identify(install) by extension 'ignore'
[0.496s] Level 1:colcon.colcon_core.package_identification:_identify(install) ignored
[0.496s] Level 1:colcon.colcon_core.package_identification:_identify(log) by extensions ['ignore', 'ignore_ament_install']
[0.496s] Level 1:colcon.colcon_core.package_identification:_identify(log) by extension 'ignore'
[0.496s] Level 1:colcon.colcon_core.package_identification:_identify(log) ignored
[0.496s] Level 1:colcon.colcon_core.package_identification:_identify(src) by extensions ['ignore', 'ignore_ament_install']
[0.496s] Level 1:colcon.colcon_core.package_identification:_identify(src) by extension 'ignore'
[0.496s] Level 1:colcon.colcon_core.package_identification:_identify(src) by extension 'ignore_ament_install'
[0.496s] Level 1:colcon.colcon_core.package_identification:_identify(src) by extensions ['colcon_pkg']
[0.496s] Level 1:colcon.colcon_core.package_identification:_identify(src) by extension 'colcon_pkg'
[0.496s] Level 1:colcon.colcon_core.package_identification:_identify(src) by extensions ['colcon_meta']
[0.496s] Level 1:colcon.colcon_core.package_identification:_identify(src) by extension 'colcon_meta'
[0.496s] Level 1:colcon.colcon_core.package_identification:_identify(src) by extensions ['ros']
[0.496s] Level 1:colcon.colcon_core.package_identification:_identify(src) by extension 'ros'
[0.496s] Level 1:colcon.colcon_core.package_identification:_identify(src) by extensions ['cmake', 'python']
[0.496s] Level 1:colcon.colcon_core.package_identification:_identify(src) by extension 'cmake'
[0.497s] Level 1:colcon.colcon_core.package_identification:_identify(src) by extension 'python'
[0.497s] Level 1:colcon.colcon_core.package_identification:_identify(src) by extensions ['python_setup_py']
[0.497s] Level 1:colcon.colcon_core.package_identification:_identify(src) by extension 'python_setup_py'
[0.497s] Level 1:colcon.colcon_core.package_identification:_identify(src/msg_pub_sub_simple_node) by extensions ['ignore', 'ignore_ament_install']
[0.497s] Level 1:colcon.colcon_core.package_identification:_identify(src/msg_pub_sub_simple_node) by extension 'ignore'
[0.497s] Level 1:colcon.colcon_core.package_identification:_identify(src/msg_pub_sub_simple_node) by extension 'ignore_ament_install'
[0.497s] Level 1:colcon.colcon_core.package_identification:_identify(src/msg_pub_sub_simple_node) by extensions ['colcon_pkg']
[0.497s] Level 1:colcon.colcon_core.package_identification:_identify(src/msg_pub_sub_simple_node) by extension 'colcon_pkg'
[0.497s] Level 1:colcon.colcon_core.package_identification:_identify(src/msg_pub_sub_simple_node) by extensions ['colcon_meta']
[0.497s] Level 1:colcon.colcon_core.package_identification:_identify(src/msg_pub_sub_simple_node) by extension 'colcon_meta'
[0.497s] Level 1:colcon.colcon_core.package_identification:_identify(src/msg_pub_sub_simple_node) by extensions ['ros']
[0.497s] Level 1:colcon.colcon_core.package_identification:_identify(src/msg_pub_sub_simple_node) by extension 'ros'
[0.500s] DEBUG:colcon.colcon_core.package_identification:Package 'src/msg_pub_sub_simple_node' with type 'ros.ament_cmake' and name 'msg_pub_sub_simple_node'
[0.500s] Level 1:colcon.colcon_core.package_identification:_identify(src/srv_client) by extensions ['ignore', 'ignore_ament_install']
[0.500s] Level 1:colcon.colcon_core.package_identification:_identify(src/srv_client) by extension 'ignore'
[0.501s] Level 1:colcon.colcon_core.package_identification:_identify(src/srv_client) by extension 'ignore_ament_install'
[0.501s] Level 1:colcon.colcon_core.package_identification:_identify(src/srv_client) by extensions ['colcon_pkg']
[0.501s] Level 1:colcon.colcon_core.package_identification:_identify(src/srv_client) by extension 'colcon_pkg'
[0.501s] Level 1:colcon.colcon_core.package_identification:_identify(src/srv_client) by extensions ['colcon_meta']
[0.501s] Level 1:colcon.colcon_core.package_identification:_identify(src/srv_client) by extension 'colcon_meta'
[0.501s] Level 1:colcon.colcon_core.package_identification:_identify(src/srv_client) by extensions ['ros']
[0.501s] Level 1:colcon.colcon_core.package_identification:_identify(src/srv_client) by extension 'ros'
[0.502s] DEBUG:colcon.colcon_core.package_identification:Package 'src/srv_client' with type 'ros.ament_cmake' and name 'srv_client'
[0.502s] Level 1:colcon.colcon_core.package_discovery:discover_packages(recursive) using defaults
[0.502s] Level 1:colcon.colcon_core.package_discovery:discover_packages(ignore) discover
[0.502s] Level 1:colcon.colcon_core.package_discovery:discover_packages(ignore) using defaults
[0.502s] Level 1:colcon.colcon_core.package_discovery:discover_packages(path) discover
[0.502s] Level 1:colcon.colcon_core.package_discovery:discover_packages(path) using defaults
[0.526s] Level 1:colcon.colcon_core.package_discovery:discover_packages(prefix_path) check parameters
[0.526s] Level 1:colcon.colcon_core.package_discovery:discover_packages(prefix_path) discover
[0.529s] DEBUG:colcon.colcon_installed_package_information.package_discovery:Found 293 installed packages in /opt/ros/humble
[0.531s] Level 1:colcon.colcon_core.package_discovery:discover_packages(prefix_path) using defaults
[0.595s] Level 5:colcon.colcon_core.verb:set package 'msg_pub_sub_simple_node' build argument 'cmake_args' from command line to 'None'
[0.596s] Level 5:colcon.colcon_core.verb:set package 'msg_pub_sub_simple_node' build argument 'cmake_target' from command line to 'None'
[0.596s] Level 5:colcon.colcon_core.verb:set package 'msg_pub_sub_simple_node' build argument 'cmake_target_skip_unavailable' from command line to 'False'
[0.596s] Level 5:colcon.colcon_core.verb:set package 'msg_pub_sub_simple_node' build argument 'cmake_clean_cache' from command line to 'False'
[0.596s] Level 5:colcon.colcon_core.verb:set package 'msg_pub_sub_simple_node' build argument 'cmake_clean_first' from command line to 'False'
[0.596s] Level 5:colcon.colcon_core.verb:set package 'msg_pub_sub_simple_node' build argument 'cmake_force_configure' from command line to 'False'
[0.596s] Level 5:colcon.colcon_core.verb:set package 'msg_pub_sub_simple_node' build argument 'ament_cmake_args' from command line to 'None'
[0.596s] Level 5:colcon.colcon_core.verb:set package 'msg_pub_sub_simple_node' build argument 'catkin_cmake_args' from command line to 'None'
[0.596s] Level 5:colcon.colcon_core.verb:set package 'msg_pub_sub_simple_node' build argument 'catkin_skip_building_tests' from command line to 'False'
[0.596s] DEBUG:colcon.colcon_core.verb:Building package 'msg_pub_sub_simple_node' with the following arguments: {'ament_cmake_args': None, 'build_base': '/home/victory/Robot-Operating-System/cpp_ws/build/msg_pub_sub_simple_node', 'catkin_cmake_args': None, 'catkin_skip_building_tests': False, 'cmake_args': None, 'cmake_clean_cache': False, 'cmake_clean_first': False, 'cmake_force_configure': False, 'cmake_target': None, 'cmake_target_skip_unavailable': False, 'install_base': '/home/victory/Robot-Operating-System/cpp_ws/install/msg_pub_sub_simple_node', 'merge_install': False, 'path': '/home/victory/Robot-Operating-System/cpp_ws/src/msg_pub_sub_simple_node', 'symlink_install': False, 'test_result_base': None}
[0.596s] Level 5:colcon.colcon_core.verb:set package 'srv_client' build argument 'cmake_args' from command line to 'None'
[0.596s] Level 5:colcon.colcon_core.verb:set package 'srv_client' build argument 'cmake_target' from command line to 'None'
[0.596s] Level 5:colcon.colcon_core.verb:set package 'srv_client' build argument 'cmake_target_skip_unavailable' from command line to 'False'
[0.596s] Level 5:colcon.colcon_core.verb:set package 'srv_client' build argument 'cmake_clean_cache' from command line to 'False'
[0.596s] Level 5:colcon.colcon_core.verb:set package 'srv_client' build argument 'cmake_clean_first' from command line to 'False'
[0.596s] Level 5:colcon.colcon_core.verb:set package 'srv_client' build argument 'cmake_force_configure' from command line to 'False'
[0.596s] Level 5:colcon.colcon_core.verb:set package 'srv_client' build argument 'ament_cmake_args' from command line to 'None'
[0.597s] Level 5:colcon.colcon_core.verb:set package 'srv_client' build argument 'catkin_cmake_args' from command line to 'None'
[0.597s] Level 5:colcon.colcon_core.verb:set package 'srv_client' build argument 'catkin_skip_building_tests' from command line to 'False'
[0.597s] DEBUG:colcon.colcon_core.verb:Building package 'srv_client' with the following arguments: {'ament_cmake_args': None, 'build_base': '/home/victory/Robot-Operating-System/cpp_ws/build/srv_client', 'catkin_cmake_args': None, 'catkin_skip_building_tests': False, 'cmake_args': None, 'cmake_clean_cache': False, 'cmake_clean_first': False, 'cmake_force_configure': False, 'cmake_target': None, 'cmake_target_skip_unavailable': False, 'install_base': '/home/victory/Robot-Operating-System/cpp_ws/install/srv_client', 'merge_install': False, 'path': '/home/victory/Robot-Operating-System/cpp_ws/src/srv_client', 'symlink_install': False, 'test_result_base': None}
[0.597s] INFO:colcon.colcon_core.executor:Executing jobs using 'parallel' executor
[0.599s] DEBUG:colcon.colcon_parallel_executor.executor.parallel:run_until_complete
[0.599s] INFO:colcon.colcon_ros.task.ament_cmake.build:Building ROS package in '/home/victory/Robot-Operating-System/cpp_ws/src/msg_pub_sub_simple_node' with build type 'ament_cmake'
[0.600s] INFO:colcon.colcon_cmake.task.cmake.build:Building CMake package in '/home/victory/Robot-Operating-System/cpp_ws/src/msg_pub_sub_simple_node'
[0.603s] INFO:colcon.colcon_core.plugin_system:Skipping extension 'colcon_core.shell.bat': Not used on non-Windows systems
[0.604s] INFO:colcon.colcon_core.shell:Skip shell extension 'powershell' for command environment: Not usable outside of PowerShell
[0.604s] DEBUG:colcon.colcon_core.shell:Skip shell extension 'dsv' for command environment
[0.608s] INFO:colcon.colcon_ros.task.ament_cmake.build:Building ROS package in '/home/victory/Robot-Operating-System/cpp_ws/src/srv_client' with build type 'ament_cmake'
[0.609s] INFO:colcon.colcon_cmake.task.cmake.build:Building CMake package in '/home/victory/Robot-Operating-System/cpp_ws/src/srv_client'
[0.611s] INFO:colcon.colcon_core.shell:Skip shell extension 'powershell' for command environment: Not usable outside of PowerShell
[0.611s] DEBUG:colcon.colcon_core.shell:Skip shell extension 'dsv' for command environment
[0.624s] DEBUG:colcon.colcon_core.event_handler.log_command:Invoking command in '/home/victory/Robot-Operating-System/cpp_ws/build/msg_pub_sub_simple_node': CMAKE_PREFIX_PATH=/opt/ros/humble /home/linuxbrew/.linuxbrew/bin/cmake --build /home/victory/Robot-Operating-System/cpp_ws/build/msg_pub_sub_simple_node -- -j4 -l4
[0.639s] DEBUG:colcon.colcon_core.event_handler.log_command:Invoking command in '/home/victory/Robot-Operating-System/cpp_ws/build/srv_client': CMAKE_PREFIX_PATH=/opt/ros/humble /home/linuxbrew/.linuxbrew/bin/cmake --build /home/victory/Robot-Operating-System/cpp_ws/build/srv_client -- -j4 -l4
[0.703s] DEBUG:colcon.colcon_core.event_handler.log_command:Invoked command in '/home/victory/Robot-Operating-System/cpp_ws/build/msg_pub_sub_simple_node' returned '0': CMAKE_PREFIX_PATH=/opt/ros/humble /home/linuxbrew/.linuxbrew/bin/cmake --build /home/victory/Robot-Operating-System/cpp_ws/build/msg_pub_sub_simple_node -- -j4 -l4
[0.761s] DEBUG:colcon.colcon_core.event_handler.log_command:Invoking command in '/home/victory/Robot-Operating-System/cpp_ws/build/msg_pub_sub_simple_node': CMAKE_PREFIX_PATH=/opt/ros/humble /home/linuxbrew/.linuxbrew/bin/cmake --install /home/victory/Robot-Operating-System/cpp_ws/build/msg_pub_sub_simple_node
[0.774s] Level 1:colcon.colcon_core.environment:create_environment_scripts_only(msg_pub_sub_simple_node)
[0.777s] DEBUG:colcon.colcon_core.event_handler.log_command:Invoked command in '/home/victory/Robot-Operating-System/cpp_ws/build/msg_pub_sub_simple_node' returned '0': CMAKE_PREFIX_PATH=/opt/ros/humble /home/linuxbrew/.linuxbrew/bin/cmake --install /home/victory/Robot-Operating-System/cpp_ws/build/msg_pub_sub_simple_node
[0.780s] Level 1:colcon.colcon_core.environment:checking '/home/victory/Robot-Operating-System/cpp_ws/install/msg_pub_sub_simple_node' for CMake module files
[0.781s] Level 1:colcon.colcon_core.environment:checking '/home/victory/Robot-Operating-System/cpp_ws/install/msg_pub_sub_simple_node' for CMake config files
[0.781s] Level 1:colcon.colcon_core.shell:create_environment_hook('msg_pub_sub_simple_node', 'cmake_prefix_path')
[0.781s] INFO:colcon.colcon_core.shell:Creating environment hook '/home/victory/Robot-Operating-System/cpp_ws/install/msg_pub_sub_simple_node/share/msg_pub_sub_simple_node/hook/cmake_prefix_path.ps1'
[0.782s] INFO:colcon.colcon_core.shell:Creating environment descriptor '/home/victory/Robot-Operating-System/cpp_ws/install/msg_pub_sub_simple_node/share/msg_pub_sub_simple_node/hook/cmake_prefix_path.dsv'
[0.783s] INFO:colcon.colcon_core.shell:Creating environment hook '/home/victory/Robot-Operating-System/cpp_ws/install/msg_pub_sub_simple_node/share/msg_pub_sub_simple_node/hook/cmake_prefix_path.sh'
[0.784s] Level 1:colcon.colcon_core.environment:checking '/home/victory/Robot-Operating-System/cpp_ws/install/msg_pub_sub_simple_node/lib'
[0.785s] Level 1:colcon.colcon_core.environment:checking '/home/victory/Robot-Operating-System/cpp_ws/install/msg_pub_sub_simple_node/bin'
[0.785s] Level 1:colcon.colcon_core.environment:checking '/home/victory/Robot-Operating-System/cpp_ws/install/msg_pub_sub_simple_node/lib/pkgconfig/msg_pub_sub_simple_node.pc'
[0.785s] Level 1:colcon.colcon_core.environment:checking '/home/victory/Robot-Operating-System/cpp_ws/install/msg_pub_sub_simple_node/lib/python3.10/site-packages'
[0.785s] Level 1:colcon.colcon_core.environment:checking '/home/victory/Robot-Operating-System/cpp_ws/install/msg_pub_sub_simple_node/bin'
[0.786s] INFO:colcon.colcon_core.shell:Creating package script '/home/victory/Robot-Operating-System/cpp_ws/install/msg_pub_sub_simple_node/share/msg_pub_sub_simple_node/package.ps1'
[0.787s] INFO:colcon.colcon_core.shell:Creating package descriptor '/home/victory/Robot-Operating-System/cpp_ws/install/msg_pub_sub_simple_node/share/msg_pub_sub_simple_node/package.dsv'
[0.789s] INFO:colcon.colcon_core.shell:Creating package script '/home/victory/Robot-Operating-System/cpp_ws/install/msg_pub_sub_simple_node/share/msg_pub_sub_simple_node/package.sh'
[0.790s] INFO:colcon.colcon_core.shell:Creating package script '/home/victory/Robot-Operating-System/cpp_ws/install/msg_pub_sub_simple_node/share/msg_pub_sub_simple_node/package.bash'
[0.791s] INFO:colcon.colcon_core.shell:Creating package script '/home/victory/Robot-Operating-System/cpp_ws/install/msg_pub_sub_simple_node/share/msg_pub_sub_simple_node/package.zsh'
[0.793s] Level 1:colcon.colcon_core.environment:create_file_with_runtime_dependencies(/home/victory/Robot-Operating-System/cpp_ws/install/msg_pub_sub_simple_node/share/colcon-core/packages/msg_pub_sub_simple_node)
[0.839s] Level 1:colcon.colcon_core.environment:create_environment_scripts_only(msg_pub_sub_simple_node)
[0.840s] Level 1:colcon.colcon_core.environment:checking '/home/victory/Robot-Operating-System/cpp_ws/install/msg_pub_sub_simple_node' for CMake module files
[0.841s] Level 1:colcon.colcon_core.environment:checking '/home/victory/Robot-Operating-System/cpp_ws/install/msg_pub_sub_simple_node' for CMake config files
[0.841s] Level 1:colcon.colcon_core.shell:create_environment_hook('msg_pub_sub_simple_node', 'cmake_prefix_path')
[0.841s] INFO:colcon.colcon_core.shell:Creating environment hook '/home/victory/Robot-Operating-System/cpp_ws/install/msg_pub_sub_simple_node/share/msg_pub_sub_simple_node/hook/cmake_prefix_path.ps1'
[0.842s] INFO:colcon.colcon_core.shell:Creating environment descriptor '/home/victory/Robot-Operating-System/cpp_ws/install/msg_pub_sub_simple_node/share/msg_pub_sub_simple_node/hook/cmake_prefix_path.dsv'
[0.843s] INFO:colcon.colcon_core.shell:Creating environment hook '/home/victory/Robot-Operating-System/cpp_ws/install/msg_pub_sub_simple_node/share/msg_pub_sub_simple_node/hook/cmake_prefix_path.sh'
[0.844s] Level 1:colcon.colcon_core.environment:checking '/home/victory/Robot-Operating-System/cpp_ws/install/msg_pub_sub_simple_node/lib'
[0.845s] Level 1:colcon.colcon_core.environment:checking '/home/victory/Robot-Operating-System/cpp_ws/install/msg_pub_sub_simple_node/bin'
[0.845s] Level 1:colcon.colcon_core.environment:checking '/home/victory/Robot-Operating-System/cpp_ws/install/msg_pub_sub_simple_node/lib/pkgconfig/msg_pub_sub_simple_node.pc'
[0.846s] Level 1:colcon.colcon_core.environment:checking '/home/victory/Robot-Operating-System/cpp_ws/install/msg_pub_sub_simple_node/lib/python3.10/site-packages'
[0.846s] Level 1:colcon.colcon_core.environment:checking '/home/victory/Robot-Operating-System/cpp_ws/install/msg_pub_sub_simple_node/bin'
[0.847s] INFO:colcon.colcon_core.shell:Creating package script '/home/victory/Robot-Operating-System/cpp_ws/install/msg_pub_sub_simple_node/share/msg_pub_sub_simple_node/package.ps1'
[0.849s] INFO:colcon.colcon_core.shell:Creating package descriptor '/home/victory/Robot-Operating-System/cpp_ws/install/msg_pub_sub_simple_node/share/msg_pub_sub_simple_node/package.dsv'
[0.850s] INFO:colcon.colcon_core.shell:Creating package script '/home/victory/Robot-Operating-System/cpp_ws/install/msg_pub_sub_simple_node/share/msg_pub_sub_simple_node/package.sh'
[0.851s] INFO:colcon.colcon_core.shell:Creating package script '/home/victory/Robot-Operating-System/cpp_ws/install/msg_pub_sub_simple_node/share/msg_pub_sub_simple_node/package.bash'
[0.852s] INFO:colcon.colcon_core.shell:Creating package script '/home/victory/Robot-Operating-System/cpp_ws/install/msg_pub_sub_simple_node/share/msg_pub_sub_simple_node/package.zsh'
[0.853s] Level 1:colcon.colcon_core.environment:create_file_with_runtime_dependencies(/home/victory/Robot-Operating-System/cpp_ws/install/msg_pub_sub_simple_node/share/colcon-core/packages/msg_pub_sub_simple_node)
[10.195s] DEBUG:colcon.colcon_core.event_handler.log_command:Invoked command in '/home/victory/Robot-Operating-System/cpp_ws/build/srv_client' returned '0': CMAKE_PREFIX_PATH=/opt/ros/humble /home/linuxbrew/.linuxbrew/bin/cmake --build /home/victory/Robot-Operating-System/cpp_ws/build/srv_client -- -j4 -l4
[10.233s] DEBUG:colcon.colcon_core.event_handler.log_command:Invoking command in '/home/victory/Robot-Operating-System/cpp_ws/build/srv_client': CMAKE_PREFIX_PATH=/opt/ros/humble /home/linuxbrew/.linuxbrew/bin/cmake --install /home/victory/Robot-Operating-System/cpp_ws/build/srv_client
[10.247s] Level 1:colcon.colcon_core.environment:create_environment_scripts_only(srv_client)
[10.247s] Level 1:colcon.colcon_core.environment:checking '/home/victory/Robot-Operating-System/cpp_ws/install/srv_client' for CMake module files
[10.248s] DEBUG:colcon.colcon_core.event_handler.log_command:Invoked command in '/home/victory/Robot-Operating-System/cpp_ws/build/srv_client' returned '0': CMAKE_PREFIX_PATH=/opt/ros/humble /home/linuxbrew/.linuxbrew/bin/cmake --install /home/victory/Robot-Operating-System/cpp_ws/build/srv_client
[10.249s] Level 1:colcon.colcon_core.environment:checking '/home/victory/Robot-Operating-System/cpp_ws/install/srv_client' for CMake config files
[10.250s] Level 1:colcon.colcon_core.shell:create_environment_hook('srv_client', 'cmake_prefix_path')
[10.250s] INFO:colcon.colcon_core.shell:Creating environment hook '/home/victory/Robot-Operating-System/cpp_ws/install/srv_client/share/srv_client/hook/cmake_prefix_path.ps1'
[10.250s] INFO:colcon.colcon_core.shell:Creating environment descriptor '/home/victory/Robot-Operating-System/cpp_ws/install/srv_client/share/srv_client/hook/cmake_prefix_path.dsv'
[10.251s] INFO:colcon.colcon_core.shell:Creating environment hook '/home/victory/Robot-Operating-System/cpp_ws/install/srv_client/share/srv_client/hook/cmake_prefix_path.sh'
[10.251s] Level 1:colcon.colcon_core.environment:checking '/home/victory/Robot-Operating-System/cpp_ws/install/srv_client/lib'
[10.251s] Level 1:colcon.colcon_core.environment:checking '/home/victory/Robot-Operating-System/cpp_ws/install/srv_client/bin'
[10.251s] Level 1:colcon.colcon_core.environment:checking '/home/victory/Robot-Operating-System/cpp_ws/install/srv_client/lib/pkgconfig/srv_client.pc'
[10.252s] Level 1:colcon.colcon_core.environment:checking '/home/victory/Robot-Operating-System/cpp_ws/install/srv_client/lib/python3.10/site-packages'
[10.252s] Level 1:colcon.colcon_core.environment:checking '/home/victory/Robot-Operating-System/cpp_ws/install/srv_client/bin'
[10.252s] INFO:colcon.colcon_core.shell:Creating package script '/home/victory/Robot-Operating-System/cpp_ws/install/srv_client/share/srv_client/package.ps1'
[10.253s] INFO:colcon.colcon_core.shell:Creating package descriptor '/home/victory/Robot-Operating-System/cpp_ws/install/srv_client/share/srv_client/package.dsv'
[10.254s] INFO:colcon.colcon_core.shell:Creating package script '/home/victory/Robot-Operating-System/cpp_ws/install/srv_client/share/srv_client/package.sh'
[10.254s] INFO:colcon.colcon_core.shell:Creating package script '/home/victory/Robot-Operating-System/cpp_ws/install/srv_client/share/srv_client/package.bash'
[10.254s] INFO:colcon.colcon_core.shell:Creating package script '/home/victory/Robot-Operating-System/cpp_ws/install/srv_client/share/srv_client/package.zsh'
[10.255s] Level 1:colcon.colcon_core.environment:create_file_with_runtime_dependencies(/home/victory/Robot-Operating-System/cpp_ws/install/srv_client/share/colcon-core/packages/srv_client)
[10.293s] Level 1:colcon.colcon_core.environment:create_environment_scripts_only(srv_client)
[10.293s] Level 1:colcon.colcon_core.environment:checking '/home/victory/Robot-Operating-System/cpp_ws/install/srv_client' for CMake module files
[10.294s] Level 1:colcon.colcon_core.environment:checking '/home/victory/Robot-Operating-System/cpp_ws/install/srv_client' for CMake config files
[10.294s] Level 1:colcon.colcon_core.shell:create_environment_hook('srv_client', 'cmake_prefix_path')
[10.294s] INFO:colcon.colcon_core.shell:Creating environment hook '/home/victory/Robot-Operating-System/cpp_ws/install/srv_client/share/srv_client/hook/cmake_prefix_path.ps1'
[10.295s] INFO:colcon.colcon_core.shell:Creating environment descriptor '/home/victory/Robot-Operating-System/cpp_ws/install/srv_client/share/srv_client/hook/cmake_prefix_path.dsv'
[10.295s] INFO:colcon.colcon_core.shell:Creating environment hook '/home/victory/Robot-Operating-System/cpp_ws/install/srv_client/share/srv_client/hook/cmake_prefix_path.sh'
[10.296s] Level 1:colcon.colcon_core.environment:checking '/home/victory/Robot-Operating-System/cpp_ws/install/srv_client/lib'
[10.296s] Level 1:colcon.colcon_core.environment:checking '/home/victory/Robot-Operating-System/cpp_ws/install/srv_client/bin'
[10.296s] Level 1:colcon.colcon_core.environment:checking '/home/victory/Robot-Operating-System/cpp_ws/install/srv_client/lib/pkgconfig/srv_client.pc'
[10.296s] Level 1:colcon.colcon_core.environment:checking '/home/victory/Robot-Operating-System/cpp_ws/install/srv_client/lib/python3.10/site-packages'
[10.296s] Level 1:colcon.colcon_core.environment:checking '/home/victory/Robot-Operating-System/cpp_ws/install/srv_client/bin'
[10.297s] INFO:colcon.colcon_core.shell:Creating package script '/home/victory/Robot-Operating-System/cpp_ws/install/srv_client/share/srv_client/package.ps1'
[10.297s] INFO:colcon.colcon_core.shell:Creating package descriptor '/home/victory/Robot-Operating-System/cpp_ws/install/srv_client/share/srv_client/package.dsv'
[10.298s] INFO:colcon.colcon_core.shell:Creating package script '/home/victory/Robot-Operating-System/cpp_ws/install/srv_client/share/srv_client/package.sh'
[10.299s] INFO:colcon.colcon_core.shell:Creating package script '/home/victory/Robot-Operating-System/cpp_ws/install/srv_client/share/srv_client/package.bash'
[10.299s] INFO:colcon.colcon_core.shell:Creating package script '/home/victory/Robot-Operating-System/cpp_ws/install/srv_client/share/srv_client/package.zsh'
[10.299s] Level 1:colcon.colcon_core.environment:create_file_with_runtime_dependencies(/home/victory/Robot-Operating-System/cpp_ws/install/srv_client/share/colcon-core/packages/srv_client)
[10.300s] DEBUG:colcon.colcon_parallel_executor.executor.parallel:closing loop
[10.300s] DEBUG:colcon.colcon_parallel_executor.executor.parallel:loop closed
[10.301s] DEBUG:colcon.colcon_parallel_executor.executor.parallel:run_until_complete finished with '0'
[10.302s] DEBUG:colcon.colcon_core.event_reactor:joining thread
[10.413s] INFO:colcon.colcon_core.plugin_system:Skipping extension 'colcon_notification.desktop_notification.notify_send': Could not find 'notify-send'
[10.413s] INFO:colcon.colcon_core.plugin_system:Skipping extension 'colcon_notification.desktop_notification.terminal_notifier': Not used on non-Darwin systems
[10.413s] INFO:colcon.colcon_core.plugin_system:Skipping extension 'colcon_notification.desktop_notification.win32': Not used on non-Windows systems
[10.413s] INFO:colcon.colcon_notification.desktop_notification:Sending desktop notification using 'notify2'
[10.414s] DEBUG:colcon.colcon_notification.desktop_notification.notify2:Failed to initialize notify2: org.freedesktop.DBus.Error.FileNotFound: Failed to connect to socket /run/user/1000/bus: No such file or directory
[10.414s] DEBUG:colcon.colcon_core.event_reactor:joined thread
[10.414s] INFO:colcon.colcon_core.shell:Creating prefix script '/home/victory/Robot-Operating-System/cpp_ws/install/local_setup.ps1'
[10.415s] INFO:colcon.colcon_core.shell:Creating prefix util module '/home/victory/Robot-Operating-System/cpp_ws/install/_local_setup_util_ps1.py'
[10.417s] INFO:colcon.colcon_core.shell:Creating prefix chain script '/home/victory/Robot-Operating-System/cpp_ws/install/setup.ps1'
[10.418s] INFO:colcon.colcon_core.shell:Creating prefix script '/home/victory/Robot-Operating-System/cpp_ws/install/local_setup.sh'
[10.420s] INFO:colcon.colcon_core.shell:Creating prefix util module '/home/victory/Robot-Operating-System/cpp_ws/install/_local_setup_util_sh.py'
[10.421s] INFO:colcon.colcon_core.shell:Creating prefix chain script '/home/victory/Robot-Operating-System/cpp_ws/install/setup.sh'
[10.422s] INFO:colcon.colcon_core.shell:Creating prefix script '/home/victory/Robot-Operating-System/cpp_ws/install/local_setup.bash'
[10.423s] INFO:colcon.colcon_core.shell:Creating prefix chain script '/home/victory/Robot-Operating-System/cpp_ws/install/setup.bash'
[10.424s] INFO:colcon.colcon_core.shell:Creating prefix script '/home/victory/Robot-Operating-System/cpp_ws/install/local_setup.zsh'
[10.425s] INFO:colcon.colcon_core.shell:Creating prefix chain script '/home/victory/Robot-Operating-System/cpp_ws/install/setup.zsh'
