[0.015s] Invoking command in '/home/victory/Robot-Operating-System/cpp_ws/build/msg_pub_sub_simple_node': CMAKE_PREFIX_PATH=/opt/ros/humble /home/linuxbrew/.linuxbrew/bin/cmake --build /home/victory/Robot-Operating-System/cpp_ws/build/msg_pub_sub_simple_node -- -j4 -l4
[0.247s] -- Found ament_cmake: 1.3.10 (/opt/ros/humble/share/ament_cmake/cmake)
[1.033s] -- Found rclcpp: 16.0.10 (/opt/ros/humble/share/rclcpp/cmake)
[2.161s] -- Found rosidl_generator_c: 3.1.5 (/opt/ros/humble/share/rosidl_generator_c/cmake)
[2.204s] -- Found rosidl_adapter: 3.1.5 (/opt/ros/humble/share/rosidl_adapter/cmake)
[2.277s] -- Found rosidl_generator_cpp: 3.1.5 (/opt/ros/humble/share/rosidl_generator_cpp/cmake)
[2.342s] -- Using all available rosidl_typesupport_c: rosidl_typesupport_fastrtps_c;rosidl_typesupport_introspection_c
[2.460s] -- Using all available rosidl_typesupport_cpp: rosidl_typesupport_fastrtps_cpp;rosidl_typesupport_introspection_cpp
[2.851s] -- Found rmw_implementation_cmake: 6.1.2 (/opt/ros/humble/share/rmw_implementation_cmake/cmake)
[2.880s] -- Found rmw_fastrtps_cpp: 6.2.7 (/opt/ros/humble/share/rmw_fastrtps_cpp/cmake)
[14.670s] -- Using RMW implementation 'rmw_fastrtps_cpp' as default
[15.164s] -- Found ament_lint_auto: 0.12.11 (/opt/ros/humble/share/ament_lint_auto/cmake)
[15.627s] -- Added test 'cppcheck' to perform static code analysis on C / C++ code
[15.630s] -- Configured cppcheck include dirs: $<BUILD_INTERFACE:/home/victory/Robot-Operating-System/cpp_ws/src/msg_pub_sub_simple_node/include>
[15.632s] -- Configured cppcheck exclude dirs and/or files: 
[15.639s] -- Added test 'lint_cmake' to check CMake code style
[15.649s] -- Added test 'uncrustify' to check C / C++ code style
[15.649s] -- Configured uncrustify additional arguments: 
[15.652s] -- Added test 'xmllint' to check XML markup files
[15.680s] -- Configuring done (15.6s)
[15.937s] -- Generating done (0.2s)
[15.940s] -- Build files have been written to: /home/victory/Robot-Operating-System/cpp_ws/build/msg_pub_sub_simple_node
[15.972s] [ 25%] [32mBuilding CXX object CMakeFiles/greetings_sub.dir/src/greetings_sub.cpp.o[0m
[17.357s] [ 75%] Built target greetings_node
[36.030s] [100%] [32m[1mLinking CXX executable greetings_sub[0m
[38.915s] [100%] Built target greetings_sub
[38.925s] Invoked command in '/home/victory/Robot-Operating-System/cpp_ws/build/msg_pub_sub_simple_node' returned '0': CMAKE_PREFIX_PATH=/opt/ros/humble /home/linuxbrew/.linuxbrew/bin/cmake --build /home/victory/Robot-Operating-System/cpp_ws/build/msg_pub_sub_simple_node -- -j4 -l4
[38.978s] Invoking command in '/home/victory/Robot-Operating-System/cpp_ws/build/msg_pub_sub_simple_node': CMAKE_PREFIX_PATH=/opt/ros/humble /home/linuxbrew/.linuxbrew/bin/cmake --install /home/victory/Robot-Operating-System/cpp_ws/build/msg_pub_sub_simple_node
[38.985s] -- Install configuration: ""
[39.039s] -- Up-to-date: /home/victory/Robot-Operating-System/cpp_ws/install/msg_pub_sub_simple_node/lib/msg_pub_sub_simple_node/greetings_node
[39.040s] -- Installing: /home/victory/Robot-Operating-System/cpp_ws/install/msg_pub_sub_simple_node/lib/msg_pub_sub_simple_node/greetings_sub
[39.047s] -- Set non-toolchain portion of runtime path of "/home/victory/Robot-Operating-System/cpp_ws/install/msg_pub_sub_simple_node/lib/msg_pub_sub_simple_node/greetings_sub" to ""
[39.047s] -- Up-to-date: /home/victory/Robot-Operating-System/cpp_ws/install/msg_pub_sub_simple_node/share/ament_index/resource_index/package_run_dependencies/msg_pub_sub_simple_node
[39.048s] -- Up-to-date: /home/victory/Robot-Operating-System/cpp_ws/install/msg_pub_sub_simple_node/share/ament_index/resource_index/parent_prefix_path/msg_pub_sub_simple_node
[39.048s] -- Up-to-date: /home/victory/Robot-Operating-System/cpp_ws/install/msg_pub_sub_simple_node/share/msg_pub_sub_simple_node/environment/ament_prefix_path.sh
[39.049s] -- Installing: /home/victory/Robot-Operating-System/cpp_ws/install/msg_pub_sub_simple_node/share/msg_pub_sub_simple_node/environment/ament_prefix_path.dsv
[39.049s] -- Up-to-date: /home/victory/Robot-Operating-System/cpp_ws/install/msg_pub_sub_simple_node/share/msg_pub_sub_simple_node/environment/path.sh
[39.049s] -- Installing: /home/victory/Robot-Operating-System/cpp_ws/install/msg_pub_sub_simple_node/share/msg_pub_sub_simple_node/environment/path.dsv
[39.049s] -- Up-to-date: /home/victory/Robot-Operating-System/cpp_ws/install/msg_pub_sub_simple_node/share/msg_pub_sub_simple_node/local_setup.bash
[39.050s] -- Up-to-date: /home/victory/Robot-Operating-System/cpp_ws/install/msg_pub_sub_simple_node/share/msg_pub_sub_simple_node/local_setup.sh
[39.050s] -- Up-to-date: /home/victory/Robot-Operating-System/cpp_ws/install/msg_pub_sub_simple_node/share/msg_pub_sub_simple_node/local_setup.zsh
[39.050s] -- Installing: /home/victory/Robot-Operating-System/cpp_ws/install/msg_pub_sub_simple_node/share/msg_pub_sub_simple_node/local_setup.dsv
[39.050s] -- Installing: /home/victory/Robot-Operating-System/cpp_ws/install/msg_pub_sub_simple_node/share/msg_pub_sub_simple_node/package.dsv
[39.051s] -- Up-to-date: /home/victory/Robot-Operating-System/cpp_ws/install/msg_pub_sub_simple_node/share/ament_index/resource_index/packages/msg_pub_sub_simple_node
[39.051s] -- Up-to-date: /home/victory/Robot-Operating-System/cpp_ws/install/msg_pub_sub_simple_node/share/msg_pub_sub_simple_node/cmake/msg_pub_sub_simple_nodeConfig.cmake
[39.052s] -- Up-to-date: /home/victory/Robot-Operating-System/cpp_ws/install/msg_pub_sub_simple_node/share/msg_pub_sub_simple_node/cmake/msg_pub_sub_simple_nodeConfig-version.cmake
[39.053s] -- Installing: /home/victory/Robot-Operating-System/cpp_ws/install/msg_pub_sub_simple_node/share/msg_pub_sub_simple_node/package.xml
[39.054s] Invoked command in '/home/victory/Robot-Operating-System/cpp_ws/build/msg_pub_sub_simple_node' returned '0': CMAKE_PREFIX_PATH=/opt/ros/humble /home/linuxbrew/.linuxbrew/bin/cmake --install /home/victory/Robot-Operating-System/cpp_ws/build/msg_pub_sub_simple_node
