[4.212s] DEBUG:colcon:Command line arguments: ['/usr/bin/colcon', 'build']
[4.212s] DEBUG:colcon:Parsed command line arguments: Namespace(log_base=None, log_level=None, verb_name='build', build_base='build', install_base='install', merge_install=False, symlink_install=False, test_result_base=None, continue_on_error=False, executor='parallel', parallel_workers=4, event_handlers=None, ignore_user_meta=False, metas=['./colcon.meta'], base_paths=['.'], packages_ignore=None, packages_ignore_regex=None, paths=None, packages_up_to=None, packages_up_to_regex=None, packages_above=None, packages_above_and_dependencies=None, packages_above_depth=None, packages_select_by_dep=None, packages_skip_by_dep=None, packages_skip_up_to=None, packages_select_build_failed=False, packages_skip_build_finished=False, packages_select_test_failures=False, packages_skip_test_passed=False, packages_select=None, packages_skip=None, packages_select_regex=None, packages_skip_regex=None, packages_start=None, packages_end=None, allow_overriding=[], cmake_args=None, cmake_target=None, cmake_target_skip_unavailable=False, cmake_clean_cache=False, cmake_clean_first=False, cmake_force_configure=False, ament_cmake_args=None, catkin_cmake_args=None, catkin_skip_building_tests=False, mixin_files=None, mixin=None, verb_parser=<colcon_mixin.mixin.mixin_argument.MixinArgumentDecorator object at 0x7f538d9f1cf0>, verb_extension=<colcon_core.verb.build.BuildVerb object at 0x7f538d9f0ca0>, main=<bound method BuildVerb.main of <colcon_core.verb.build.BuildVerb object at 0x7f538d9f0ca0>>, mixin_verb=('build',))
[13.321s] Level 1:colcon.colcon_core.package_discovery:discover_packages(colcon_meta) check parameters
[13.321s] Level 1:colcon.colcon_core.package_discovery:discover_packages(recursive) check parameters
[13.321s] Level 1:colcon.colcon_core.package_discovery:discover_packages(ignore) check parameters
[13.321s] Level 1:colcon.colcon_core.package_discovery:discover_packages(path) check parameters
[13.321s] Level 1:colcon.colcon_core.package_discovery:discover_packages(colcon_meta) discover
[13.321s] Level 1:colcon.colcon_core.package_discovery:discover_packages(recursive) discover
[13.322s] INFO:colcon.colcon_core.package_discovery:Crawling recursively for packages in '/home/victory/Robot-Operating-System/test_2_ros2_ws'
[13.331s] Level 1:colcon.colcon_core.package_identification:_identify(.) by extensions ['ignore', 'ignore_ament_install']
[13.332s] Level 1:colcon.colcon_core.package_identification:_identify(.) by extension 'ignore'
[13.332s] Level 1:colcon.colcon_core.package_identification:_identify(.) by extension 'ignore_ament_install'
[13.332s] Level 1:colcon.colcon_core.package_identification:_identify(.) by extensions ['colcon_pkg']
[13.332s] Level 1:colcon.colcon_core.package_identification:_identify(.) by extension 'colcon_pkg'
[13.332s] Level 1:colcon.colcon_core.package_identification:_identify(.) by extensions ['colcon_meta']
[13.332s] Level 1:colcon.colcon_core.package_identification:_identify(.) by extension 'colcon_meta'
[13.332s] Level 1:colcon.colcon_core.package_identification:_identify(.) by extensions ['ros']
[13.332s] Level 1:colcon.colcon_core.package_identification:_identify(.) by extension 'ros'
[13.578s] Level 1:colcon.colcon_core.package_identification:_identify(.) by extensions ['cmake', 'python']
[13.578s] Level 1:colcon.colcon_core.package_identification:_identify(.) by extension 'cmake'
[13.578s] Level 1:colcon.colcon_core.package_identification:_identify(.) by extension 'python'
[13.578s] Level 1:colcon.colcon_core.package_identification:_identify(.) by extensions ['python_setup_py']
[13.578s] Level 1:colcon.colcon_core.package_identification:_identify(.) by extension 'python_setup_py'
[13.587s] Level 1:colcon.colcon_core.package_identification:_identify(build) by extensions ['ignore', 'ignore_ament_install']
[13.588s] Level 1:colcon.colcon_core.package_identification:_identify(build) by extension 'ignore'
[13.588s] Level 1:colcon.colcon_core.package_identification:_identify(build) ignored
[13.596s] Level 1:colcon.colcon_core.package_identification:_identify(install) by extensions ['ignore', 'ignore_ament_install']
[13.596s] Level 1:colcon.colcon_core.package_identification:_identify(install) by extension 'ignore'
[13.596s] Level 1:colcon.colcon_core.package_identification:_identify(install) ignored
[13.596s] Level 1:colcon.colcon_core.package_identification:_identify(log) by extensions ['ignore', 'ignore_ament_install']
[13.596s] Level 1:colcon.colcon_core.package_identification:_identify(log) by extension 'ignore'
[13.597s] Level 1:colcon.colcon_core.package_identification:_identify(log) ignored
[13.608s] Level 1:colcon.colcon_core.package_identification:_identify(src) by extensions ['ignore', 'ignore_ament_install']
[13.608s] Level 1:colcon.colcon_core.package_identification:_identify(src) by extension 'ignore'
[13.608s] Level 1:colcon.colcon_core.package_identification:_identify(src) by extension 'ignore_ament_install'
[13.608s] Level 1:colcon.colcon_core.package_identification:_identify(src) by extensions ['colcon_pkg']
[13.609s] Level 1:colcon.colcon_core.package_identification:_identify(src) by extension 'colcon_pkg'
[13.609s] Level 1:colcon.colcon_core.package_identification:_identify(src) by extensions ['colcon_meta']
[13.609s] Level 1:colcon.colcon_core.package_identification:_identify(src) by extension 'colcon_meta'
[13.609s] Level 1:colcon.colcon_core.package_identification:_identify(src) by extensions ['ros']
[13.609s] Level 1:colcon.colcon_core.package_identification:_identify(src) by extension 'ros'
[13.609s] Level 1:colcon.colcon_core.package_identification:_identify(src) by extensions ['cmake', 'python']
[13.609s] Level 1:colcon.colcon_core.package_identification:_identify(src) by extension 'cmake'
[13.609s] Level 1:colcon.colcon_core.package_identification:_identify(src) by extension 'python'
[13.609s] Level 1:colcon.colcon_core.package_identification:_identify(src) by extensions ['python_setup_py']
[13.609s] Level 1:colcon.colcon_core.package_identification:_identify(src) by extension 'python_setup_py'
[13.623s] Level 1:colcon.colcon_core.package_identification:_identify(src/positio_encoder_decoder_python_package) by extensions ['ignore', 'ignore_ament_install']
[13.624s] Level 1:colcon.colcon_core.package_identification:_identify(src/positio_encoder_decoder_python_package) by extension 'ignore'
[13.624s] Level 1:colcon.colcon_core.package_identification:_identify(src/positio_encoder_decoder_python_package) by extension 'ignore_ament_install'
[13.624s] Level 1:colcon.colcon_core.package_identification:_identify(src/positio_encoder_decoder_python_package) by extensions ['colcon_pkg']
[13.624s] Level 1:colcon.colcon_core.package_identification:_identify(src/positio_encoder_decoder_python_package) by extension 'colcon_pkg'
[13.624s] Level 1:colcon.colcon_core.package_identification:_identify(src/positio_encoder_decoder_python_package) by extensions ['colcon_meta']
[13.624s] Level 1:colcon.colcon_core.package_identification:_identify(src/positio_encoder_decoder_python_package) by extension 'colcon_meta'
[13.624s] Level 1:colcon.colcon_core.package_identification:_identify(src/positio_encoder_decoder_python_package) by extensions ['ros']
[13.624s] Level 1:colcon.colcon_core.package_identification:_identify(src/positio_encoder_decoder_python_package) by extension 'ros'
[13.667s] DEBUG:colcon.colcon_core.package_identification:Package 'src/positio_encoder_decoder_python_package' with type 'ros.ament_python' and name 'positio_encoder_decoder_python_package'
[13.667s] Level 1:colcon.colcon_core.package_discovery:discover_packages(recursive) using defaults
[13.667s] Level 1:colcon.colcon_core.package_discovery:discover_packages(ignore) discover
[13.667s] Level 1:colcon.colcon_core.package_discovery:discover_packages(ignore) using defaults
[13.667s] Level 1:colcon.colcon_core.package_discovery:discover_packages(path) discover
[13.667s] Level 1:colcon.colcon_core.package_discovery:discover_packages(path) using defaults
[14.099s] Level 1:colcon.colcon_core.package_discovery:discover_packages(prefix_path) check parameters
[14.099s] Level 1:colcon.colcon_core.package_discovery:discover_packages(prefix_path) discover
[14.192s] DEBUG:colcon.colcon_installed_package_information.package_discovery:Found 293 installed packages in /opt/ros/humble
[14.194s] Level 1:colcon.colcon_core.package_discovery:discover_packages(prefix_path) using defaults
[16.311s] Level 5:colcon.colcon_core.verb:set package 'positio_encoder_decoder_python_package' build argument 'cmake_args' from command line to 'None'
[16.311s] Level 5:colcon.colcon_core.verb:set package 'positio_encoder_decoder_python_package' build argument 'cmake_target' from command line to 'None'
[16.311s] Level 5:colcon.colcon_core.verb:set package 'positio_encoder_decoder_python_package' build argument 'cmake_target_skip_unavailable' from command line to 'False'
[16.311s] Level 5:colcon.colcon_core.verb:set package 'positio_encoder_decoder_python_package' build argument 'cmake_clean_cache' from command line to 'False'
[16.311s] Level 5:colcon.colcon_core.verb:set package 'positio_encoder_decoder_python_package' build argument 'cmake_clean_first' from command line to 'False'
[16.311s] Level 5:colcon.colcon_core.verb:set package 'positio_encoder_decoder_python_package' build argument 'cmake_force_configure' from command line to 'False'
[16.311s] Level 5:colcon.colcon_core.verb:set package 'positio_encoder_decoder_python_package' build argument 'ament_cmake_args' from command line to 'None'
[16.311s] Level 5:colcon.colcon_core.verb:set package 'positio_encoder_decoder_python_package' build argument 'catkin_cmake_args' from command line to 'None'
[16.311s] Level 5:colcon.colcon_core.verb:set package 'positio_encoder_decoder_python_package' build argument 'catkin_skip_building_tests' from command line to 'False'
[16.312s] DEBUG:colcon.colcon_core.verb:Building package 'positio_encoder_decoder_python_package' with the following arguments: {'ament_cmake_args': None, 'build_base': '/home/victory/Robot-Operating-System/test_2_ros2_ws/build/positio_encoder_decoder_python_package', 'catkin_cmake_args': None, 'catkin_skip_building_tests': False, 'cmake_args': None, 'cmake_clean_cache': False, 'cmake_clean_first': False, 'cmake_force_configure': False, 'cmake_target': None, 'cmake_target_skip_unavailable': False, 'install_base': '/home/victory/Robot-Operating-System/test_2_ros2_ws/install/positio_encoder_decoder_python_package', 'merge_install': False, 'path': '/home/victory/Robot-Operating-System/test_2_ros2_ws/src/positio_encoder_decoder_python_package', 'symlink_install': False, 'test_result_base': None}
[16.312s] INFO:colcon.colcon_core.executor:Executing jobs using 'parallel' executor
[16.313s] DEBUG:colcon.colcon_parallel_executor.executor.parallel:run_until_complete
[16.314s] INFO:colcon.colcon_ros.task.ament_python.build:Building ROS package in '/home/victory/Robot-Operating-System/test_2_ros2_ws/src/positio_encoder_decoder_python_package' with build type 'ament_python'
[16.314s] Level 1:colcon.colcon_core.shell:create_environment_hook('positio_encoder_decoder_python_package', 'ament_prefix_path')
[16.448s] INFO:colcon.colcon_core.plugin_system:Skipping extension 'colcon_core.shell.bat': Not used on non-Windows systems
[16.449s] INFO:colcon.colcon_core.shell:Creating environment hook '/home/victory/Robot-Operating-System/test_2_ros2_ws/install/positio_encoder_decoder_python_package/share/positio_encoder_decoder_python_package/hook/ament_prefix_path.ps1'
[16.466s] INFO:colcon.colcon_core.shell:Creating environment descriptor '/home/victory/Robot-Operating-System/test_2_ros2_ws/install/positio_encoder_decoder_python_package/share/positio_encoder_decoder_python_package/hook/ament_prefix_path.dsv'
[16.470s] INFO:colcon.colcon_core.shell:Creating environment hook '/home/victory/Robot-Operating-System/test_2_ros2_ws/install/positio_encoder_decoder_python_package/share/positio_encoder_decoder_python_package/hook/ament_prefix_path.sh'
[16.472s] INFO:colcon.colcon_core.shell:Skip shell extension 'powershell' for command environment: Not usable outside of PowerShell
[16.472s] DEBUG:colcon.colcon_core.shell:Skip shell extension 'dsv' for command environment
[17.433s] INFO:colcon.colcon_core.task.python.build:Building Python package in '/home/victory/Robot-Operating-System/test_2_ros2_ws/src/positio_encoder_decoder_python_package'
[17.434s] INFO:colcon.colcon_core.shell:Skip shell extension 'powershell' for command environment: Not usable outside of PowerShell
[17.434s] DEBUG:colcon.colcon_core.shell:Skip shell extension 'dsv' for command environment
[19.715s] DEBUG:colcon.colcon_core.event_handler.log_command:Invoking command in '/home/victory/Robot-Operating-System/test_2_ros2_ws/src/positio_encoder_decoder_python_package': PYTHONPATH=/home/victory/Robot-Operating-System/test_2_ros2_ws/build/positio_encoder_decoder_python_package/prefix_override:/usr/lib/python3/dist-packages/colcon_core/task/python/colcon_distutils_commands:/home/victory/Robot-Operating-System/test_2_ros2_ws/install/positio_encoder_decoder_python_package/lib/python3.10/site-packages:${PYTHONPATH} /usr/bin/python3 -W ignore:setup.py install is deprecated setup.py egg_info --egg-base ../../build/positio_encoder_decoder_python_package build --build-base /home/victory/Robot-Operating-System/test_2_ros2_ws/build/positio_encoder_decoder_python_package/build install --record /home/victory/Robot-Operating-System/test_2_ros2_ws/build/positio_encoder_decoder_python_package/install.log --single-version-externally-managed install_data
[20.431s] DEBUG:colcon.colcon_core.event_handler.log_command:Invoked command in '/home/victory/Robot-Operating-System/test_2_ros2_ws/src/positio_encoder_decoder_python_package' returned '0': PYTHONPATH=/home/victory/Robot-Operating-System/test_2_ros2_ws/build/positio_encoder_decoder_python_package/prefix_override:/usr/lib/python3/dist-packages/colcon_core/task/python/colcon_distutils_commands:/home/victory/Robot-Operating-System/test_2_ros2_ws/install/positio_encoder_decoder_python_package/lib/python3.10/site-packages:${PYTHONPATH} /usr/bin/python3 -W ignore:setup.py install is deprecated setup.py egg_info --egg-base ../../build/positio_encoder_decoder_python_package build --build-base /home/victory/Robot-Operating-System/test_2_ros2_ws/build/positio_encoder_decoder_python_package/build install --record /home/victory/Robot-Operating-System/test_2_ros2_ws/build/positio_encoder_decoder_python_package/install.log --single-version-externally-managed install_data
[20.507s] Level 1:colcon.colcon_core.environment:checking '/home/victory/Robot-Operating-System/test_2_ros2_ws/install/positio_encoder_decoder_python_package' for CMake module files
[20.527s] Level 1:colcon.colcon_core.environment:checking '/home/victory/Robot-Operating-System/test_2_ros2_ws/install/positio_encoder_decoder_python_package' for CMake config files
[20.586s] Level 1:colcon.colcon_core.environment:checking '/home/victory/Robot-Operating-System/test_2_ros2_ws/install/positio_encoder_decoder_python_package/lib'
[20.587s] Level 1:colcon.colcon_core.environment:checking '/home/victory/Robot-Operating-System/test_2_ros2_ws/install/positio_encoder_decoder_python_package/bin'
[20.587s] Level 1:colcon.colcon_core.environment:checking '/home/victory/Robot-Operating-System/test_2_ros2_ws/install/positio_encoder_decoder_python_package/lib/pkgconfig/positio_encoder_decoder_python_package.pc'
[20.587s] Level 1:colcon.colcon_core.environment:checking '/home/victory/Robot-Operating-System/test_2_ros2_ws/install/positio_encoder_decoder_python_package/lib/python3.10/site-packages'
[20.587s] Level 1:colcon.colcon_core.shell:create_environment_hook('positio_encoder_decoder_python_package', 'pythonpath')
[20.588s] INFO:colcon.colcon_core.shell:Creating environment hook '/home/victory/Robot-Operating-System/test_2_ros2_ws/install/positio_encoder_decoder_python_package/share/positio_encoder_decoder_python_package/hook/pythonpath.ps1'
[20.588s] INFO:colcon.colcon_core.shell:Creating environment descriptor '/home/victory/Robot-Operating-System/test_2_ros2_ws/install/positio_encoder_decoder_python_package/share/positio_encoder_decoder_python_package/hook/pythonpath.dsv'
[20.588s] INFO:colcon.colcon_core.shell:Creating environment hook '/home/victory/Robot-Operating-System/test_2_ros2_ws/install/positio_encoder_decoder_python_package/share/positio_encoder_decoder_python_package/hook/pythonpath.sh'
[20.590s] Level 1:colcon.colcon_core.environment:checking '/home/victory/Robot-Operating-System/test_2_ros2_ws/install/positio_encoder_decoder_python_package/bin'
[20.590s] Level 1:colcon.colcon_core.environment:create_environment_scripts_only(positio_encoder_decoder_python_package)
[20.590s] INFO:colcon.colcon_core.shell:Creating package script '/home/victory/Robot-Operating-System/test_2_ros2_ws/install/positio_encoder_decoder_python_package/share/positio_encoder_decoder_python_package/package.ps1'
[20.606s] INFO:colcon.colcon_core.shell:Creating package descriptor '/home/victory/Robot-Operating-System/test_2_ros2_ws/install/positio_encoder_decoder_python_package/share/positio_encoder_decoder_python_package/package.dsv'
[20.611s] INFO:colcon.colcon_core.shell:Creating package script '/home/victory/Robot-Operating-System/test_2_ros2_ws/install/positio_encoder_decoder_python_package/share/positio_encoder_decoder_python_package/package.sh'
[20.613s] INFO:colcon.colcon_core.shell:Creating package script '/home/victory/Robot-Operating-System/test_2_ros2_ws/install/positio_encoder_decoder_python_package/share/positio_encoder_decoder_python_package/package.bash'
[20.620s] INFO:colcon.colcon_core.shell:Creating package script '/home/victory/Robot-Operating-System/test_2_ros2_ws/install/positio_encoder_decoder_python_package/share/positio_encoder_decoder_python_package/package.zsh'
[20.625s] Level 1:colcon.colcon_core.environment:create_file_with_runtime_dependencies(/home/victory/Robot-Operating-System/test_2_ros2_ws/install/positio_encoder_decoder_python_package/share/colcon-core/packages/positio_encoder_decoder_python_package)
[20.626s] DEBUG:colcon.colcon_parallel_executor.executor.parallel:closing loop
[20.627s] DEBUG:colcon.colcon_parallel_executor.executor.parallel:loop closed
[20.627s] DEBUG:colcon.colcon_parallel_executor.executor.parallel:run_until_complete finished with '0'
[20.627s] DEBUG:colcon.colcon_core.event_reactor:joining thread
[20.858s] INFO:colcon.colcon_core.plugin_system:Skipping extension 'colcon_notification.desktop_notification.notify_send': Could not find 'notify-send'
[20.858s] INFO:colcon.colcon_core.plugin_system:Skipping extension 'colcon_notification.desktop_notification.terminal_notifier': Not used on non-Darwin systems
[20.858s] INFO:colcon.colcon_core.plugin_system:Skipping extension 'colcon_notification.desktop_notification.win32': Not used on non-Windows systems
[20.859s] INFO:colcon.colcon_notification.desktop_notification:Sending desktop notification using 'notify2'
[20.874s] DEBUG:colcon.colcon_notification.desktop_notification.notify2:Failed to initialize notify2: org.freedesktop.DBus.Error.ServiceUnknown: The name org.freedesktop.Notifications was not provided by any .service files
[20.874s] DEBUG:colcon.colcon_core.event_reactor:joined thread
[20.875s] INFO:colcon.colcon_core.shell:Creating prefix script '/home/victory/Robot-Operating-System/test_2_ros2_ws/install/local_setup.ps1'
[20.892s] INFO:colcon.colcon_core.shell:Creating prefix util module '/home/victory/Robot-Operating-System/test_2_ros2_ws/install/_local_setup_util_ps1.py'
[20.899s] INFO:colcon.colcon_core.shell:Creating prefix chain script '/home/victory/Robot-Operating-System/test_2_ros2_ws/install/setup.ps1'
[20.901s] INFO:colcon.colcon_core.shell:Creating prefix script '/home/victory/Robot-Operating-System/test_2_ros2_ws/install/local_setup.sh'
[20.903s] INFO:colcon.colcon_core.shell:Creating prefix util module '/home/victory/Robot-Operating-System/test_2_ros2_ws/install/_local_setup_util_sh.py'
[20.904s] INFO:colcon.colcon_core.shell:Creating prefix chain script '/home/victory/Robot-Operating-System/test_2_ros2_ws/install/setup.sh'
[20.906s] INFO:colcon.colcon_core.shell:Creating prefix script '/home/victory/Robot-Operating-System/test_2_ros2_ws/install/local_setup.bash'
[20.919s] INFO:colcon.colcon_core.shell:Creating prefix chain script '/home/victory/Robot-Operating-System/test_2_ros2_ws/install/setup.bash'
[20.921s] INFO:colcon.colcon_core.shell:Creating prefix script '/home/victory/Robot-Operating-System/test_2_ros2_ws/install/local_setup.zsh'
[20.923s] INFO:colcon.colcon_core.shell:Creating prefix chain script '/home/victory/Robot-Operating-System/test_2_ros2_ws/install/setup.zsh'
