[0.542s] Invoking command in '/home/victory/Robot-Operating-System/python_ws/build/package_with_interfaces': CMAKE_PREFIX_PATH=/opt/ros/humble /home/linuxbrew/.linuxbrew/bin/cmake /home/victory/Robot-Operating-System/python_ws/src/package_with_interfaces -DCMAKE_INSTALL_PREFIX=/home/victory/Robot-Operating-System/python_ws/install/package_with_interfaces
[2.635s] -- The C compiler identification is GNU 11.4.0
[5.822s] -- The CXX compiler identification is GNU 11.4.0
[7.913s] -- Detecting C compiler ABI info
[8.831s] -- Detecting C compiler ABI info - done
[8.884s] -- Check for working C compiler: /usr/bin/cc - skipped
[8.885s] -- Detecting C compile features
[8.900s] -- Detecting C compile features - done
[8.928s] -- Detecting CXX compiler ABI info
[9.526s] -- Detecting CXX compiler ABI info - done
[9.550s] -- Check for working CXX compiler: /usr/bin/c++ - skipped
[9.551s] -- Detecting CXX compile features
[9.552s] -- Detecting CXX compile features - done
[9.858s] -- Found ament_cmake: 1.3.10 (/opt/ros/humble/share/ament_cmake/cmake)
[10.299s] -- Found Python3: /usr/bin/python3 (found version "3.10.12") found components: Interpreter
[10.878s] -- Found geometry_msgs: 4.2.4 (/opt/ros/humble/share/geometry_msgs/cmake)
[12.041s] -- Found rosidl_generator_c: 3.1.5 (/opt/ros/humble/share/rosidl_generator_c/cmake)
[12.157s] -- Found rosidl_adapter: 3.1.5 (/opt/ros/humble/share/rosidl_adapter/cmake)
[12.307s] -- Found rosidl_generator_cpp: 3.1.5 (/opt/ros/humble/share/rosidl_generator_cpp/cmake)
[12.554s] -- Using all available rosidl_typesupport_c: rosidl_typesupport_fastrtps_c;rosidl_typesupport_introspection_c
[12.724s] -- Using all available rosidl_typesupport_cpp: rosidl_typesupport_fastrtps_cpp;rosidl_typesupport_introspection_cpp
[13.015s] -- Found rosidl_default_generators: 1.2.0 (/opt/ros/humble/share/rosidl_default_generators/cmake)
[13.998s] -- Found ament_cmake_ros: 0.10.0 (/opt/ros/humble/share/ament_cmake_ros/cmake)
[15.577s] -- Using all available rosidl_typesupport_c: rosidl_typesupport_fastrtps_c;rosidl_typesupport_introspection_c
[16.082s] -- Using all available rosidl_typesupport_cpp: rosidl_typesupport_fastrtps_cpp;rosidl_typesupport_introspection_cpp
[16.099s] [33mCMake Warning (dev) at /opt/ros/humble/share/rosidl_generator_py/cmake/rosidl_generator_py_generate_interfaces.cmake:20 (find_package):
[16.099s]   Policy CMP0148 is not set: The FindPythonInterp and FindPythonLibs modules
[16.100s]   are removed.  Run "cmake --help-policy CMP0148" for policy details.  Use
[16.100s]   the cmake_policy command to set the policy and suppress this warning.
[16.100s] 
[16.100s] Call Stack (most recent call first):
[16.100s]   /opt/ros/humble/share/ament_cmake_core/cmake/core/ament_execute_extensions.cmake:48 (include)
[16.100s]   /opt/ros/humble/share/rosidl_cmake/cmake/rosidl_generate_interfaces.cmake:286 (ament_execute_extensions)
[16.100s]   CMakeLists.txt:25 (rosidl_generate_interfaces)
[16.100s] This warning is for project developers.  Use -Wno-dev to suppress it.
[16.101s] [0m
[16.734s] -- Found PythonInterp: /usr/bin/python3 (found suitable version "3.10.12", minimum required is "3.6")
[16.789s] -- Found python_cmake_module: 0.10.0 (/opt/ros/humble/share/python_cmake_module/cmake)
[16.801s] [33mCMake Warning (dev) at /opt/ros/humble/share/python_cmake_module/cmake/Modules/FindPythonExtra.cmake:52 (find_package):
[16.802s]   Policy CMP0148 is not set: The FindPythonInterp and FindPythonLibs modules
[16.802s]   are removed.  Run "cmake --help-policy CMP0148" for policy details.  Use
[16.802s]   the cmake_policy command to set the policy and suppress this warning.
[16.802s] 
[16.802s] Call Stack (most recent call first):
[16.802s]   /opt/ros/humble/share/rosidl_generator_py/cmake/rosidl_generator_py_generate_interfaces.cmake:23 (find_package)
[16.803s]   /opt/ros/humble/share/ament_cmake_core/cmake/core/ament_execute_extensions.cmake:48 (include)
[16.803s]   /opt/ros/humble/share/rosidl_cmake/cmake/rosidl_generate_interfaces.cmake:286 (ament_execute_extensions)
[16.803s]   CMakeLists.txt:25 (rosidl_generate_interfaces)
[16.803s] This warning is for project developers.  Use -Wno-dev to suppress it.
[16.803s] [0m
[16.842s] [33mCMake Warning (dev) at /opt/ros/humble/share/python_cmake_module/cmake/Modules/FindPythonExtra.cmake:140 (find_package):
[16.842s]   Policy CMP0148 is not set: The FindPythonInterp and FindPythonLibs modules
[16.842s]   are removed.  Run "cmake --help-policy CMP0148" for policy details.  Use
[16.842s]   the cmake_policy command to set the policy and suppress this warning.
[16.843s] 
[16.843s] Call Stack (most recent call first):
[16.843s]   /opt/ros/humble/share/rosidl_generator_py/cmake/rosidl_generator_py_generate_interfaces.cmake:23 (find_package)
[16.843s]   /opt/ros/humble/share/ament_cmake_core/cmake/core/ament_execute_extensions.cmake:48 (include)
[16.843s]   /opt/ros/humble/share/rosidl_cmake/cmake/rosidl_generate_interfaces.cmake:286 (ament_execute_extensions)
[16.843s]   CMakeLists.txt:25 (rosidl_generate_interfaces)
[16.843s] This warning is for project developers.  Use -Wno-dev to suppress it.
[16.844s] [0m
[19.022s] -- Found PythonLibs: /usr/lib/x86_64-linux-gnu/libpython3.10.so (found suitable version "3.10.12", minimum required is "3.5")
[19.023s] -- Using PYTHON_EXECUTABLE: /usr/bin/python3
[19.024s] -- Using PYTHON_INCLUDE_DIRS: /usr/include/python3.10
[19.024s] -- Using PYTHON_LIBRARIES: /usr/lib/x86_64-linux-gnu/libpython3.10.so
[19.065s] -- Found PythonExtra: .so
[19.573s] -- Found ament_lint_auto: 0.12.11 (/opt/ros/humble/share/ament_lint_auto/cmake)
[19.836s] -- Added test 'lint_cmake' to check CMake code style
[19.862s] -- Added test 'xmllint' to check XML markup files
[19.896s] -- Configuring done (18.9s)
[20.000s] -- Generating done (0.1s)
[20.005s] -- Build files have been written to: /home/victory/Robot-Operating-System/python_ws/build/package_with_interfaces
[20.026s] Invoked command in '/home/victory/Robot-Operating-System/python_ws/build/package_with_interfaces' returned '0': CMAKE_PREFIX_PATH=/opt/ros/humble /home/linuxbrew/.linuxbrew/bin/cmake /home/victory/Robot-Operating-System/python_ws/src/package_with_interfaces -DCMAKE_INSTALL_PREFIX=/home/victory/Robot-Operating-System/python_ws/install/package_with_interfaces
[20.031s] Invoking command in '/home/victory/Robot-Operating-System/python_ws/build/package_with_interfaces': CMAKE_PREFIX_PATH=/opt/ros/humble /home/linuxbrew/.linuxbrew/bin/cmake --build /home/victory/Robot-Operating-System/python_ws/build/package_with_interfaces -- -j4 -l4
[20.077s] [  2%] [34m[1mGenerating C code for ROS interfaces[0m
[20.089s] [  5%] [34m[1mGenerating C++ code for ROS interfaces[0m
[20.106s] [  5%] Built target ament_cmake_python_copy_package_with_interfaces
[20.637s] running egg_info
[20.638s] creating package_with_interfaces.egg-info
[20.639s] writing package_with_interfaces.egg-info/PKG-INFO
[20.640s] writing dependency_links to package_with_interfaces.egg-info/dependency_links.txt
[20.640s] writing top-level names to package_with_interfaces.egg-info/top_level.txt
[20.641s] writing manifest file 'package_with_interfaces.egg-info/SOURCES.txt'
[20.647s] reading manifest file 'package_with_interfaces.egg-info/SOURCES.txt'
[20.648s] writing manifest file 'package_with_interfaces.egg-info/SOURCES.txt'
[20.695s] [  5%] Built target ament_cmake_python_build_package_with_interfaces_egg
[20.900s] [  5%] Built target package_with_interfaces__cpp
[20.912s] [  7%] [34m[1mGenerating C++ introspection for ROS interfaces[0m
[20.915s] [ 10%] [34m[1mGenerating C++ type support dispatch for ROS interfaces[0m
[20.917s] [ 12%] [34m[1mGenerating C++ type support for eProsima Fast-RTPS[0m
[21.001s] [ 15%] [32mBuilding C object CMakeFiles/package_with_interfaces__rosidl_generator_c.dir/rosidl_generator_c/package_with_interfaces/msg/detail/amazing_quote__functions.c.o[0m
[21.643s] [ 17%] [32mBuilding CXX object CMakeFiles/package_with_interfaces__rosidl_typesupport_cpp.dir/rosidl_typesupport_cpp/package_with_interfaces/msg/amazing_quote__type_support.cpp.o[0m
[21.708s] [ 20%] [32mBuilding CXX object CMakeFiles/package_with_interfaces__rosidl_typesupport_introspection_cpp.dir/rosidl_typesupport_introspection_cpp/package_with_interfaces/msg/detail/amazing_quote__type_support.cpp.o[0m
[21.727s] [ 23%] [32mBuilding CXX object CMakeFiles/package_with_interfaces__rosidl_typesupport_fastrtps_cpp.dir/rosidl_typesupport_fastrtps_cpp/package_with_interfaces/msg/detail/dds_fastrtps/amazing_quote__type_support.cpp.o[0m
[22.335s] [ 25%] [32mBuilding C object CMakeFiles/package_with_interfaces__rosidl_generator_c.dir/rosidl_generator_c/package_with_interfaces/srv/detail/what_is_the_point__functions.c.o[0m
[22.636s] [ 28%] [32m[1mLinking C shared library libpackage_with_interfaces__rosidl_generator_c.so[0m
[23.096s] [ 28%] Built target package_with_interfaces__rosidl_generator_c
[23.107s] [ 30%] [32mBuilding CXX object CMakeFiles/package_with_interfaces__rosidl_typesupport_introspection_cpp.dir/rosidl_typesupport_introspection_cpp/package_with_interfaces/srv/detail/what_is_the_point__type_support.cpp.o[0m
[24.085s] [ 33%] [32mBuilding CXX object CMakeFiles/package_with_interfaces__rosidl_typesupport_cpp.dir/rosidl_typesupport_cpp/package_with_interfaces/srv/what_is_the_point__type_support.cpp.o[0m
[24.440s] [ 35%] [34m[1mGenerating C type support for eProsima Fast-RTPS[0m
[24.466s] [ 38%] [32m[1mLinking CXX shared library libpackage_with_interfaces__rosidl_typesupport_introspection_cpp.so[0m
[24.528s] [ 41%] [32mBuilding CXX object CMakeFiles/package_with_interfaces__rosidl_typesupport_fastrtps_cpp.dir/rosidl_typesupport_fastrtps_cpp/package_with_interfaces/srv/detail/dds_fastrtps/what_is_the_point__type_support.cpp.o[0m
[24.767s] [ 43%] [32m[1mLinking CXX shared library libpackage_with_interfaces__rosidl_typesupport_cpp.so[0m
[24.895s] [ 43%] Built target package_with_interfaces__rosidl_typesupport_introspection_cpp
[24.911s] [ 46%] [34m[1mGenerating C introspection for ROS interfaces[0m
[25.099s] [ 46%] Built target package_with_interfaces__rosidl_typesupport_cpp
[25.111s] [ 48%] [34m[1mGenerating C type support dispatch for ROS interfaces[0m
[25.422s] [ 51%] [32mBuilding CXX object CMakeFiles/package_with_interfaces__rosidl_typesupport_fastrtps_c.dir/rosidl_typesupport_fastrtps_c/package_with_interfaces/msg/detail/amazing_quote__type_support_c.cpp.o[0m
[25.687s] [ 53%] [32m[1mLinking CXX shared library libpackage_with_interfaces__rosidl_typesupport_fastrtps_cpp.so[0m
[25.723s] [ 56%] [32mBuilding C object CMakeFiles/package_with_interfaces__rosidl_typesupport_introspection_c.dir/rosidl_typesupport_introspection_c/package_with_interfaces/msg/detail/amazing_quote__type_support.c.o[0m
[25.840s] [ 58%] [32mBuilding C object CMakeFiles/package_with_interfaces__rosidl_typesupport_introspection_c.dir/rosidl_typesupport_introspection_c/package_with_interfaces/srv/detail/what_is_the_point__type_support.c.o[0m
[25.854s] [ 61%] [32mBuilding CXX object CMakeFiles/package_with_interfaces__rosidl_typesupport_c.dir/rosidl_typesupport_c/package_with_interfaces/msg/amazing_quote__type_support.cpp.o[0m
[25.926s] [ 64%] [32mBuilding CXX object CMakeFiles/package_with_interfaces__rosidl_typesupport_c.dir/rosidl_typesupport_c/package_with_interfaces/srv/what_is_the_point__type_support.cpp.o[0m
[25.998s] [ 66%] [32m[1mLinking C shared library libpackage_with_interfaces__rosidl_typesupport_introspection_c.so[0m
[26.010s] [ 69%] [32m[1mLinking CXX shared library libpackage_with_interfaces__rosidl_typesupport_c.so[0m
[26.298s] [ 69%] Built target package_with_interfaces__rosidl_typesupport_fastrtps_cpp
[26.313s] [ 71%] [32mBuilding CXX object CMakeFiles/package_with_interfaces__rosidl_typesupport_fastrtps_c.dir/rosidl_typesupport_fastrtps_c/package_with_interfaces/srv/detail/what_is_the_point__type_support_c.cpp.o[0m
[26.339s] [ 71%] Built target package_with_interfaces__rosidl_typesupport_introspection_c
[26.454s] [ 71%] Built target package_with_interfaces__rosidl_typesupport_c
[27.166s] [ 74%] [32m[1mLinking CXX shared library libpackage_with_interfaces__rosidl_typesupport_fastrtps_c.so[0m
[27.679s] [ 74%] Built target package_with_interfaces__rosidl_typesupport_fastrtps_c
[27.695s] [ 74%] Built target package_with_interfaces
[27.712s] [ 76%] [34m[1mGenerating Python code for ROS interfaces[0m
[28.411s] [ 76%] Built target package_with_interfaces__py
[28.429s] [ 82%] [32mBuilding C object CMakeFiles/package_with_interfaces__rosidl_generator_py.dir/rosidl_generator_py/package_with_interfaces/msg/_amazing_quote_s.c.o[0m
[28.429s] [ 82%] [32mBuilding C object CMakeFiles/package_with_interfaces__rosidl_generator_py.dir/rosidl_generator_py/package_with_interfaces/srv/_what_is_the_point_s.c.o[0m
[29.504s] [ 84%] [32m[1mLinking C shared library rosidl_generator_py/package_with_interfaces/libpackage_with_interfaces__rosidl_generator_py.so[0m
[30.001s] [ 84%] Built target package_with_interfaces__rosidl_generator_py
[30.021s] [ 87%] [32mBuilding C object CMakeFiles/package_with_interfaces__rosidl_typesupport_fastrtps_c__pyext.dir/rosidl_generator_py/package_with_interfaces/_package_with_interfaces_s.ep.rosidl_typesupport_fastrtps_c.c.o[0m
[30.022s] [ 89%] [32mBuilding C object CMakeFiles/package_with_interfaces__rosidl_typesupport_c__pyext.dir/rosidl_generator_py/package_with_interfaces/_package_with_interfaces_s.ep.rosidl_typesupport_c.c.o[0m
[30.024s] [ 92%] [32mBuilding C object CMakeFiles/package_with_interfaces__rosidl_typesupport_introspection_c__pyext.dir/rosidl_generator_py/package_with_interfaces/_package_with_interfaces_s.ep.rosidl_typesupport_introspection_c.c.o[0m
[30.210s] [ 94%] [32m[1mLinking C shared library rosidl_generator_py/package_with_interfaces/package_with_interfaces_s__rosidl_typesupport_c.cpython-310-x86_64-linux-gnu.so[0m
[30.215s] [ 97%] [32m[1mLinking C shared library rosidl_generator_py/package_with_interfaces/package_with_interfaces_s__rosidl_typesupport_fastrtps_c.cpython-310-x86_64-linux-gnu.so[0m
[30.227s] [100%] [32m[1mLinking C shared library rosidl_generator_py/package_with_interfaces/package_with_interfaces_s__rosidl_typesupport_introspection_c.cpython-310-x86_64-linux-gnu.so[0m
[30.399s] [100%] Built target package_with_interfaces__rosidl_typesupport_fastrtps_c__pyext
[30.417s] [100%] Built target package_with_interfaces__rosidl_typesupport_c__pyext
[30.467s] [100%] Built target package_with_interfaces__rosidl_typesupport_introspection_c__pyext
[30.475s] Invoked command in '/home/victory/Robot-Operating-System/python_ws/build/package_with_interfaces' returned '0': CMAKE_PREFIX_PATH=/opt/ros/humble /home/linuxbrew/.linuxbrew/bin/cmake --build /home/victory/Robot-Operating-System/python_ws/build/package_with_interfaces -- -j4 -l4
[30.604s] Invoking command in '/home/victory/Robot-Operating-System/python_ws/build/package_with_interfaces': CMAKE_PREFIX_PATH=/opt/ros/humble /home/linuxbrew/.linuxbrew/bin/cmake --install /home/victory/Robot-Operating-System/python_ws/build/package_with_interfaces
[30.608s] -- Install configuration: ""
[30.610s] -- Installing: /home/victory/Robot-Operating-System/python_ws/install/package_with_interfaces/share/ament_index/resource_index/rosidl_interfaces/package_with_interfaces
[30.610s] -- Installing: /home/victory/Robot-Operating-System/python_ws/install/package_with_interfaces/include/package_with_interfaces/package_with_interfaces
[30.610s] -- Installing: /home/victory/Robot-Operating-System/python_ws/install/package_with_interfaces/include/package_with_interfaces/package_with_interfaces/msg
[30.611s] -- Installing: /home/victory/Robot-Operating-System/python_ws/install/package_with_interfaces/include/package_with_interfaces/package_with_interfaces/msg/detail
[30.611s] -- Installing: /home/victory/Robot-Operating-System/python_ws/install/package_with_interfaces/include/package_with_interfaces/package_with_interfaces/msg/detail/amazing_quote__functions.c
[30.612s] -- Installing: /home/victory/Robot-Operating-System/python_ws/install/package_with_interfaces/include/package_with_interfaces/package_with_interfaces/msg/detail/amazing_quote__struct.h
[30.612s] -- Installing: /home/victory/Robot-Operating-System/python_ws/install/package_with_interfaces/include/package_with_interfaces/package_with_interfaces/msg/detail/amazing_quote__type_support.h
[30.612s] -- Installing: /home/victory/Robot-Operating-System/python_ws/install/package_with_interfaces/include/package_with_interfaces/package_with_interfaces/msg/detail/amazing_quote__functions.h
[30.613s] -- Installing: /home/victory/Robot-Operating-System/python_ws/install/package_with_interfaces/include/package_with_interfaces/package_with_interfaces/msg/rosidl_generator_c__visibility_control.h
[30.613s] -- Installing: /home/victory/Robot-Operating-System/python_ws/install/package_with_interfaces/include/package_with_interfaces/package_with_interfaces/msg/amazing_quote.h
[30.614s] -- Installing: /home/victory/Robot-Operating-System/python_ws/install/package_with_interfaces/include/package_with_interfaces/package_with_interfaces/srv
[30.614s] -- Installing: /home/victory/Robot-Operating-System/python_ws/install/package_with_interfaces/include/package_with_interfaces/package_with_interfaces/srv/detail
[30.614s] -- Installing: /home/victory/Robot-Operating-System/python_ws/install/package_with_interfaces/include/package_with_interfaces/package_with_interfaces/srv/detail/what_is_the_point__functions.c
[30.615s] -- Installing: /home/victory/Robot-Operating-System/python_ws/install/package_with_interfaces/include/package_with_interfaces/package_with_interfaces/srv/detail/what_is_the_point__struct.h
[30.615s] -- Installing: /home/victory/Robot-Operating-System/python_ws/install/package_with_interfaces/include/package_with_interfaces/package_with_interfaces/srv/detail/what_is_the_point__type_support.h
[30.615s] -- Installing: /home/victory/Robot-Operating-System/python_ws/install/package_with_interfaces/include/package_with_interfaces/package_with_interfaces/srv/detail/what_is_the_point__functions.h
[30.615s] -- Installing: /home/victory/Robot-Operating-System/python_ws/install/package_with_interfaces/include/package_with_interfaces/package_with_interfaces/srv/what_is_the_point.h
[30.616s] -- Installing: /home/victory/Robot-Operating-System/python_ws/install/package_with_interfaces/share/package_with_interfaces/environment/library_path.sh
[30.616s] -- Installing: /home/victory/Robot-Operating-System/python_ws/install/package_with_interfaces/share/package_with_interfaces/environment/library_path.dsv
[30.616s] -- Installing: /home/victory/Robot-Operating-System/python_ws/install/package_with_interfaces/lib/libpackage_with_interfaces__rosidl_generator_c.so
[30.617s] -- Set non-toolchain portion of runtime path of "/home/victory/Robot-Operating-System/python_ws/install/package_with_interfaces/lib/libpackage_with_interfaces__rosidl_generator_c.so" to ""
[30.617s] -- Up-to-date: /home/victory/Robot-Operating-System/python_ws/install/package_with_interfaces/include/package_with_interfaces/package_with_interfaces
[30.618s] -- Up-to-date: /home/victory/Robot-Operating-System/python_ws/install/package_with_interfaces/include/package_with_interfaces/package_with_interfaces/msg
[30.618s] -- Up-to-date: /home/victory/Robot-Operating-System/python_ws/install/package_with_interfaces/include/package_with_interfaces/package_with_interfaces/msg/detail
[30.618s] -- Installing: /home/victory/Robot-Operating-System/python_ws/install/package_with_interfaces/include/package_with_interfaces/package_with_interfaces/msg/detail/amazing_quote__rosidl_typesupport_fastrtps_c.h
[30.618s] -- Installing: /home/victory/Robot-Operating-System/python_ws/install/package_with_interfaces/include/package_with_interfaces/package_with_interfaces/msg/rosidl_typesupport_fastrtps_c__visibility_control.h
[30.618s] -- Up-to-date: /home/victory/Robot-Operating-System/python_ws/install/package_with_interfaces/include/package_with_interfaces/package_with_interfaces/srv
[30.618s] -- Up-to-date: /home/victory/Robot-Operating-System/python_ws/install/package_with_interfaces/include/package_with_interfaces/package_with_interfaces/srv/detail
[30.619s] -- Installing: /home/victory/Robot-Operating-System/python_ws/install/package_with_interfaces/include/package_with_interfaces/package_with_interfaces/srv/detail/what_is_the_point__rosidl_typesupport_fastrtps_c.h
[30.619s] -- Installing: /home/victory/Robot-Operating-System/python_ws/install/package_with_interfaces/lib/libpackage_with_interfaces__rosidl_typesupport_fastrtps_c.so
[30.619s] -- Set non-toolchain portion of runtime path of "/home/victory/Robot-Operating-System/python_ws/install/package_with_interfaces/lib/libpackage_with_interfaces__rosidl_typesupport_fastrtps_c.so" to ""
[30.620s] -- Up-to-date: /home/victory/Robot-Operating-System/python_ws/install/package_with_interfaces/include/package_with_interfaces/package_with_interfaces
[30.620s] -- Up-to-date: /home/victory/Robot-Operating-System/python_ws/install/package_with_interfaces/include/package_with_interfaces/package_with_interfaces/msg
[30.620s] -- Up-to-date: /home/victory/Robot-Operating-System/python_ws/install/package_with_interfaces/include/package_with_interfaces/package_with_interfaces/msg/detail
[30.621s] -- Installing: /home/victory/Robot-Operating-System/python_ws/install/package_with_interfaces/include/package_with_interfaces/package_with_interfaces/msg/detail/amazing_quote__struct.hpp
[30.621s] -- Installing: /home/victory/Robot-Operating-System/python_ws/install/package_with_interfaces/include/package_with_interfaces/package_with_interfaces/msg/detail/amazing_quote__traits.hpp
[30.622s] -- Installing: /home/victory/Robot-Operating-System/python_ws/install/package_with_interfaces/include/package_with_interfaces/package_with_interfaces/msg/detail/amazing_quote__builder.hpp
[30.622s] -- Installing: /home/victory/Robot-Operating-System/python_ws/install/package_with_interfaces/include/package_with_interfaces/package_with_interfaces/msg/amazing_quote.hpp
[30.622s] -- Up-to-date: /home/victory/Robot-Operating-System/python_ws/install/package_with_interfaces/include/package_with_interfaces/package_with_interfaces/srv
[30.623s] -- Up-to-date: /home/victory/Robot-Operating-System/python_ws/install/package_with_interfaces/include/package_with_interfaces/package_with_interfaces/srv/detail
[30.623s] -- Installing: /home/victory/Robot-Operating-System/python_ws/install/package_with_interfaces/include/package_with_interfaces/package_with_interfaces/srv/detail/what_is_the_point__struct.hpp
[30.623s] -- Installing: /home/victory/Robot-Operating-System/python_ws/install/package_with_interfaces/include/package_with_interfaces/package_with_interfaces/srv/detail/what_is_the_point__builder.hpp
[30.623s] -- Installing: /home/victory/Robot-Operating-System/python_ws/install/package_with_interfaces/include/package_with_interfaces/package_with_interfaces/srv/detail/what_is_the_point__traits.hpp
[30.624s] -- Installing: /home/victory/Robot-Operating-System/python_ws/install/package_with_interfaces/include/package_with_interfaces/package_with_interfaces/srv/what_is_the_point.hpp
[30.624s] -- Up-to-date: /home/victory/Robot-Operating-System/python_ws/install/package_with_interfaces/include/package_with_interfaces/package_with_interfaces
[30.624s] -- Up-to-date: /home/victory/Robot-Operating-System/python_ws/install/package_with_interfaces/include/package_with_interfaces/package_with_interfaces/msg
[30.625s] -- Up-to-date: /home/victory/Robot-Operating-System/python_ws/install/package_with_interfaces/include/package_with_interfaces/package_with_interfaces/msg/detail
[30.625s] -- Installing: /home/victory/Robot-Operating-System/python_ws/install/package_with_interfaces/include/package_with_interfaces/package_with_interfaces/msg/detail/dds_fastrtps
[30.625s] -- Installing: /home/victory/Robot-Operating-System/python_ws/install/package_with_interfaces/include/package_with_interfaces/package_with_interfaces/msg/detail/amazing_quote__rosidl_typesupport_fastrtps_cpp.hpp
[30.625s] -- Installing: /home/victory/Robot-Operating-System/python_ws/install/package_with_interfaces/include/package_with_interfaces/package_with_interfaces/msg/rosidl_typesupport_fastrtps_cpp__visibility_control.h
[30.625s] -- Up-to-date: /home/victory/Robot-Operating-System/python_ws/install/package_with_interfaces/include/package_with_interfaces/package_with_interfaces/srv
[30.626s] -- Up-to-date: /home/victory/Robot-Operating-System/python_ws/install/package_with_interfaces/include/package_with_interfaces/package_with_interfaces/srv/detail
[30.626s] -- Installing: /home/victory/Robot-Operating-System/python_ws/install/package_with_interfaces/include/package_with_interfaces/package_with_interfaces/srv/detail/dds_fastrtps
[30.626s] -- Installing: /home/victory/Robot-Operating-System/python_ws/install/package_with_interfaces/include/package_with_interfaces/package_with_interfaces/srv/detail/what_is_the_point__rosidl_typesupport_fastrtps_cpp.hpp
[30.627s] -- Installing: /home/victory/Robot-Operating-System/python_ws/install/package_with_interfaces/lib/libpackage_with_interfaces__rosidl_typesupport_fastrtps_cpp.so
[30.627s] -- Set non-toolchain portion of runtime path of "/home/victory/Robot-Operating-System/python_ws/install/package_with_interfaces/lib/libpackage_with_interfaces__rosidl_typesupport_fastrtps_cpp.so" to ""
[30.627s] -- Up-to-date: /home/victory/Robot-Operating-System/python_ws/install/package_with_interfaces/include/package_with_interfaces/package_with_interfaces
[30.628s] -- Up-to-date: /home/victory/Robot-Operating-System/python_ws/install/package_with_interfaces/include/package_with_interfaces/package_with_interfaces/msg
[30.628s] -- Installing: /home/victory/Robot-Operating-System/python_ws/install/package_with_interfaces/include/package_with_interfaces/package_with_interfaces/msg/rosidl_typesupport_introspection_c__visibility_control.h
[30.628s] -- Up-to-date: /home/victory/Robot-Operating-System/python_ws/install/package_with_interfaces/include/package_with_interfaces/package_with_interfaces/msg/detail
[30.628s] -- Installing: /home/victory/Robot-Operating-System/python_ws/install/package_with_interfaces/include/package_with_interfaces/package_with_interfaces/msg/detail/amazing_quote__rosidl_typesupport_introspection_c.h
[30.629s] -- Installing: /home/victory/Robot-Operating-System/python_ws/install/package_with_interfaces/include/package_with_interfaces/package_with_interfaces/msg/detail/amazing_quote__type_support.c
[30.629s] -- Up-to-date: /home/victory/Robot-Operating-System/python_ws/install/package_with_interfaces/include/package_with_interfaces/package_with_interfaces/srv
[30.629s] -- Up-to-date: /home/victory/Robot-Operating-System/python_ws/install/package_with_interfaces/include/package_with_interfaces/package_with_interfaces/srv/detail
[30.630s] -- Installing: /home/victory/Robot-Operating-System/python_ws/install/package_with_interfaces/include/package_with_interfaces/package_with_interfaces/srv/detail/what_is_the_point__type_support.c
[30.630s] -- Installing: /home/victory/Robot-Operating-System/python_ws/install/package_with_interfaces/include/package_with_interfaces/package_with_interfaces/srv/detail/what_is_the_point__rosidl_typesupport_introspection_c.h
[30.630s] -- Installing: /home/victory/Robot-Operating-System/python_ws/install/package_with_interfaces/lib/libpackage_with_interfaces__rosidl_typesupport_introspection_c.so
[30.631s] -- Set non-toolchain portion of runtime path of "/home/victory/Robot-Operating-System/python_ws/install/package_with_interfaces/lib/libpackage_with_interfaces__rosidl_typesupport_introspection_c.so" to ""
[30.631s] -- Installing: /home/victory/Robot-Operating-System/python_ws/install/package_with_interfaces/lib/libpackage_with_interfaces__rosidl_typesupport_c.so
[30.631s] -- Set non-toolchain portion of runtime path of "/home/victory/Robot-Operating-System/python_ws/install/package_with_interfaces/lib/libpackage_with_interfaces__rosidl_typesupport_c.so" to ""
[30.632s] -- Up-to-date: /home/victory/Robot-Operating-System/python_ws/install/package_with_interfaces/include/package_with_interfaces/package_with_interfaces
[30.632s] -- Up-to-date: /home/victory/Robot-Operating-System/python_ws/install/package_with_interfaces/include/package_with_interfaces/package_with_interfaces/msg
[30.632s] -- Up-to-date: /home/victory/Robot-Operating-System/python_ws/install/package_with_interfaces/include/package_with_interfaces/package_with_interfaces/msg/detail
[30.633s] -- Installing: /home/victory/Robot-Operating-System/python_ws/install/package_with_interfaces/include/package_with_interfaces/package_with_interfaces/msg/detail/amazing_quote__rosidl_typesupport_introspection_cpp.hpp
[30.633s] -- Installing: /home/victory/Robot-Operating-System/python_ws/install/package_with_interfaces/include/package_with_interfaces/package_with_interfaces/msg/detail/amazing_quote__type_support.cpp
[30.633s] -- Up-to-date: /home/victory/Robot-Operating-System/python_ws/install/package_with_interfaces/include/package_with_interfaces/package_with_interfaces/srv
[30.634s] -- Up-to-date: /home/victory/Robot-Operating-System/python_ws/install/package_with_interfaces/include/package_with_interfaces/package_with_interfaces/srv/detail
[30.634s] -- Installing: /home/victory/Robot-Operating-System/python_ws/install/package_with_interfaces/include/package_with_interfaces/package_with_interfaces/srv/detail/what_is_the_point__rosidl_typesupport_introspection_cpp.hpp
[30.634s] -- Installing: /home/victory/Robot-Operating-System/python_ws/install/package_with_interfaces/include/package_with_interfaces/package_with_interfaces/srv/detail/what_is_the_point__type_support.cpp
[30.635s] -- Installing: /home/victory/Robot-Operating-System/python_ws/install/package_with_interfaces/lib/libpackage_with_interfaces__rosidl_typesupport_introspection_cpp.so
[30.635s] -- Set non-toolchain portion of runtime path of "/home/victory/Robot-Operating-System/python_ws/install/package_with_interfaces/lib/libpackage_with_interfaces__rosidl_typesupport_introspection_cpp.so" to ""
[30.636s] -- Installing: /home/victory/Robot-Operating-System/python_ws/install/package_with_interfaces/lib/libpackage_with_interfaces__rosidl_typesupport_cpp.so
[30.636s] -- Set non-toolchain portion of runtime path of "/home/victory/Robot-Operating-System/python_ws/install/package_with_interfaces/lib/libpackage_with_interfaces__rosidl_typesupport_cpp.so" to ""
[30.636s] -- Installing: /home/victory/Robot-Operating-System/python_ws/install/package_with_interfaces/share/package_with_interfaces/environment/pythonpath.sh
[30.637s] -- Installing: /home/victory/Robot-Operating-System/python_ws/install/package_with_interfaces/share/package_with_interfaces/environment/pythonpath.dsv
[30.637s] -- Installing: /home/victory/Robot-Operating-System/python_ws/install/package_with_interfaces/local/lib/python3.10/dist-packages/package_with_interfaces-0.0.0-py3.10.egg-info
[30.637s] -- Installing: /home/victory/Robot-Operating-System/python_ws/install/package_with_interfaces/local/lib/python3.10/dist-packages/package_with_interfaces-0.0.0-py3.10.egg-info/PKG-INFO
[30.637s] -- Installing: /home/victory/Robot-Operating-System/python_ws/install/package_with_interfaces/local/lib/python3.10/dist-packages/package_with_interfaces-0.0.0-py3.10.egg-info/SOURCES.txt
[30.638s] -- Installing: /home/victory/Robot-Operating-System/python_ws/install/package_with_interfaces/local/lib/python3.10/dist-packages/package_with_interfaces-0.0.0-py3.10.egg-info/dependency_links.txt
[30.638s] -- Installing: /home/victory/Robot-Operating-System/python_ws/install/package_with_interfaces/local/lib/python3.10/dist-packages/package_with_interfaces-0.0.0-py3.10.egg-info/top_level.txt
[30.638s] -- Installing: /home/victory/Robot-Operating-System/python_ws/install/package_with_interfaces/local/lib/python3.10/dist-packages/package_with_interfaces
[30.639s] -- Installing: /home/victory/Robot-Operating-System/python_ws/install/package_with_interfaces/local/lib/python3.10/dist-packages/package_with_interfaces/__init__.py
[30.639s] -- Installing: /home/victory/Robot-Operating-System/python_ws/install/package_with_interfaces/local/lib/python3.10/dist-packages/package_with_interfaces/libpackage_with_interfaces__rosidl_generator_py.so
[30.639s] -- Installing: /home/victory/Robot-Operating-System/python_ws/install/package_with_interfaces/local/lib/python3.10/dist-packages/package_with_interfaces/_package_with_interfaces_s.ep.rosidl_typesupport_fastrtps_c.c
[30.640s] -- Installing: /home/victory/Robot-Operating-System/python_ws/install/package_with_interfaces/local/lib/python3.10/dist-packages/package_with_interfaces/package_with_interfaces_s__rosidl_typesupport_introspection_c.cpython-310-x86_64-linux-gnu.so
[30.640s] -- Installing: /home/victory/Robot-Operating-System/python_ws/install/package_with_interfaces/local/lib/python3.10/dist-packages/package_with_interfaces/msg
[30.640s] -- Installing: /home/victory/Robot-Operating-System/python_ws/install/package_with_interfaces/local/lib/python3.10/dist-packages/package_with_interfaces/msg/__init__.py
[30.640s] -- Installing: /home/victory/Robot-Operating-System/python_ws/install/package_with_interfaces/local/lib/python3.10/dist-packages/package_with_interfaces/msg/_amazing_quote.py
[30.641s] -- Installing: /home/victory/Robot-Operating-System/python_ws/install/package_with_interfaces/local/lib/python3.10/dist-packages/package_with_interfaces/msg/_amazing_quote_s.c
[30.641s] -- Installing: /home/victory/Robot-Operating-System/python_ws/install/package_with_interfaces/local/lib/python3.10/dist-packages/package_with_interfaces/package_with_interfaces_s__rosidl_typesupport_fastrtps_c.cpython-310-x86_64-linux-gnu.so
[30.641s] -- Installing: /home/victory/Robot-Operating-System/python_ws/install/package_with_interfaces/local/lib/python3.10/dist-packages/package_with_interfaces/_package_with_interfaces_s.ep.rosidl_typesupport_c.c
[30.642s] -- Installing: /home/victory/Robot-Operating-System/python_ws/install/package_with_interfaces/local/lib/python3.10/dist-packages/package_with_interfaces/srv
[30.642s] -- Installing: /home/victory/Robot-Operating-System/python_ws/install/package_with_interfaces/local/lib/python3.10/dist-packages/package_with_interfaces/srv/__init__.py
[30.642s] -- Installing: /home/victory/Robot-Operating-System/python_ws/install/package_with_interfaces/local/lib/python3.10/dist-packages/package_with_interfaces/srv/_what_is_the_point.py
[30.642s] -- Installing: /home/victory/Robot-Operating-System/python_ws/install/package_with_interfaces/local/lib/python3.10/dist-packages/package_with_interfaces/srv/_what_is_the_point_s.c
[30.643s] -- Installing: /home/victory/Robot-Operating-System/python_ws/install/package_with_interfaces/local/lib/python3.10/dist-packages/package_with_interfaces/package_with_interfaces_s__rosidl_typesupport_c.cpython-310-x86_64-linux-gnu.so
[30.643s] -- Installing: /home/victory/Robot-Operating-System/python_ws/install/package_with_interfaces/local/lib/python3.10/dist-packages/package_with_interfaces/_package_with_interfaces_s.ep.rosidl_typesupport_introspection_c.c
[30.733s] Listing '/home/victory/Robot-Operating-System/python_ws/install/package_with_interfaces/local/lib/python3.10/dist-packages/package_with_interfaces'...
[30.733s] Compiling '/home/victory/Robot-Operating-System/python_ws/install/package_with_interfaces/local/lib/python3.10/dist-packages/package_with_interfaces/__init__.py'...
[30.734s] Listing '/home/victory/Robot-Operating-System/python_ws/install/package_with_interfaces/local/lib/python3.10/dist-packages/package_with_interfaces/msg'...
[30.734s] Compiling '/home/victory/Robot-Operating-System/python_ws/install/package_with_interfaces/local/lib/python3.10/dist-packages/package_with_interfaces/msg/__init__.py'...
[30.734s] Compiling '/home/victory/Robot-Operating-System/python_ws/install/package_with_interfaces/local/lib/python3.10/dist-packages/package_with_interfaces/msg/_amazing_quote.py'...
[30.734s] Listing '/home/victory/Robot-Operating-System/python_ws/install/package_with_interfaces/local/lib/python3.10/dist-packages/package_with_interfaces/srv'...
[30.734s] Compiling '/home/victory/Robot-Operating-System/python_ws/install/package_with_interfaces/local/lib/python3.10/dist-packages/package_with_interfaces/srv/__init__.py'...
[30.734s] Compiling '/home/victory/Robot-Operating-System/python_ws/install/package_with_interfaces/local/lib/python3.10/dist-packages/package_with_interfaces/srv/_what_is_the_point.py'...
[30.743s] -- Installing: /home/victory/Robot-Operating-System/python_ws/install/package_with_interfaces/local/lib/python3.10/dist-packages/package_with_interfaces/package_with_interfaces_s__rosidl_typesupport_fastrtps_c.cpython-310-x86_64-linux-gnu.so
[30.744s] -- Set non-toolchain portion of runtime path of "/home/victory/Robot-Operating-System/python_ws/install/package_with_interfaces/local/lib/python3.10/dist-packages/package_with_interfaces/package_with_interfaces_s__rosidl_typesupport_fastrtps_c.cpython-310-x86_64-linux-gnu.so" to ""
[30.744s] -- Installing: /home/victory/Robot-Operating-System/python_ws/install/package_with_interfaces/local/lib/python3.10/dist-packages/package_with_interfaces/package_with_interfaces_s__rosidl_typesupport_introspection_c.cpython-310-x86_64-linux-gnu.so
[30.745s] -- Set non-toolchain portion of runtime path of "/home/victory/Robot-Operating-System/python_ws/install/package_with_interfaces/local/lib/python3.10/dist-packages/package_with_interfaces/package_with_interfaces_s__rosidl_typesupport_introspection_c.cpython-310-x86_64-linux-gnu.so" to ""
[30.746s] -- Installing: /home/victory/Robot-Operating-System/python_ws/install/package_with_interfaces/local/lib/python3.10/dist-packages/package_with_interfaces/package_with_interfaces_s__rosidl_typesupport_c.cpython-310-x86_64-linux-gnu.so
[30.747s] -- Set non-toolchain portion of runtime path of "/home/victory/Robot-Operating-System/python_ws/install/package_with_interfaces/local/lib/python3.10/dist-packages/package_with_interfaces/package_with_interfaces_s__rosidl_typesupport_c.cpython-310-x86_64-linux-gnu.so" to ""
[30.747s] -- Installing: /home/victory/Robot-Operating-System/python_ws/install/package_with_interfaces/lib/libpackage_with_interfaces__rosidl_generator_py.so
[30.748s] -- Set non-toolchain portion of runtime path of "/home/victory/Robot-Operating-System/python_ws/install/package_with_interfaces/lib/libpackage_with_interfaces__rosidl_generator_py.so" to ""
[30.749s] -- Installing: /home/victory/Robot-Operating-System/python_ws/install/package_with_interfaces/share/package_with_interfaces/msg/AmazingQuote.idl
[30.750s] -- Installing: /home/victory/Robot-Operating-System/python_ws/install/package_with_interfaces/share/package_with_interfaces/srv/WhatIsThePoint.idl
[30.750s] -- Installing: /home/victory/Robot-Operating-System/python_ws/install/package_with_interfaces/share/package_with_interfaces/msg/AmazingQuote.msg
[30.751s] -- Installing: /home/victory/Robot-Operating-System/python_ws/install/package_with_interfaces/share/package_with_interfaces/srv/WhatIsThePoint.srv
[30.751s] -- Installing: /home/victory/Robot-Operating-System/python_ws/install/package_with_interfaces/share/package_with_interfaces/srv/WhatIsThePoint_Request.msg
[30.752s] -- Installing: /home/victory/Robot-Operating-System/python_ws/install/package_with_interfaces/share/package_with_interfaces/srv/WhatIsThePoint_Response.msg
[30.752s] -- Installing: /home/victory/Robot-Operating-System/python_ws/install/package_with_interfaces/share/ament_index/resource_index/package_run_dependencies/package_with_interfaces
[30.753s] -- Installing: /home/victory/Robot-Operating-System/python_ws/install/package_with_interfaces/share/ament_index/resource_index/parent_prefix_path/package_with_interfaces
[30.754s] -- Installing: /home/victory/Robot-Operating-System/python_ws/install/package_with_interfaces/share/package_with_interfaces/environment/ament_prefix_path.sh
[30.754s] -- Installing: /home/victory/Robot-Operating-System/python_ws/install/package_with_interfaces/share/package_with_interfaces/environment/ament_prefix_path.dsv
[30.755s] -- Installing: /home/victory/Robot-Operating-System/python_ws/install/package_with_interfaces/share/package_with_interfaces/environment/path.sh
[30.755s] -- Installing: /home/victory/Robot-Operating-System/python_ws/install/package_with_interfaces/share/package_with_interfaces/environment/path.dsv
[30.755s] -- Installing: /home/victory/Robot-Operating-System/python_ws/install/package_with_interfaces/share/package_with_interfaces/local_setup.bash
[30.756s] -- Installing: /home/victory/Robot-Operating-System/python_ws/install/package_with_interfaces/share/package_with_interfaces/local_setup.sh
[30.756s] -- Installing: /home/victory/Robot-Operating-System/python_ws/install/package_with_interfaces/share/package_with_interfaces/local_setup.zsh
[30.756s] -- Installing: /home/victory/Robot-Operating-System/python_ws/install/package_with_interfaces/share/package_with_interfaces/local_setup.dsv
[30.756s] -- Installing: /home/victory/Robot-Operating-System/python_ws/install/package_with_interfaces/share/package_with_interfaces/package.dsv
[30.757s] -- Installing: /home/victory/Robot-Operating-System/python_ws/install/package_with_interfaces/share/ament_index/resource_index/packages/package_with_interfaces
[30.757s] -- Installing: /home/victory/Robot-Operating-System/python_ws/install/package_with_interfaces/share/package_with_interfaces/cmake/export_package_with_interfaces__rosidl_generator_cExport.cmake
[30.757s] -- Installing: /home/victory/Robot-Operating-System/python_ws/install/package_with_interfaces/share/package_with_interfaces/cmake/export_package_with_interfaces__rosidl_generator_cExport-noconfig.cmake
[30.758s] -- Installing: /home/victory/Robot-Operating-System/python_ws/install/package_with_interfaces/share/package_with_interfaces/cmake/export_package_with_interfaces__rosidl_typesupport_fastrtps_cExport.cmake
[30.758s] -- Installing: /home/victory/Robot-Operating-System/python_ws/install/package_with_interfaces/share/package_with_interfaces/cmake/export_package_with_interfaces__rosidl_typesupport_fastrtps_cExport-noconfig.cmake
[30.758s] -- Installing: /home/victory/Robot-Operating-System/python_ws/install/package_with_interfaces/share/package_with_interfaces/cmake/export_package_with_interfaces__rosidl_generator_cppExport.cmake
[30.759s] -- Installing: /home/victory/Robot-Operating-System/python_ws/install/package_with_interfaces/share/package_with_interfaces/cmake/export_package_with_interfaces__rosidl_typesupport_fastrtps_cppExport.cmake
[30.759s] -- Installing: /home/victory/Robot-Operating-System/python_ws/install/package_with_interfaces/share/package_with_interfaces/cmake/export_package_with_interfaces__rosidl_typesupport_fastrtps_cppExport-noconfig.cmake
[30.759s] -- Installing: /home/victory/Robot-Operating-System/python_ws/install/package_with_interfaces/share/package_with_interfaces/cmake/package_with_interfaces__rosidl_typesupport_introspection_cExport.cmake
[30.760s] -- Installing: /home/victory/Robot-Operating-System/python_ws/install/package_with_interfaces/share/package_with_interfaces/cmake/package_with_interfaces__rosidl_typesupport_introspection_cExport-noconfig.cmake
[30.760s] -- Installing: /home/victory/Robot-Operating-System/python_ws/install/package_with_interfaces/share/package_with_interfaces/cmake/package_with_interfaces__rosidl_typesupport_cExport.cmake
[30.761s] -- Installing: /home/victory/Robot-Operating-System/python_ws/install/package_with_interfaces/share/package_with_interfaces/cmake/package_with_interfaces__rosidl_typesupport_cExport-noconfig.cmake
[30.761s] -- Installing: /home/victory/Robot-Operating-System/python_ws/install/package_with_interfaces/share/package_with_interfaces/cmake/package_with_interfaces__rosidl_typesupport_introspection_cppExport.cmake
[30.761s] -- Installing: /home/victory/Robot-Operating-System/python_ws/install/package_with_interfaces/share/package_with_interfaces/cmake/package_with_interfaces__rosidl_typesupport_introspection_cppExport-noconfig.cmake
[30.762s] -- Installing: /home/victory/Robot-Operating-System/python_ws/install/package_with_interfaces/share/package_with_interfaces/cmake/package_with_interfaces__rosidl_typesupport_cppExport.cmake
[30.762s] -- Installing: /home/victory/Robot-Operating-System/python_ws/install/package_with_interfaces/share/package_with_interfaces/cmake/package_with_interfaces__rosidl_typesupport_cppExport-noconfig.cmake
[30.762s] -- Installing: /home/victory/Robot-Operating-System/python_ws/install/package_with_interfaces/share/package_with_interfaces/cmake/export_package_with_interfaces__rosidl_generator_pyExport.cmake
[30.763s] -- Installing: /home/victory/Robot-Operating-System/python_ws/install/package_with_interfaces/share/package_with_interfaces/cmake/export_package_with_interfaces__rosidl_generator_pyExport-noconfig.cmake
[30.763s] -- Installing: /home/victory/Robot-Operating-System/python_ws/install/package_with_interfaces/share/package_with_interfaces/cmake/rosidl_cmake-extras.cmake
[30.764s] -- Installing: /home/victory/Robot-Operating-System/python_ws/install/package_with_interfaces/share/package_with_interfaces/cmake/ament_cmake_export_dependencies-extras.cmake
[30.764s] -- Installing: /home/victory/Robot-Operating-System/python_ws/install/package_with_interfaces/share/package_with_interfaces/cmake/ament_cmake_export_include_directories-extras.cmake
[30.764s] -- Installing: /home/victory/Robot-Operating-System/python_ws/install/package_with_interfaces/share/package_with_interfaces/cmake/ament_cmake_export_libraries-extras.cmake
[30.765s] -- Installing: /home/victory/Robot-Operating-System/python_ws/install/package_with_interfaces/share/package_with_interfaces/cmake/ament_cmake_export_targets-extras.cmake
[30.765s] -- Installing: /home/victory/Robot-Operating-System/python_ws/install/package_with_interfaces/share/package_with_interfaces/cmake/rosidl_cmake_export_typesupport_targets-extras.cmake
[30.766s] -- Installing: /home/victory/Robot-Operating-System/python_ws/install/package_with_interfaces/share/package_with_interfaces/cmake/rosidl_cmake_export_typesupport_libraries-extras.cmake
[30.766s] -- Installing: /home/victory/Robot-Operating-System/python_ws/install/package_with_interfaces/share/package_with_interfaces/cmake/package_with_interfacesConfig.cmake
[30.766s] -- Installing: /home/victory/Robot-Operating-System/python_ws/install/package_with_interfaces/share/package_with_interfaces/cmake/package_with_interfacesConfig-version.cmake
[30.767s] -- Installing: /home/victory/Robot-Operating-System/python_ws/install/package_with_interfaces/share/package_with_interfaces/package.xml
[30.770s] Invoked command in '/home/victory/Robot-Operating-System/python_ws/build/package_with_interfaces' returned '0': CMAKE_PREFIX_PATH=/opt/ros/humble /home/linuxbrew/.linuxbrew/bin/cmake --install /home/victory/Robot-Operating-System/python_ws/build/package_with_interfaces
