[2.041s] Invoking command in '/home/victory/RoboNish/test_1_ros2_ws/src/simple_python_package_with_node': PYTHONPATH=/home/victory/RoboNish/test_1_ros2_ws/build/simple_python_package_with_node/prefix_override:/usr/lib/python3/dist-packages/colcon_core/task/python/colcon_distutils_commands:/home/victory/RoboNish/test_1_ros2_ws/install/simple_python_package_with_node/lib/python3.10/site-packages:${PYTHONPATH} /usr/bin/python3 -W ignore:setup.py install is deprecated setup.py egg_info --egg-base ../../build/simple_python_package_with_node build --build-base /home/victory/RoboNish/test_1_ros2_ws/build/simple_python_package_with_node/build install --record /home/victory/RoboNish/test_1_ros2_ws/build/simple_python_package_with_node/install.log --single-version-externally-managed install_data
[2.538s] running egg_info
[2.540s] writing ../../build/simple_python_package_with_node/simple_python_package_with_node.egg-info/PKG-INFO
[2.540s] writing dependency_links to ../../build/simple_python_package_with_node/simple_python_package_with_node.egg-info/dependency_links.txt
[2.541s] writing entry points to ../../build/simple_python_package_with_node/simple_python_package_with_node.egg-info/entry_points.txt
[2.541s] writing requirements to ../../build/simple_python_package_with_node/simple_python_package_with_node.egg-info/requires.txt
[2.541s] writing top-level names to ../../build/simple_python_package_with_node/simple_python_package_with_node.egg-info/top_level.txt
[2.545s] reading manifest file '../../build/simple_python_package_with_node/simple_python_package_with_node.egg-info/SOURCES.txt'
[2.547s] writing manifest file '../../build/simple_python_package_with_node/simple_python_package_with_node.egg-info/SOURCES.txt'
[2.548s] running build
[2.548s] running build_py
[2.548s] running install
[2.549s] running install_lib
[2.551s] running install_data
[2.551s] running install_egg_info
[2.554s] removing '/home/victory/RoboNish/test_1_ros2_ws/install/simple_python_package_with_node/lib/python3.10/site-packages/simple_python_package_with_node-0.0.0-py3.10.egg-info' (and everything under it)
[2.555s] Copying ../../build/simple_python_package_with_node/simple_python_package_with_node.egg-info to /home/victory/RoboNish/test_1_ros2_ws/install/simple_python_package_with_node/lib/python3.10/site-packages/simple_python_package_with_node-0.0.0-py3.10.egg-info
[2.556s] running install_scripts
[2.600s] Installing talk_forever_node script to /home/victory/RoboNish/test_1_ros2_ws/install/simple_python_package_with_node/lib/simple_python_package_with_node
[2.600s] Installing victory_is_talking_python_node script to /home/victory/RoboNish/test_1_ros2_ws/install/simple_python_package_with_node/lib/simple_python_package_with_node
[2.600s] writing list of installed files to '/home/victory/RoboNish/test_1_ros2_ws/build/simple_python_package_with_node/install.log'
[2.656s] Invoked command in '/home/victory/RoboNish/test_1_ros2_ws/src/simple_python_package_with_node' returned '0': PYTHONPATH=/home/victory/RoboNish/test_1_ros2_ws/build/simple_python_package_with_node/prefix_override:/usr/lib/python3/dist-packages/colcon_core/task/python/colcon_distutils_commands:/home/victory/RoboNish/test_1_ros2_ws/install/simple_python_package_with_node/lib/python3.10/site-packages:${PYTHONPATH} /usr/bin/python3 -W ignore:setup.py install is deprecated setup.py egg_info --egg-base ../../build/simple_python_package_with_node build --build-base /home/victory/RoboNish/test_1_ros2_ws/build/simple_python_package_with_node/build install --record /home/victory/RoboNish/test_1_ros2_ws/build/simple_python_package_with_node/install.log --single-version-externally-managed install_data
