[0.054s] Invoking command in '/home/victory/Robot-Operating-System/cpp_ws/build/custom_interfaces': CMAKE_PREFIX_PATH=${CMAKE_PREFIX_PATH}:/home/victory/Robot-Operating-System/python_ws/install/python_package_that_uses_parameters_and_launch_files:/home/victory/Robot-Operating-System/python_ws/install/positio_encoder_decoder_python_package:/home/victory/Robot-Operating-System/python_ws/install/package_with_configurable_nodes:/home/victory/Robot-Operating-System/python_ws/install/package_that_uses_package_with_interfaces:/home/victory/Robot-Operating-System/python_ws/install/motor_distance_sensor_package:/opt/ros/humble /home/linuxbrew/.linuxbrew/bin/cmake --build /home/victory/Robot-Operating-System/cpp_ws/build/custom_interfaces -- -j4 -l4
[0.096s] -- Found ament_cmake: 1.3.10 (/opt/ros/humble/share/ament_cmake/cmake)
[0.657s] -- Found rosidl_default_generators: 1.2.0 (/opt/ros/humble/share/rosidl_default_generators/cmake)
[0.661s] -- Using all available rosidl_typesupport_c: rosidl_typesupport_fastrtps_c;rosidl_typesupport_introspection_c
[0.665s] -- Found rosidl_adapter: 3.1.5 (/opt/ros/humble/share/rosidl_adapter/cmake)
[0.961s] -- Using all available rosidl_typesupport_cpp: rosidl_typesupport_fastrtps_cpp;rosidl_typesupport_introspection_cpp
[1.001s] -- Found rclcpp: 16.0.10 (/opt/ros/humble/share/rclcpp/cmake)
[1.061s] -- Found rmw_implementation_cmake: 6.1.2 (/opt/ros/humble/share/rmw_implementation_cmake/cmake)
[1.063s] -- Found rmw_fastrtps_cpp: 6.2.7 (/opt/ros/humble/share/rmw_fastrtps_cpp/cmake)
[12.446s] -- Using RMW implementation 'rmw_fastrtps_cpp' as default
[12.612s] -- Found rclcpp_action: 16.0.10 (/opt/ros/humble/share/rclcpp_action/cmake)
[12.815s] -- Found package_with_interfaces: 0.0.0 (/home/victory/Robot-Operating-System/python_ws/install/package_with_interfaces/share/package_with_interfaces/cmake)
[12.970s] -- Found rclcpp_components: 16.0.10 (/opt/ros/humble/share/rclcpp_components/cmake)
[13.175s] [31mCMake Error at CMakeLists.txt:37 (install):
[13.175s]   install TARGETS given unknown argument "publish_address_book".
[13.175s] 
[13.176s] [0m
[14.259s] -- Found ament_cmake_ros: 0.10.0 (/opt/ros/humble/share/ament_cmake_ros/cmake)
[15.220s] -- Using all available rosidl_typesupport_c: rosidl_typesupport_fastrtps_c;rosidl_typesupport_introspection_c
[16.277s] -- Using all available rosidl_typesupport_cpp: rosidl_typesupport_fastrtps_cpp;rosidl_typesupport_introspection_cpp
[16.304s] [33mCMake Warning (dev) at /opt/ros/humble/share/rosidl_generator_py/cmake/rosidl_generator_py_generate_interfaces.cmake:20 (find_package):
[16.304s]   Policy CMP0148 is not set: The FindPythonInterp and FindPythonLibs modules
[16.304s]   are removed.  Run "cmake --help-policy CMP0148" for policy details.  Use
[16.304s]   the cmake_policy command to set the policy and suppress this warning.
[16.304s] 
[16.305s] Call Stack (most recent call first):
[16.305s]   /opt/ros/humble/share/ament_cmake_core/cmake/core/ament_execute_extensions.cmake:48 (include)
[16.305s]   /opt/ros/humble/share/rosidl_cmake/cmake/rosidl_generate_interfaces.cmake:286 (ament_execute_extensions)
[16.305s]   CMakeLists.txt:44 (rosidl_generate_interfaces)
[16.305s] This warning is for project developers.  Use -Wno-dev to suppress it.
[16.305s] [0m
[16.362s] -- Found python_cmake_module: 0.10.0 (/opt/ros/humble/share/python_cmake_module/cmake)
[16.364s] [33mCMake Warning (dev) at /opt/ros/humble/share/python_cmake_module/cmake/Modules/FindPythonExtra.cmake:52 (find_package):
[16.364s]   Policy CMP0148 is not set: The FindPythonInterp and FindPythonLibs modules
[16.364s]   are removed.  Run "cmake --help-policy CMP0148" for policy details.  Use
[16.364s]   the cmake_policy command to set the policy and suppress this warning.
[16.364s] 
[16.364s] Call Stack (most recent call first):
[16.365s]   /opt/ros/humble/share/rosidl_generator_py/cmake/rosidl_generator_py_generate_interfaces.cmake:23 (find_package)
[16.365s]   /opt/ros/humble/share/ament_cmake_core/cmake/core/ament_execute_extensions.cmake:48 (include)
[16.365s]   /opt/ros/humble/share/rosidl_cmake/cmake/rosidl_generate_interfaces.cmake:286 (ament_execute_extensions)
[16.365s]   CMakeLists.txt:44 (rosidl_generate_interfaces)
[16.365s] This warning is for project developers.  Use -Wno-dev to suppress it.
[16.365s] [0m
[16.401s] [33mCMake Warning (dev) at /opt/ros/humble/share/python_cmake_module/cmake/Modules/FindPythonExtra.cmake:140 (find_package):
[16.401s]   Policy CMP0148 is not set: The FindPythonInterp and FindPythonLibs modules
[16.401s]   are removed.  Run "cmake --help-policy CMP0148" for policy details.  Use
[16.401s]   the cmake_policy command to set the policy and suppress this warning.
[16.401s] 
[16.401s] Call Stack (most recent call first):
[16.402s]   /opt/ros/humble/share/rosidl_generator_py/cmake/rosidl_generator_py_generate_interfaces.cmake:23 (find_package)
[16.402s]   /opt/ros/humble/share/ament_cmake_core/cmake/core/ament_execute_extensions.cmake:48 (include)
[16.402s]   /opt/ros/humble/share/rosidl_cmake/cmake/rosidl_generate_interfaces.cmake:286 (ament_execute_extensions)
[16.402s]   CMakeLists.txt:44 (rosidl_generate_interfaces)
[16.402s] This warning is for project developers.  Use -Wno-dev to suppress it.
[16.402s] [0m
[16.458s] -- Using PYTHON_EXECUTABLE: /usr/bin/python3
[16.458s] -- Using PYTHON_INCLUDE_DIRS: /usr/include/python3.10
[16.458s] -- Using PYTHON_LIBRARIES: /usr/lib/x86_64-linux-gnu/libpython3.10.so
[16.579s] -- Found ament_lint_auto: 0.12.11 (/opt/ros/humble/share/ament_lint_auto/cmake)
[16.807s] -- Added test 'cppcheck' to perform static code analysis on C / C++ code
[16.810s] -- Configured cppcheck include dirs: $<BUILD_INTERFACE:/home/victory/Robot-Operating-System/cpp_ws/src/custom_interfaces/include>
[16.811s] -- Configured cppcheck exclude dirs and/or files: 
[16.819s] -- Added test 'lint_cmake' to check CMake code style
[16.832s] -- Added test 'uncrustify' to check C / C++ code style
[16.832s] -- Configured uncrustify additional arguments: 
[16.845s] -- Added test 'xmllint' to check XML markup files
[16.892s] -- Configuring incomplete, errors occurred!
[16.916s] gmake: *** [Makefile:788: cmake_check_build_system] Error 1
[16.920s] Invoked command in '/home/victory/Robot-Operating-System/cpp_ws/build/custom_interfaces' returned '2': CMAKE_PREFIX_PATH=${CMAKE_PREFIX_PATH}:/home/victory/Robot-Operating-System/python_ws/install/python_package_that_uses_parameters_and_launch_files:/home/victory/Robot-Operating-System/python_ws/install/positio_encoder_decoder_python_package:/home/victory/Robot-Operating-System/python_ws/install/package_with_configurable_nodes:/home/victory/Robot-Operating-System/python_ws/install/package_that_uses_package_with_interfaces:/home/victory/Robot-Operating-System/python_ws/install/motor_distance_sensor_package:/opt/ros/humble /home/linuxbrew/.linuxbrew/bin/cmake --build /home/victory/Robot-Operating-System/cpp_ws/build/custom_interfaces -- -j4 -l4
