[4.942s] Invoking command in '/home/victory/Robot-Operating-System/python_ws/src/motor_distance_sensor_package': PYTHONPATH=/home/victory/Robot-Operating-System/python_ws/build/motor_distance_sensor_package/prefix_override:/usr/lib/python3/dist-packages/colcon_core/task/python/colcon_distutils_commands:/home/victory/Robot-Operating-System/python_ws/install/motor_distance_sensor_package/lib/python3.10/site-packages:${PYTHONPATH} /usr/bin/python3 -W ignore:setup.py install is deprecated setup.py egg_info --egg-base ../../build/motor_distance_sensor_package build --build-base /home/victory/Robot-Operating-System/python_ws/build/motor_distance_sensor_package/build install --record /home/victory/Robot-Operating-System/python_ws/build/motor_distance_sensor_package/install.log --single-version-externally-managed install_data
[5.720s] running egg_info
[5.723s] writing ../../build/motor_distance_sensor_package/motor_distance_sensor_package.egg-info/PKG-INFO
[5.725s] writing dependency_links to ../../build/motor_distance_sensor_package/motor_distance_sensor_package.egg-info/dependency_links.txt
[5.726s] writing entry points to ../../build/motor_distance_sensor_package/motor_distance_sensor_package.egg-info/entry_points.txt
[5.726s] writing requirements to ../../build/motor_distance_sensor_package/motor_distance_sensor_package.egg-info/requires.txt
[5.726s] writing top-level names to ../../build/motor_distance_sensor_package/motor_distance_sensor_package.egg-info/top_level.txt
[5.735s] reading manifest file '../../build/motor_distance_sensor_package/motor_distance_sensor_package.egg-info/SOURCES.txt'
[5.738s] writing manifest file '../../build/motor_distance_sensor_package/motor_distance_sensor_package.egg-info/SOURCES.txt'
[5.738s] running build
[5.739s] running build_py
[5.740s] running install
[5.741s] running install_lib
[5.746s] running install_data
[5.747s] running install_egg_info
[5.755s] removing '/home/victory/Robot-Operating-System/python_ws/install/motor_distance_sensor_package/lib/python3.10/site-packages/motor_distance_sensor_package-0.0.0-py3.10.egg-info' (and everything under it)
[5.757s] Copying ../../build/motor_distance_sensor_package/motor_distance_sensor_package.egg-info to /home/victory/Robot-Operating-System/python_ws/install/motor_distance_sensor_package/lib/python3.10/site-packages/motor_distance_sensor_package-0.0.0-py3.10.egg-info
[5.760s] running install_scripts
[5.864s] Installing distance_sensor_node script to /home/victory/Robot-Operating-System/python_ws/install/motor_distance_sensor_package/lib/motor_distance_sensor_package
[5.864s] Installing motor_control_node script to /home/victory/Robot-Operating-System/python_ws/install/motor_distance_sensor_package/lib/motor_distance_sensor_package
[5.865s] writing list of installed files to '/home/victory/Robot-Operating-System/python_ws/build/motor_distance_sensor_package/install.log'
[6.000s] Invoked command in '/home/victory/Robot-Operating-System/python_ws/src/motor_distance_sensor_package' returned '0': PYTHONPATH=/home/victory/Robot-Operating-System/python_ws/build/motor_distance_sensor_package/prefix_override:/usr/lib/python3/dist-packages/colcon_core/task/python/colcon_distutils_commands:/home/victory/Robot-Operating-System/python_ws/install/motor_distance_sensor_package/lib/python3.10/site-packages:${PYTHONPATH} /usr/bin/python3 -W ignore:setup.py install is deprecated setup.py egg_info --egg-base ../../build/motor_distance_sensor_package build --build-base /home/victory/Robot-Operating-System/python_ws/build/motor_distance_sensor_package/build install --record /home/victory/Robot-Operating-System/python_ws/build/motor_distance_sensor_package/install.log --single-version-externally-managed install_data
