[2.540s] Invoking command in '/home/victory/Robot-Operating-System/python_ws/src/package_that_uses_package_with_interfaces': PYTHONPATH=/home/victory/Robot-Operating-System/python_ws/build/package_that_uses_package_with_interfaces/prefix_override:/usr/lib/python3/dist-packages/colcon_core/task/python/colcon_distutils_commands:/home/victory/Robot-Operating-System/python_ws/install/package_that_uses_package_with_interfaces/lib/python3.10/site-packages:${PYTHONPATH} /usr/bin/python3 -W ignore:setup.py install is deprecated setup.py egg_info --egg-base ../../build/package_that_uses_package_with_interfaces build --build-base /home/victory/Robot-Operating-System/python_ws/build/package_that_uses_package_with_interfaces/build install --record /home/victory/Robot-Operating-System/python_ws/build/package_that_uses_package_with_interfaces/install.log --single-version-externally-managed install_data
[3.048s] running egg_info
[3.049s] writing ../../build/package_that_uses_package_with_interfaces/package_that_uses_package_with_interfaces.egg-info/PKG-INFO
[3.050s] writing dependency_links to ../../build/package_that_uses_package_with_interfaces/package_that_uses_package_with_interfaces.egg-info/dependency_links.txt
[3.050s] writing entry points to ../../build/package_that_uses_package_with_interfaces/package_that_uses_package_with_interfaces.egg-info/entry_points.txt
[3.051s] writing requirements to ../../build/package_that_uses_package_with_interfaces/package_that_uses_package_with_interfaces.egg-info/requires.txt
[3.051s] writing top-level names to ../../build/package_that_uses_package_with_interfaces/package_that_uses_package_with_interfaces.egg-info/top_level.txt
[3.054s] reading manifest file '../../build/package_that_uses_package_with_interfaces/package_that_uses_package_with_interfaces.egg-info/SOURCES.txt'
[3.056s] writing manifest file '../../build/package_that_uses_package_with_interfaces/package_that_uses_package_with_interfaces.egg-info/SOURCES.txt'
[3.056s] running build
[3.057s] running build_py
[3.057s] running install
[3.058s] running install_lib
[3.062s] running install_data
[3.062s] running install_egg_info
[3.066s] removing '/home/victory/Robot-Operating-System/python_ws/install/package_that_uses_package_with_interfaces/lib/python3.10/site-packages/package_that_uses_package_with_interfaces-0.0.0-py3.10.egg-info' (and everything under it)
[3.067s] Copying ../../build/package_that_uses_package_with_interfaces/package_that_uses_package_with_interfaces.egg-info to /home/victory/Robot-Operating-System/python_ws/install/package_that_uses_package_with_interfaces/lib/python3.10/site-packages/package_that_uses_package_with_interfaces-0.0.0-py3.10.egg-info
[3.070s] running install_scripts
[3.108s] Installing amazing_quote_publisher_node script to /home/victory/Robot-Operating-System/python_ws/install/package_that_uses_package_with_interfaces/lib/package_that_uses_package_with_interfaces
[3.109s] Installing amazing_quote_subscription_node script to /home/victory/Robot-Operating-System/python_ws/install/package_that_uses_package_with_interfaces/lib/package_that_uses_package_with_interfaces
[3.109s] Installing service_client_node script to /home/victory/Robot-Operating-System/python_ws/install/package_that_uses_package_with_interfaces/lib/package_that_uses_package_with_interfaces
[3.109s] Installing service_server_node script to /home/victory/Robot-Operating-System/python_ws/install/package_that_uses_package_with_interfaces/lib/package_that_uses_package_with_interfaces
[3.110s] writing list of installed files to '/home/victory/Robot-Operating-System/python_ws/build/package_that_uses_package_with_interfaces/install.log'
[3.200s] Invoked command in '/home/victory/Robot-Operating-System/python_ws/src/package_that_uses_package_with_interfaces' returned '0': PYTHONPATH=/home/victory/Robot-Operating-System/python_ws/build/package_that_uses_package_with_interfaces/prefix_override:/usr/lib/python3/dist-packages/colcon_core/task/python/colcon_distutils_commands:/home/victory/Robot-Operating-System/python_ws/install/package_that_uses_package_with_interfaces/lib/python3.10/site-packages:${PYTHONPATH} /usr/bin/python3 -W ignore:setup.py install is deprecated setup.py egg_info --egg-base ../../build/package_that_uses_package_with_interfaces build --build-base /home/victory/Robot-Operating-System/python_ws/build/package_that_uses_package_with_interfaces/build install --record /home/victory/Robot-Operating-System/python_ws/build/package_that_uses_package_with_interfaces/install.log --single-version-externally-managed install_data
