[0.463s] Invoking command in '/home/victory/Robot-Operating-System/cpp_ws/build/custom_interfaces': /home/linuxbrew/.linuxbrew/bin/cmake --build /home/victory/Robot-Operating-System/cpp_ws/build/custom_interfaces -- -j4 -l4
[3.647s] -- Found ament_cmake: 1.3.10 (/opt/ros/humble/share/ament_cmake/cmake)
[5.358s] -- Found rosidl_default_generators: 1.2.0 (/opt/ros/humble/share/rosidl_default_generators/cmake)
[5.436s] -- Using all available rosidl_typesupport_c: rosidl_typesupport_fastrtps_c;rosidl_typesupport_introspection_c
[5.540s] -- Found rosidl_adapter: 3.1.5 (/opt/ros/humble/share/rosidl_adapter/cmake)
[6.972s] -- Using all available rosidl_typesupport_cpp: rosidl_typesupport_fastrtps_cpp;rosidl_typesupport_introspection_cpp
[7.490s] -- Found rclcpp: 16.0.10 (/opt/ros/humble/share/rclcpp/cmake)
[8.380s] -- Found rmw_implementation_cmake: 6.1.2 (/opt/ros/humble/share/rmw_implementation_cmake/cmake)
[8.446s] -- Found rmw_fastrtps_cpp: 6.2.7 (/opt/ros/humble/share/rmw_fastrtps_cpp/cmake)
[21.545s] -- Using RMW implementation 'rmw_fastrtps_cpp' as default
[26.123s] [31mCMake Error at CMakeLists.txt:12 (find_package):
[26.123s]   By not providing "Findpackage_with_interfaces.cmake" in CMAKE_MODULE_PATH
[26.123s]   this project has asked CMake to find a package configuration file provided
[26.124s]   by "package_with_interfaces", but CMake did not find one.
[26.124s] 
[26.125s]   Could not find a package configuration file provided by
[26.125s]   "package_with_interfaces" with any of the following names:
[26.126s] 
[26.126s]     package_with_interfacesConfig.cmake
[26.127s]     package_with_interfaces-config.cmake
[26.127s] 
[26.127s]   Add the installation prefix of "package_with_interfaces" to
[26.127s]   CMAKE_PREFIX_PATH or set "package_with_interfaces_DIR" to a directory
[26.128s]   containing one of the above files.  If "package_with_interfaces" provides a
[26.128s]   separate development package or SDK, be sure it has been installed.
[26.128s] 
[26.128s] [0m
[26.129s] -- Configuring incomplete, errors occurred!
[26.141s] gmake: *** [Makefile:788: cmake_check_build_system] Error 1
[26.144s] Invoked command in '/home/victory/Robot-Operating-System/cpp_ws/build/custom_interfaces' returned '2': /home/linuxbrew/.linuxbrew/bin/cmake --build /home/victory/Robot-Operating-System/cpp_ws/build/custom_interfaces -- -j4 -l4
