[0.423s] DEBUG:colcon:Command line arguments: ['/usr/bin/colcon', 'build']
[0.423s] DEBUG:colcon:Parsed command line arguments: Namespace(log_base=None, log_level=None, verb_name='build', build_base='build', install_base='install', merge_install=False, symlink_install=False, test_result_base=None, continue_on_error=False, executor='parallel', parallel_workers=4, event_handlers=None, ignore_user_meta=False, metas=['./colcon.meta'], base_paths=['.'], packages_ignore=None, packages_ignore_regex=None, paths=None, packages_up_to=None, packages_up_to_regex=None, packages_above=None, packages_above_and_dependencies=None, packages_above_depth=None, packages_select_by_dep=None, packages_skip_by_dep=None, packages_skip_up_to=None, packages_select_build_failed=False, packages_skip_build_finished=False, packages_select_test_failures=False, packages_skip_test_passed=False, packages_select=None, packages_skip=None, packages_select_regex=None, packages_skip_regex=None, packages_start=None, packages_end=None, allow_overriding=[], cmake_args=None, cmake_target=None, cmake_target_skip_unavailable=False, cmake_clean_cache=False, cmake_clean_first=False, cmake_force_configure=False, ament_cmake_args=None, catkin_cmake_args=None, catkin_skip_building_tests=False, mixin_files=None, mixin=None, verb_parser=<colcon_mixin.mixin.mixin_argument.MixinArgumentDecorator object at 0x7efe47d69f60>, verb_extension=<colcon_core.verb.build.BuildVerb object at 0x7efe47d68f10>, main=<bound method BuildVerb.main of <colcon_core.verb.build.BuildVerb object at 0x7efe47d68f10>>, mixin_verb=('build',))
[0.720s] Level 1:colcon.colcon_core.package_discovery:discover_packages(colcon_meta) check parameters
[0.721s] Level 1:colcon.colcon_core.package_discovery:discover_packages(recursive) check parameters
[0.721s] Level 1:colcon.colcon_core.package_discovery:discover_packages(ignore) check parameters
[0.721s] Level 1:colcon.colcon_core.package_discovery:discover_packages(path) check parameters
[0.721s] Level 1:colcon.colcon_core.package_discovery:discover_packages(colcon_meta) discover
[0.721s] Level 1:colcon.colcon_core.package_discovery:discover_packages(recursive) discover
[0.721s] INFO:colcon.colcon_core.package_discovery:Crawling recursively for packages in '/home/victory/Robot-Operating-System/test_2_ros2_ws'
[0.721s] Level 1:colcon.colcon_core.package_identification:_identify(.) by extensions ['ignore', 'ignore_ament_install']
[0.721s] Level 1:colcon.colcon_core.package_identification:_identify(.) by extension 'ignore'
[0.721s] Level 1:colcon.colcon_core.package_identification:_identify(.) by extension 'ignore_ament_install'
[0.721s] Level 1:colcon.colcon_core.package_identification:_identify(.) by extensions ['colcon_pkg']
[0.721s] Level 1:colcon.colcon_core.package_identification:_identify(.) by extension 'colcon_pkg'
[0.721s] Level 1:colcon.colcon_core.package_identification:_identify(.) by extensions ['colcon_meta']
[0.721s] Level 1:colcon.colcon_core.package_identification:_identify(.) by extension 'colcon_meta'
[0.721s] Level 1:colcon.colcon_core.package_identification:_identify(.) by extensions ['ros']
[0.722s] Level 1:colcon.colcon_core.package_identification:_identify(.) by extension 'ros'
[0.737s] Level 1:colcon.colcon_core.package_identification:_identify(.) by extensions ['cmake', 'python']
[0.737s] Level 1:colcon.colcon_core.package_identification:_identify(.) by extension 'cmake'
[0.737s] Level 1:colcon.colcon_core.package_identification:_identify(.) by extension 'python'
[0.737s] Level 1:colcon.colcon_core.package_identification:_identify(.) by extensions ['python_setup_py']
[0.737s] Level 1:colcon.colcon_core.package_identification:_identify(.) by extension 'python_setup_py'
[0.737s] Level 1:colcon.colcon_core.package_identification:_identify(build) by extensions ['ignore', 'ignore_ament_install']
[0.738s] Level 1:colcon.colcon_core.package_identification:_identify(build) by extension 'ignore'
[0.738s] Level 1:colcon.colcon_core.package_identification:_identify(build) ignored
[0.738s] Level 1:colcon.colcon_core.package_identification:_identify(install) by extensions ['ignore', 'ignore_ament_install']
[0.738s] Level 1:colcon.colcon_core.package_identification:_identify(install) by extension 'ignore'
[0.738s] Level 1:colcon.colcon_core.package_identification:_identify(install) ignored
[0.738s] Level 1:colcon.colcon_core.package_identification:_identify(log) by extensions ['ignore', 'ignore_ament_install']
[0.738s] Level 1:colcon.colcon_core.package_identification:_identify(log) by extension 'ignore'
[0.738s] Level 1:colcon.colcon_core.package_identification:_identify(log) ignored
[0.738s] Level 1:colcon.colcon_core.package_identification:_identify(src) by extensions ['ignore', 'ignore_ament_install']
[0.738s] Level 1:colcon.colcon_core.package_identification:_identify(src) by extension 'ignore'
[0.738s] Level 1:colcon.colcon_core.package_identification:_identify(src) by extension 'ignore_ament_install'
[0.739s] Level 1:colcon.colcon_core.package_identification:_identify(src) by extensions ['colcon_pkg']
[0.739s] Level 1:colcon.colcon_core.package_identification:_identify(src) by extension 'colcon_pkg'
[0.739s] Level 1:colcon.colcon_core.package_identification:_identify(src) by extensions ['colcon_meta']
[0.739s] Level 1:colcon.colcon_core.package_identification:_identify(src) by extension 'colcon_meta'
[0.739s] Level 1:colcon.colcon_core.package_identification:_identify(src) by extensions ['ros']
[0.739s] Level 1:colcon.colcon_core.package_identification:_identify(src) by extension 'ros'
[0.739s] Level 1:colcon.colcon_core.package_identification:_identify(src) by extensions ['cmake', 'python']
[0.739s] Level 1:colcon.colcon_core.package_identification:_identify(src) by extension 'cmake'
[0.739s] Level 1:colcon.colcon_core.package_identification:_identify(src) by extension 'python'
[0.739s] Level 1:colcon.colcon_core.package_identification:_identify(src) by extensions ['python_setup_py']
[0.739s] Level 1:colcon.colcon_core.package_identification:_identify(src) by extension 'python_setup_py'
[0.739s] Level 1:colcon.colcon_core.package_identification:_identify(src/motor_distance_sensor_package) by extensions ['ignore', 'ignore_ament_install']
[0.739s] Level 1:colcon.colcon_core.package_identification:_identify(src/motor_distance_sensor_package) by extension 'ignore'
[0.739s] Level 1:colcon.colcon_core.package_identification:_identify(src/motor_distance_sensor_package) by extension 'ignore_ament_install'
[0.739s] Level 1:colcon.colcon_core.package_identification:_identify(src/motor_distance_sensor_package) by extensions ['colcon_pkg']
[0.740s] Level 1:colcon.colcon_core.package_identification:_identify(src/motor_distance_sensor_package) by extension 'colcon_pkg'
[0.740s] Level 1:colcon.colcon_core.package_identification:_identify(src/motor_distance_sensor_package) by extensions ['colcon_meta']
[0.740s] Level 1:colcon.colcon_core.package_identification:_identify(src/motor_distance_sensor_package) by extension 'colcon_meta'
[0.740s] Level 1:colcon.colcon_core.package_identification:_identify(src/motor_distance_sensor_package) by extensions ['ros']
[0.740s] Level 1:colcon.colcon_core.package_identification:_identify(src/motor_distance_sensor_package) by extension 'ros'
[0.742s] DEBUG:colcon.colcon_core.package_identification:Package 'src/motor_distance_sensor_package' with type 'ros.ament_python' and name 'motor_distance_sensor_package'
[0.743s] Level 1:colcon.colcon_core.package_identification:_identify(src/positio_encoder_decoder_python_package) by extensions ['ignore', 'ignore_ament_install']
[0.743s] Level 1:colcon.colcon_core.package_identification:_identify(src/positio_encoder_decoder_python_package) by extension 'ignore'
[0.743s] Level 1:colcon.colcon_core.package_identification:_identify(src/positio_encoder_decoder_python_package) by extension 'ignore_ament_install'
[0.743s] Level 1:colcon.colcon_core.package_identification:_identify(src/positio_encoder_decoder_python_package) by extensions ['colcon_pkg']
[0.743s] Level 1:colcon.colcon_core.package_identification:_identify(src/positio_encoder_decoder_python_package) by extension 'colcon_pkg'
[0.743s] Level 1:colcon.colcon_core.package_identification:_identify(src/positio_encoder_decoder_python_package) by extensions ['colcon_meta']
[0.743s] Level 1:colcon.colcon_core.package_identification:_identify(src/positio_encoder_decoder_python_package) by extension 'colcon_meta'
[0.743s] Level 1:colcon.colcon_core.package_identification:_identify(src/positio_encoder_decoder_python_package) by extensions ['ros']
[0.743s] Level 1:colcon.colcon_core.package_identification:_identify(src/positio_encoder_decoder_python_package) by extension 'ros'
[0.744s] DEBUG:colcon.colcon_core.package_identification:Package 'src/positio_encoder_decoder_python_package' with type 'ros.ament_python' and name 'positio_encoder_decoder_python_package'
[0.744s] Level 1:colcon.colcon_core.package_discovery:discover_packages(recursive) using defaults
[0.744s] Level 1:colcon.colcon_core.package_discovery:discover_packages(ignore) discover
[0.744s] Level 1:colcon.colcon_core.package_discovery:discover_packages(ignore) using defaults
[0.744s] Level 1:colcon.colcon_core.package_discovery:discover_packages(path) discover
[0.744s] Level 1:colcon.colcon_core.package_discovery:discover_packages(path) using defaults
[0.769s] Level 1:colcon.colcon_core.package_discovery:discover_packages(prefix_path) check parameters
[0.769s] Level 1:colcon.colcon_core.package_discovery:discover_packages(prefix_path) discover
[0.773s] DEBUG:colcon.colcon_installed_package_information.package_discovery:Found 2 installed packages in /home/victory/Robot-Operating-System/test_2_ros2_ws/install
[0.777s] DEBUG:colcon.colcon_installed_package_information.package_discovery:Found 293 installed packages in /opt/ros/humble
[0.779s] Level 1:colcon.colcon_core.package_discovery:discover_packages(prefix_path) using defaults
[0.909s] Level 5:colcon.colcon_core.verb:set package 'motor_distance_sensor_package' build argument 'cmake_args' from command line to 'None'
[0.909s] Level 5:colcon.colcon_core.verb:set package 'motor_distance_sensor_package' build argument 'cmake_target' from command line to 'None'
[0.909s] Level 5:colcon.colcon_core.verb:set package 'motor_distance_sensor_package' build argument 'cmake_target_skip_unavailable' from command line to 'False'
[0.909s] Level 5:colcon.colcon_core.verb:set package 'motor_distance_sensor_package' build argument 'cmake_clean_cache' from command line to 'False'
[0.909s] Level 5:colcon.colcon_core.verb:set package 'motor_distance_sensor_package' build argument 'cmake_clean_first' from command line to 'False'
[0.909s] Level 5:colcon.colcon_core.verb:set package 'motor_distance_sensor_package' build argument 'cmake_force_configure' from command line to 'False'
[0.909s] Level 5:colcon.colcon_core.verb:set package 'motor_distance_sensor_package' build argument 'ament_cmake_args' from command line to 'None'
[0.910s] Level 5:colcon.colcon_core.verb:set package 'motor_distance_sensor_package' build argument 'catkin_cmake_args' from command line to 'None'
[0.910s] Level 5:colcon.colcon_core.verb:set package 'motor_distance_sensor_package' build argument 'catkin_skip_building_tests' from command line to 'False'
[0.910s] DEBUG:colcon.colcon_core.verb:Building package 'motor_distance_sensor_package' with the following arguments: {'ament_cmake_args': None, 'build_base': '/home/victory/Robot-Operating-System/test_2_ros2_ws/build/motor_distance_sensor_package', 'catkin_cmake_args': None, 'catkin_skip_building_tests': False, 'cmake_args': None, 'cmake_clean_cache': False, 'cmake_clean_first': False, 'cmake_force_configure': False, 'cmake_target': None, 'cmake_target_skip_unavailable': False, 'install_base': '/home/victory/Robot-Operating-System/test_2_ros2_ws/install/motor_distance_sensor_package', 'merge_install': False, 'path': '/home/victory/Robot-Operating-System/test_2_ros2_ws/src/motor_distance_sensor_package', 'symlink_install': False, 'test_result_base': None}
[0.911s] Level 5:colcon.colcon_core.verb:set package 'positio_encoder_decoder_python_package' build argument 'cmake_args' from command line to 'None'
[0.911s] Level 5:colcon.colcon_core.verb:set package 'positio_encoder_decoder_python_package' build argument 'cmake_target' from command line to 'None'
[0.911s] Level 5:colcon.colcon_core.verb:set package 'positio_encoder_decoder_python_package' build argument 'cmake_target_skip_unavailable' from command line to 'False'
[0.911s] Level 5:colcon.colcon_core.verb:set package 'positio_encoder_decoder_python_package' build argument 'cmake_clean_cache' from command line to 'False'
[0.911s] Level 5:colcon.colcon_core.verb:set package 'positio_encoder_decoder_python_package' build argument 'cmake_clean_first' from command line to 'False'
[0.911s] Level 5:colcon.colcon_core.verb:set package 'positio_encoder_decoder_python_package' build argument 'cmake_force_configure' from command line to 'False'
[0.911s] Level 5:colcon.colcon_core.verb:set package 'positio_encoder_decoder_python_package' build argument 'ament_cmake_args' from command line to 'None'
[0.911s] Level 5:colcon.colcon_core.verb:set package 'positio_encoder_decoder_python_package' build argument 'catkin_cmake_args' from command line to 'None'
[0.911s] Level 5:colcon.colcon_core.verb:set package 'positio_encoder_decoder_python_package' build argument 'catkin_skip_building_tests' from command line to 'False'
[0.911s] DEBUG:colcon.colcon_core.verb:Building package 'positio_encoder_decoder_python_package' with the following arguments: {'ament_cmake_args': None, 'build_base': '/home/victory/Robot-Operating-System/test_2_ros2_ws/build/positio_encoder_decoder_python_package', 'catkin_cmake_args': None, 'catkin_skip_building_tests': False, 'cmake_args': None, 'cmake_clean_cache': False, 'cmake_clean_first': False, 'cmake_force_configure': False, 'cmake_target': None, 'cmake_target_skip_unavailable': False, 'install_base': '/home/victory/Robot-Operating-System/test_2_ros2_ws/install/positio_encoder_decoder_python_package', 'merge_install': False, 'path': '/home/victory/Robot-Operating-System/test_2_ros2_ws/src/positio_encoder_decoder_python_package', 'symlink_install': False, 'test_result_base': None}
[0.911s] INFO:colcon.colcon_core.executor:Executing jobs using 'parallel' executor
[0.913s] DEBUG:colcon.colcon_parallel_executor.executor.parallel:run_until_complete
[0.914s] INFO:colcon.colcon_ros.task.ament_python.build:Building ROS package in '/home/victory/Robot-Operating-System/test_2_ros2_ws/src/motor_distance_sensor_package' with build type 'ament_python'
[0.914s] Level 1:colcon.colcon_core.shell:create_environment_hook('motor_distance_sensor_package', 'ament_prefix_path')
[0.920s] INFO:colcon.colcon_core.plugin_system:Skipping extension 'colcon_core.shell.bat': Not used on non-Windows systems
[0.921s] INFO:colcon.colcon_core.shell:Creating environment hook '/home/victory/Robot-Operating-System/test_2_ros2_ws/install/motor_distance_sensor_package/share/motor_distance_sensor_package/hook/ament_prefix_path.ps1'
[0.922s] INFO:colcon.colcon_core.shell:Creating environment descriptor '/home/victory/Robot-Operating-System/test_2_ros2_ws/install/motor_distance_sensor_package/share/motor_distance_sensor_package/hook/ament_prefix_path.dsv'
[0.923s] INFO:colcon.colcon_core.shell:Creating environment hook '/home/victory/Robot-Operating-System/test_2_ros2_ws/install/motor_distance_sensor_package/share/motor_distance_sensor_package/hook/ament_prefix_path.sh'
[0.924s] INFO:colcon.colcon_core.shell:Skip shell extension 'powershell' for command environment: Not usable outside of PowerShell
[0.924s] DEBUG:colcon.colcon_core.shell:Skip shell extension 'dsv' for command environment
[0.932s] INFO:colcon.colcon_ros.task.ament_python.build:Building ROS package in '/home/victory/Robot-Operating-System/test_2_ros2_ws/src/positio_encoder_decoder_python_package' with build type 'ament_python'
[0.934s] Level 1:colcon.colcon_core.shell:create_environment_hook('positio_encoder_decoder_python_package', 'ament_prefix_path')
[0.935s] INFO:colcon.colcon_core.shell:Creating environment hook '/home/victory/Robot-Operating-System/test_2_ros2_ws/install/positio_encoder_decoder_python_package/share/positio_encoder_decoder_python_package/hook/ament_prefix_path.ps1'
[0.936s] INFO:colcon.colcon_core.shell:Creating environment descriptor '/home/victory/Robot-Operating-System/test_2_ros2_ws/install/positio_encoder_decoder_python_package/share/positio_encoder_decoder_python_package/hook/ament_prefix_path.dsv'
[0.936s] INFO:colcon.colcon_core.shell:Creating environment hook '/home/victory/Robot-Operating-System/test_2_ros2_ws/install/positio_encoder_decoder_python_package/share/positio_encoder_decoder_python_package/hook/ament_prefix_path.sh'
[0.938s] INFO:colcon.colcon_core.shell:Skip shell extension 'powershell' for command environment: Not usable outside of PowerShell
[0.938s] DEBUG:colcon.colcon_core.shell:Skip shell extension 'dsv' for command environment
[1.340s] INFO:colcon.colcon_core.task.python.build:Building Python package in '/home/victory/Robot-Operating-System/test_2_ros2_ws/src/motor_distance_sensor_package'
[1.341s] INFO:colcon.colcon_core.shell:Skip shell extension 'powershell' for command environment: Not usable outside of PowerShell
[1.341s] DEBUG:colcon.colcon_core.shell:Skip shell extension 'dsv' for command environment
[1.684s] INFO:colcon.colcon_core.task.python.build:Building Python package in '/home/victory/Robot-Operating-System/test_2_ros2_ws/src/positio_encoder_decoder_python_package'
[1.684s] INFO:colcon.colcon_core.shell:Skip shell extension 'powershell' for command environment: Not usable outside of PowerShell
[1.684s] DEBUG:colcon.colcon_core.shell:Skip shell extension 'dsv' for command environment
[2.232s] DEBUG:colcon.colcon_core.event_handler.log_command:Invoking command in '/home/victory/Robot-Operating-System/test_2_ros2_ws/src/positio_encoder_decoder_python_package': PYTHONPATH=/home/victory/Robot-Operating-System/test_2_ros2_ws/build/positio_encoder_decoder_python_package/prefix_override:/usr/lib/python3/dist-packages/colcon_core/task/python/colcon_distutils_commands:/home/victory/Robot-Operating-System/test_2_ros2_ws/install/positio_encoder_decoder_python_package/lib/python3.10/site-packages:${PYTHONPATH} /usr/bin/python3 -W ignore:setup.py install is deprecated setup.py egg_info --egg-base ../../build/positio_encoder_decoder_python_package build --build-base /home/victory/Robot-Operating-System/test_2_ros2_ws/build/positio_encoder_decoder_python_package/build install --record /home/victory/Robot-Operating-System/test_2_ros2_ws/build/positio_encoder_decoder_python_package/install.log --single-version-externally-managed install_data
[2.235s] DEBUG:colcon.colcon_core.event_handler.log_command:Invoking command in '/home/victory/Robot-Operating-System/test_2_ros2_ws/src/motor_distance_sensor_package': PYTHONPATH=/home/victory/Robot-Operating-System/test_2_ros2_ws/build/motor_distance_sensor_package/prefix_override:/usr/lib/python3/dist-packages/colcon_core/task/python/colcon_distutils_commands:/home/victory/Robot-Operating-System/test_2_ros2_ws/install/motor_distance_sensor_package/lib/python3.10/site-packages:${PYTHONPATH} /usr/bin/python3 -W ignore:setup.py install is deprecated setup.py egg_info --egg-base ../../build/motor_distance_sensor_package build --build-base /home/victory/Robot-Operating-System/test_2_ros2_ws/build/motor_distance_sensor_package/build install --record /home/victory/Robot-Operating-System/test_2_ros2_ws/build/motor_distance_sensor_package/install.log --single-version-externally-managed install_data
[2.779s] DEBUG:colcon.colcon_core.event_handler.log_command:Invoked command in '/home/victory/Robot-Operating-System/test_2_ros2_ws/src/positio_encoder_decoder_python_package' returned '0': PYTHONPATH=/home/victory/Robot-Operating-System/test_2_ros2_ws/build/positio_encoder_decoder_python_package/prefix_override:/usr/lib/python3/dist-packages/colcon_core/task/python/colcon_distutils_commands:/home/victory/Robot-Operating-System/test_2_ros2_ws/install/positio_encoder_decoder_python_package/lib/python3.10/site-packages:${PYTHONPATH} /usr/bin/python3 -W ignore:setup.py install is deprecated setup.py egg_info --egg-base ../../build/positio_encoder_decoder_python_package build --build-base /home/victory/Robot-Operating-System/test_2_ros2_ws/build/positio_encoder_decoder_python_package/build install --record /home/victory/Robot-Operating-System/test_2_ros2_ws/build/positio_encoder_decoder_python_package/install.log --single-version-externally-managed install_data
[2.785s] Level 1:colcon.colcon_core.environment:checking '/home/victory/Robot-Operating-System/test_2_ros2_ws/install/positio_encoder_decoder_python_package' for CMake module files
[2.786s] Level 1:colcon.colcon_core.environment:checking '/home/victory/Robot-Operating-System/test_2_ros2_ws/install/positio_encoder_decoder_python_package' for CMake config files
[2.787s] Level 1:colcon.colcon_core.environment:checking '/home/victory/Robot-Operating-System/test_2_ros2_ws/install/positio_encoder_decoder_python_package/lib'
[2.788s] Level 1:colcon.colcon_core.environment:checking '/home/victory/Robot-Operating-System/test_2_ros2_ws/install/positio_encoder_decoder_python_package/bin'
[2.788s] Level 1:colcon.colcon_core.environment:checking '/home/victory/Robot-Operating-System/test_2_ros2_ws/install/positio_encoder_decoder_python_package/lib/pkgconfig/positio_encoder_decoder_python_package.pc'
[2.789s] Level 1:colcon.colcon_core.environment:checking '/home/victory/Robot-Operating-System/test_2_ros2_ws/install/positio_encoder_decoder_python_package/lib/python3.10/site-packages'
[2.789s] Level 1:colcon.colcon_core.shell:create_environment_hook('positio_encoder_decoder_python_package', 'pythonpath')
[2.789s] INFO:colcon.colcon_core.shell:Creating environment hook '/home/victory/Robot-Operating-System/test_2_ros2_ws/install/positio_encoder_decoder_python_package/share/positio_encoder_decoder_python_package/hook/pythonpath.ps1'
[2.790s] INFO:colcon.colcon_core.shell:Creating environment descriptor '/home/victory/Robot-Operating-System/test_2_ros2_ws/install/positio_encoder_decoder_python_package/share/positio_encoder_decoder_python_package/hook/pythonpath.dsv'
[2.791s] INFO:colcon.colcon_core.shell:Creating environment hook '/home/victory/Robot-Operating-System/test_2_ros2_ws/install/positio_encoder_decoder_python_package/share/positio_encoder_decoder_python_package/hook/pythonpath.sh'
[2.793s] Level 1:colcon.colcon_core.environment:checking '/home/victory/Robot-Operating-System/test_2_ros2_ws/install/positio_encoder_decoder_python_package/bin'
[2.793s] Level 1:colcon.colcon_core.environment:create_environment_scripts_only(positio_encoder_decoder_python_package)
[2.794s] INFO:colcon.colcon_core.shell:Creating package script '/home/victory/Robot-Operating-System/test_2_ros2_ws/install/positio_encoder_decoder_python_package/share/positio_encoder_decoder_python_package/package.ps1'
[2.796s] INFO:colcon.colcon_core.shell:Creating package descriptor '/home/victory/Robot-Operating-System/test_2_ros2_ws/install/positio_encoder_decoder_python_package/share/positio_encoder_decoder_python_package/package.dsv'
[2.797s] INFO:colcon.colcon_core.shell:Creating package script '/home/victory/Robot-Operating-System/test_2_ros2_ws/install/positio_encoder_decoder_python_package/share/positio_encoder_decoder_python_package/package.sh'
[2.798s] INFO:colcon.colcon_core.shell:Creating package script '/home/victory/Robot-Operating-System/test_2_ros2_ws/install/positio_encoder_decoder_python_package/share/positio_encoder_decoder_python_package/package.bash'
[2.799s] INFO:colcon.colcon_core.shell:Creating package script '/home/victory/Robot-Operating-System/test_2_ros2_ws/install/positio_encoder_decoder_python_package/share/positio_encoder_decoder_python_package/package.zsh'
[2.800s] Level 1:colcon.colcon_core.environment:create_file_with_runtime_dependencies(/home/victory/Robot-Operating-System/test_2_ros2_ws/install/positio_encoder_decoder_python_package/share/colcon-core/packages/positio_encoder_decoder_python_package)
[2.804s] Level 1:colcon.colcon_core.environment:checking '/home/victory/Robot-Operating-System/test_2_ros2_ws/install/motor_distance_sensor_package' for CMake module files
[2.805s] DEBUG:colcon.colcon_core.event_handler.log_command:Invoked command in '/home/victory/Robot-Operating-System/test_2_ros2_ws/src/motor_distance_sensor_package' returned '0': PYTHONPATH=/home/victory/Robot-Operating-System/test_2_ros2_ws/build/motor_distance_sensor_package/prefix_override:/usr/lib/python3/dist-packages/colcon_core/task/python/colcon_distutils_commands:/home/victory/Robot-Operating-System/test_2_ros2_ws/install/motor_distance_sensor_package/lib/python3.10/site-packages:${PYTHONPATH} /usr/bin/python3 -W ignore:setup.py install is deprecated setup.py egg_info --egg-base ../../build/motor_distance_sensor_package build --build-base /home/victory/Robot-Operating-System/test_2_ros2_ws/build/motor_distance_sensor_package/build install --record /home/victory/Robot-Operating-System/test_2_ros2_ws/build/motor_distance_sensor_package/install.log --single-version-externally-managed install_data
[2.806s] Level 1:colcon.colcon_core.environment:checking '/home/victory/Robot-Operating-System/test_2_ros2_ws/install/motor_distance_sensor_package' for CMake config files
[2.806s] Level 1:colcon.colcon_core.environment:checking '/home/victory/Robot-Operating-System/test_2_ros2_ws/install/motor_distance_sensor_package/lib'
[2.807s] Level 1:colcon.colcon_core.environment:checking '/home/victory/Robot-Operating-System/test_2_ros2_ws/install/motor_distance_sensor_package/bin'
[2.807s] Level 1:colcon.colcon_core.environment:checking '/home/victory/Robot-Operating-System/test_2_ros2_ws/install/motor_distance_sensor_package/lib/pkgconfig/motor_distance_sensor_package.pc'
[2.807s] Level 1:colcon.colcon_core.environment:checking '/home/victory/Robot-Operating-System/test_2_ros2_ws/install/motor_distance_sensor_package/lib/python3.10/site-packages'
[2.807s] Level 1:colcon.colcon_core.shell:create_environment_hook('motor_distance_sensor_package', 'pythonpath')
[2.807s] INFO:colcon.colcon_core.shell:Creating environment hook '/home/victory/Robot-Operating-System/test_2_ros2_ws/install/motor_distance_sensor_package/share/motor_distance_sensor_package/hook/pythonpath.ps1'
[2.808s] INFO:colcon.colcon_core.shell:Creating environment descriptor '/home/victory/Robot-Operating-System/test_2_ros2_ws/install/motor_distance_sensor_package/share/motor_distance_sensor_package/hook/pythonpath.dsv'
[2.808s] INFO:colcon.colcon_core.shell:Creating environment hook '/home/victory/Robot-Operating-System/test_2_ros2_ws/install/motor_distance_sensor_package/share/motor_distance_sensor_package/hook/pythonpath.sh'
[2.809s] Level 1:colcon.colcon_core.environment:checking '/home/victory/Robot-Operating-System/test_2_ros2_ws/install/motor_distance_sensor_package/bin'
[2.810s] Level 1:colcon.colcon_core.environment:create_environment_scripts_only(motor_distance_sensor_package)
[2.810s] INFO:colcon.colcon_core.shell:Creating package script '/home/victory/Robot-Operating-System/test_2_ros2_ws/install/motor_distance_sensor_package/share/motor_distance_sensor_package/package.ps1'
[2.811s] INFO:colcon.colcon_core.shell:Creating package descriptor '/home/victory/Robot-Operating-System/test_2_ros2_ws/install/motor_distance_sensor_package/share/motor_distance_sensor_package/package.dsv'
[2.811s] INFO:colcon.colcon_core.shell:Creating package script '/home/victory/Robot-Operating-System/test_2_ros2_ws/install/motor_distance_sensor_package/share/motor_distance_sensor_package/package.sh'
[2.812s] INFO:colcon.colcon_core.shell:Creating package script '/home/victory/Robot-Operating-System/test_2_ros2_ws/install/motor_distance_sensor_package/share/motor_distance_sensor_package/package.bash'
[2.812s] INFO:colcon.colcon_core.shell:Creating package script '/home/victory/Robot-Operating-System/test_2_ros2_ws/install/motor_distance_sensor_package/share/motor_distance_sensor_package/package.zsh'
[2.813s] Level 1:colcon.colcon_core.environment:create_file_with_runtime_dependencies(/home/victory/Robot-Operating-System/test_2_ros2_ws/install/motor_distance_sensor_package/share/colcon-core/packages/motor_distance_sensor_package)
[2.813s] DEBUG:colcon.colcon_parallel_executor.executor.parallel:closing loop
[2.814s] DEBUG:colcon.colcon_parallel_executor.executor.parallel:loop closed
[2.814s] DEBUG:colcon.colcon_parallel_executor.executor.parallel:run_until_complete finished with '0'
[2.814s] DEBUG:colcon.colcon_core.event_reactor:joining thread
[2.918s] INFO:colcon.colcon_core.plugin_system:Skipping extension 'colcon_notification.desktop_notification.notify_send': Could not find 'notify-send'
[2.919s] INFO:colcon.colcon_core.plugin_system:Skipping extension 'colcon_notification.desktop_notification.terminal_notifier': Not used on non-Darwin systems
[2.919s] INFO:colcon.colcon_core.plugin_system:Skipping extension 'colcon_notification.desktop_notification.win32': Not used on non-Windows systems
[2.919s] INFO:colcon.colcon_notification.desktop_notification:Sending desktop notification using 'notify2'
[2.920s] DEBUG:colcon.colcon_notification.desktop_notification.notify2:Failed to initialize notify2: org.freedesktop.DBus.Error.ServiceUnknown: The name org.freedesktop.Notifications was not provided by any .service files
[2.921s] DEBUG:colcon.colcon_core.event_reactor:joined thread
[2.921s] INFO:colcon.colcon_core.shell:Creating prefix script '/home/victory/Robot-Operating-System/test_2_ros2_ws/install/local_setup.ps1'
[2.922s] INFO:colcon.colcon_core.shell:Creating prefix util module '/home/victory/Robot-Operating-System/test_2_ros2_ws/install/_local_setup_util_ps1.py'
[2.924s] INFO:colcon.colcon_core.shell:Creating prefix chain script '/home/victory/Robot-Operating-System/test_2_ros2_ws/install/setup.ps1'
[2.925s] INFO:colcon.colcon_core.shell:Creating prefix script '/home/victory/Robot-Operating-System/test_2_ros2_ws/install/local_setup.sh'
[2.925s] INFO:colcon.colcon_core.shell:Creating prefix util module '/home/victory/Robot-Operating-System/test_2_ros2_ws/install/_local_setup_util_sh.py'
[2.926s] INFO:colcon.colcon_core.shell:Creating prefix chain script '/home/victory/Robot-Operating-System/test_2_ros2_ws/install/setup.sh'
[2.927s] INFO:colcon.colcon_core.shell:Creating prefix script '/home/victory/Robot-Operating-System/test_2_ros2_ws/install/local_setup.bash'
[2.927s] INFO:colcon.colcon_core.shell:Creating prefix chain script '/home/victory/Robot-Operating-System/test_2_ros2_ws/install/setup.bash'
[2.929s] INFO:colcon.colcon_core.shell:Creating prefix script '/home/victory/Robot-Operating-System/test_2_ros2_ws/install/local_setup.zsh'
[2.929s] INFO:colcon.colcon_core.shell:Creating prefix chain script '/home/victory/Robot-Operating-System/test_2_ros2_ws/install/setup.zsh'
