[0.049s] Invoking command in '/home/victory/Robot-Operating-System/python_ws/build/package_with_interfaces': CMAKE_PREFIX_PATH=${CMAKE_PREFIX_PATH}:/home/victory/Robot-Operating-System/python_ws/install/python_package_that_uses_parameters_and_launch_files:/home/victory/Robot-Operating-System/python_ws/install/positio_encoder_decoder_python_package:/home/victory/Robot-Operating-System/python_ws/install/package_with_configurable_nodes:/home/victory/Robot-Operating-System/python_ws/install/package_that_uses_package_with_interfaces:/home/victory/Robot-Operating-System/python_ws/install/motor_distance_sensor_package:/opt/ros/humble /home/linuxbrew/.linuxbrew/bin/cmake --build /home/victory/Robot-Operating-System/python_ws/build/package_with_interfaces -- -j4 -l4
[0.568s] [  7%] Built target package_with_interfaces__cpp
[0.568s] [ 12%] Built target package_with_interfaces__rosidl_generator_c
[0.568s] [ 12%] Built target ament_cmake_python_copy_package_with_interfaces
[0.569s] [ 23%] Built target package_with_interfaces__rosidl_typesupport_introspection_cpp
[0.569s] [ 33%] Built target package_with_interfaces__rosidl_typesupport_cpp
[0.569s] [ 43%] Built target package_with_interfaces__rosidl_typesupport_fastrtps_c
[0.569s] [ 53%] Built target package_with_interfaces__rosidl_typesupport_fastrtps_cpp
[0.570s] [ 64%] Built target package_with_interfaces__rosidl_typesupport_c
[0.570s] [ 74%] Built target package_with_interfaces__rosidl_typesupport_introspection_c
[0.570s] [ 74%] Built target package_with_interfaces
[0.571s] [ 76%] Built target package_with_interfaces__py
[0.571s] [ 84%] Built target package_with_interfaces__rosidl_generator_py
[0.571s] [ 89%] Built target package_with_interfaces__rosidl_typesupport_fastrtps_c__pyext
[0.571s] [ 94%] Built target package_with_interfaces__rosidl_typesupport_introspection_c__pyext
[0.572s] [100%] Built target package_with_interfaces__rosidl_typesupport_c__pyext
[0.595s] running egg_info
[0.596s] writing package_with_interfaces.egg-info/PKG-INFO
[0.597s] writing dependency_links to package_with_interfaces.egg-info/dependency_links.txt
[0.597s] writing top-level names to package_with_interfaces.egg-info/top_level.txt
[0.602s] reading manifest file 'package_with_interfaces.egg-info/SOURCES.txt'
[0.603s] writing manifest file 'package_with_interfaces.egg-info/SOURCES.txt'
[0.650s] [100%] Built target ament_cmake_python_build_package_with_interfaces_egg
[0.969s] Invoked command in '/home/victory/Robot-Operating-System/python_ws/build/package_with_interfaces' returned '0': CMAKE_PREFIX_PATH=${CMAKE_PREFIX_PATH}:/home/victory/Robot-Operating-System/python_ws/install/python_package_that_uses_parameters_and_launch_files:/home/victory/Robot-Operating-System/python_ws/install/positio_encoder_decoder_python_package:/home/victory/Robot-Operating-System/python_ws/install/package_with_configurable_nodes:/home/victory/Robot-Operating-System/python_ws/install/package_that_uses_package_with_interfaces:/home/victory/Robot-Operating-System/python_ws/install/motor_distance_sensor_package:/opt/ros/humble /home/linuxbrew/.linuxbrew/bin/cmake --build /home/victory/Robot-Operating-System/python_ws/build/package_with_interfaces -- -j4 -l4
[1.183s] Invoking command in '/home/victory/Robot-Operating-System/python_ws/build/package_with_interfaces': CMAKE_PREFIX_PATH=${CMAKE_PREFIX_PATH}:/home/victory/Robot-Operating-System/python_ws/install/python_package_that_uses_parameters_and_launch_files:/home/victory/Robot-Operating-System/python_ws/install/positio_encoder_decoder_python_package:/home/victory/Robot-Operating-System/python_ws/install/package_with_configurable_nodes:/home/victory/Robot-Operating-System/python_ws/install/package_that_uses_package_with_interfaces:/home/victory/Robot-Operating-System/python_ws/install/motor_distance_sensor_package:/opt/ros/humble /home/linuxbrew/.linuxbrew/bin/cmake --install /home/victory/Robot-Operating-System/python_ws/build/package_with_interfaces
[1.191s] -- Install configuration: ""
[1.192s] -- Up-to-date: /home/victory/Robot-Operating-System/python_ws/install/package_with_interfaces/share/ament_index/resource_index/rosidl_interfaces/package_with_interfaces
[1.192s] -- Up-to-date: /home/victory/Robot-Operating-System/python_ws/install/package_with_interfaces/include/package_with_interfaces/package_with_interfaces
[1.192s] -- Up-to-date: /home/victory/Robot-Operating-System/python_ws/install/package_with_interfaces/include/package_with_interfaces/package_with_interfaces/msg
[1.192s] -- Up-to-date: /home/victory/Robot-Operating-System/python_ws/install/package_with_interfaces/include/package_with_interfaces/package_with_interfaces/msg/detail
[1.192s] -- Up-to-date: /home/victory/Robot-Operating-System/python_ws/install/package_with_interfaces/include/package_with_interfaces/package_with_interfaces/msg/detail/amazing_quote__functions.c
[1.193s] -- Up-to-date: /home/victory/Robot-Operating-System/python_ws/install/package_with_interfaces/include/package_with_interfaces/package_with_interfaces/msg/detail/amazing_quote__struct.h
[1.193s] -- Up-to-date: /home/victory/Robot-Operating-System/python_ws/install/package_with_interfaces/include/package_with_interfaces/package_with_interfaces/msg/detail/amazing_quote__type_support.h
[1.193s] -- Up-to-date: /home/victory/Robot-Operating-System/python_ws/install/package_with_interfaces/include/package_with_interfaces/package_with_interfaces/msg/detail/amazing_quote__functions.h
[1.193s] -- Up-to-date: /home/victory/Robot-Operating-System/python_ws/install/package_with_interfaces/include/package_with_interfaces/package_with_interfaces/msg/rosidl_generator_c__visibility_control.h
[1.193s] -- Up-to-date: /home/victory/Robot-Operating-System/python_ws/install/package_with_interfaces/include/package_with_interfaces/package_with_interfaces/msg/amazing_quote.h
[1.194s] -- Up-to-date: /home/victory/Robot-Operating-System/python_ws/install/package_with_interfaces/include/package_with_interfaces/package_with_interfaces/srv
[1.194s] -- Up-to-date: /home/victory/Robot-Operating-System/python_ws/install/package_with_interfaces/include/package_with_interfaces/package_with_interfaces/srv/detail
[1.194s] -- Up-to-date: /home/victory/Robot-Operating-System/python_ws/install/package_with_interfaces/include/package_with_interfaces/package_with_interfaces/srv/detail/what_is_the_point__functions.c
[1.194s] -- Up-to-date: /home/victory/Robot-Operating-System/python_ws/install/package_with_interfaces/include/package_with_interfaces/package_with_interfaces/srv/detail/what_is_the_point__struct.h
[1.194s] -- Up-to-date: /home/victory/Robot-Operating-System/python_ws/install/package_with_interfaces/include/package_with_interfaces/package_with_interfaces/srv/detail/what_is_the_point__type_support.h
[1.195s] -- Up-to-date: /home/victory/Robot-Operating-System/python_ws/install/package_with_interfaces/include/package_with_interfaces/package_with_interfaces/srv/detail/what_is_the_point__functions.h
[1.195s] -- Up-to-date: /home/victory/Robot-Operating-System/python_ws/install/package_with_interfaces/include/package_with_interfaces/package_with_interfaces/srv/what_is_the_point.h
[1.195s] -- Up-to-date: /home/victory/Robot-Operating-System/python_ws/install/package_with_interfaces/share/package_with_interfaces/environment/library_path.sh
[1.195s] -- Up-to-date: /home/victory/Robot-Operating-System/python_ws/install/package_with_interfaces/share/package_with_interfaces/environment/library_path.dsv
[1.195s] -- Up-to-date: /home/victory/Robot-Operating-System/python_ws/install/package_with_interfaces/lib/libpackage_with_interfaces__rosidl_generator_c.so
[1.196s] -- Up-to-date: /home/victory/Robot-Operating-System/python_ws/install/package_with_interfaces/include/package_with_interfaces/package_with_interfaces
[1.197s] -- Up-to-date: /home/victory/Robot-Operating-System/python_ws/install/package_with_interfaces/include/package_with_interfaces/package_with_interfaces/msg
[1.197s] -- Up-to-date: /home/victory/Robot-Operating-System/python_ws/install/package_with_interfaces/include/package_with_interfaces/package_with_interfaces/msg/detail
[1.197s] -- Up-to-date: /home/victory/Robot-Operating-System/python_ws/install/package_with_interfaces/include/package_with_interfaces/package_with_interfaces/msg/detail/amazing_quote__rosidl_typesupport_fastrtps_c.h
[1.197s] -- Up-to-date: /home/victory/Robot-Operating-System/python_ws/install/package_with_interfaces/include/package_with_interfaces/package_with_interfaces/msg/rosidl_typesupport_fastrtps_c__visibility_control.h
[1.198s] -- Up-to-date: /home/victory/Robot-Operating-System/python_ws/install/package_with_interfaces/include/package_with_interfaces/package_with_interfaces/srv
[1.198s] -- Up-to-date: /home/victory/Robot-Operating-System/python_ws/install/package_with_interfaces/include/package_with_interfaces/package_with_interfaces/srv/detail
[1.198s] -- Up-to-date: /home/victory/Robot-Operating-System/python_ws/install/package_with_interfaces/include/package_with_interfaces/package_with_interfaces/srv/detail/what_is_the_point__rosidl_typesupport_fastrtps_c.h
[1.199s] -- Up-to-date: /home/victory/Robot-Operating-System/python_ws/install/package_with_interfaces/lib/libpackage_with_interfaces__rosidl_typesupport_fastrtps_c.so
[1.199s] -- Up-to-date: /home/victory/Robot-Operating-System/python_ws/install/package_with_interfaces/include/package_with_interfaces/package_with_interfaces
[1.199s] -- Up-to-date: /home/victory/Robot-Operating-System/python_ws/install/package_with_interfaces/include/package_with_interfaces/package_with_interfaces/msg
[1.199s] -- Up-to-date: /home/victory/Robot-Operating-System/python_ws/install/package_with_interfaces/include/package_with_interfaces/package_with_interfaces/msg/detail
[1.199s] -- Up-to-date: /home/victory/Robot-Operating-System/python_ws/install/package_with_interfaces/include/package_with_interfaces/package_with_interfaces/msg/detail/amazing_quote__struct.hpp
[1.200s] -- Up-to-date: /home/victory/Robot-Operating-System/python_ws/install/package_with_interfaces/include/package_with_interfaces/package_with_interfaces/msg/detail/amazing_quote__traits.hpp
[1.200s] -- Up-to-date: /home/victory/Robot-Operating-System/python_ws/install/package_with_interfaces/include/package_with_interfaces/package_with_interfaces/msg/detail/amazing_quote__builder.hpp
[1.200s] -- Up-to-date: /home/victory/Robot-Operating-System/python_ws/install/package_with_interfaces/include/package_with_interfaces/package_with_interfaces/msg/amazing_quote.hpp
[1.200s] -- Up-to-date: /home/victory/Robot-Operating-System/python_ws/install/package_with_interfaces/include/package_with_interfaces/package_with_interfaces/srv
[1.200s] -- Up-to-date: /home/victory/Robot-Operating-System/python_ws/install/package_with_interfaces/include/package_with_interfaces/package_with_interfaces/srv/detail
[1.200s] -- Up-to-date: /home/victory/Robot-Operating-System/python_ws/install/package_with_interfaces/include/package_with_interfaces/package_with_interfaces/srv/detail/what_is_the_point__struct.hpp
[1.201s] -- Up-to-date: /home/victory/Robot-Operating-System/python_ws/install/package_with_interfaces/include/package_with_interfaces/package_with_interfaces/srv/detail/what_is_the_point__builder.hpp
[1.202s] -- Up-to-date: /home/victory/Robot-Operating-System/python_ws/install/package_with_interfaces/include/package_with_interfaces/package_with_interfaces/srv/detail/what_is_the_point__traits.hpp
[1.202s] -- Up-to-date: /home/victory/Robot-Operating-System/python_ws/install/package_with_interfaces/include/package_with_interfaces/package_with_interfaces/srv/what_is_the_point.hpp
[1.202s] -- Up-to-date: /home/victory/Robot-Operating-System/python_ws/install/package_with_interfaces/include/package_with_interfaces/package_with_interfaces
[1.203s] -- Up-to-date: /home/victory/Robot-Operating-System/python_ws/install/package_with_interfaces/include/package_with_interfaces/package_with_interfaces/msg
[1.203s] -- Up-to-date: /home/victory/Robot-Operating-System/python_ws/install/package_with_interfaces/include/package_with_interfaces/package_with_interfaces/msg/detail
[1.203s] -- Up-to-date: /home/victory/Robot-Operating-System/python_ws/install/package_with_interfaces/include/package_with_interfaces/package_with_interfaces/msg/detail/dds_fastrtps
[1.203s] -- Up-to-date: /home/victory/Robot-Operating-System/python_ws/install/package_with_interfaces/include/package_with_interfaces/package_with_interfaces/msg/detail/amazing_quote__rosidl_typesupport_fastrtps_cpp.hpp
[1.203s] -- Up-to-date: /home/victory/Robot-Operating-System/python_ws/install/package_with_interfaces/include/package_with_interfaces/package_with_interfaces/msg/rosidl_typesupport_fastrtps_cpp__visibility_control.h
[1.204s] -- Up-to-date: /home/victory/Robot-Operating-System/python_ws/install/package_with_interfaces/include/package_with_interfaces/package_with_interfaces/srv
[1.204s] -- Up-to-date: /home/victory/Robot-Operating-System/python_ws/install/package_with_interfaces/include/package_with_interfaces/package_with_interfaces/srv/detail
[1.204s] -- Up-to-date: /home/victory/Robot-Operating-System/python_ws/install/package_with_interfaces/include/package_with_interfaces/package_with_interfaces/srv/detail/dds_fastrtps
[1.205s] -- Up-to-date: /home/victory/Robot-Operating-System/python_ws/install/package_with_interfaces/include/package_with_interfaces/package_with_interfaces/srv/detail/what_is_the_point__rosidl_typesupport_fastrtps_cpp.hpp
[1.206s] -- Up-to-date: /home/victory/Robot-Operating-System/python_ws/install/package_with_interfaces/lib/libpackage_with_interfaces__rosidl_typesupport_fastrtps_cpp.so
[1.207s] -- Up-to-date: /home/victory/Robot-Operating-System/python_ws/install/package_with_interfaces/include/package_with_interfaces/package_with_interfaces
[1.207s] -- Up-to-date: /home/victory/Robot-Operating-System/python_ws/install/package_with_interfaces/include/package_with_interfaces/package_with_interfaces/msg
[1.207s] -- Up-to-date: /home/victory/Robot-Operating-System/python_ws/install/package_with_interfaces/include/package_with_interfaces/package_with_interfaces/msg/rosidl_typesupport_introspection_c__visibility_control.h
[1.207s] -- Up-to-date: /home/victory/Robot-Operating-System/python_ws/install/package_with_interfaces/include/package_with_interfaces/package_with_interfaces/msg/detail
[1.208s] -- Up-to-date: /home/victory/Robot-Operating-System/python_ws/install/package_with_interfaces/include/package_with_interfaces/package_with_interfaces/msg/detail/amazing_quote__rosidl_typesupport_introspection_c.h
[1.208s] -- Up-to-date: /home/victory/Robot-Operating-System/python_ws/install/package_with_interfaces/include/package_with_interfaces/package_with_interfaces/msg/detail/amazing_quote__type_support.c
[1.208s] -- Up-to-date: /home/victory/Robot-Operating-System/python_ws/install/package_with_interfaces/include/package_with_interfaces/package_with_interfaces/srv
[1.209s] -- Up-to-date: /home/victory/Robot-Operating-System/python_ws/install/package_with_interfaces/include/package_with_interfaces/package_with_interfaces/srv/detail
[1.209s] -- Up-to-date: /home/victory/Robot-Operating-System/python_ws/install/package_with_interfaces/include/package_with_interfaces/package_with_interfaces/srv/detail/what_is_the_point__type_support.c
[1.209s] -- Up-to-date: /home/victory/Robot-Operating-System/python_ws/install/package_with_interfaces/include/package_with_interfaces/package_with_interfaces/srv/detail/what_is_the_point__rosidl_typesupport_introspection_c.h
[1.209s] -- Up-to-date: /home/victory/Robot-Operating-System/python_ws/install/package_with_interfaces/lib/libpackage_with_interfaces__rosidl_typesupport_introspection_c.so
[1.209s] -- Up-to-date: /home/victory/Robot-Operating-System/python_ws/install/package_with_interfaces/lib/libpackage_with_interfaces__rosidl_typesupport_c.so
[1.210s] -- Up-to-date: /home/victory/Robot-Operating-System/python_ws/install/package_with_interfaces/include/package_with_interfaces/package_with_interfaces
[1.210s] -- Up-to-date: /home/victory/Robot-Operating-System/python_ws/install/package_with_interfaces/include/package_with_interfaces/package_with_interfaces/msg
[1.210s] -- Up-to-date: /home/victory/Robot-Operating-System/python_ws/install/package_with_interfaces/include/package_with_interfaces/package_with_interfaces/msg/detail
[1.210s] -- Up-to-date: /home/victory/Robot-Operating-System/python_ws/install/package_with_interfaces/include/package_with_interfaces/package_with_interfaces/msg/detail/amazing_quote__rosidl_typesupport_introspection_cpp.hpp
[1.210s] -- Up-to-date: /home/victory/Robot-Operating-System/python_ws/install/package_with_interfaces/include/package_with_interfaces/package_with_interfaces/msg/detail/amazing_quote__type_support.cpp
[1.210s] -- Up-to-date: /home/victory/Robot-Operating-System/python_ws/install/package_with_interfaces/include/package_with_interfaces/package_with_interfaces/srv
[1.211s] -- Up-to-date: /home/victory/Robot-Operating-System/python_ws/install/package_with_interfaces/include/package_with_interfaces/package_with_interfaces/srv/detail
[1.211s] -- Up-to-date: /home/victory/Robot-Operating-System/python_ws/install/package_with_interfaces/include/package_with_interfaces/package_with_interfaces/srv/detail/what_is_the_point__rosidl_typesupport_introspection_cpp.hpp
[1.211s] -- Up-to-date: /home/victory/Robot-Operating-System/python_ws/install/package_with_interfaces/include/package_with_interfaces/package_with_interfaces/srv/detail/what_is_the_point__type_support.cpp
[1.211s] -- Up-to-date: /home/victory/Robot-Operating-System/python_ws/install/package_with_interfaces/lib/libpackage_with_interfaces__rosidl_typesupport_introspection_cpp.so
[1.211s] -- Up-to-date: /home/victory/Robot-Operating-System/python_ws/install/package_with_interfaces/lib/libpackage_with_interfaces__rosidl_typesupport_cpp.so
[1.211s] -- Up-to-date: /home/victory/Robot-Operating-System/python_ws/install/package_with_interfaces/share/package_with_interfaces/environment/pythonpath.sh
[1.211s] -- Up-to-date: /home/victory/Robot-Operating-System/python_ws/install/package_with_interfaces/share/package_with_interfaces/environment/pythonpath.dsv
[1.212s] -- Up-to-date: /home/victory/Robot-Operating-System/python_ws/install/package_with_interfaces/local/lib/python3.10/dist-packages/package_with_interfaces-0.0.0-py3.10.egg-info
[1.212s] -- Installing: /home/victory/Robot-Operating-System/python_ws/install/package_with_interfaces/local/lib/python3.10/dist-packages/package_with_interfaces-0.0.0-py3.10.egg-info/PKG-INFO
[1.212s] -- Installing: /home/victory/Robot-Operating-System/python_ws/install/package_with_interfaces/local/lib/python3.10/dist-packages/package_with_interfaces-0.0.0-py3.10.egg-info/SOURCES.txt
[1.212s] -- Installing: /home/victory/Robot-Operating-System/python_ws/install/package_with_interfaces/local/lib/python3.10/dist-packages/package_with_interfaces-0.0.0-py3.10.egg-info/dependency_links.txt
[1.212s] -- Installing: /home/victory/Robot-Operating-System/python_ws/install/package_with_interfaces/local/lib/python3.10/dist-packages/package_with_interfaces-0.0.0-py3.10.egg-info/top_level.txt
[1.212s] -- Up-to-date: /home/victory/Robot-Operating-System/python_ws/install/package_with_interfaces/local/lib/python3.10/dist-packages/package_with_interfaces
[1.213s] -- Up-to-date: /home/victory/Robot-Operating-System/python_ws/install/package_with_interfaces/local/lib/python3.10/dist-packages/package_with_interfaces/__init__.py
[1.213s] -- Up-to-date: /home/victory/Robot-Operating-System/python_ws/install/package_with_interfaces/local/lib/python3.10/dist-packages/package_with_interfaces/libpackage_with_interfaces__rosidl_generator_py.so
[1.213s] -- Up-to-date: /home/victory/Robot-Operating-System/python_ws/install/package_with_interfaces/local/lib/python3.10/dist-packages/package_with_interfaces/_package_with_interfaces_s.ep.rosidl_typesupport_fastrtps_c.c
[1.213s] -- Up-to-date: /home/victory/Robot-Operating-System/python_ws/install/package_with_interfaces/local/lib/python3.10/dist-packages/package_with_interfaces/package_with_interfaces_s__rosidl_typesupport_introspection_c.cpython-310-x86_64-linux-gnu.so
[1.213s] -- Up-to-date: /home/victory/Robot-Operating-System/python_ws/install/package_with_interfaces/local/lib/python3.10/dist-packages/package_with_interfaces/msg
[1.213s] -- Up-to-date: /home/victory/Robot-Operating-System/python_ws/install/package_with_interfaces/local/lib/python3.10/dist-packages/package_with_interfaces/msg/__init__.py
[1.214s] -- Up-to-date: /home/victory/Robot-Operating-System/python_ws/install/package_with_interfaces/local/lib/python3.10/dist-packages/package_with_interfaces/msg/_amazing_quote.py
[1.214s] -- Up-to-date: /home/victory/Robot-Operating-System/python_ws/install/package_with_interfaces/local/lib/python3.10/dist-packages/package_with_interfaces/msg/_amazing_quote_s.c
[1.214s] -- Up-to-date: /home/victory/Robot-Operating-System/python_ws/install/package_with_interfaces/local/lib/python3.10/dist-packages/package_with_interfaces/package_with_interfaces_s__rosidl_typesupport_fastrtps_c.cpython-310-x86_64-linux-gnu.so
[1.214s] -- Up-to-date: /home/victory/Robot-Operating-System/python_ws/install/package_with_interfaces/local/lib/python3.10/dist-packages/package_with_interfaces/_package_with_interfaces_s.ep.rosidl_typesupport_c.c
[1.214s] -- Up-to-date: /home/victory/Robot-Operating-System/python_ws/install/package_with_interfaces/local/lib/python3.10/dist-packages/package_with_interfaces/srv
[1.214s] -- Up-to-date: /home/victory/Robot-Operating-System/python_ws/install/package_with_interfaces/local/lib/python3.10/dist-packages/package_with_interfaces/srv/__init__.py
[1.215s] -- Up-to-date: /home/victory/Robot-Operating-System/python_ws/install/package_with_interfaces/local/lib/python3.10/dist-packages/package_with_interfaces/srv/_what_is_the_point.py
[1.215s] -- Up-to-date: /home/victory/Robot-Operating-System/python_ws/install/package_with_interfaces/local/lib/python3.10/dist-packages/package_with_interfaces/srv/_what_is_the_point_s.c
[1.215s] -- Up-to-date: /home/victory/Robot-Operating-System/python_ws/install/package_with_interfaces/local/lib/python3.10/dist-packages/package_with_interfaces/package_with_interfaces_s__rosidl_typesupport_c.cpython-310-x86_64-linux-gnu.so
[1.215s] -- Up-to-date: /home/victory/Robot-Operating-System/python_ws/install/package_with_interfaces/local/lib/python3.10/dist-packages/package_with_interfaces/_package_with_interfaces_s.ep.rosidl_typesupport_introspection_c.c
[1.266s] Listing '/home/victory/Robot-Operating-System/python_ws/install/package_with_interfaces/local/lib/python3.10/dist-packages/package_with_interfaces'...
[1.266s] Listing '/home/victory/Robot-Operating-System/python_ws/install/package_with_interfaces/local/lib/python3.10/dist-packages/package_with_interfaces/msg'...
[1.266s] Listing '/home/victory/Robot-Operating-System/python_ws/install/package_with_interfaces/local/lib/python3.10/dist-packages/package_with_interfaces/srv'...
[1.274s] -- Up-to-date: /home/victory/Robot-Operating-System/python_ws/install/package_with_interfaces/local/lib/python3.10/dist-packages/package_with_interfaces/package_with_interfaces_s__rosidl_typesupport_fastrtps_c.cpython-310-x86_64-linux-gnu.so
[1.275s] -- Up-to-date: /home/victory/Robot-Operating-System/python_ws/install/package_with_interfaces/local/lib/python3.10/dist-packages/package_with_interfaces/package_with_interfaces_s__rosidl_typesupport_introspection_c.cpython-310-x86_64-linux-gnu.so
[1.276s] -- Up-to-date: /home/victory/Robot-Operating-System/python_ws/install/package_with_interfaces/local/lib/python3.10/dist-packages/package_with_interfaces/package_with_interfaces_s__rosidl_typesupport_c.cpython-310-x86_64-linux-gnu.so
[1.277s] -- Up-to-date: /home/victory/Robot-Operating-System/python_ws/install/package_with_interfaces/lib/libpackage_with_interfaces__rosidl_generator_py.so
[1.278s] -- Up-to-date: /home/victory/Robot-Operating-System/python_ws/install/package_with_interfaces/share/package_with_interfaces/msg/AmazingQuote.idl
[1.278s] -- Up-to-date: /home/victory/Robot-Operating-System/python_ws/install/package_with_interfaces/share/package_with_interfaces/srv/WhatIsThePoint.idl
[1.279s] -- Up-to-date: /home/victory/Robot-Operating-System/python_ws/install/package_with_interfaces/share/package_with_interfaces/msg/AmazingQuote.msg
[1.279s] -- Up-to-date: /home/victory/Robot-Operating-System/python_ws/install/package_with_interfaces/share/package_with_interfaces/srv/WhatIsThePoint.srv
[1.279s] -- Up-to-date: /home/victory/Robot-Operating-System/python_ws/install/package_with_interfaces/share/package_with_interfaces/srv/WhatIsThePoint_Request.msg
[1.279s] -- Up-to-date: /home/victory/Robot-Operating-System/python_ws/install/package_with_interfaces/share/package_with_interfaces/srv/WhatIsThePoint_Response.msg
[1.280s] -- Up-to-date: /home/victory/Robot-Operating-System/python_ws/install/package_with_interfaces/share/ament_index/resource_index/package_run_dependencies/package_with_interfaces
[1.280s] -- Up-to-date: /home/victory/Robot-Operating-System/python_ws/install/package_with_interfaces/share/ament_index/resource_index/parent_prefix_path/package_with_interfaces
[1.281s] -- Up-to-date: /home/victory/Robot-Operating-System/python_ws/install/package_with_interfaces/share/package_with_interfaces/environment/ament_prefix_path.sh
[1.281s] -- Up-to-date: /home/victory/Robot-Operating-System/python_ws/install/package_with_interfaces/share/package_with_interfaces/environment/ament_prefix_path.dsv
[1.282s] -- Up-to-date: /home/victory/Robot-Operating-System/python_ws/install/package_with_interfaces/share/package_with_interfaces/environment/path.sh
[1.282s] -- Up-to-date: /home/victory/Robot-Operating-System/python_ws/install/package_with_interfaces/share/package_with_interfaces/environment/path.dsv
[1.282s] -- Up-to-date: /home/victory/Robot-Operating-System/python_ws/install/package_with_interfaces/share/package_with_interfaces/local_setup.bash
[1.282s] -- Up-to-date: /home/victory/Robot-Operating-System/python_ws/install/package_with_interfaces/share/package_with_interfaces/local_setup.sh
[1.283s] -- Up-to-date: /home/victory/Robot-Operating-System/python_ws/install/package_with_interfaces/share/package_with_interfaces/local_setup.zsh
[1.283s] -- Up-to-date: /home/victory/Robot-Operating-System/python_ws/install/package_with_interfaces/share/package_with_interfaces/local_setup.dsv
[1.283s] -- Installing: /home/victory/Robot-Operating-System/python_ws/install/package_with_interfaces/share/package_with_interfaces/package.dsv
[1.284s] -- Up-to-date: /home/victory/Robot-Operating-System/python_ws/install/package_with_interfaces/share/ament_index/resource_index/packages/package_with_interfaces
[1.284s] -- Up-to-date: /home/victory/Robot-Operating-System/python_ws/install/package_with_interfaces/share/package_with_interfaces/cmake/export_package_with_interfaces__rosidl_generator_cExport.cmake
[1.285s] -- Up-to-date: /home/victory/Robot-Operating-System/python_ws/install/package_with_interfaces/share/package_with_interfaces/cmake/export_package_with_interfaces__rosidl_generator_cExport-noconfig.cmake
[1.285s] -- Up-to-date: /home/victory/Robot-Operating-System/python_ws/install/package_with_interfaces/share/package_with_interfaces/cmake/export_package_with_interfaces__rosidl_typesupport_fastrtps_cExport.cmake
[1.285s] -- Up-to-date: /home/victory/Robot-Operating-System/python_ws/install/package_with_interfaces/share/package_with_interfaces/cmake/export_package_with_interfaces__rosidl_typesupport_fastrtps_cExport-noconfig.cmake
[1.285s] -- Up-to-date: /home/victory/Robot-Operating-System/python_ws/install/package_with_interfaces/share/package_with_interfaces/cmake/export_package_with_interfaces__rosidl_generator_cppExport.cmake
[1.285s] -- Up-to-date: /home/victory/Robot-Operating-System/python_ws/install/package_with_interfaces/share/package_with_interfaces/cmake/export_package_with_interfaces__rosidl_typesupport_fastrtps_cppExport.cmake
[1.286s] -- Up-to-date: /home/victory/Robot-Operating-System/python_ws/install/package_with_interfaces/share/package_with_interfaces/cmake/export_package_with_interfaces__rosidl_typesupport_fastrtps_cppExport-noconfig.cmake
[1.287s] -- Up-to-date: /home/victory/Robot-Operating-System/python_ws/install/package_with_interfaces/share/package_with_interfaces/cmake/package_with_interfaces__rosidl_typesupport_introspection_cExport.cmake
[1.289s] -- Up-to-date: /home/victory/Robot-Operating-System/python_ws/install/package_with_interfaces/share/package_with_interfaces/cmake/package_with_interfaces__rosidl_typesupport_introspection_cExport-noconfig.cmake
[1.290s] -- Up-to-date: /home/victory/Robot-Operating-System/python_ws/install/package_with_interfaces/share/package_with_interfaces/cmake/package_with_interfaces__rosidl_typesupport_cExport.cmake
[1.290s] -- Up-to-date: /home/victory/Robot-Operating-System/python_ws/install/package_with_interfaces/share/package_with_interfaces/cmake/package_with_interfaces__rosidl_typesupport_cExport-noconfig.cmake
[1.291s] -- Up-to-date: /home/victory/Robot-Operating-System/python_ws/install/package_with_interfaces/share/package_with_interfaces/cmake/package_with_interfaces__rosidl_typesupport_introspection_cppExport.cmake
[1.291s] -- Up-to-date: /home/victory/Robot-Operating-System/python_ws/install/package_with_interfaces/share/package_with_interfaces/cmake/package_with_interfaces__rosidl_typesupport_introspection_cppExport-noconfig.cmake
[1.292s] -- Up-to-date: /home/victory/Robot-Operating-System/python_ws/install/package_with_interfaces/share/package_with_interfaces/cmake/package_with_interfaces__rosidl_typesupport_cppExport.cmake
[1.293s] -- Up-to-date: /home/victory/Robot-Operating-System/python_ws/install/package_with_interfaces/share/package_with_interfaces/cmake/package_with_interfaces__rosidl_typesupport_cppExport-noconfig.cmake
[1.293s] -- Up-to-date: /home/victory/Robot-Operating-System/python_ws/install/package_with_interfaces/share/package_with_interfaces/cmake/export_package_with_interfaces__rosidl_generator_pyExport.cmake
[1.293s] -- Up-to-date: /home/victory/Robot-Operating-System/python_ws/install/package_with_interfaces/share/package_with_interfaces/cmake/export_package_with_interfaces__rosidl_generator_pyExport-noconfig.cmake
[1.293s] -- Up-to-date: /home/victory/Robot-Operating-System/python_ws/install/package_with_interfaces/share/package_with_interfaces/cmake/rosidl_cmake-extras.cmake
[1.294s] -- Up-to-date: /home/victory/Robot-Operating-System/python_ws/install/package_with_interfaces/share/package_with_interfaces/cmake/ament_cmake_export_dependencies-extras.cmake
[1.294s] -- Up-to-date: /home/victory/Robot-Operating-System/python_ws/install/package_with_interfaces/share/package_with_interfaces/cmake/ament_cmake_export_include_directories-extras.cmake
[1.294s] -- Up-to-date: /home/victory/Robot-Operating-System/python_ws/install/package_with_interfaces/share/package_with_interfaces/cmake/ament_cmake_export_libraries-extras.cmake
[1.294s] -- Up-to-date: /home/victory/Robot-Operating-System/python_ws/install/package_with_interfaces/share/package_with_interfaces/cmake/ament_cmake_export_targets-extras.cmake
[1.294s] -- Up-to-date: /home/victory/Robot-Operating-System/python_ws/install/package_with_interfaces/share/package_with_interfaces/cmake/rosidl_cmake_export_typesupport_targets-extras.cmake
[1.295s] -- Up-to-date: /home/victory/Robot-Operating-System/python_ws/install/package_with_interfaces/share/package_with_interfaces/cmake/rosidl_cmake_export_typesupport_libraries-extras.cmake
[1.295s] -- Up-to-date: /home/victory/Robot-Operating-System/python_ws/install/package_with_interfaces/share/package_with_interfaces/cmake/package_with_interfacesConfig.cmake
[1.296s] -- Up-to-date: /home/victory/Robot-Operating-System/python_ws/install/package_with_interfaces/share/package_with_interfaces/cmake/package_with_interfacesConfig-version.cmake
[1.296s] -- Up-to-date: /home/victory/Robot-Operating-System/python_ws/install/package_with_interfaces/share/package_with_interfaces/package.xml
[1.296s] Invoked command in '/home/victory/Robot-Operating-System/python_ws/build/package_with_interfaces' returned '0': CMAKE_PREFIX_PATH=${CMAKE_PREFIX_PATH}:/home/victory/Robot-Operating-System/python_ws/install/python_package_that_uses_parameters_and_launch_files:/home/victory/Robot-Operating-System/python_ws/install/positio_encoder_decoder_python_package:/home/victory/Robot-Operating-System/python_ws/install/package_with_configurable_nodes:/home/victory/Robot-Operating-System/python_ws/install/package_that_uses_package_with_interfaces:/home/victory/Robot-Operating-System/python_ws/install/motor_distance_sensor_package:/opt/ros/humble /home/linuxbrew/.linuxbrew/bin/cmake --install /home/victory/Robot-Operating-System/python_ws/build/package_with_interfaces
