[0.373s] Invoking command in '/home/victory/Robot-Operating-System/cpp_ws/build/srv_client': CMAKE_PREFIX_PATH=/opt/ros/humble /home/linuxbrew/.linuxbrew/bin/cmake /home/victory/Robot-Operating-System/cpp_ws/src/srv_client -DCMAKE_INSTALL_PREFIX=/home/victory/Robot-Operating-System/cpp_ws/install/srv_client
[4.650s] -- The C compiler identification is GNU 11.4.0
[6.677s] -- The CXX compiler identification is GNU 11.4.0
[7.879s] -- Detecting C compiler ABI info
[8.341s] -- Detecting C compiler ABI info - done
[8.362s] -- Check for working C compiler: /usr/bin/cc - skipped
[8.363s] -- Detecting C compile features
[8.365s] -- Detecting C compile features - done
[8.414s] -- Detecting CXX compiler ABI info
[8.813s] -- Detecting CXX compiler ABI info - done
[8.835s] -- Check for working CXX compiler: /usr/bin/c++ - skipped
[8.835s] -- Detecting CXX compile features
[8.836s] -- Detecting CXX compile features - done
[9.034s] -- Found ament_cmake: 1.3.10 (/opt/ros/humble/share/ament_cmake/cmake)
[9.386s] -- Found Python3: /usr/bin/python3 (found version "3.10.12") found components: Interpreter
[10.066s] -- Found rclcpp: 16.0.10 (/opt/ros/humble/share/rclcpp/cmake)
[10.938s] -- Found rosidl_generator_c: 3.1.5 (/opt/ros/humble/share/rosidl_generator_c/cmake)
[10.980s] -- Found rosidl_adapter: 3.1.5 (/opt/ros/humble/share/rosidl_adapter/cmake)
[11.041s] -- Found rosidl_generator_cpp: 3.1.5 (/opt/ros/humble/share/rosidl_generator_cpp/cmake)
[11.128s] -- Using all available rosidl_typesupport_c: rosidl_typesupport_fastrtps_c;rosidl_typesupport_introspection_c
[11.271s] -- Using all available rosidl_typesupport_cpp: rosidl_typesupport_fastrtps_cpp;rosidl_typesupport_introspection_cpp
[11.607s] -- Found rmw_implementation_cmake: 6.1.2 (/opt/ros/humble/share/rmw_implementation_cmake/cmake)
[11.636s] -- Found rmw_fastrtps_cpp: 6.2.7 (/opt/ros/humble/share/rmw_fastrtps_cpp/cmake)
[14.820s] -- Found OpenSSL: /usr/lib/x86_64-linux-gnu/libcrypto.so (found version "3.0.2")
[17.404s] -- Found FastRTPS: /opt/ros/humble/include
[21.468s] -- Using RMW implementation 'rmw_fastrtps_cpp' as default
[21.606s] -- Performing Test CMAKE_HAVE_LIBC_PTHREAD
[22.077s] -- Performing Test CMAKE_HAVE_LIBC_PTHREAD - Success
[22.079s] -- Found Threads: TRUE
[22.404s] -- Found example_interfaces: 0.9.3 (/opt/ros/humble/share/example_interfaces/cmake)
[22.670s] -- Found ament_lint_auto: 0.12.11 (/opt/ros/humble/share/ament_lint_auto/cmake)
[22.903s] -- Added test 'cppcheck' to perform static code analysis on C / C++ code
[22.904s] -- Configured cppcheck include dirs: $<BUILD_INTERFACE:/home/victory/Robot-Operating-System/cpp_ws/src/srv_client/include>
[22.904s] -- Configured cppcheck exclude dirs and/or files: 
[22.915s] -- Added test 'lint_cmake' to check CMake code style
[22.955s] -- Added test 'uncrustify' to check C / C++ code style
[22.956s] -- Configured uncrustify additional arguments: 
[22.958s] -- Added test 'xmllint' to check XML markup files
[22.968s] -- Configuring done (22.1s)
[23.010s] -- Generating done (0.0s)
[23.013s] -- Build files have been written to: /home/victory/Robot-Operating-System/cpp_ws/build/srv_client
[23.028s] Invoked command in '/home/victory/Robot-Operating-System/cpp_ws/build/srv_client' returned '0': CMAKE_PREFIX_PATH=/opt/ros/humble /home/linuxbrew/.linuxbrew/bin/cmake /home/victory/Robot-Operating-System/cpp_ws/src/srv_client -DCMAKE_INSTALL_PREFIX=/home/victory/Robot-Operating-System/cpp_ws/install/srv_client
[23.031s] Invoking command in '/home/victory/Robot-Operating-System/cpp_ws/build/srv_client': CMAKE_PREFIX_PATH=/opt/ros/humble /home/linuxbrew/.linuxbrew/bin/cmake --build /home/victory/Robot-Operating-System/cpp_ws/build/srv_client -- -j4 -l4
[23.070s] [ 50%] [32mBuilding CXX object CMakeFiles/demo_service_client.dir/src/demo_service_client.cpp.o[0m
[32.378s] [100%] [32m[1mLinking CXX executable demo_service_client[0m
[33.598s] [100%] Built target demo_service_client
[33.611s] Invoked command in '/home/victory/Robot-Operating-System/cpp_ws/build/srv_client' returned '0': CMAKE_PREFIX_PATH=/opt/ros/humble /home/linuxbrew/.linuxbrew/bin/cmake --build /home/victory/Robot-Operating-System/cpp_ws/build/srv_client -- -j4 -l4
[33.648s] Invoking command in '/home/victory/Robot-Operating-System/cpp_ws/build/srv_client': CMAKE_PREFIX_PATH=/opt/ros/humble /home/linuxbrew/.linuxbrew/bin/cmake --install /home/victory/Robot-Operating-System/cpp_ws/build/srv_client
[33.652s] -- Install configuration: ""
[33.652s] -- Installing: /home/victory/Robot-Operating-System/cpp_ws/install/srv_client/lib/srv_client/demo_service_client
[33.654s] -- Set non-toolchain portion of runtime path of "/home/victory/Robot-Operating-System/cpp_ws/install/srv_client/lib/srv_client/demo_service_client" to ""
[33.655s] -- Installing: /home/victory/Robot-Operating-System/cpp_ws/install/srv_client/share/ament_index/resource_index/package_run_dependencies/srv_client
[33.655s] -- Installing: /home/victory/Robot-Operating-System/cpp_ws/install/srv_client/share/ament_index/resource_index/parent_prefix_path/srv_client
[33.656s] -- Installing: /home/victory/Robot-Operating-System/cpp_ws/install/srv_client/share/srv_client/environment/ament_prefix_path.sh
[33.656s] -- Installing: /home/victory/Robot-Operating-System/cpp_ws/install/srv_client/share/srv_client/environment/ament_prefix_path.dsv
[33.657s] -- Installing: /home/victory/Robot-Operating-System/cpp_ws/install/srv_client/share/srv_client/environment/path.sh
[33.657s] -- Installing: /home/victory/Robot-Operating-System/cpp_ws/install/srv_client/share/srv_client/environment/path.dsv
[33.657s] -- Installing: /home/victory/Robot-Operating-System/cpp_ws/install/srv_client/share/srv_client/local_setup.bash
[33.657s] -- Installing: /home/victory/Robot-Operating-System/cpp_ws/install/srv_client/share/srv_client/local_setup.sh
[33.658s] -- Installing: /home/victory/Robot-Operating-System/cpp_ws/install/srv_client/share/srv_client/local_setup.zsh
[33.658s] -- Installing: /home/victory/Robot-Operating-System/cpp_ws/install/srv_client/share/srv_client/local_setup.dsv
[33.658s] -- Installing: /home/victory/Robot-Operating-System/cpp_ws/install/srv_client/share/srv_client/package.dsv
[33.659s] -- Installing: /home/victory/Robot-Operating-System/cpp_ws/install/srv_client/share/ament_index/resource_index/packages/srv_client
[33.659s] -- Installing: /home/victory/Robot-Operating-System/cpp_ws/install/srv_client/share/srv_client/cmake/srv_clientConfig.cmake
[33.659s] -- Installing: /home/victory/Robot-Operating-System/cpp_ws/install/srv_client/share/srv_client/cmake/srv_clientConfig-version.cmake
[33.659s] -- Installing: /home/victory/Robot-Operating-System/cpp_ws/install/srv_client/share/srv_client/package.xml
[33.663s] Invoked command in '/home/victory/Robot-Operating-System/cpp_ws/build/srv_client' returned '0': CMAKE_PREFIX_PATH=/opt/ros/humble /home/linuxbrew/.linuxbrew/bin/cmake --install /home/victory/Robot-Operating-System/cpp_ws/build/srv_client
