[8.111s] DEBUG:colcon:Command line arguments: ['/usr/bin/colcon', 'build', '--symlink-install']
[8.112s] DEBUG:colcon:Parsed command line arguments: Namespace(log_base=None, log_level=None, verb_name='build', build_base='build', install_base='install', merge_install=False, symlink_install=True, test_result_base=None, continue_on_error=False, executor='parallel', parallel_workers=4, event_handlers=None, ignore_user_meta=False, metas=['./colcon.meta'], base_paths=['.'], packages_ignore=None, packages_ignore_regex=None, paths=None, packages_up_to=None, packages_up_to_regex=None, packages_above=None, packages_above_and_dependencies=None, packages_above_depth=None, packages_select_by_dep=None, packages_skip_by_dep=None, packages_skip_up_to=None, packages_select_build_failed=False, packages_skip_build_finished=False, packages_select_test_failures=False, packages_skip_test_passed=False, packages_select=None, packages_skip=None, packages_select_regex=None, packages_skip_regex=None, packages_start=None, packages_end=None, allow_overriding=[], cmake_args=None, cmake_target=None, cmake_target_skip_unavailable=False, cmake_clean_cache=False, cmake_clean_first=False, cmake_force_configure=False, ament_cmake_args=None, catkin_cmake_args=None, catkin_skip_building_tests=False, mixin_files=None, mixin=None, verb_parser=<colcon_mixin.mixin.mixin_argument.MixinArgumentDecorator object at 0x7fb09e281cf0>, verb_extension=<colcon_core.verb.build.BuildVerb object at 0x7fb09e280ca0>, main=<bound method BuildVerb.main of <colcon_core.verb.build.BuildVerb object at 0x7fb09e280ca0>>, mixin_verb=('build',))
[12.810s] Level 1:colcon.colcon_core.package_discovery:discover_packages(colcon_meta) check parameters
[12.810s] Level 1:colcon.colcon_core.package_discovery:discover_packages(recursive) check parameters
[12.810s] Level 1:colcon.colcon_core.package_discovery:discover_packages(ignore) check parameters
[12.810s] Level 1:colcon.colcon_core.package_discovery:discover_packages(path) check parameters
[12.811s] Level 1:colcon.colcon_core.package_discovery:discover_packages(colcon_meta) discover
[12.811s] Level 1:colcon.colcon_core.package_discovery:discover_packages(recursive) discover
[12.811s] INFO:colcon.colcon_core.package_discovery:Crawling recursively for packages in '/home/victory/Robot-Operating-System/cpp_ws'
[12.811s] Level 1:colcon.colcon_core.package_identification:_identify(.) by extensions ['ignore', 'ignore_ament_install']
[12.811s] Level 1:colcon.colcon_core.package_identification:_identify(.) by extension 'ignore'
[12.812s] Level 1:colcon.colcon_core.package_identification:_identify(.) by extension 'ignore_ament_install'
[12.812s] Level 1:colcon.colcon_core.package_identification:_identify(.) by extensions ['colcon_pkg']
[12.812s] Level 1:colcon.colcon_core.package_identification:_identify(.) by extension 'colcon_pkg'
[12.812s] Level 1:colcon.colcon_core.package_identification:_identify(.) by extensions ['colcon_meta']
[12.812s] Level 1:colcon.colcon_core.package_identification:_identify(.) by extension 'colcon_meta'
[12.812s] Level 1:colcon.colcon_core.package_identification:_identify(.) by extensions ['ros']
[12.812s] Level 1:colcon.colcon_core.package_identification:_identify(.) by extension 'ros'
[12.955s] Level 1:colcon.colcon_core.package_identification:_identify(.) by extensions ['cmake', 'python']
[12.955s] Level 1:colcon.colcon_core.package_identification:_identify(.) by extension 'cmake'
[12.955s] Level 1:colcon.colcon_core.package_identification:_identify(.) by extension 'python'
[12.955s] Level 1:colcon.colcon_core.package_identification:_identify(.) by extensions ['python_setup_py']
[12.956s] Level 1:colcon.colcon_core.package_identification:_identify(.) by extension 'python_setup_py'
[12.956s] Level 1:colcon.colcon_core.package_identification:_identify(build) by extensions ['ignore', 'ignore_ament_install']
[12.956s] Level 1:colcon.colcon_core.package_identification:_identify(build) by extension 'ignore'
[12.956s] Level 1:colcon.colcon_core.package_identification:_identify(build) ignored
[12.956s] Level 1:colcon.colcon_core.package_identification:_identify(install) by extensions ['ignore', 'ignore_ament_install']
[12.957s] Level 1:colcon.colcon_core.package_identification:_identify(install) by extension 'ignore'
[12.957s] Level 1:colcon.colcon_core.package_identification:_identify(install) ignored
[12.957s] Level 1:colcon.colcon_core.package_identification:_identify(log) by extensions ['ignore', 'ignore_ament_install']
[12.957s] Level 1:colcon.colcon_core.package_identification:_identify(log) by extension 'ignore'
[12.957s] Level 1:colcon.colcon_core.package_identification:_identify(log) ignored
[12.957s] Level 1:colcon.colcon_core.package_discovery:discover_packages(recursive) using defaults
[12.957s] Level 1:colcon.colcon_core.package_discovery:discover_packages(ignore) discover
[12.957s] Level 1:colcon.colcon_core.package_discovery:discover_packages(ignore) using defaults
[12.957s] Level 1:colcon.colcon_core.package_discovery:discover_packages(path) discover
[12.957s] Level 1:colcon.colcon_core.package_discovery:discover_packages(path) using defaults
[13.380s] Level 1:colcon.colcon_core.package_discovery:discover_packages(prefix_path) check parameters
[13.381s] Level 1:colcon.colcon_core.package_discovery:discover_packages(prefix_path) discover
[13.460s] DEBUG:colcon.colcon_installed_package_information.package_discovery:Found 293 installed packages in /opt/ros/humble
[13.465s] Level 1:colcon.colcon_core.package_discovery:discover_packages(prefix_path) using defaults
[13.618s] INFO:colcon.colcon_core.executor:Executing jobs using 'parallel' executor
[13.621s] DEBUG:colcon.colcon_parallel_executor.executor.parallel:run_until_complete
[13.622s] DEBUG:colcon.colcon_parallel_executor.executor.parallel:closing loop
[13.622s] DEBUG:colcon.colcon_parallel_executor.executor.parallel:loop closed
[13.622s] DEBUG:colcon.colcon_parallel_executor.executor.parallel:run_until_complete finished with '0'
[13.622s] DEBUG:colcon.colcon_core.event_reactor:joining thread
[13.878s] INFO:colcon.colcon_core.plugin_system:Skipping extension 'colcon_notification.desktop_notification.notify_send': Could not find 'notify-send'
[13.879s] INFO:colcon.colcon_core.plugin_system:Skipping extension 'colcon_notification.desktop_notification.terminal_notifier': Not used on non-Darwin systems
[13.879s] INFO:colcon.colcon_core.plugin_system:Skipping extension 'colcon_notification.desktop_notification.win32': Not used on non-Windows systems
[13.879s] INFO:colcon.colcon_notification.desktop_notification:Sending desktop notification using 'notify2'
[13.879s] DEBUG:colcon.colcon_notification.desktop_notification.notify2:Failed to initialize notify2: org.freedesktop.DBus.Error.FileNotFound: Failed to connect to socket /run/user/1000/bus: No such file or directory
[13.879s] DEBUG:colcon.colcon_core.event_reactor:joined thread
[14.006s] INFO:colcon.colcon_core.plugin_system:Skipping extension 'colcon_core.shell.bat': Not used on non-Windows systems
[14.007s] INFO:colcon.colcon_core.shell:Creating prefix script '/home/victory/Robot-Operating-System/cpp_ws/install/local_setup.ps1'
[14.030s] INFO:colcon.colcon_core.shell:Creating prefix util module '/home/victory/Robot-Operating-System/cpp_ws/install/_local_setup_util_ps1.py'
[14.048s] INFO:colcon.colcon_core.shell:Creating prefix chain script '/home/victory/Robot-Operating-System/cpp_ws/install/setup.ps1'
[14.052s] INFO:colcon.colcon_core.shell:Creating prefix script '/home/victory/Robot-Operating-System/cpp_ws/install/local_setup.sh'
[14.055s] INFO:colcon.colcon_core.shell:Creating prefix util module '/home/victory/Robot-Operating-System/cpp_ws/install/_local_setup_util_sh.py'
[14.057s] INFO:colcon.colcon_core.shell:Creating prefix chain script '/home/victory/Robot-Operating-System/cpp_ws/install/setup.sh'
[14.063s] INFO:colcon.colcon_core.shell:Creating prefix script '/home/victory/Robot-Operating-System/cpp_ws/install/local_setup.bash'
[14.076s] INFO:colcon.colcon_core.shell:Creating prefix chain script '/home/victory/Robot-Operating-System/cpp_ws/install/setup.bash'
[14.082s] INFO:colcon.colcon_core.shell:Creating prefix script '/home/victory/Robot-Operating-System/cpp_ws/install/local_setup.zsh'
[14.085s] INFO:colcon.colcon_core.shell:Creating prefix chain script '/home/victory/Robot-Operating-System/cpp_ws/install/setup.zsh'
