[0.055s] Invoking command in '/home/victory/Robot-Operating-System/python_ws/build/package_with_interfaces': CMAKE_PREFIX_PATH=/opt/ros/humble /home/linuxbrew/.linuxbrew/bin/cmake --build /home/victory/Robot-Operating-System/python_ws/build/package_with_interfaces -- -j4 -l4
[0.056s] -- Found ament_cmake: 1.3.10 (/opt/ros/humble/share/ament_cmake/cmake)
[0.298s] -- Found geometry_msgs: 4.2.4 (/opt/ros/humble/share/geometry_msgs/cmake)
[0.974s] -- Found rosidl_generator_c: 3.1.5 (/opt/ros/humble/share/rosidl_generator_c/cmake)
[0.981s] -- Found rosidl_adapter: 3.1.5 (/opt/ros/humble/share/rosidl_adapter/cmake)
[0.995s] -- Found rosidl_generator_cpp: 3.1.5 (/opt/ros/humble/share/rosidl_generator_cpp/cmake)
[1.011s] -- Using all available rosidl_typesupport_c: rosidl_typesupport_fastrtps_c;rosidl_typesupport_introspection_c
[1.031s] -- Using all available rosidl_typesupport_cpp: rosidl_typesupport_fastrtps_cpp;rosidl_typesupport_introspection_cpp
[1.095s] -- Found rosidl_default_generators: 1.2.0 (/opt/ros/humble/share/rosidl_default_generators/cmake)
[1.444s] [31mCMake Error at /opt/ros/humble/share/rosidl_adapter/cmake/rosidl_adapt_interfaces.cmake:59 (message):
[1.444s]   execute_process(/usr/bin/python3 -m rosidl_adapter --package-name
[1.444s]   package_with_interfaces --arguments-file
[1.445s]   /home/victory/Robot-Operating-System/python_ws/build/package_with_interfaces/rosidl_adapter__arguments__package_with_interfaces.json
[1.445s]   --output-dir
[1.445s]   /home/victory/Robot-Operating-System/python_ws/build/package_with_interfaces/rosidl_adapter/package_with_interfaces
[1.446s]   --output-file
[1.446s]   /home/victory/Robot-Operating-System/python_ws/build/package_with_interfaces/rosidl_adapter/package_with_interfaces.idls)
[1.446s]   returned error code 1:
[1.446s] 
[1.446s]   Traceback (most recent call last):
[1.446s] 
[1.446s]     File "/usr/lib/python3.10/runpy.py", line 196, in _run_module_as_main
[1.446s]       return _run_code(code, main_globals, None,
[1.447s]     File "/usr/lib/python3.10/runpy.py", line 86, in _run_code
[1.447s]       exec(code, run_globals)
[1.447s]     File "/opt/ros/humble/local/lib/python3.10/dist-packages/rosidl_adapter/__main__.py", line 19, in <module>
[1.447s]       sys.exit(main())
[1.447s]     File "/opt/ros/humble/local/lib/python3.10/dist-packages/rosidl_adapter/main.py", line 53, in main
[1.447s]       abs_idl_file = convert_to_idl(
[1.447s]     File "/opt/ros/humble/local/lib/python3.10/dist-packages/rosidl_adapter/__init__.py", line 29, in convert_to_idl
[1.447s]       return convert_action_to_idl(
[1.447s]     File "/opt/ros/humble/local/lib/python3.10/dist-packages/rosidl_adapter/action/__init__.py", line 28, in convert_action_to_idl
[1.447s]       action = parse_action_string(package_name, input_file.stem, content)
[1.447s]     File "/opt/ros/humble/local/lib/python3.10/dist-packages/rosidl_adapter/parser.py", line 902, in parse_action_string
[1.447s]       goal_message = parse_message_string(
[1.447s]     File "/opt/ros/humble/local/lib/python3.10/dist-packages/rosidl_adapter/parser.py", line 544, in parse_message_string
[1.447s]       msg = MessageSpecification(pkg_name, msg_name, fields, constants)
[1.448s]     File "/opt/ros/humble/local/lib/python3.10/dist-packages/rosidl_adapter/parser.py", line 388, in __init__
[1.448s]       self.base_type = BaseType(
[1.448s]     File "/opt/ros/humble/local/lib/python3.10/dist-packages/rosidl_adapter/parser.py", line 205, in __init__
[1.448s]       raise InvalidResourceName(
[1.448s] 
[1.448s]   rosidl_adapter.parser.InvalidResourceName: 'fibonacci_Goal' is an invalid
[1.448s]   message name.  It should have the pattern '^[A-Z][A-Za-z0-9]*$'
[1.448s] 
[1.448s] Call Stack (most recent call first):
[1.448s]   /opt/ros/humble/share/rosidl_cmake/cmake/rosidl_generate_interfaces.cmake:130 (rosidl_adapt_interfaces)
[1.448s]   CMakeLists.txt:28 (rosidl_generate_interfaces)
[1.448s] 
[1.448s] [0m
[1.449s] -- Configuring incomplete, errors occurred!
[1.453s] gmake: *** [Makefile:963: cmake_check_build_system] Error 1
[1.456s] Invoked command in '/home/victory/Robot-Operating-System/python_ws/build/package_with_interfaces' returned '2': CMAKE_PREFIX_PATH=/opt/ros/humble /home/linuxbrew/.linuxbrew/bin/cmake --build /home/victory/Robot-Operating-System/python_ws/build/package_with_interfaces -- -j4 -l4
